

================================================================
== Vitis HLS Report for 'sin_or_cos_float_s'
================================================================
* Date:           Sat Jun  1 19:46:29 2024

* Version:        2020.2 (Build 3064766 on Wed Nov 18 09:12:47 MST 2020)
* Project:        axi_amplitude
* Solution:       solution1 (Vivado IP Flow Target)
* Product family: zynq
* Target device:  xc7z020-clg400-1


================================================================
== Performance Estimates
================================================================
+ Timing: 
    * Summary: 
    +--------+----------+----------+------------+
    |  Clock |  Target  | Estimated| Uncertainty|
    +--------+----------+----------+------------+
    |ap_clk  |  10.00 ns|  7.074 ns|     2.70 ns|
    +--------+----------+----------+------------+

+ Latency: 
    * Summary: 
    +---------+---------+----------+----------+-----+-----+---------+
    |  Latency (cycles) |  Latency (absolute) |  Interval | Pipeline|
    |   min   |   max   |    min   |    max   | min | max |   Type  |
    +---------+---------+----------+----------+-----+-----+---------+
    |       19|       19|  0.190 us|  0.190 us|    1|    1|      yes|
    +---------+---------+----------+----------+-----+-----+---------+

    + Detail: 
        * Instance: 
        N/A

        * Loop: 
        N/A

============================================================
+ Verbose Summary: Synthesis Manager
============================================================
InlineROM: 1
ExposeGlobal: 0
============================================================
+ Verbose Summary: CDFG Model
============================================================
IsTopModel: 0
ResetActiveHigh: 1
IsCombinational: 0
IsDatapathOnly: 0
HasWiredReturn: 1
HasMFsm: 2
HasVarLatency: 0
IsPipeline: 1
IsRtlPipelined: 1
IsInstanceOverlapped: 0
IsDontTouch: 0
HasImplIP: 0
IsGatedGlobalClock: 0

+ Individual pipeline summary: 
  * Pipeline-0: initiation interval (II) = 1, depth = 20


============================================================
+ Verbose Summary: Schedule
============================================================
* Number of FSM states : 20
* Pipeline : 1
  Pipeline-0 : II = 1, D = 20, States = { 1 2 3 4 5 6 7 8 9 10 11 12 13 14 15 16 17 18 19 20 }
* Dataflow Pipeline: 0

* FSM state transitions: 
1 --> 2 
2 --> 3 
3 --> 4 
4 --> 5 
5 --> 6 
6 --> 7 
7 --> 8 
8 --> 9 
9 --> 10 
10 --> 11 
11 --> 12 
12 --> 13 
13 --> 14 
14 --> 15 
15 --> 16 
16 --> 17 
17 --> 18 
18 --> 19 
19 --> 20 
20 --> 

* FSM state operations: 

State 1 <SV = 0> <Delay = 5.46>
ST_1 : Operation 21 [1/1] (0.00ns)   --->   "%t_in_read = read i32 @_ssdm_op_Read.ap_auto.float, i32 %t_in" [/wrk/ci/prod/2020.2/rdi_builds/continuous/2020_11_18_3064766/src/shared/hls/clib/src/hls/utils/x_hls_utils.h:312]   --->   Operation 21 'read' 't_in_read' <Predicate = true> <Delay = 0.00>
ST_1 : Operation 22 [1/1] (0.00ns)   --->   "%data_V = bitcast i32 %t_in_read" [/wrk/ci/prod/2020.2/rdi_builds/continuous/2020_11_18_3064766/src/shared/hls/clib/src/hls/utils/x_hls_utils.h:312]   --->   Operation 22 'bitcast' 'data_V' <Predicate = true> <Delay = 0.00>
ST_1 : Operation 23 [1/1] (0.00ns)   --->   "%p_Result_24 = bitselect i1 @_ssdm_op_BitSelect.i1.i32.i32, i32 %data_V, i32 31"   --->   Operation 23 'bitselect' 'p_Result_24' <Predicate = true> <Delay = 0.00>
ST_1 : Operation 24 [1/1] (0.00ns)   --->   "%tmp_14 = partselect i8 @_ssdm_op_PartSelect.i8.i32.i32.i32, i32 %data_V, i32 23, i32 30"   --->   Operation 24 'partselect' 'tmp_14' <Predicate = true> <Delay = 0.00>
ST_1 : Operation 25 [1/1] (0.00ns)   --->   "%tmp_15 = trunc i32 %data_V"   --->   Operation 25 'trunc' 'tmp_15' <Predicate = true> <Delay = 0.00>
ST_1 : Operation 26 [1/1] (1.55ns)   --->   "%closepath = icmp_ult  i8 %tmp_14, i8 126"   --->   Operation 26 'icmp' 'closepath' <Predicate = true> <Delay = 1.55> <CoreInst = "Cmp">   --->   Core 9 'Cmp' <Latency = 0> <II = 1> <Delay = 1.55> <FuncUnit> <Opcode : 'icmp'> <InPorts = 2> <OutPorts = 1>
ST_1 : Operation 27 [1/1] (1.91ns)   --->   "%add_ln116 = add i8 %tmp_14, i8 194"   --->   Operation 27 'add' 'add_ln116' <Predicate = true> <Delay = 1.91> <CoreInst = "Adder">   --->   Core 1 'Adder' <Latency = 0> <II = 1> <Delay = 2.55> <FuncUnit> <Opcode : 'add' 'sub'> <InPorts = 2> <OutPorts = 1>
ST_1 : Operation 28 [1/1] (1.24ns)   --->   "%addr = select i1 %closepath, i8 63, i8 %add_ln116"   --->   Operation 28 'select' 'addr' <Predicate = true> <Delay = 1.24> <CoreInst = "Sel">   --->   Core 73 'Sel' <Latency = 0> <II = 1> <Delay = 0.69> <FuncUnit> <Opcode : 'select'> <InPorts = 3> <OutPorts = 1>
ST_1 : Operation 29 [1/1] (0.00ns)   --->   "%r = partselect i4 @_ssdm_op_PartSelect.i4.i8.i32.i32, i8 %addr, i32 4, i32 7"   --->   Operation 29 'partselect' 'r' <Predicate = true> <Delay = 0.00>
ST_1 : Operation 30 [1/1] (0.00ns)   --->   "%zext_ln488 = zext i4 %r"   --->   Operation 30 'zext' 'zext_ln488' <Predicate = true> <Delay = 0.00>
ST_1 : Operation 31 [1/1] (0.00ns)   --->   "%ref_4oPi_table_100_V_addr = getelementptr i100 %ref_4oPi_table_100_V, i64 0, i64 %zext_ln488" [/wrk/ci/prod/2020.2/rdi_builds/continuous/2020_11_18_3064766/src/shared/hls/clib/hlsmath/include/FloatingPoint/hls_range_redux.h:407]   --->   Operation 31 'getelementptr' 'ref_4oPi_table_100_V_addr' <Predicate = true> <Delay = 0.00>
ST_1 : Operation 32 [2/2] (2.30ns)   --->   "%table_100_V = load i4 %ref_4oPi_table_100_V_addr" [/wrk/ci/prod/2020.2/rdi_builds/continuous/2020_11_18_3064766/src/shared/hls/clib/hlsmath/include/FloatingPoint/hls_range_redux.h:407]   --->   Operation 32 'load' 'table_100_V' <Predicate = true> <Delay = 2.30> <CoreInst = "ROM_1P_LUTRAM">   --->   Core 97 'ROM_1P_LUTRAM' <Latency = 1> <II = 1> <Delay = 2.30> <Storage> <Opcode : 'load'> <Ports = 1> <Width = 100> <Depth = 13> <ROM>
ST_1 : Operation 33 [1/1] (0.00ns)   --->   "%trunc_ln628 = trunc i8 %addr"   --->   Operation 33 'trunc' 'trunc_ln628' <Predicate = true> <Delay = 0.00>

State 2 <SV = 1> <Delay = 7.07>
ST_2 : Operation 34 [1/2] (2.30ns)   --->   "%table_100_V = load i4 %ref_4oPi_table_100_V_addr" [/wrk/ci/prod/2020.2/rdi_builds/continuous/2020_11_18_3064766/src/shared/hls/clib/hlsmath/include/FloatingPoint/hls_range_redux.h:407]   --->   Operation 34 'load' 'table_100_V' <Predicate = true> <Delay = 2.30> <CoreInst = "ROM_1P_LUTRAM">   --->   Core 97 'ROM_1P_LUTRAM' <Latency = 1> <II = 1> <Delay = 2.30> <Storage> <Opcode : 'load'> <Ports = 1> <Width = 100> <Depth = 13> <ROM>
ST_2 : Operation 35 [1/1] (0.00ns)   --->   "%zext_ln735 = zext i4 %trunc_ln628"   --->   Operation 35 'zext' 'zext_ln735' <Predicate = true> <Delay = 0.00>
ST_2 : Operation 36 [1/1] (4.77ns)   --->   "%r_3 = shl i100 %table_100_V, i100 %zext_ln735"   --->   Operation 36 'shl' 'r_3' <Predicate = true> <Delay = 4.77> <CoreInst = "Shifter">   --->   Core 75 'Shifter' <Latency = 0> <II = 1> <Delay = 4.42> <FuncUnit> <Opcode : 'shl' 'lshr' 'ashr'> <InPorts = 2> <OutPorts = 1>
ST_2 : Operation 37 [1/1] (0.00ns)   --->   "%Med_V = partselect i80 @_ssdm_op_PartSelect.i80.i100.i32.i32, i100 %r_3, i32 20, i32 99"   --->   Operation 37 'partselect' 'Med_V' <Predicate = true> <Delay = 0.00>

State 3 <SV = 2> <Delay = 6.97>
ST_3 : Operation 38 [1/1] (0.00ns)   --->   "%p_Result_25 = bitconcatenate i24 @_ssdm_op_BitConcatenate.i24.i1.i23, i1 1, i23 %tmp_15"   --->   Operation 38 'bitconcatenate' 'p_Result_25' <Predicate = true> <Delay = 0.00>
ST_3 : Operation 39 [1/1] (0.00ns)   --->   "%zext_ln1299 = zext i24 %p_Result_25"   --->   Operation 39 'zext' 'zext_ln1299' <Predicate = true> <Delay = 0.00>
ST_3 : Operation 40 [5/5] (6.97ns)   --->   "%ret_5 = mul i80 %Med_V, i80 %zext_ln1299"   --->   Operation 40 'mul' 'ret_5' <Predicate = true> <Delay = 6.97> <CoreInst = "Multiplier">   --->   Core 3 'Multiplier' <Latency = 1> <II = 1> <Delay = 6.91> <FuncUnit> <Opcode : 'mul'> <InPorts = 2> <OutPorts = 1>
ST_3 : Operation 41 [1/1] (2.44ns)   --->   "%icmp_ln824 = icmp_eq  i23 %tmp_15, i23 0"   --->   Operation 41 'icmp' 'icmp_ln824' <Predicate = true> <Delay = 2.44> <CoreInst = "Cmp">   --->   Core 9 'Cmp' <Latency = 0> <II = 1> <Delay = 1.55> <FuncUnit> <Opcode : 'icmp'> <InPorts = 2> <OutPorts = 1>

State 4 <SV = 3> <Delay = 6.97>
ST_4 : Operation 42 [4/5] (6.97ns)   --->   "%ret_5 = mul i80 %Med_V, i80 %zext_ln1299"   --->   Operation 42 'mul' 'ret_5' <Predicate = true> <Delay = 6.97> <CoreInst = "Multiplier">   --->   Core 3 'Multiplier' <Latency = 1> <II = 1> <Delay = 6.91> <FuncUnit> <Opcode : 'mul'> <InPorts = 2> <OutPorts = 1>

State 5 <SV = 4> <Delay = 6.97>
ST_5 : Operation 43 [3/5] (6.97ns)   --->   "%ret_5 = mul i80 %Med_V, i80 %zext_ln1299"   --->   Operation 43 'mul' 'ret_5' <Predicate = true> <Delay = 6.97> <CoreInst = "Multiplier">   --->   Core 3 'Multiplier' <Latency = 1> <II = 1> <Delay = 6.91> <FuncUnit> <Opcode : 'mul'> <InPorts = 2> <OutPorts = 1>

State 6 <SV = 5> <Delay = 6.97>
ST_6 : Operation 44 [2/5] (6.97ns)   --->   "%ret_5 = mul i80 %Med_V, i80 %zext_ln1299"   --->   Operation 44 'mul' 'ret_5' <Predicate = true> <Delay = 6.97> <CoreInst = "Multiplier">   --->   Core 3 'Multiplier' <Latency = 1> <II = 1> <Delay = 6.91> <FuncUnit> <Opcode : 'mul'> <InPorts = 2> <OutPorts = 1>

State 7 <SV = 6> <Delay = 6.97>
ST_7 : Operation 45 [1/5] (6.97ns)   --->   "%ret_5 = mul i80 %Med_V, i80 %zext_ln1299"   --->   Operation 45 'mul' 'ret_5' <Predicate = true> <Delay = 6.97> <CoreInst = "Multiplier">   --->   Core 3 'Multiplier' <Latency = 1> <II = 1> <Delay = 6.91> <FuncUnit> <Opcode : 'mul'> <InPorts = 2> <OutPorts = 1>
ST_7 : Operation 46 [1/1] (0.00ns)   --->   "%Mx_bits_V = partselect i58 @_ssdm_op_PartSelect.i58.i80.i32.i32, i80 %ret_5, i32 19, i32 76"   --->   Operation 46 'partselect' 'Mx_bits_V' <Predicate = true> <Delay = 0.00>
ST_7 : Operation 47 [1/1] (0.00ns)   --->   "%k_V = partselect i3 @_ssdm_op_PartSelect.i3.i80.i32.i32, i80 %ret_5, i32 77, i32 79"   --->   Operation 47 'partselect' 'k_V' <Predicate = (!closepath)> <Delay = 0.00>

State 8 <SV = 7> <Delay = 5.34>
ST_8 : Operation 48 [1/1] (0.00ns) (grouped into LUT with out node Mx_bits_V_3)   --->   "%tmp_9 = bitselect i1 @_ssdm_op_BitSelect.i1.i80.i32, i80 %ret_5, i32 77" [/wrk/ci/prod/2020.2/rdi_builds/continuous/2020_11_18_3064766/src/shared/hls/clib/hlsmath/include/FloatingPoint/hls_hotbm.h:259]   --->   Operation 48 'bitselect' 'tmp_9' <Predicate = (!closepath)> <Delay = 0.00>
ST_8 : Operation 49 [1/1] (3.36ns)   --->   "%Mx_bits_V_1 = sub i58 0, i58 %Mx_bits_V"   --->   Operation 49 'sub' 'Mx_bits_V_1' <Predicate = (!closepath)> <Delay = 3.36> <CoreInst = "Adder">   --->   Core 1 'Adder' <Latency = 0> <II = 1> <Delay = 2.55> <FuncUnit> <Opcode : 'add' 'sub'> <InPorts = 2> <OutPorts = 1>
ST_8 : Operation 50 [1/1] (0.00ns) (grouped into LUT with out node Mx_bits_V_3)   --->   "%select_ln520 = select i1 %tmp_9, i58 %Mx_bits_V_1, i58 %Mx_bits_V" [/wrk/ci/prod/2020.2/rdi_builds/continuous/2020_11_18_3064766/src/shared/hls/clib/hlsmath/include/FloatingPoint/hls_range_redux.h:520]   --->   Operation 50 'select' 'select_ln520' <Predicate = (!closepath)> <Delay = 0.00> <CoreInst = "Sel">   --->   Core 73 'Sel' <Latency = 0> <II = 1> <Delay = 0.69> <FuncUnit> <Opcode : 'select'> <InPorts = 3> <OutPorts = 1>
ST_8 : Operation 51 [1/1] (0.98ns)   --->   "%select_ln832 = select i1 %closepath, i3 0, i3 %k_V"   --->   Operation 51 'select' 'select_ln832' <Predicate = true> <Delay = 0.98> <CoreInst = "Sel">   --->   Core 73 'Sel' <Latency = 0> <II = 1> <Delay = 0.69> <FuncUnit> <Opcode : 'select'> <InPorts = 3> <OutPorts = 1>
ST_8 : Operation 52 [1/1] (1.07ns) (out node of the LUT)   --->   "%Mx_bits_V_3 = select i1 %closepath, i58 %Mx_bits_V, i58 %select_ln520"   --->   Operation 52 'select' 'Mx_bits_V_3' <Predicate = true> <Delay = 1.07> <CoreInst = "Sel">   --->   Core 73 'Sel' <Latency = 0> <II = 1> <Delay = 0.69> <FuncUnit> <Opcode : 'select'> <InPorts = 3> <OutPorts = 1>
ST_8 : Operation 53 [1/1] (0.00ns)   --->   "%p_Result_2 = partselect i29 @_ssdm_op_PartSelect.i29.i58.i32.i32, i58 %Mx_bits_V_3, i32 29, i32 57"   --->   Operation 53 'partselect' 'p_Result_2' <Predicate = true> <Delay = 0.00>
ST_8 : Operation 54 [1/1] (0.00ns)   --->   "%p_Result_26 = bitconcatenate i30 @_ssdm_op_BitConcatenate.i30.i29.i1, i29 %p_Result_2, i1 1"   --->   Operation 54 'bitconcatenate' 'p_Result_26' <Predicate = true> <Delay = 0.00>
ST_8 : Operation 55 [1/1] (0.00ns)   --->   "%p_Result_s = partselect i30 @llvm.part.select.i30, i30 %p_Result_26, i32 29, i32 0"   --->   Operation 55 'partselect' 'p_Result_s' <Predicate = true> <Delay = 0.00>
ST_8 : Operation 56 [1/1] (0.00ns)   --->   "%p_Result_27 = bitconcatenate i32 @_ssdm_op_BitConcatenate.i32.i2.i30, i2 3, i30 %p_Result_s"   --->   Operation 56 'bitconcatenate' 'p_Result_27' <Predicate = true> <Delay = 0.00>
ST_8 : Operation 57 [1/1] (0.00ns)   --->   "%val_assign = cttz i32 @llvm.cttz.i32, i32 %p_Result_27, i1 1"   --->   Operation 57 'cttz' 'val_assign' <Predicate = true> <Delay = 0.00>
ST_8 : Operation 58 [1/1] (0.00ns)   --->   "%Mx_zeros = trunc i32 %val_assign"   --->   Operation 58 'trunc' 'Mx_zeros' <Predicate = true> <Delay = 0.00>
ST_8 : Operation 59 [1/1] (2.30ns)   --->   "%sin_basis = mux i1 @_ssdm_op_Mux.ap_auto.8i1.i3, i1 0, i1 1, i1 1, i1 0, i1 0, i1 1, i1 1, i1 0, i3 %select_ln832" [/wrk/ci/prod/2020.2/rdi_builds/continuous/2020_11_18_3064766/src/shared/hls/clib/hlsmath/include/FloatingPoint/hls_hotbm.h:271]   --->   Operation 59 'mux' 'sin_basis' <Predicate = true> <Delay = 2.30> <CoreInst = "Multiplexer">   --->   Core 76 'Multiplexer' <Latency = 0> <II = 1> <Delay = 2.30> <FuncUnit> <Opcode : 'mux'> <InPorts = 2> <OutPorts = 1>
ST_8 : Operation 60 [1/1] (0.00ns)   --->   "%p_Result_29 = bitconcatenate i4 @_ssdm_op_BitConcatenate.i4.i1.i3, i1 %p_Result_24, i3 %select_ln832"   --->   Operation 60 'bitconcatenate' 'p_Result_29' <Predicate = true> <Delay = 0.00>
ST_8 : Operation 61 [1/1] (0.00ns) (grouped into LUT with out node results_sign_V)   --->   "%tmp = mux i1 @_ssdm_op_Mux.ap_auto.16i1.i4, i1 0, i1 0, i1 1, i1 0, i1 1, i1 1, i1 0, i1 1, i1 1, i1 0, i1 1, i1 1, i1 0, i1 1, i1 0, i1 0, i4 %p_Result_29" [/wrk/ci/prod/2020.2/rdi_builds/continuous/2020_11_18_3064766/src/shared/hls/clib/hlsmath/include/FloatingPoint/hls_hotbm.h:296]   --->   Operation 61 'mux' 'tmp' <Predicate = true> <Delay = 0.00> <CoreInst = "Multiplexer">   --->   Core 76 'Multiplexer' <Latency = 0> <II = 1> <Delay = 2.06> <FuncUnit> <Opcode : 'mux'> <InPorts = 2> <OutPorts = 1>
ST_8 : Operation 62 [1/1] (0.00ns) (grouped into LUT with out node results_sign_V)   --->   "%tmp_2 = mux i1 @_ssdm_op_Mux.ap_auto.16i1.i4, i1 0, i1 0, i1 0, i1 1, i1 1, i1 1, i1 1, i1 0, i1 0, i1 1, i1 1, i1 1, i1 1, i1 0, i1 0, i1 0, i4 %p_Result_29" [/wrk/ci/prod/2020.2/rdi_builds/continuous/2020_11_18_3064766/src/shared/hls/clib/hlsmath/include/FloatingPoint/hls_hotbm.h:296]   --->   Operation 62 'mux' 'tmp_2' <Predicate = true> <Delay = 0.00> <CoreInst = "Multiplexer">   --->   Core 76 'Multiplexer' <Latency = 0> <II = 1> <Delay = 2.06> <FuncUnit> <Opcode : 'mux'> <InPorts = 2> <OutPorts = 1>
ST_8 : Operation 63 [1/1] (0.00ns) (grouped into LUT with out node results_sign_V)   --->   "%results_sign_V_1 = select i1 %sin_basis, i1 %tmp, i1 %tmp_2" [/wrk/ci/prod/2020.2/rdi_builds/continuous/2020_11_18_3064766/src/shared/hls/clib/hlsmath/include/FloatingPoint/hls_hotbm.h:271]   --->   Operation 63 'select' 'results_sign_V_1' <Predicate = true> <Delay = 0.00> <CoreInst = "Sel">   --->   Core 73 'Sel' <Latency = 0> <II = 1> <Delay = 0.69> <FuncUnit> <Opcode : 'select'> <InPorts = 3> <OutPorts = 1>
ST_8 : Operation 64 [1/1] (0.00ns) (grouped into LUT with out node results_sign_V)   --->   "%xor_ln311 = xor i1 %icmp_ln824, i1 1" [/wrk/ci/prod/2020.2/rdi_builds/continuous/2020_11_18_3064766/src/shared/hls/clib/hlsmath/include/FloatingPoint/hls_hotbm.h:311]   --->   Operation 64 'xor' 'xor_ln311' <Predicate = true> <Delay = 0.00> <CoreInst = "LogicGate">   --->   Core 74 'LogicGate' <Latency = 0> <II = 1> <Delay = 0.97> <FuncUnit> <Opcode : 'and' 'or' 'xor'> <InPorts = 2> <OutPorts = 1>
ST_8 : Operation 65 [1/1] (1.55ns)   --->   "%icmp_ln300 = icmp_ne  i8 %tmp_14, i8 255" [/wrk/ci/prod/2020.2/rdi_builds/continuous/2020_11_18_3064766/src/shared/hls/clib/hlsmath/include/FloatingPoint/hls_hotbm.h:300]   --->   Operation 65 'icmp' 'icmp_ln300' <Predicate = true> <Delay = 1.55> <CoreInst = "Cmp">   --->   Core 9 'Cmp' <Latency = 0> <II = 1> <Delay = 1.55> <FuncUnit> <Opcode : 'icmp'> <InPorts = 2> <OutPorts = 1>
ST_8 : Operation 66 [1/1] (1.55ns)   --->   "%icmp_ln300_1 = icmp_eq  i8 %tmp_14, i8 0" [/wrk/ci/prod/2020.2/rdi_builds/continuous/2020_11_18_3064766/src/shared/hls/clib/hlsmath/include/FloatingPoint/hls_hotbm.h:300]   --->   Operation 66 'icmp' 'icmp_ln300_1' <Predicate = true> <Delay = 1.55> <CoreInst = "Cmp">   --->   Core 9 'Cmp' <Latency = 0> <II = 1> <Delay = 1.55> <FuncUnit> <Opcode : 'icmp'> <InPorts = 2> <OutPorts = 1>
ST_8 : Operation 67 [1/1] (0.00ns) (grouped into LUT with out node results_sign_V)   --->   "%select_ln300 = select i1 %icmp_ln300_1, i1 %xor_ln311, i1 %icmp_ln300" [/wrk/ci/prod/2020.2/rdi_builds/continuous/2020_11_18_3064766/src/shared/hls/clib/hlsmath/include/FloatingPoint/hls_hotbm.h:300]   --->   Operation 67 'select' 'select_ln300' <Predicate = true> <Delay = 0.00> <CoreInst = "Sel">   --->   Core 73 'Sel' <Latency = 0> <II = 1> <Delay = 0.69> <FuncUnit> <Opcode : 'select'> <InPorts = 3> <OutPorts = 1>
ST_8 : Operation 68 [1/1] (2.06ns) (out node of the LUT)   --->   "%results_sign_V = and i1 %results_sign_V_1, i1 %select_ln300" [/wrk/ci/prod/2020.2/rdi_builds/continuous/2020_11_18_3064766/src/shared/hls/clib/hlsmath/include/FloatingPoint/hls_hotbm.h:300]   --->   Operation 68 'and' 'results_sign_V' <Predicate = true> <Delay = 2.06> <CoreInst = "LogicGate">   --->   Core 74 'LogicGate' <Latency = 0> <II = 1> <Delay = 0.97> <FuncUnit> <Opcode : 'and' 'or' 'xor'> <InPorts = 2> <OutPorts = 1>

State 9 <SV = 8> <Delay = 6.71>
ST_9 : Operation 69 [1/1] (1.91ns)   --->   "%Ex_V = add i8 %tmp_14, i8 131"   --->   Operation 69 'add' 'Ex_V' <Predicate = (closepath)> <Delay = 1.91> <CoreInst = "Adder">   --->   Core 1 'Adder' <Latency = 0> <II = 1> <Delay = 2.55> <FuncUnit> <Opcode : 'add' 'sub'> <InPorts = 2> <OutPorts = 1>
ST_9 : Operation 70 [1/1] (0.00ns) (grouped into LUT with out node Ex_V_3)   --->   "%select_ln482 = select i1 %closepath, i8 %Ex_V, i8 0" [/wrk/ci/prod/2020.2/rdi_builds/continuous/2020_11_18_3064766/src/shared/hls/clib/hlsmath/include/FloatingPoint/hls_range_redux.h:482]   --->   Operation 70 'select' 'select_ln482' <Predicate = true> <Delay = 0.00> <CoreInst = "Sel">   --->   Core 73 'Sel' <Latency = 0> <II = 1> <Delay = 0.69> <FuncUnit> <Opcode : 'select'> <InPorts = 3> <OutPorts = 1>
ST_9 : Operation 71 [1/1] (0.00ns) (grouped into LUT with out node Ex_V_3)   --->   "%zext_ln646 = zext i6 %Mx_zeros"   --->   Operation 71 'zext' 'zext_ln646' <Predicate = true> <Delay = 0.00>
ST_9 : Operation 72 [1/1] (0.00ns)   --->   "%zext_ln1253 = zext i6 %Mx_zeros"   --->   Operation 72 'zext' 'zext_ln1253' <Predicate = true> <Delay = 0.00>
ST_9 : Operation 73 [1/1] (4.60ns)   --->   "%r_2 = shl i58 %Mx_bits_V_3, i58 %zext_ln1253"   --->   Operation 73 'shl' 'r_2' <Predicate = true> <Delay = 4.60> <CoreInst = "Shifter">   --->   Core 75 'Shifter' <Latency = 0> <II = 1> <Delay = 4.42> <FuncUnit> <Opcode : 'shl' 'lshr' 'ashr'> <InPorts = 2> <OutPorts = 1>
ST_9 : Operation 74 [1/1] (0.00ns)   --->   "%Mx_V = partselect i29 @_ssdm_op_PartSelect.i29.i58.i32.i32, i58 %r_2, i32 29, i32 57"   --->   Operation 74 'partselect' 'Mx_V' <Predicate = true> <Delay = 0.00>
ST_9 : Operation 75 [1/1] (1.91ns) (out node of the LUT)   --->   "%Ex_V_3 = sub i8 %select_ln482, i8 %zext_ln646"   --->   Operation 75 'sub' 'Ex_V_3' <Predicate = true> <Delay = 1.91> <CoreInst = "Adder">   --->   Core 1 'Adder' <Latency = 0> <II = 1> <Delay = 2.55> <FuncUnit> <Opcode : 'add' 'sub'> <InPorts = 2> <OutPorts = 1>
ST_9 : Operation 76 [1/1] (0.00ns)   --->   "%sext_ln1334 = sext i8 %Ex_V_3"   --->   Operation 76 'sext' 'sext_ln1334' <Predicate = true> <Delay = 0.00>
ST_9 : Operation 77 [1/1] (0.00ns)   --->   "%isNeg = bitselect i1 @_ssdm_op_BitSelect.i1.i8.i32, i8 %Ex_V_3, i32 7"   --->   Operation 77 'bitselect' 'isNeg' <Predicate = true> <Delay = 0.00>
ST_9 : Operation 78 [1/1] (1.91ns)   --->   "%sub_ln1311 = sub i9 0, i9 %sext_ln1334"   --->   Operation 78 'sub' 'sub_ln1311' <Predicate = true> <Delay = 1.91> <CoreInst = "Adder">   --->   Core 1 'Adder' <Latency = 0> <II = 1> <Delay = 2.55> <FuncUnit> <Opcode : 'add' 'sub'> <InPorts = 2> <OutPorts = 1>
ST_9 : Operation 79 [1/1] (0.96ns)   --->   "%ush = select i1 %isNeg, i9 %sub_ln1311, i9 %sext_ln1334"   --->   Operation 79 'select' 'ush' <Predicate = true> <Delay = 0.96> <CoreInst = "Sel">   --->   Core 73 'Sel' <Latency = 0> <II = 1> <Delay = 0.69> <FuncUnit> <Opcode : 'select'> <InPorts = 3> <OutPorts = 1>
ST_9 : Operation 80 [1/1] (1.55ns)   --->   "%icmp_ln300_2 = icmp_eq  i8 %tmp_14, i8 255" [/wrk/ci/prod/2020.2/rdi_builds/continuous/2020_11_18_3064766/src/shared/hls/clib/hlsmath/include/FloatingPoint/hls_hotbm.h:300]   --->   Operation 80 'icmp' 'icmp_ln300_2' <Predicate = true> <Delay = 1.55> <CoreInst = "Cmp">   --->   Core 9 'Cmp' <Latency = 0> <II = 1> <Delay = 1.55> <FuncUnit> <Opcode : 'icmp'> <InPorts = 2> <OutPorts = 1>

State 10 <SV = 9> <Delay = 6.48>
ST_10 : Operation 81 [1/1] (0.00ns)   --->   "%sext_ln1311 = sext i9 %ush"   --->   Operation 81 'sext' 'sext_ln1311' <Predicate = true> <Delay = 0.00>
ST_10 : Operation 82 [1/1] (0.00ns)   --->   "%conv_i_i_i_i180 = zext i29 %Mx_V"   --->   Operation 82 'zext' 'conv_i_i_i_i180' <Predicate = true> <Delay = 0.00>
ST_10 : Operation 83 [1/1] (0.00ns) (grouped into LUT with out node select_ln1312)   --->   "%lshr_ln1287 = lshr i32 %conv_i_i_i_i180, i32 %sext_ln1311"   --->   Operation 83 'lshr' 'lshr_ln1287' <Predicate = (isNeg)> <Delay = 0.00> <CoreInst = "Shifter">   --->   Core 75 'Shifter' <Latency = 0> <II = 1> <Delay = 4.42> <FuncUnit> <Opcode : 'shl' 'lshr' 'ashr'> <InPorts = 2> <OutPorts = 1>
ST_10 : Operation 84 [1/1] (0.00ns) (grouped into LUT with out node select_ln1312)   --->   "%shl_ln1253 = shl i32 %conv_i_i_i_i180, i32 %sext_ln1311"   --->   Operation 84 'shl' 'shl_ln1253' <Predicate = (!isNeg)> <Delay = 0.00> <CoreInst = "Shifter">   --->   Core 75 'Shifter' <Latency = 0> <II = 1> <Delay = 4.42> <FuncUnit> <Opcode : 'shl' 'lshr' 'ashr'> <InPorts = 2> <OutPorts = 1>
ST_10 : Operation 85 [1/1] (4.33ns) (out node of the LUT)   --->   "%select_ln1312 = select i1 %isNeg, i32 %lshr_ln1287, i32 %shl_ln1253"   --->   Operation 85 'select' 'select_ln1312' <Predicate = true> <Delay = 4.33> <CoreInst = "Sel">   --->   Core 73 'Sel' <Latency = 0> <II = 1> <Delay = 0.69> <FuncUnit> <Opcode : 'select'> <InPorts = 3> <OutPorts = 1>
ST_10 : Operation 86 [1/1] (0.00ns)   --->   "%B = trunc i32 %select_ln1312"   --->   Operation 86 'trunc' 'B' <Predicate = true> <Delay = 0.00>
ST_10 : Operation 87 [1/1] (0.00ns)   --->   "%p_Result_5 = partselect i7 @_ssdm_op_PartSelect.i7.i32.i32.i32, i32 %select_ln1312, i32 22, i32 28"   --->   Operation 87 'partselect' 'p_Result_5' <Predicate = true> <Delay = 0.00>
ST_10 : Operation 88 [1/1] (0.00ns)   --->   "%B_trunc = partselect i15 @_ssdm_op_PartSelect.i15.i32.i32.i32, i32 %select_ln1312, i32 7, i32 21"   --->   Operation 88 'partselect' 'B_trunc' <Predicate = true> <Delay = 0.00>
ST_10 : Operation 89 [1/1] (0.00ns)   --->   "%zext_ln1070 = zext i15 %B_trunc"   --->   Operation 89 'zext' 'zext_ln1070' <Predicate = true> <Delay = 0.00>
ST_10 : Operation 90 [4/4] (2.15ns) (root node of the DSP)   --->   "%r_V = mul i30 %zext_ln1070, i30 %zext_ln1070"   --->   Operation 90 'mul' 'r_V' <Predicate = true> <Delay = 2.15> <CoreInst = "DSP48">   --->   Core 119 'DSP48' <Latency = 3> <II = 1> <Delay = 2.15> <IPBlock> <Opcode : 'mul' 'add' 'sub' 'select'> <InPorts = 0> <OutPorts = 1> <Sync> <CReg>

State 11 <SV = 10> <Delay = 2.15>
ST_11 : Operation 91 [3/4] (2.15ns) (root node of the DSP)   --->   "%r_V = mul i30 %zext_ln1070, i30 %zext_ln1070"   --->   Operation 91 'mul' 'r_V' <Predicate = true> <Delay = 2.15> <CoreInst = "DSP48">   --->   Core 119 'DSP48' <Latency = 3> <II = 1> <Delay = 2.15> <IPBlock> <Opcode : 'mul' 'add' 'sub' 'select'> <InPorts = 0> <OutPorts = 1> <Sync> <CReg>

State 12 <SV = 11> <Delay = 2.32>
ST_12 : Operation 92 [2/4] (2.15ns) (root node of the DSP)   --->   "%r_V = mul i30 %zext_ln1070, i30 %zext_ln1070"   --->   Operation 92 'mul' 'r_V' <Predicate = true> <Delay = 2.15> <CoreInst = "DSP48">   --->   Core 119 'DSP48' <Latency = 3> <II = 1> <Delay = 2.15> <IPBlock> <Opcode : 'mul' 'add' 'sub' 'select'> <InPorts = 0> <OutPorts = 1> <Sync> <CReg>
ST_12 : Operation 93 [1/1] (0.00ns)   --->   "%p_Result_28 = bitconcatenate i8 @_ssdm_op_BitConcatenate.i8.i1.i7, i1 %sin_basis, i7 %p_Result_5"   --->   Operation 93 'bitconcatenate' 'p_Result_28' <Predicate = true> <Delay = 0.00>
ST_12 : Operation 94 [1/1] (0.00ns)   --->   "%zext_ln488_1 = zext i8 %p_Result_28"   --->   Operation 94 'zext' 'zext_ln488_1' <Predicate = true> <Delay = 0.00>
ST_12 : Operation 95 [1/1] (0.00ns)   --->   "%second_order_float_sin_cos_K0_V_addr = getelementptr i30 %second_order_float_sin_cos_K0_V, i64 0, i64 %zext_ln488_1"   --->   Operation 95 'getelementptr' 'second_order_float_sin_cos_K0_V_addr' <Predicate = true> <Delay = 0.00>
ST_12 : Operation 96 [2/2] (2.32ns)   --->   "%second_order_float_sin_cos_K0_V_load = load i8 %second_order_float_sin_cos_K0_V_addr"   --->   Operation 96 'load' 'second_order_float_sin_cos_K0_V_load' <Predicate = true> <Delay = 2.32> <CoreInst = "ROM_1P_LUTRAM">   --->   Core 97 'ROM_1P_LUTRAM' <Latency = 1> <II = 1> <Delay = 2.32> <Storage> <Opcode : 'load'> <Ports = 1> <Width = 30> <Depth = 256> <ROM>
ST_12 : Operation 97 [1/1] (0.00ns)   --->   "%second_order_float_sin_cos_K1_V_addr = getelementptr i23 %second_order_float_sin_cos_K1_V, i64 0, i64 %zext_ln488_1"   --->   Operation 97 'getelementptr' 'second_order_float_sin_cos_K1_V_addr' <Predicate = true> <Delay = 0.00>
ST_12 : Operation 98 [2/2] (2.32ns)   --->   "%second_order_float_sin_cos_K1_V_load = load i8 %second_order_float_sin_cos_K1_V_addr"   --->   Operation 98 'load' 'second_order_float_sin_cos_K1_V_load' <Predicate = true> <Delay = 2.32> <CoreInst = "ROM_1P_LUTRAM">   --->   Core 97 'ROM_1P_LUTRAM' <Latency = 1> <II = 1> <Delay = 2.32> <Storage> <Opcode : 'load'> <Ports = 1> <Width = 23> <Depth = 256> <ROM>
ST_12 : Operation 99 [1/1] (0.00ns)   --->   "%second_order_float_sin_cos_K2_V_addr = getelementptr i15 %second_order_float_sin_cos_K2_V, i64 0, i64 %zext_ln488_1"   --->   Operation 99 'getelementptr' 'second_order_float_sin_cos_K2_V_addr' <Predicate = true> <Delay = 0.00>
ST_12 : Operation 100 [2/2] (2.32ns)   --->   "%second_order_float_sin_cos_K2_V_load = load i8 %second_order_float_sin_cos_K2_V_addr"   --->   Operation 100 'load' 'second_order_float_sin_cos_K2_V_load' <Predicate = true> <Delay = 2.32> <CoreInst = "ROM_1P_LUTRAM">   --->   Core 97 'ROM_1P_LUTRAM' <Latency = 1> <II = 1> <Delay = 2.32> <Storage> <Opcode : 'load'> <Ports = 1> <Width = 15> <Depth = 256> <ROM>

State 13 <SV = 12> <Delay = 4.47>
ST_13 : Operation 101 [1/4] (0.00ns) (root node of the DSP)   --->   "%r_V = mul i30 %zext_ln1070, i30 %zext_ln1070"   --->   Operation 101 'mul' 'r_V' <Predicate = true> <Delay = 0.00> <CoreInst = "DSP48">   --->   Core 119 'DSP48' <Latency = 3> <II = 1> <Delay = 2.15> <IPBlock> <Opcode : 'mul' 'add' 'sub' 'select'> <InPorts = 0> <OutPorts = 1> <Sync> <CReg>
ST_13 : Operation 102 [1/1] (0.00ns)   --->   "%B_squared = partselect i15 @_ssdm_op_PartSelect.i15.i30.i32.i32, i30 %r_V, i32 15, i32 29"   --->   Operation 102 'partselect' 'B_squared' <Predicate = true> <Delay = 0.00>
ST_13 : Operation 103 [1/1] (0.00ns)   --->   "%zext_ln662 = zext i15 %B_squared"   --->   Operation 103 'zext' 'zext_ln662' <Predicate = true> <Delay = 0.00>
ST_13 : Operation 104 [1/2] (2.32ns)   --->   "%second_order_float_sin_cos_K0_V_load = load i8 %second_order_float_sin_cos_K0_V_addr"   --->   Operation 104 'load' 'second_order_float_sin_cos_K0_V_load' <Predicate = true> <Delay = 2.32> <CoreInst = "ROM_1P_LUTRAM">   --->   Core 97 'ROM_1P_LUTRAM' <Latency = 1> <II = 1> <Delay = 2.32> <Storage> <Opcode : 'load'> <Ports = 1> <Width = 30> <Depth = 256> <ROM>
ST_13 : Operation 105 [1/1] (0.00ns)   --->   "%t1 = partselect i29 @_ssdm_op_PartSelect.i29.i30.i32.i32, i30 %second_order_float_sin_cos_K0_V_load, i32 1, i32 29"   --->   Operation 105 'partselect' 't1' <Predicate = true> <Delay = 0.00>
ST_13 : Operation 106 [1/2] (2.32ns)   --->   "%second_order_float_sin_cos_K1_V_load = load i8 %second_order_float_sin_cos_K1_V_addr"   --->   Operation 106 'load' 'second_order_float_sin_cos_K1_V_load' <Predicate = true> <Delay = 2.32> <CoreInst = "ROM_1P_LUTRAM">   --->   Core 97 'ROM_1P_LUTRAM' <Latency = 1> <II = 1> <Delay = 2.32> <Storage> <Opcode : 'load'> <Ports = 1> <Width = 23> <Depth = 256> <ROM>
ST_13 : Operation 107 [1/2] (2.32ns)   --->   "%second_order_float_sin_cos_K2_V_load = load i8 %second_order_float_sin_cos_K2_V_addr"   --->   Operation 107 'load' 'second_order_float_sin_cos_K2_V_load' <Predicate = true> <Delay = 2.32> <CoreInst = "ROM_1P_LUTRAM">   --->   Core 97 'ROM_1P_LUTRAM' <Latency = 1> <II = 1> <Delay = 2.32> <Storage> <Opcode : 'load'> <Ports = 1> <Width = 15> <Depth = 256> <ROM>
ST_13 : Operation 108 [1/1] (0.00ns)   --->   "%sext_ln1072_1 = sext i15 %second_order_float_sin_cos_K2_V_load"   --->   Operation 108 'sext' 'sext_ln1072_1' <Predicate = true> <Delay = 0.00>
ST_13 : Operation 109 [4/4] (2.15ns) (root node of the DSP)   --->   "%r_V_4 = mul i30 %zext_ln662, i30 %sext_ln1072_1"   --->   Operation 109 'mul' 'r_V_4' <Predicate = true> <Delay = 2.15> <CoreInst = "DSP48">   --->   Core 119 'DSP48' <Latency = 3> <II = 1> <Delay = 2.15> <IPBlock> <Opcode : 'mul' 'add' 'sub' 'select'> <InPorts = 0> <OutPorts = 1> <Sync> <CReg>

State 14 <SV = 13> <Delay = 6.43>
ST_14 : Operation 110 [1/1] (0.00ns)   --->   "%zext_ln1070_1 = zext i22 %B"   --->   Operation 110 'zext' 'zext_ln1070_1' <Predicate = true> <Delay = 0.00>
ST_14 : Operation 111 [1/1] (0.00ns)   --->   "%sext_ln1072 = sext i23 %second_order_float_sin_cos_K1_V_load"   --->   Operation 111 'sext' 'sext_ln1072' <Predicate = true> <Delay = 0.00>
ST_14 : Operation 112 [1/1] (6.43ns)   --->   "%r_V_2 = mul i45 %sext_ln1072, i45 %zext_ln1070_1"   --->   Operation 112 'mul' 'r_V_2' <Predicate = true> <Delay = 6.43> <CoreInst = "Multiplier">   --->   Core 3 'Multiplier' <Latency = 1> <II = 1> <Delay = 6.91> <FuncUnit> <Opcode : 'mul'> <InPorts = 2> <OutPorts = 1>
ST_14 : Operation 113 [1/1] (0.00ns)   --->   "%rhs_1 = partselect i22 @_ssdm_op_PartSelect.i22.i45.i32.i32, i45 %r_V_2, i32 23, i32 44"   --->   Operation 113 'partselect' 'rhs_1' <Predicate = true> <Delay = 0.00>
ST_14 : Operation 114 [3/4] (2.15ns) (root node of the DSP)   --->   "%r_V_4 = mul i30 %zext_ln662, i30 %sext_ln1072_1"   --->   Operation 114 'mul' 'r_V_4' <Predicate = true> <Delay = 2.15> <CoreInst = "DSP48">   --->   Core 119 'DSP48' <Latency = 3> <II = 1> <Delay = 2.15> <IPBlock> <Opcode : 'mul' 'add' 'sub' 'select'> <InPorts = 0> <OutPorts = 1> <Sync> <CReg>

State 15 <SV = 14> <Delay = 2.15>
ST_15 : Operation 115 [2/4] (2.15ns) (root node of the DSP)   --->   "%r_V_4 = mul i30 %zext_ln662, i30 %sext_ln1072_1"   --->   Operation 115 'mul' 'r_V_4' <Predicate = true> <Delay = 2.15> <CoreInst = "DSP48">   --->   Core 119 'DSP48' <Latency = 3> <II = 1> <Delay = 2.15> <IPBlock> <Opcode : 'mul' 'add' 'sub' 'select'> <InPorts = 0> <OutPorts = 1> <Sync> <CReg>

State 16 <SV = 15> <Delay = 4.31>
ST_16 : Operation 116 [1/1] (0.80ns)   --->   "%Mx_V_1 = select i1 %sin_basis, i29 %Mx_V, i29 536870911" [/wrk/ci/prod/2020.2/rdi_builds/continuous/2020_11_18_3064766/src/shared/hls/clib/hlsmath/include/FloatingPoint/hls_hotbm.h:272]   --->   Operation 116 'select' 'Mx_V_1' <Predicate = true> <Delay = 0.80> <CoreInst = "Sel">   --->   Core 73 'Sel' <Latency = 0> <II = 1> <Delay = 0.69> <FuncUnit> <Opcode : 'select'> <InPorts = 3> <OutPorts = 1>
ST_16 : Operation 117 [1/4] (0.00ns) (root node of the DSP)   --->   "%r_V_4 = mul i30 %zext_ln662, i30 %sext_ln1072_1"   --->   Operation 117 'mul' 'r_V_4' <Predicate = true> <Delay = 0.00> <CoreInst = "DSP48">   --->   Core 119 'DSP48' <Latency = 3> <II = 1> <Delay = 2.15> <IPBlock> <Opcode : 'mul' 'add' 'sub' 'select'> <InPorts = 0> <OutPorts = 1> <Sync> <CReg>
ST_16 : Operation 118 [1/1] (0.00ns)   --->   "%rhs_2 = partselect i14 @_ssdm_op_PartSelect.i14.i30.i32.i32, i30 %r_V_4, i32 16, i32 29"   --->   Operation 118 'partselect' 'rhs_2' <Predicate = true> <Delay = 0.00>
ST_16 : Operation 119 [1/1] (0.00ns)   --->   "%sext_ln657 = sext i29 %t1"   --->   Operation 119 'sext' 'sext_ln657' <Predicate = true> <Delay = 0.00>
ST_16 : Operation 120 [1/1] (0.00ns)   --->   "%sext_ln657_1 = sext i22 %rhs_1"   --->   Operation 120 'sext' 'sext_ln657_1' <Predicate = true> <Delay = 0.00>
ST_16 : Operation 121 [1/1] (0.00ns) (grouped into TernaryAdder)   --->   "%ret_V = add i30 %sext_ln657, i30 %sext_ln657_1"   --->   Operation 121 'add' 'ret_V' <Predicate = true> <Delay = 0.00> <CoreInst = "TAddSub">   --->   Core 10 'TAddSub' <Latency = 0> <II = 1> <Delay = 2.15> <IPBlock> <Opcode : 'add' 'sub'> <InPorts = 3> <OutPorts = 1> <Sync>
ST_16 : Operation 122 [1/1] (0.00ns)   --->   "%sext_ln1146 = sext i14 %rhs_2"   --->   Operation 122 'sext' 'sext_ln1146' <Predicate = true> <Delay = 0.00>
ST_16 : Operation 123 [1/1] (4.31ns) (root node of TernaryAdder)   --->   "%ret_V_1 = add i30 %ret_V, i30 %sext_ln1146"   --->   Operation 123 'add' 'ret_V_1' <Predicate = true> <Delay = 4.31> <CoreInst = "TAddSub">   --->   Core 10 'TAddSub' <Latency = 0> <II = 1> <Delay = 2.15> <IPBlock> <Opcode : 'add' 'sub'> <InPorts = 3> <OutPorts = 1> <Sync>

State 17 <SV = 16> <Delay = 6.91>
ST_17 : Operation 124 [1/1] (0.00ns)   --->   "%sext_ln1069 = sext i30 %ret_V_1"   --->   Operation 124 'sext' 'sext_ln1069' <Predicate = true> <Delay = 0.00>
ST_17 : Operation 125 [1/1] (0.00ns)   --->   "%zext_ln1072 = zext i29 %Mx_V_1"   --->   Operation 125 'zext' 'zext_ln1072' <Predicate = true> <Delay = 0.00>
ST_17 : Operation 126 [2/2] (6.91ns)   --->   "%r_V_6 = mul i58 %sext_ln1069, i58 %zext_ln1072"   --->   Operation 126 'mul' 'r_V_6' <Predicate = true> <Delay = 6.91> <CoreInst = "Multiplier">   --->   Core 3 'Multiplier' <Latency = 1> <II = 1> <Delay = 6.91> <FuncUnit> <Opcode : 'mul'> <InPorts = 2> <OutPorts = 1>

State 18 <SV = 17> <Delay = 6.91>
ST_18 : Operation 127 [1/2] (6.91ns)   --->   "%r_V_6 = mul i58 %sext_ln1069, i58 %zext_ln1072"   --->   Operation 127 'mul' 'r_V_6' <Predicate = true> <Delay = 6.91> <CoreInst = "Multiplier">   --->   Core 3 'Multiplier' <Latency = 1> <II = 1> <Delay = 6.91> <FuncUnit> <Opcode : 'mul'> <InPorts = 2> <OutPorts = 1>
ST_18 : Operation 128 [1/1] (0.00ns)   --->   "%result_V = partselect i29 @_ssdm_op_PartSelect.i29.i58.i32.i32, i58 %r_V_6, i32 29, i32 57"   --->   Operation 128 'partselect' 'result_V' <Predicate = true> <Delay = 0.00>
ST_18 : Operation 129 [1/1] (0.00ns)   --->   "%p_Result_7 = partselect i16 @_ssdm_op_PartSelect.i16.i58.i32.i32, i58 %r_V_6, i32 42, i32 57"   --->   Operation 129 'partselect' 'p_Result_7' <Predicate = true> <Delay = 0.00>
ST_18 : Operation 130 [1/1] (0.00ns)   --->   "%p_Result_9 = partselect i13 @_ssdm_op_PartSelect.i13.i58.i32.i32, i58 %r_V_6, i32 29, i32 41"   --->   Operation 130 'partselect' 'p_Result_9' <Predicate = true> <Delay = 0.00>

State 19 <SV = 18> <Delay = 6.08>
ST_19 : Operation 131 [1/1] (0.00ns)   --->   "%p_Result_4 = bitconcatenate i32 @_ssdm_op_BitConcatenate.i32.i16.i16, i16 %p_Result_7, i16 32768"   --->   Operation 131 'bitconcatenate' 'p_Result_4' <Predicate = true> <Delay = 0.00>
ST_19 : Operation 132 [1/1] (0.00ns)   --->   "%p_Result_6 = bitconcatenate i32 @_ssdm_op_BitConcatenate.i32.i13.i19, i13 %p_Result_9, i19 262144"   --->   Operation 132 'bitconcatenate' 'p_Result_6' <Predicate = true> <Delay = 0.00>
ST_19 : Operation 133 [1/1] (0.00ns)   --->   "%p_Result_s_23 = partselect i32 @_ssdm_op_PartSelect.i32.i32.i32.i32, i32 %p_Result_4, i32 31, i32 0"   --->   Operation 133 'partselect' 'p_Result_s_23' <Predicate = true> <Delay = 0.00>
ST_19 : Operation 134 [1/1] (0.00ns)   --->   "%tmp3 = cttz i32 @llvm.cttz.i32, i32 %p_Result_s_23, i1 1"   --->   Operation 134 'cttz' 'tmp3' <Predicate = true> <Delay = 0.00>
ST_19 : Operation 135 [1/1] (0.00ns)   --->   "%p_Result_77_1 = partselect i32 @_ssdm_op_PartSelect.i32.i32.i32.i32, i32 %p_Result_6, i32 31, i32 0"   --->   Operation 135 'partselect' 'p_Result_77_1' <Predicate = true> <Delay = 0.00>
ST_19 : Operation 136 [1/1] (0.00ns)   --->   "%tmp_1 = cttz i32 @llvm.cttz.i32, i32 %p_Result_77_1, i1 1"   --->   Operation 136 'cttz' 'tmp_1' <Predicate = true> <Delay = 0.00>
ST_19 : Operation 137 [1/1] (0.00ns) (grouped into LUT with out node add_ln329)   --->   "%Ex_V_4 = select i1 %sin_basis, i8 %Ex_V_3, i8 0" [/wrk/ci/prod/2020.2/rdi_builds/continuous/2020_11_18_3064766/src/shared/hls/clib/hlsmath/include/FloatingPoint/hls_hotbm.h:272]   --->   Operation 137 'select' 'Ex_V_4' <Predicate = true> <Delay = 0.00> <CoreInst = "Sel">   --->   Core 73 'Sel' <Latency = 0> <II = 1> <Delay = 0.69> <FuncUnit> <Opcode : 'select'> <InPorts = 3> <OutPorts = 1>
ST_19 : Operation 138 [1/1] (0.00ns) (grouped into LUT with out node add_ln329)   --->   "%sext_ln169 = sext i8 %Ex_V_4"   --->   Operation 138 'sext' 'sext_ln169' <Predicate = true> <Delay = 0.00>
ST_19 : Operation 139 [1/1] (0.00ns)   --->   "%conv_i_i25_i_0 = zext i29 %result_V"   --->   Operation 139 'zext' 'conv_i_i25_i_0' <Predicate = true> <Delay = 0.00>
ST_19 : Operation 140 [1/1] (4.42ns)   --->   "%shl_ln1253_2 = shl i32 %conv_i_i25_i_0, i32 %tmp3"   --->   Operation 140 'shl' 'shl_ln1253_2' <Predicate = true> <Delay = 4.42> <CoreInst = "Shifter">   --->   Core 75 'Shifter' <Latency = 0> <II = 1> <Delay = 4.42> <FuncUnit> <Opcode : 'shl' 'lshr' 'ashr'> <InPorts = 2> <OutPorts = 1>
ST_19 : Operation 141 [1/1] (2.47ns)   --->   "%icmp_ln321 = icmp_eq  i32 %tmp3, i32 16" [/wrk/ci/prod/2020.2/rdi_builds/continuous/2020_11_18_3064766/src/shared/hls/clib/src/hls/utils/x_hls_float_utils.h:321]   --->   Operation 141 'icmp' 'icmp_ln321' <Predicate = true> <Delay = 2.47> <CoreInst = "Cmp">   --->   Core 9 'Cmp' <Latency = 0> <II = 1> <Delay = 1.55> <FuncUnit> <Opcode : 'icmp'> <InPorts = 2> <OutPorts = 1>
ST_19 : Operation 142 [1/1] (2.55ns)   --->   "%add_ln319 = add i32 %tmp_1, i32 16" [/wrk/ci/prod/2020.2/rdi_builds/continuous/2020_11_18_3064766/src/shared/hls/clib/src/hls/utils/x_hls_float_utils.h:319]   --->   Operation 142 'add' 'add_ln319' <Predicate = true> <Delay = 2.55> <CoreInst = "Adder">   --->   Core 1 'Adder' <Latency = 0> <II = 1> <Delay = 2.55> <FuncUnit> <Opcode : 'add' 'sub'> <InPorts = 2> <OutPorts = 1>
ST_19 : Operation 143 [1/1] (0.00ns) (grouped into LUT with out node newexp)   --->   "%select_ln321 = select i1 %icmp_ln321, i32 %add_ln319, i32 %tmp3" [/wrk/ci/prod/2020.2/rdi_builds/continuous/2020_11_18_3064766/src/shared/hls/clib/src/hls/utils/x_hls_float_utils.h:321]   --->   Operation 143 'select' 'select_ln321' <Predicate = true> <Delay = 0.00> <CoreInst = "Sel">   --->   Core 73 'Sel' <Latency = 0> <II = 1> <Delay = 0.69> <FuncUnit> <Opcode : 'select'> <InPorts = 3> <OutPorts = 1>
ST_19 : Operation 144 [1/1] (1.91ns) (out node of the LUT)   --->   "%add_ln329 = add i9 %sext_ln169, i9 127" [/wrk/ci/prod/2020.2/rdi_builds/continuous/2020_11_18_3064766/src/shared/hls/clib/src/hls/utils/x_hls_float_utils.h:329]   --->   Operation 144 'add' 'add_ln329' <Predicate = true> <Delay = 1.91> <CoreInst = "Adder">   --->   Core 1 'Adder' <Latency = 0> <II = 1> <Delay = 2.55> <FuncUnit> <Opcode : 'add' 'sub'> <InPorts = 2> <OutPorts = 1>
ST_19 : Operation 145 [1/1] (0.00ns) (grouped into LUT with out node newexp)   --->   "%sext_ln329 = sext i9 %add_ln329" [/wrk/ci/prod/2020.2/rdi_builds/continuous/2020_11_18_3064766/src/shared/hls/clib/src/hls/utils/x_hls_float_utils.h:329]   --->   Operation 145 'sext' 'sext_ln329' <Predicate = true> <Delay = 0.00>
ST_19 : Operation 146 [1/1] (2.55ns) (out node of the LUT)   --->   "%newexp = sub i32 %sext_ln329, i32 %select_ln321" [/wrk/ci/prod/2020.2/rdi_builds/continuous/2020_11_18_3064766/src/shared/hls/clib/src/hls/utils/x_hls_float_utils.h:329]   --->   Operation 146 'sub' 'newexp' <Predicate = true> <Delay = 2.55> <CoreInst = "Adder">   --->   Core 1 'Adder' <Latency = 0> <II = 1> <Delay = 2.55> <FuncUnit> <Opcode : 'add' 'sub'> <InPorts = 2> <OutPorts = 1>
ST_19 : Operation 147 [1/1] (0.00ns)   --->   "%tmp_11 = bitselect i1 @_ssdm_op_BitSelect.i1.i32.i32, i32 %newexp, i32 31" [/wrk/ci/prod/2020.2/rdi_builds/continuous/2020_11_18_3064766/src/shared/hls/clib/src/hls/utils/x_hls_float_utils.h:335]   --->   Operation 147 'bitselect' 'tmp_11' <Predicate = true> <Delay = 0.00>
ST_19 : Operation 148 [1/1] (2.46ns)   --->   "%icmp_ln1452 = icmp_eq  i29 %result_V, i29 0"   --->   Operation 148 'icmp' 'icmp_ln1452' <Predicate = true> <Delay = 2.46> <CoreInst = "Cmp">   --->   Core 9 'Cmp' <Latency = 0> <II = 1> <Delay = 1.55> <FuncUnit> <Opcode : 'icmp'> <InPorts = 2> <OutPorts = 1>
ST_19 : Operation 149 [1/1] (0.97ns)   --->   "%or_ln335 = or i1 %tmp_11, i1 %icmp_ln1452" [/wrk/ci/prod/2020.2/rdi_builds/continuous/2020_11_18_3064766/src/shared/hls/clib/src/hls/utils/x_hls_float_utils.h:335]   --->   Operation 149 'or' 'or_ln335' <Predicate = true> <Delay = 0.97> <CoreInst = "LogicGate">   --->   Core 74 'LogicGate' <Latency = 0> <II = 1> <Delay = 0.97> <FuncUnit> <Opcode : 'and' 'or' 'xor'> <InPorts = 2> <OutPorts = 1>
ST_19 : Operation 150 [1/1] (0.00ns)   --->   "%trunc_ln255 = trunc i32 %newexp"   --->   Operation 150 'trunc' 'trunc_ln255' <Predicate = true> <Delay = 0.00>

State 20 <SV = 19> <Delay = 5.11>
ST_20 : Operation 151 [1/1] (0.00ns)   --->   "%specmemcore_ln403 = specmemcore void @_ssdm_op_SpecMemCore, i100 %ref_4oPi_table_100_V, i64 666, i64 34, i64 18446744073709551615" [/wrk/ci/prod/2020.2/rdi_builds/continuous/2020_11_18_3064766/src/shared/hls/clib/hlsmath/include/FloatingPoint/hls_range_redux.h:403]   --->   Operation 151 'specmemcore' 'specmemcore_ln403' <Predicate = true> <Delay = 0.00>
ST_20 : Operation 152 [1/1] (0.00ns)   --->   "%specmemcore_ln15 = specmemcore void @_ssdm_op_SpecMemCore, i30 %second_order_float_sin_cos_K0_V, i64 666, i64 34, i64 18446744073709551615" [/wrk/ci/prod/2020.2/rdi_builds/continuous/2020_11_18_3064766/src/shared/hls/clib/hlsmath/src/common/hls_hotbm_float.cpp:15]   --->   Operation 152 'specmemcore' 'specmemcore_ln15' <Predicate = true> <Delay = 0.00>
ST_20 : Operation 153 [1/1] (0.00ns)   --->   "%specmemcore_ln16 = specmemcore void @_ssdm_op_SpecMemCore, i23 %second_order_float_sin_cos_K1_V, i64 666, i64 34, i64 18446744073709551615" [/wrk/ci/prod/2020.2/rdi_builds/continuous/2020_11_18_3064766/src/shared/hls/clib/hlsmath/src/common/hls_hotbm_float.cpp:16]   --->   Operation 153 'specmemcore' 'specmemcore_ln16' <Predicate = true> <Delay = 0.00>
ST_20 : Operation 154 [1/1] (0.00ns)   --->   "%specmemcore_ln17 = specmemcore void @_ssdm_op_SpecMemCore, i15 %second_order_float_sin_cos_K2_V, i64 666, i64 34, i64 18446744073709551615" [/wrk/ci/prod/2020.2/rdi_builds/continuous/2020_11_18_3064766/src/shared/hls/clib/hlsmath/src/common/hls_hotbm_float.cpp:17]   --->   Operation 154 'specmemcore' 'specmemcore_ln17' <Predicate = true> <Delay = 0.00>
ST_20 : Operation 155 [1/1] (0.00ns) (grouped into LUT with out node significand)   --->   "%trunc_ln1312 = trunc i32 %shl_ln1253_2"   --->   Operation 155 'trunc' 'trunc_ln1312' <Predicate = (icmp_ln321 & !or_ln335)> <Delay = 0.00>
ST_20 : Operation 156 [1/1] (0.00ns) (grouped into LUT with out node significand)   --->   "%conv_i_i25_i_1 = zext i28 %trunc_ln1312"   --->   Operation 156 'zext' 'conv_i_i25_i_1' <Predicate = (icmp_ln321 & !or_ln335)> <Delay = 0.00>
ST_20 : Operation 157 [1/1] (0.00ns) (grouped into LUT with out node significand)   --->   "%shl_ln1253_3 = shl i32 %conv_i_i25_i_1, i32 %tmp_1"   --->   Operation 157 'shl' 'shl_ln1253_3' <Predicate = (icmp_ln321 & !or_ln335)> <Delay = 0.00> <CoreInst = "Shifter">   --->   Core 75 'Shifter' <Latency = 0> <II = 1> <Delay = 4.42> <FuncUnit> <Opcode : 'shl' 'lshr' 'ashr'> <InPorts = 2> <OutPorts = 1>
ST_20 : Operation 158 [1/1] (0.00ns) (grouped into LUT with out node significand)   --->   "%tmp_6 = partselect i23 @_ssdm_op_PartSelect.i23.i32.i32.i32, i32 %shl_ln1253_3, i32 5, i32 27"   --->   Operation 158 'partselect' 'tmp_6' <Predicate = (icmp_ln321 & !or_ln335)> <Delay = 0.00>
ST_20 : Operation 159 [1/1] (0.00ns) (grouped into LUT with out node significand)   --->   "%tmp_7 = partselect i23 @_ssdm_op_PartSelect.i23.i32.i32.i32, i32 %shl_ln1253_2, i32 5, i32 27"   --->   Operation 159 'partselect' 'tmp_7' <Predicate = (!icmp_ln321 & !or_ln335)> <Delay = 0.00>
ST_20 : Operation 160 [1/1] (0.00ns) (grouped into LUT with out node significand)   --->   "%select_ln321_1 = select i1 %icmp_ln321, i23 %tmp_6, i23 %tmp_7" [/wrk/ci/prod/2020.2/rdi_builds/continuous/2020_11_18_3064766/src/shared/hls/clib/src/hls/utils/x_hls_float_utils.h:321]   --->   Operation 160 'select' 'select_ln321_1' <Predicate = (!or_ln335)> <Delay = 0.00> <CoreInst = "Sel">   --->   Core 73 'Sel' <Latency = 0> <II = 1> <Delay = 0.69> <FuncUnit> <Opcode : 'select'> <InPorts = 3> <OutPorts = 1>
ST_20 : Operation 161 [1/1] (4.42ns) (out node of the LUT)   --->   "%significand = select i1 %or_ln335, i23 0, i23 %select_ln321_1" [/wrk/ci/prod/2020.2/rdi_builds/continuous/2020_11_18_3064766/src/shared/hls/clib/src/hls/utils/x_hls_float_utils.h:335]   --->   Operation 161 'select' 'significand' <Predicate = true> <Delay = 4.42> <CoreInst = "Sel">   --->   Core 73 'Sel' <Latency = 0> <II = 1> <Delay = 0.69> <FuncUnit> <Opcode : 'select'> <InPorts = 3> <OutPorts = 1>
ST_20 : Operation 162 [1/1] (1.24ns)   --->   "%out_exp_V = select i1 %or_ln335, i8 0, i8 %trunc_ln255"   --->   Operation 162 'select' 'out_exp_V' <Predicate = true> <Delay = 1.24> <CoreInst = "Sel">   --->   Core 73 'Sel' <Latency = 0> <II = 1> <Delay = 0.69> <FuncUnit> <Opcode : 'select'> <InPorts = 3> <OutPorts = 1>
ST_20 : Operation 163 [1/1] (0.00ns) (grouped into LUT with out node results_exp_V)   --->   "%select_ln311 = select i1 %icmp_ln824, i8 127, i8 %out_exp_V" [/wrk/ci/prod/2020.2/rdi_builds/continuous/2020_11_18_3064766/src/shared/hls/clib/hlsmath/include/FloatingPoint/hls_hotbm.h:311]   --->   Operation 163 'select' 'select_ln311' <Predicate = (icmp_ln300_1)> <Delay = 0.00> <CoreInst = "Sel">   --->   Core 73 'Sel' <Latency = 0> <II = 1> <Delay = 0.69> <FuncUnit> <Opcode : 'select'> <InPorts = 3> <OutPorts = 1>
ST_20 : Operation 164 [1/1] (0.00ns) (grouped into LUT with out node results_sig_V)   --->   "%select_ln311_1 = select i1 %icmp_ln824, i23 0, i23 %significand" [/wrk/ci/prod/2020.2/rdi_builds/continuous/2020_11_18_3064766/src/shared/hls/clib/hlsmath/include/FloatingPoint/hls_hotbm.h:311]   --->   Operation 164 'select' 'select_ln311_1' <Predicate = (icmp_ln300_1)> <Delay = 0.00> <CoreInst = "Sel">   --->   Core 73 'Sel' <Latency = 0> <II = 1> <Delay = 0.69> <FuncUnit> <Opcode : 'select'> <InPorts = 3> <OutPorts = 1>
ST_20 : Operation 165 [1/1] (0.00ns) (grouped into LUT with out node results_exp_V)   --->   "%select_ln300_1 = select i1 %icmp_ln300_2, i8 255, i8 %out_exp_V" [/wrk/ci/prod/2020.2/rdi_builds/continuous/2020_11_18_3064766/src/shared/hls/clib/hlsmath/include/FloatingPoint/hls_hotbm.h:300]   --->   Operation 165 'select' 'select_ln300_1' <Predicate = (!icmp_ln300_1)> <Delay = 0.00> <CoreInst = "Sel">   --->   Core 73 'Sel' <Latency = 0> <II = 1> <Delay = 0.69> <FuncUnit> <Opcode : 'select'> <InPorts = 3> <OutPorts = 1>
ST_20 : Operation 166 [1/1] (1.24ns) (out node of the LUT)   --->   "%results_exp_V = select i1 %icmp_ln300_1, i8 %select_ln311, i8 %select_ln300_1" [/wrk/ci/prod/2020.2/rdi_builds/continuous/2020_11_18_3064766/src/shared/hls/clib/hlsmath/include/FloatingPoint/hls_hotbm.h:300]   --->   Operation 166 'select' 'results_exp_V' <Predicate = true> <Delay = 1.24> <CoreInst = "Sel">   --->   Core 73 'Sel' <Latency = 0> <II = 1> <Delay = 0.69> <FuncUnit> <Opcode : 'select'> <InPorts = 3> <OutPorts = 1>
ST_20 : Operation 167 [1/1] (0.00ns) (grouped into LUT with out node results_sig_V)   --->   "%select_ln300_3 = select i1 %icmp_ln300_2, i23 8388607, i23 %significand" [/wrk/ci/prod/2020.2/rdi_builds/continuous/2020_11_18_3064766/src/shared/hls/clib/hlsmath/include/FloatingPoint/hls_hotbm.h:300]   --->   Operation 167 'select' 'select_ln300_3' <Predicate = (!icmp_ln300_1)> <Delay = 0.00> <CoreInst = "Sel">   --->   Core 73 'Sel' <Latency = 0> <II = 1> <Delay = 0.69> <FuncUnit> <Opcode : 'select'> <InPorts = 3> <OutPorts = 1>
ST_20 : Operation 168 [1/1] (0.69ns) (out node of the LUT)   --->   "%results_sig_V = select i1 %icmp_ln300_1, i23 %select_ln311_1, i23 %select_ln300_3" [/wrk/ci/prod/2020.2/rdi_builds/continuous/2020_11_18_3064766/src/shared/hls/clib/hlsmath/include/FloatingPoint/hls_hotbm.h:300]   --->   Operation 168 'select' 'results_sig_V' <Predicate = true> <Delay = 0.69> <CoreInst = "Sel">   --->   Core 73 'Sel' <Latency = 0> <II = 1> <Delay = 0.69> <FuncUnit> <Opcode : 'select'> <InPorts = 3> <OutPorts = 1>
ST_20 : Operation 169 [1/1] (0.00ns)   --->   "%p_Result_30 = bitconcatenate i32 @_ssdm_op_BitConcatenate.i32.i1.i8.i23, i1 %results_sign_V, i8 %results_exp_V, i23 %results_sig_V"   --->   Operation 169 'bitconcatenate' 'p_Result_30' <Predicate = true> <Delay = 0.00>
ST_20 : Operation 170 [1/1] (0.00ns)   --->   "%bitcast_ln351 = bitcast i32 %p_Result_30" [/wrk/ci/prod/2020.2/rdi_builds/continuous/2020_11_18_3064766/src/shared/hls/clib/src/hls/utils/x_hls_utils.h:351]   --->   Operation 170 'bitcast' 'bitcast_ln351' <Predicate = true> <Delay = 0.00>
ST_20 : Operation 171 [1/1] (0.00ns)   --->   "%ret_ln316 = ret i32 %bitcast_ln351" [/wrk/ci/prod/2020.2/rdi_builds/continuous/2020_11_18_3064766/src/shared/hls/clib/hlsmath/include/FloatingPoint/hls_hotbm.h:316]   --->   Operation 171 'ret' 'ret_ln316' <Predicate = true> <Delay = 0.00>


============================================================
+ Verbose Summary: Timing violations
============================================================
Target clock period: 10ns, clock uncertainty: 2.7ns.

 <State 1>: 5.47ns
The critical path consists of the following:
	wire read on port 't_in' (/wrk/ci/prod/2020.2/rdi_builds/continuous/2020_11_18_3064766/src/shared/hls/clib/src/hls/utils/x_hls_utils.h:312) [10]  (0 ns)
	'add' operation ('add_ln116') [20]  (1.92 ns)
	'select' operation ('addr') [21]  (1.25 ns)
	'getelementptr' operation ('ref_4oPi_table_100_V_addr', /wrk/ci/prod/2020.2/rdi_builds/continuous/2020_11_18_3064766/src/shared/hls/clib/hlsmath/include/FloatingPoint/hls_range_redux.h:407) [24]  (0 ns)
	'load' operation ('table_100.V', /wrk/ci/prod/2020.2/rdi_builds/continuous/2020_11_18_3064766/src/shared/hls/clib/hlsmath/include/FloatingPoint/hls_range_redux.h:407) on array 'ref_4oPi_table_100_V' [25]  (2.3 ns)

 <State 2>: 7.07ns
The critical path consists of the following:
	'load' operation ('table_100.V', /wrk/ci/prod/2020.2/rdi_builds/continuous/2020_11_18_3064766/src/shared/hls/clib/hlsmath/include/FloatingPoint/hls_range_redux.h:407) on array 'ref_4oPi_table_100_V' [25]  (2.3 ns)
	'shl' operation ('r') [28]  (4.77 ns)

 <State 3>: 6.98ns
The critical path consists of the following:
	'mul' operation ('ret') [31]  (6.98 ns)

 <State 4>: 6.98ns
The critical path consists of the following:
	'mul' operation ('ret') [31]  (6.98 ns)

 <State 5>: 6.98ns
The critical path consists of the following:
	'mul' operation ('ret') [31]  (6.98 ns)

 <State 6>: 6.98ns
The critical path consists of the following:
	'mul' operation ('ret') [31]  (6.98 ns)

 <State 7>: 6.98ns
The critical path consists of the following:
	'mul' operation ('ret') [31]  (6.98 ns)

 <State 8>: 5.35ns
The critical path consists of the following:
	'select' operation ('select_ln832') [37]  (0.98 ns)
	'mux' operation ('sin_basis', /wrk/ci/prod/2020.2/rdi_builds/continuous/2020_11_18_3064766/src/shared/hls/clib/hlsmath/include/FloatingPoint/hls_hotbm.h:271) [60]  (2.3 ns)
	'select' operation ('results.sign.V', /wrk/ci/prod/2020.2/rdi_builds/continuous/2020_11_18_3064766/src/shared/hls/clib/hlsmath/include/FloatingPoint/hls_hotbm.h:271) [129]  (0 ns)
	'and' operation ('results.sign.V', /wrk/ci/prod/2020.2/rdi_builds/continuous/2020_11_18_3064766/src/shared/hls/clib/hlsmath/include/FloatingPoint/hls_hotbm.h:300) [137]  (2.06 ns)

 <State 9>: 6.71ns
The critical path consists of the following:
	'add' operation ('Ex.V') [16]  (1.92 ns)
	'select' operation ('select_ln482', /wrk/ci/prod/2020.2/rdi_builds/continuous/2020_11_18_3064766/src/shared/hls/clib/hlsmath/include/FloatingPoint/hls_range_redux.h:482) [17]  (0 ns)
	'sub' operation ('Ex.V') [49]  (1.92 ns)
	'sub' operation ('sub_ln1311') [52]  (1.92 ns)
	'select' operation ('ush') [53]  (0.968 ns)

 <State 10>: 6.49ns
The critical path consists of the following:
	'lshr' operation ('lshr_ln1287') [56]  (0 ns)
	'select' operation ('select_ln1312') [58]  (4.34 ns)
	'mul' operation of DSP[68] ('r.V') [68]  (2.15 ns)

 <State 11>: 2.15ns
The critical path consists of the following:
	'mul' operation of DSP[68] ('r.V') [68]  (2.15 ns)

 <State 12>: 2.32ns
The critical path consists of the following:
	'getelementptr' operation ('second_order_float_sin_cos_K0_V_addr') [73]  (0 ns)
	'load' operation ('second_order_float_sin_cos_K0_V_load') on array 'second_order_float_sin_cos_K0_V' [74]  (2.32 ns)

 <State 13>: 4.47ns
The critical path consists of the following:
	'load' operation ('second_order_float_sin_cos_K2_V_load') on array 'second_order_float_sin_cos_K2_V' [83]  (2.32 ns)
	'mul' operation of DSP[85] ('r.V') [85]  (2.15 ns)

 <State 14>: 6.43ns
The critical path consists of the following:
	'mul' operation ('r.V') [80]  (6.43 ns)

 <State 15>: 2.15ns
The critical path consists of the following:
	'mul' operation of DSP[85] ('r.V') [85]  (2.15 ns)

 <State 16>: 4.31ns
The critical path consists of the following:
	'mul' operation of DSP[85] ('r.V') [85]  (0 ns)
	'add' operation ('ret.V') [91]  (4.31 ns)

 <State 17>: 6.91ns
The critical path consists of the following:
	'mul' operation ('r.V') [94]  (6.91 ns)

 <State 18>: 6.91ns
The critical path consists of the following:
	'mul' operation ('r.V') [94]  (6.91 ns)

 <State 19>: 6.08ns
The critical path consists of the following:
	'cttz' operation ('tmp_1') [103]  (0 ns)
	'add' operation ('add_ln319', /wrk/ci/prod/2020.2/rdi_builds/continuous/2020_11_18_3064766/src/shared/hls/clib/src/hls/utils/x_hls_float_utils.h:319) [110]  (2.55 ns)
	'select' operation ('select_ln321', /wrk/ci/prod/2020.2/rdi_builds/continuous/2020_11_18_3064766/src/shared/hls/clib/src/hls/utils/x_hls_float_utils.h:321) [113]  (0 ns)
	'sub' operation ('newexp', /wrk/ci/prod/2020.2/rdi_builds/continuous/2020_11_18_3064766/src/shared/hls/clib/src/hls/utils/x_hls_float_utils.h:329) [116]  (2.55 ns)
	'or' operation ('or_ln335', /wrk/ci/prod/2020.2/rdi_builds/continuous/2020_11_18_3064766/src/shared/hls/clib/src/hls/utils/x_hls_float_utils.h:335) [119]  (0.978 ns)

 <State 20>: 5.12ns
The critical path consists of the following:
	'shl' operation ('shl_ln1253_3') [112]  (0 ns)
	'select' operation ('select_ln321_1', /wrk/ci/prod/2020.2/rdi_builds/continuous/2020_11_18_3064766/src/shared/hls/clib/src/hls/utils/x_hls_float_utils.h:321) [122]  (0 ns)
	'select' operation ('significand', /wrk/ci/prod/2020.2/rdi_builds/continuous/2020_11_18_3064766/src/shared/hls/clib/src/hls/utils/x_hls_float_utils.h:335) [123]  (4.42 ns)
	'select' operation ('select_ln311_1', /wrk/ci/prod/2020.2/rdi_builds/continuous/2020_11_18_3064766/src/shared/hls/clib/hlsmath/include/FloatingPoint/hls_hotbm.h:311) [133]  (0 ns)
	'select' operation ('results.sig.V', /wrk/ci/prod/2020.2/rdi_builds/continuous/2020_11_18_3064766/src/shared/hls/clib/hlsmath/include/FloatingPoint/hls_hotbm.h:300) [142]  (0.698 ns)


============================================================
+ Verbose Summary: Binding
============================================================
N/A
* FSMD analyzer results:
  - Output states:
 - Input state : 
  - Chain level:
	State 1
	State 2
	State 3
	State 4
	State 5
	State 6
	State 7
	State 8
	State 9
	State 10
	State 11
	State 12
	State 13
	State 14
	State 15
	State 16
	State 17
	State 18
	State 19
	State 20


============================================================
+ Verbose Summary: Datapath Resource usage 
============================================================
N/A
