Promedio esperado: 0.01708, Promedio obtenido: 0.01708
Entrada: 0.025551, Resultado esperado: 1.49596, Resultado: 1.49596
Entrada: 0.006388, Resultado esperado: 0.374005, Resultado: 0.374005
Entrada: 0.009582, Resultado esperado: 0.561008, Resultado: 0.561008
Entrada: 0.003194, Resultado esperado: 0.187003, Resultado: 0.187003
Entrada: 0.003194, Resultado esperado: 0.187003, Resultado: 0.187003
Entrada: 0.009582, Resultado esperado: 0.561008, Resultado: 0.561008
Entrada: 0.031939, Resultado esperado: 1.86997, Resultado: 1.86997
Entrada: 0.006388, Resultado esperado: 0.374005, Resultado: 0.374005
Entrada: 0.003194, Resultado esperado: 0.187003, Resultado: 0.187003
Entrada: 0.006388, Resultado esperado: 0.374005, Resultado: 0.374005
Entrada: 0.01597, Resultado esperado: 0.935013, Resultado: 0.935013
Entrada: 0.035133, Resultado esperado: 2.05697, Resultado: 2.05697
Entrada: 0.028745, Resultado esperado: 1.68296, Resultado: 1.68296
Entrada: 0.060684, Resultado esperado: 3.55293, Resultado: 3.55293
Entrada: 0.060684, Resultado esperado: 3.55293, Resultado: 3.55293
Entrada: 0.054296, Resultado esperado: 3.17893, Resultado: 3.17893
Entrada: 0.01597, Resultado esperado: 0.935013, Resultado: 0.935013
Entrada: 0.006388, Resultado esperado: 0.374005, Resultado: 0.374005
Entrada: 0.012776, Resultado esperado: 0.74801, Resultado: 0.74801
Entrada: 0.006388, Resultado esperado: 0.374005, Resultado: 0.374005
Entrada: 0.003194, Resultado esperado: 0.187003, Resultado: 0.187003
Entrada: 0, Resultado esperado: 0, Resultado: 0
Entrada: 0.031939, Resultado esperado: 1.86997, Resultado: 1.86997
Entrada: 0.05749, Resultado esperado: 3.36593, Resultado: 3.36593
Entrada: 0.025551, Resultado esperado: 1.49596, Resultado: 1.49596
Entrada: 0.003194, Resultado esperado: 0.187003, Resultado: 0.187003
Entrada: 0.006388, Resultado esperado: 0.374005, Resultado: 0.374005
Entrada: 0, Resultado esperado: 0, Resultado: 0
Entrada: 0.009582, Resultado esperado: 0.561008, Resultado: 0.561008
Entrada: 0.006388, Resultado esperado: 0.374005, Resultado: 0.374005
Entrada: 0.003194, Resultado esperado: 0.187003, Resultado: 0.187003
Entrada: 0.054296, Resultado esperado: 3.17893, Resultado: 3.17893
Entrada: 0.041521, Resultado esperado: 2.43097, Resultado: 2.43097
Entrada: 0.01597, Resultado esperado: 0.935013, Resultado: 0.935013
Entrada: 0.01597, Resultado esperado: 0.935013, Resultado: 0.935013
Entrada: 0.022357, Resultado esperado: 1.30896, Resultado: 1.30896
Entrada: 0.009582, Resultado esperado: 0.561008, Resultado: 0.561008
Entrada: 0.022357, Resultado esperado: 1.30896, Resultado: 1.30896
Entrada: 0.01597, Resultado esperado: 0.935013, Resultado: 0.935013
Entrada: 0.060684, Resultado esperado: 3.55293, Resultado: 3.55293
Entrada: 0.006388, Resultado esperado: 0.374005, Resultado: 0.374005
Entrada: 0.009582, Resultado esperado: 0.561008, Resultado: 0.561008
Entrada: 0.006388, Resultado esperado: 0.374005, Resultado: 0.374005
Entrada: 0.006388, Resultado esperado: 0.374005, Resultado: 0.374005
Entrada: 0.009582, Resultado esperado: 0.561008, Resultado: 0.561008
Entrada: 0.01597, Resultado esperado: 0.935013, Resultado: 0.935013
Entrada: 0.038327, Resultado esperado: 2.24397, Resultado: 2.24397
Entrada: 0.047909, Resultado esperado: 2.80498, Resultado: 2.80498
Entrada: 0.028745, Resultado esperado: 1.68296, Resultado: 1.68296
Entrada: 0.01597, Resultado esperado: 0.935013, Resultado: 0.935013
Entrada: 0.025551, Resultado esperado: 1.49596, Resultado: 1.49596
Entrada: 0.035133, Resultado esperado: 2.05697, Resultado: 2.05697
Entrada: 0.019163, Resultado esperado: 1.12196, Resultado: 1.12196
Entrada: 0.009582, Resultado esperado: 0.561008, Resultado: 0.561008
Entrada: 0.01597, Resultado esperado: 0.935013, Resultado: 0.935013
Entrada: 0.003194, Resultado esperado: 0.187003, Resultado: 0.187003
Entrada: 0.006388, Resultado esperado: 0.374005, Resultado: 0.374005
Entrada: 0.003194, Resultado esperado: 0.187003, Resultado: 0.187003
Entrada: 0.003194, Resultado esperado: 0.187003, Resultado: 0.187003
Entrada: 0.028745, Resultado esperado: 1.68296, Resultado: 1.68296
Entrada: 0.003194, Resultado esperado: 0.187003, Resultado: 0.187003
Entrada: 0.003194, Resultado esperado: 0.187003, Resultado: 0.187003
Entrada: 0.009582, Resultado esperado: 0.561008, Resultado: 0.561008
Entrada: 0.009582, Resultado esperado: 0.561008, Resultado: 0.561008
Entrada: 0.003194, Resultado esperado: 0.187003, Resultado: 0.187003
Entrada: 0.025551, Resultado esperado: 1.49596, Resultado: 1.49596
Entrada: 0.038327, Resultado esperado: 2.24397, Resultado: 2.24397
Entrada: 0.019163, Resultado esperado: 1.12196, Resultado: 1.12196
Entrada: 0, Resultado esperado: 0, Resultado: 0
Entrada: 0.009582, Resultado esperado: 0.561008, Resultado: 0.561008
Entrada: 0.019163, Resultado esperado: 1.12196, Resultado: 1.12196
Entrada: 0.003194, Resultado esperado: 0.187003, Resultado: 0.187003
Entrada: 0.006388, Resultado esperado: 0.374005, Resultado: 0.374005
Entrada: 0.006388, Resultado esperado: 0.374005, Resultado: 0.374005
Entrada: 0.019163, Resultado esperado: 1.12196, Resultado: 1.12196
Entrada: 0.019163, Resultado esperado: 1.12196, Resultado: 1.12196
Entrada: 0.01597, Resultado esperado: 0.935013, Resultado: 0.935013
Entrada: 0.041521, Resultado esperado: 2.43097, Resultado: 2.43097
Entrada: 0.003194, Resultado esperado: 0.187003, Resultado: 0.187003
Entrada: 0.070266, Resultado esperado: 4.11394, Resultado: 4.11394
Entrada: 0.092623, Resultado esperado: 5.4229, Resultado: 5.4229
Entrada: 0.095817, Resultado esperado: 5.6099, Resultado: 5.6099
Entrada: 0.044715, Resultado esperado: 2.61798, Resultado: 2.61798
Entrada: 0.019163, Resultado esperado: 1.12196, Resultado: 1.12196
Entrada: 0.01597, Resultado esperado: 0.935013, Resultado: 0.935013
Entrada: 0.01597, Resultado esperado: 0.935013, Resultado: 0.935013
Entrada: 0.025551, Resultado esperado: 1.49596, Resultado: 1.49596
Entrada: 0.031939, Resultado esperado: 1.86997, Resultado: 1.86997
Entrada: 0.022357, Resultado esperado: 1.30896, Resultado: 1.30896
Entrada: 0.006388, Resultado esperado: 0.374005, Resultado: 0.374005
Entrada: 0, Resultado esperado: 0, Resultado: 0
Entrada: 0.003194, Resultado esperado: 0.187003, Resultado: 0.187003
Entrada: 0.003194, Resultado esperado: 0.187003, Resultado: 0.187003
Entrada: 0.003194, Resultado esperado: 0.187003, Resultado: 0.187003
Entrada: 0.009582, Resultado esperado: 0.561008, Resultado: 0.561008
Entrada: 0, Resultado esperado: 0, Resultado: 0
Entrada: 0.012776, Resultado esperado: 0.74801, Resultado: 0.74801
Entrada: 0, Resultado esperado: 0, Resultado: 0
Entrada: 0.006388, Resultado esperado: 0.374005, Resultado: 0.374005
Entrada: 0.019163, Resultado esperado: 1.12196, Resultado: 1.12196
Entrada: 0, Resultado esperado: 0, Resultado: 0
Entrada: 0.022357, Resultado esperado: 1.30896, Resultado: 1.30896
Entrada: 0.009582, Resultado esperado: 0.561008, Resultado: 0.561008
Entrada: 0.031939, Resultado esperado: 1.86997, Resultado: 1.86997
Entrada: 0.01597, Resultado esperado: 0.935013, Resultado: 0.935013
Entrada: 0.012776, Resultado esperado: 0.74801, Resultado: 0.74801
Entrada: 0.01597, Resultado esperado: 0.935013, Resultado: 0.935013
Entrada: 0.012776, Resultado esperado: 0.74801, Resultado: 0.74801
Entrada: 0.009582, Resultado esperado: 0.561008, Resultado: 0.561008
Entrada: 0.009582, Resultado esperado: 0.561008, Resultado: 0.561008
Entrada: 0.003194, Resultado esperado: 0.187003, Resultado: 0.187003
Entrada: 0.009582, Resultado esperado: 0.561008, Resultado: 0.561008
Entrada: 0.006388, Resultado esperado: 0.374005, Resultado: 0.374005
Entrada: 0.009582, Resultado esperado: 0.561008, Resultado: 0.561008
Entrada: 0.009582, Resultado esperado: 0.561008, Resultado: 0.561008
Entrada: 0.003194, Resultado esperado: 0.187003, Resultado: 0.187003
Entrada: 0.028745, Resultado esperado: 1.68296, Resultado: 1.68296
Entrada: 0.019163, Resultado esperado: 1.12196, Resultado: 1.12196
Entrada: 0.003194, Resultado esperado: 0.187003, Resultado: 0.187003
Entrada: 0.019163, Resultado esperado: 1.12196, Resultado: 1.12196
Entrada: 0.019163, Resultado esperado: 1.12196, Resultado: 1.12196
Entrada: 0.012776, Resultado esperado: 0.74801, Resultado: 0.74801
Entrada: 0.009582, Resultado esperado: 0.561008, Resultado: 0.561008
Entrada: 0, Resultado esperado: 0, Resultado: 0
Entrada: 0.009582, Resultado esperado: 0.561008, Resultado: 0.561008
Entrada: 0.003194, Resultado esperado: 0.187003, Resultado: 0.187003
Entrada: 0.028745, Resultado esperado: 1.68296, Resultado: 1.68296
Entrada: 0.047909, Resultado esperado: 2.80498, Resultado: 2.80498
Entrada: 0.01597, Resultado esperado: 0.935013, Resultado: 0.935013
Entrada: 0.003194, Resultado esperado: 0.187003, Resultado: 0.187003
Entrada: 0.022357, Resultado esperado: 1.30896, Resultado: 1.30896
Entrada: 0.006388, Resultado esperado: 0.374005, Resultado: 0.374005
Entrada: 0.009582, Resultado esperado: 0.561008, Resultado: 0.561008
Entrada: 0.019163, Resultado esperado: 1.12196, Resultado: 1.12196
Entrada: 0.012776, Resultado esperado: 0.74801, Resultado: 0.74801
Entrada: 0.006388, Resultado esperado: 0.374005, Resultado: 0.374005
Entrada: 0.022357, Resultado esperado: 1.30896, Resultado: 1.30896
Entrada: 0.028745, Resultado esperado: 1.68296, Resultado: 1.68296
Entrada: 0, Resultado esperado: 0, Resultado: 0
Entrada: 0.003194, Resultado esperado: 0.187003, Resultado: 0.187003
Entrada: 0.01597, Resultado esperado: 0.935013, Resultado: 0.935013
Entrada: 0.019163, Resultado esperado: 1.12196, Resultado: 1.12196
Entrada: 0.006388, Resultado esperado: 0.374005, Resultado: 0.374005
Entrada: 0.009582, Resultado esperado: 0.561008, Resultado: 0.561008
Entrada: 0.022357, Resultado esperado: 1.30896, Resultado: 1.30896
Entrada: 0.038327, Resultado esperado: 2.24397, Resultado: 2.24397
Entrada: 0.006388, Resultado esperado: 0.374005, Resultado: 0.374005
Entrada: 0.01597, Resultado esperado: 0.935013, Resultado: 0.935013
Entrada: 0.006388, Resultado esperado: 0.374005, Resultado: 0.374005
Entrada: 0.012776, Resultado esperado: 0.74801, Resultado: 0.74801
Entrada: 0.003194, Resultado esperado: 0.187003, Resultado: 0.187003
Entrada: 0.035133, Resultado esperado: 2.05697, Resultado: 2.05697
Entrada: 0.009582, Resultado esperado: 0.561008, Resultado: 0.561008
Entrada: 0.012776, Resultado esperado: 0.74801, Resultado: 0.74801
Entrada: 0.01597, Resultado esperado: 0.935013, Resultado: 0.935013
Entrada: 0.019163, Resultado esperado: 1.12196, Resultado: 1.12196
Entrada: 0.009582, Resultado esperado: 0.561008, Resultado: 0.561008
Entrada: 0.003194, Resultado esperado: 0.187003, Resultado: 0.187003
Entrada: 0.003194, Resultado esperado: 0.187003, Resultado: 0.187003
Entrada: 0.003194, Resultado esperado: 0.187003, Resultado: 0.187003
Entrada: 0.012776, Resultado esperado: 0.74801, Resultado: 0.74801
Entrada: 0.028745, Resultado esperado: 1.68296, Resultado: 1.68296
Entrada: 0.009582, Resultado esperado: 0.561008, Resultado: 0.561008
Entrada: 0.006388, Resultado esperado: 0.374005, Resultado: 0.374005
Entrada: 0.01597, Resultado esperado: 0.935013, Resultado: 0.935013
Entrada: 0.009582, Resultado esperado: 0.561008, Resultado: 0.561008
Entrada: 0.012776, Resultado esperado: 0.74801, Resultado: 0.74801
Entrada: 0.031939, Resultado esperado: 1.86997, Resultado: 1.86997
Entrada: 0.012776, Resultado esperado: 0.74801, Resultado: 0.74801
Entrada: 0.003194, Resultado esperado: 0.187003, Resultado: 0.187003
Entrada: 0.003194, Resultado esperado: 0.187003, Resultado: 0.187003
Entrada: 0, Resultado esperado: 0, Resultado: 0
Entrada: 0.009582, Resultado esperado: 0.561008, Resultado: 0.561008
Entrada: 0.003194, Resultado esperado: 0.187003, Resultado: 0.187003
Entrada: 0.01597, Resultado esperado: 0.935013, Resultado: 0.935013
Entrada: 0.009582, Resultado esperado: 0.561008, Resultado: 0.561008
Entrada: 0, Resultado esperado: 0, Resultado: 0
Entrada: 0.003194, Resultado esperado: 0.187003, Resultado: 0.187003
Entrada: 0.003194, Resultado esperado: 0.187003, Resultado: 0.187003
Entrada: 0.047909, Resultado esperado: 2.80498, Resultado: 2.80498
Entrada: 0.047909, Resultado esperado: 2.80498, Resultado: 2.80498
Entrada: 0.012776, Resultado esperado: 0.74801, Resultado: 0.74801
Entrada: 0.006388, Resultado esperado: 0.374005, Resultado: 0.374005
Entrada: 0.025551, Resultado esperado: 1.49596, Resultado: 1.49596
Entrada: 0.031939, Resultado esperado: 1.86997, Resultado: 1.86997
Entrada: 0.022357, Resultado esperado: 1.30896, Resultado: 1.30896
Entrada: 0.012776, Resultado esperado: 0.74801, Resultado: 0.74801
Entrada: 0.025551, Resultado esperado: 1.49596, Resultado: 1.49596
Entrada: 0, Resultado esperado: 0, Resultado: 0
Entrada: 0.028745, Resultado esperado: 1.68296, Resultado: 1.68296
Entrada: 0.041521, Resultado esperado: 2.43097, Resultado: 2.43097
Entrada: 0.041521, Resultado esperado: 2.43097, Resultado: 2.43097
Entrada: 0.003194, Resultado esperado: 0.187003, Resultado: 0.187003
Entrada: 0.019163, Resultado esperado: 1.12196, Resultado: 1.12196
Entrada: 0.009582, Resultado esperado: 0.561008, Resultado: 0.561008
Entrada: 0.006388, Resultado esperado: 0.374005, Resultado: 0.374005
Entrada: 0.01597, Resultado esperado: 0.935013, Resultado: 0.935013
Entrada: 0.019163, Resultado esperado: 1.12196, Resultado: 1.12196
Entrada: 0.003194, Resultado esperado: 0.187003, Resultado: 0.187003
Entrada: 0.003194, Resultado esperado: 0.187003, Resultado: 0.187003
Entrada: 0.003194, Resultado esperado: 0.187003, Resultado: 0.187003
Entrada: 0.009582, Resultado esperado: 0.561008, Resultado: 0.561008
Entrada: 0.019163, Resultado esperado: 1.12196, Resultado: 1.12196
Entrada: 0.028745, Resultado esperado: 1.68296, Resultado: 1.68296
Entrada: 0.012776, Resultado esperado: 0.74801, Resultado: 0.74801
Entrada: 0.035133, Resultado esperado: 2.05697, Resultado: 2.05697
Entrada: 0.025551, Resultado esperado: 1.49596, Resultado: 1.49596
Entrada: 0.003194, Resultado esperado: 0.187003, Resultado: 0.187003
Entrada: 0.047909, Resultado esperado: 2.80498, Resultado: 2.80498
Entrada: 0.038327, Resultado esperado: 2.24397, Resultado: 2.24397
Entrada: 0.019163, Resultado esperado: 1.12196, Resultado: 1.12196
Entrada: 0, Resultado esperado: 0, Resultado: 0
Entrada: 0.022357, Resultado esperado: 1.30896, Resultado: 1.30896
Entrada: 0.009582, Resultado esperado: 0.561008, Resultado: 0.561008
Entrada: 0.012776, Resultado esperado: 0.74801, Resultado: 0.74801
Entrada: 0.003194, Resultado esperado: 0.187003, Resultado: 0.187003
Entrada: 0.012776, Resultado esperado: 0.74801, Resultado: 0.74801
Entrada: 0.041521, Resultado esperado: 2.43097, Resultado: 2.43097
Entrada: 0.022357, Resultado esperado: 1.30896, Resultado: 1.30896
Entrada: 0, Resultado esperado: 0, Resultado: 0
Entrada: 0.025551, Resultado esperado: 1.49596, Resultado: 1.49596
Entrada: 0.038327, Resultado esperado: 2.24397, Resultado: 2.24397
Entrada: 0.025551, Resultado esperado: 1.49596, Resultado: 1.49596
Entrada: 0.031939, Resultado esperado: 1.86997, Resultado: 1.86997
Entrada: 0.041521, Resultado esperado: 2.43097, Resultado: 2.43097
Entrada: 0.028745, Resultado esperado: 1.68296, Resultado: 1.68296
Entrada: 0.012776, Resultado esperado: 0.74801, Resultado: 0.74801
Entrada: 0.012776, Resultado esperado: 0.74801, Resultado: 0.74801
Entrada: 0.060684, Resultado esperado: 3.55293, Resultado: 3.55293
Entrada: 0.044715, Resultado esperado: 2.61798, Resultado: 2.61798
Entrada: 0.028745, Resultado esperado: 1.68296, Resultado: 1.68296
Entrada: 0.019163, Resultado esperado: 1.12196, Resultado: 1.12196
Entrada: 0.012776, Resultado esperado: 0.74801, Resultado: 0.74801
Entrada: 0.003194, Resultado esperado: 0.187003, Resultado: 0.187003
Entrada: 0.006388, Resultado esperado: 0.374005, Resultado: 0.374005
Entrada: 0.003194, Resultado esperado: 0.187003, Resultado: 0.187003
Entrada: 0.025551, Resultado esperado: 1.49596, Resultado: 1.49596
Entrada: 0.035133, Resultado esperado: 2.05697, Resultado: 2.05697
Entrada: 0.006388, Resultado esperado: 0.374005, Resultado: 0.374005
Entrada: 0.012776, Resultado esperado: 0.74801, Resultado: 0.74801
Entrada: 0.022357, Resultado esperado: 1.30896, Resultado: 1.30896
Entrada: 0, Resultado esperado: 0, Resultado: 0
Entrada: 0.009582, Resultado esperado: 0.561008, Resultado: 0.561008
Entrada: 0.038327, Resultado esperado: 2.24397, Resultado: 2.24397
Entrada: 0.01597, Resultado esperado: 0.935013, Resultado: 0.935013
Entrada: 0.012776, Resultado esperado: 0.74801, Resultado: 0.74801
Entrada: 0.009582, Resultado esperado: 0.561008, Resultado: 0.561008
Entrada: 0.041521, Resultado esperado: 2.43097, Resultado: 2.43097
Entrada: 0.012776, Resultado esperado: 0.74801, Resultado: 0.74801
Entrada: 0, Resultado esperado: 0, Resultado: 0
Entrada: 0.009582, Resultado esperado: 0.561008, Resultado: 0.561008
Entrada: 0.009582, Resultado esperado: 0.561008, Resultado: 0.561008
Entrada: 0.025551, Resultado esperado: 1.49596, Resultado: 1.49596
Entrada: 0.009582, Resultado esperado: 0.561008, Resultado: 0.561008
Entrada: 0, Resultado esperado: 0, Resultado: 0
Entrada: 0.012776, Resultado esperado: 0.74801, Resultado: 0.74801
Entrada: 0.022357, Resultado esperado: 1.30896, Resultado: 1.30896
Entrada: 0.003194, Resultado esperado: 0.187003, Resultado: 0.187003
Entrada: 0.019163, Resultado esperado: 1.12196, Resultado: 1.12196
Entrada: 0.038327, Resultado esperado: 2.24397, Resultado: 2.24397
Entrada: 0.009582, Resultado esperado: 0.561008, Resultado: 0.561008
Entrada: 0, Resultado esperado: 0, Resultado: 0
Entrada: 0.003194, Resultado esperado: 0.187003, Resultado: 0.187003
Entrada: 0.019163, Resultado esperado: 1.12196, Resultado: 1.12196
Entrada: 0.019163, Resultado esperado: 1.12196, Resultado: 1.12196
Entrada: 0.006388, Resultado esperado: 0.374005, Resultado: 0.374005
Entrada: 0.01597, Resultado esperado: 0.935013, Resultado: 0.935013
Entrada: 0.019163, Resultado esperado: 1.12196, Resultado: 1.12196
Entrada: 0, Resultado esperado: 0, Resultado: 0
Entrada: 0.019163, Resultado esperado: 1.12196, Resultado: 1.12196
Entrada: 0.012776, Resultado esperado: 0.74801, Resultado: 0.74801
Entrada: 0.012776, Resultado esperado: 0.74801, Resultado: 0.74801
Entrada: 0.009582, Resultado esperado: 0.561008, Resultado: 0.561008
Entrada: 0.012776, Resultado esperado: 0.74801, Resultado: 0.74801
Entrada: 0.006388, Resultado esperado: 0.374005, Resultado: 0.374005
Entrada: 0, Resultado esperado: 0, Resultado: 0
Entrada: 0.01597, Resultado esperado: 0.935013, Resultado: 0.935013
Entrada: 0.025551, Resultado esperado: 1.49596, Resultado: 1.49596
Entrada: 0.003194, Resultado esperado: 0.187003, Resultado: 0.187003
Entrada: 0.012776, Resultado esperado: 0.74801, Resultado: 0.74801
Entrada: 0.003194, Resultado esperado: 0.187003, Resultado: 0.187003
Entrada: 0.028745, Resultado esperado: 1.68296, Resultado: 1.68296
Entrada: 0.041521, Resultado esperado: 2.43097, Resultado: 2.43097
Entrada: 0.022357, Resultado esperado: 1.30896, Resultado: 1.30896
Entrada: 0.003194, Resultado esperado: 0.187003, Resultado: 0.187003
Entrada: 0.022357, Resultado esperado: 1.30896, Resultado: 1.30896
Entrada: 0.022357, Resultado esperado: 1.30896, Resultado: 1.30896
Entrada: 0.012776, Resultado esperado: 0.74801, Resultado: 0.74801
Entrada: 0.003194, Resultado esperado: 0.187003, Resultado: 0.187003
Entrada: 0.012776, Resultado esperado: 0.74801, Resultado: 0.74801
Entrada: 0.012776, Resultado esperado: 0.74801, Resultado: 0.74801
Entrada: 0.019163, Resultado esperado: 1.12196, Resultado: 1.12196
Entrada: 0.028745, Resultado esperado: 1.68296, Resultado: 1.68296
Entrada: 0.003194, Resultado esperado: 0.187003, Resultado: 0.187003
Entrada: 0.035133, Resultado esperado: 2.05697, Resultado: 2.05697
Entrada: 0.035133, Resultado esperado: 2.05697, Resultado: 2.05697
Entrada: 0.028745, Resultado esperado: 1.68296, Resultado: 1.68296
Entrada: 0.003194, Resultado esperado: 0.187003, Resultado: 0.187003
Entrada: 0.022357, Resultado esperado: 1.30896, Resultado: 1.30896
Entrada: 0.044715, Resultado esperado: 2.61798, Resultado: 2.61798
Entrada: 0.035133, Resultado esperado: 2.05697, Resultado: 2.05697
Entrada: 0.003194, Resultado esperado: 0.187003, Resultado: 0.187003
Entrada: 0.019163, Resultado esperado: 1.12196, Resultado: 1.12196
Entrada: 0.025551, Resultado esperado: 1.49596, Resultado: 1.49596
Entrada: 0.019163, Resultado esperado: 1.12196, Resultado: 1.12196
Entrada: 0.022357, Resultado esperado: 1.30896, Resultado: 1.30896
Entrada: 0.038327, Resultado esperado: 2.24397, Resultado: 2.24397
Entrada: 0.01597, Resultado esperado: 0.935013, Resultado: 0.935013
Entrada: 0.003194, Resultado esperado: 0.187003, Resultado: 0.187003
Entrada: 0.01597, Resultado esperado: 0.935013, Resultado: 0.935013
Entrada: 0.019163, Resultado esperado: 1.12196, Resultado: 1.12196
Entrada: 0.009582, Resultado esperado: 0.561008, Resultado: 0.561008
Entrada: 0.022357, Resultado esperado: 1.30896, Resultado: 1.30896
Entrada: 0.003194, Resultado esperado: 0.187003, Resultado: 0.187003
Entrada: 0.019163, Resultado esperado: 1.12196, Resultado: 1.12196
Entrada: 0.035133, Resultado esperado: 2.05697, Resultado: 2.05697
Entrada: 0.019163, Resultado esperado: 1.12196, Resultado: 1.12196
Entrada: 0.01597, Resultado esperado: 0.935013, Resultado: 0.935013
Entrada: 0.003194, Resultado esperado: 0.187003, Resultado: 0.187003
Entrada: 0.009582, Resultado esperado: 0.561008, Resultado: 0.561008
Entrada: 0.003194, Resultado esperado: 0.187003, Resultado: 0.187003
Entrada: 0.006388, Resultado esperado: 0.374005, Resultado: 0.374005
Entrada: 0.019163, Resultado esperado: 1.12196, Resultado: 1.12196
Entrada: 0.01597, Resultado esperado: 0.935013, Resultado: 0.935013
Entrada: 0.009582, Resultado esperado: 0.561008, Resultado: 0.561008
Entrada: 0.01597, Resultado esperado: 0.935013, Resultado: 0.935013
Entrada: 0.019163, Resultado esperado: 1.12196, Resultado: 1.12196
Entrada: 0.022357, Resultado esperado: 1.30896, Resultado: 1.30896
Entrada: 0.003194, Resultado esperado: 0.187003, Resultado: 0.187003
Entrada: 0.012776, Resultado esperado: 0.74801, Resultado: 0.74801
Entrada: 0.022357, Resultado esperado: 1.30896, Resultado: 1.30896
Entrada: 0.012776, Resultado esperado: 0.74801, Resultado: 0.74801
Entrada: 0.003194, Resultado esperado: 0.187003, Resultado: 0.187003
Entrada: 0.01597, Resultado esperado: 0.935013, Resultado: 0.935013
Entrada: 0.022357, Resultado esperado: 1.30896, Resultado: 1.30896
Entrada: 0.012776, Resultado esperado: 0.74801, Resultado: 0.74801
Entrada: 0.041521, Resultado esperado: 2.43097, Resultado: 2.43097
Entrada: 0.012776, Resultado esperado: 0.74801, Resultado: 0.74801
Entrada: 0.031939, Resultado esperado: 1.86997, Resultado: 1.86997
Entrada: 0.044715, Resultado esperado: 2.61798, Resultado: 2.61798
Entrada: 0.003194, Resultado esperado: 0.187003, Resultado: 0.187003
Entrada: 0, Resultado esperado: 0, Resultado: 0
Entrada: 0.006388, Resultado esperado: 0.374005, Resultado: 0.374005
Entrada: 0, Resultado esperado: 0, Resultado: 0
Entrada: 0.01597, Resultado esperado: 0.935013, Resultado: 0.935013
Entrada: 0, Resultado esperado: 0, Resultado: 0
Entrada: 0.006388, Resultado esperado: 0.374005, Resultado: 0.374005
Entrada: 0.003194, Resultado esperado: 0.187003, Resultado: 0.187003
Entrada: 0.031939, Resultado esperado: 1.86997, Resultado: 1.86997
Entrada: 0.01597, Resultado esperado: 0.935013, Resultado: 0.935013
Entrada: 0.006388, Resultado esperado: 0.374005, Resultado: 0.374005
Entrada: 0.006388, Resultado esperado: 0.374005, Resultado: 0.374005
Entrada: 0.012776, Resultado esperado: 0.74801, Resultado: 0.74801
Entrada: 0.006388, Resultado esperado: 0.374005, Resultado: 0.374005
Entrada: 0.009582, Resultado esperado: 0.561008, Resultado: 0.561008
Entrada: 0.003194, Resultado esperado: 0.187003, Resultado: 0.187003
Entrada: 0.012776, Resultado esperado: 0.74801, Resultado: 0.74801
Entrada: 0.012776, Resultado esperado: 0.74801, Resultado: 0.74801
Entrada: 0, Resultado esperado: 0, Resultado: 0
Entrada: 0.035133, Resultado esperado: 2.05697, Resultado: 2.05697
Entrada: 0.05749, Resultado esperado: 3.36593, Resultado: 3.36593
Entrada: 0.041521, Resultado esperado: 2.43097, Resultado: 2.43097
Entrada: 0.035133, Resultado esperado: 2.05697, Resultado: 2.05697
Entrada: 0.038327, Resultado esperado: 2.24397, Resultado: 2.24397
Entrada: 0.025551, Resultado esperado: 1.49596, Resultado: 1.49596
Entrada: 0.01597, Resultado esperado: 0.935013, Resultado: 0.935013
Entrada: 0.01597, Resultado esperado: 0.935013, Resultado: 0.935013
Entrada: 0.028745, Resultado esperado: 1.68296, Resultado: 1.68296
Entrada: 0.006388, Resultado esperado: 0.374005, Resultado: 0.374005
Entrada: 0.012776, Resultado esperado: 0.74801, Resultado: 0.74801
Entrada: 0.006388, Resultado esperado: 0.374005, Resultado: 0.374005
Entrada: 0, Resultado esperado: 0, Resultado: 0
Entrada: 0, Resultado esperado: 0, Resultado: 0
Entrada: 0.012776, Resultado esperado: 0.74801, Resultado: 0.74801
Entrada: 0.022357, Resultado esperado: 1.30896, Resultado: 1.30896
Entrada: 0.028745, Resultado esperado: 1.68296, Resultado: 1.68296
Entrada: 0.041521, Resultado esperado: 2.43097, Resultado: 2.43097
Entrada: 0.022357, Resultado esperado: 1.30896, Resultado: 1.30896
Entrada: 0.003194, Resultado esperado: 0.187003, Resultado: 0.187003
Entrada: 0.025551, Resultado esperado: 1.49596, Resultado: 1.49596
Entrada: 0.022357, Resultado esperado: 1.30896, Resultado: 1.30896
Entrada: 0.01597, Resultado esperado: 0.935013, Resultado: 0.935013
Entrada: 0, Resultado esperado: 0, Resultado: 0
Entrada: 0.003194, Resultado esperado: 0.187003, Resultado: 0.187003
Entrada: 0, Resultado esperado: 0, Resultado: 0
Entrada: 0.012776, Resultado esperado: 0.74801, Resultado: 0.74801
Entrada: 0.038327, Resultado esperado: 2.24397, Resultado: 2.24397
Entrada: 0.047909, Resultado esperado: 2.80498, Resultado: 2.80498
Entrada: 0.038327, Resultado esperado: 2.24397, Resultado: 2.24397
Entrada: 0.019163, Resultado esperado: 1.12196, Resultado: 1.12196
Entrada: 0.025551, Resultado esperado: 1.49596, Resultado: 1.49596
Entrada: 0.028745, Resultado esperado: 1.68296, Resultado: 1.68296
Entrada: 0.009582, Resultado esperado: 0.561008, Resultado: 0.561008
Entrada: 0.012776, Resultado esperado: 0.74801, Resultado: 0.74801
Entrada: 0.028745, Resultado esperado: 1.68296, Resultado: 1.68296
Entrada: 0, Resultado esperado: 0, Resultado: 0
Entrada: 0.019163, Resultado esperado: 1.12196, Resultado: 1.12196
Entrada: 0.009582, Resultado esperado: 0.561008, Resultado: 0.561008
Entrada: 0, Resultado esperado: 0, Resultado: 0
Entrada: 0.009582, Resultado esperado: 0.561008, Resultado: 0.561008
Entrada: 0.003194, Resultado esperado: 0.187003, Resultado: 0.187003
Entrada: 0.003194, Resultado esperado: 0.187003, Resultado: 0.187003
Entrada: 0, Resultado esperado: 0, Resultado: 0
Entrada: 0.035133, Resultado esperado: 2.05697, Resultado: 2.05697
Entrada: 0.025551, Resultado esperado: 1.49596, Resultado: 1.49596
Entrada: 0.022357, Resultado esperado: 1.30896, Resultado: 1.30896
Entrada: 0.038327, Resultado esperado: 2.24397, Resultado: 2.24397
Entrada: 0.006388, Resultado esperado: 0.374005, Resultado: 0.374005
Entrada: 0, Resultado esperado: 0, Resultado: 0
Entrada: 0, Resultado esperado: 0, Resultado: 0
Entrada: 0.022357, Resultado esperado: 1.30896, Resultado: 1.30896
Entrada: 0.025551, Resultado esperado: 1.49596, Resultado: 1.49596
Entrada: 0.003194, Resultado esperado: 0.187003, Resultado: 0.187003
Entrada: 0.019163, Resultado esperado: 1.12196, Resultado: 1.12196
Entrada: 0.009582, Resultado esperado: 0.561008, Resultado: 0.561008
Entrada: 0.006388, Resultado esperado: 0.374005, Resultado: 0.374005
Entrada: 0.019163, Resultado esperado: 1.12196, Resultado: 1.12196
Entrada: 0, Resultado esperado: 0, Resultado: 0
Entrada: 0.01597, Resultado esperado: 0.935013, Resultado: 0.935013
Entrada: 0.003194, Resultado esperado: 0.187003, Resultado: 0.187003
Entrada: 0.009582, Resultado esperado: 0.561008, Resultado: 0.561008
Entrada: 0.003194, Resultado esperado: 0.187003, Resultado: 0.187003
Entrada: 0.006388, Resultado esperado: 0.374005, Resultado: 0.374005
Entrada: 0.022357, Resultado esperado: 1.30896, Resultado: 1.30896
Entrada: 0.025551, Resultado esperado: 1.49596, Resultado: 1.49596
Entrada: 0.035133, Resultado esperado: 2.05697, Resultado: 2.05697
Entrada: 0.047909, Resultado esperado: 2.80498, Resultado: 2.80498
Entrada: 0.038327, Resultado esperado: 2.24397, Resultado: 2.24397
Entrada: 0, Resultado esperado: 0, Resultado: 0
Entrada: 0.025551, Resultado esperado: 1.49596, Resultado: 1.49596
Entrada: 0.028745, Resultado esperado: 1.68296, Resultado: 1.68296
Entrada: 0, Resultado esperado: 0, Resultado: 0
Entrada: 0.009582, Resultado esperado: 0.561008, Resultado: 0.561008
Entrada: 0.028745, Resultado esperado: 1.68296, Resultado: 1.68296
Entrada: 0.038327, Resultado esperado: 2.24397, Resultado: 2.24397
Entrada: 0.035133, Resultado esperado: 2.05697, Resultado: 2.05697
Entrada: 0.022357, Resultado esperado: 1.30896, Resultado: 1.30896
Entrada: 0.019163, Resultado esperado: 1.12196, Resultado: 1.12196
Entrada: 0.009582, Resultado esperado: 0.561008, Resultado: 0.561008
Entrada: 0.022357, Resultado esperado: 1.30896, Resultado: 1.30896
Entrada: 0.022357, Resultado esperado: 1.30896, Resultado: 1.30896
Entrada: 0.019163, Resultado esperado: 1.12196, Resultado: 1.12196
Entrada: 0.01597, Resultado esperado: 0.935013, Resultado: 0.935013
Entrada: 0.044715, Resultado esperado: 2.61798, Resultado: 2.61798
Entrada: 0.022357, Resultado esperado: 1.30896, Resultado: 1.30896
Entrada: 0.028745, Resultado esperado: 1.68296, Resultado: 1.68296
Entrada: 0, Resultado esperado: 0, Resultado: 0
Entrada: 0.031939, Resultado esperado: 1.86997, Resultado: 1.86997
Entrada: 0.022357, Resultado esperado: 1.30896, Resultado: 1.30896
Entrada: 0.035133, Resultado esperado: 2.05697, Resultado: 2.05697
Entrada: 0.003194, Resultado esperado: 0.187003, Resultado: 0.187003
Entrada: 0.009582, Resultado esperado: 0.561008, Resultado: 0.561008
Entrada: 0.006388, Resultado esperado: 0.374005, Resultado: 0.374005
Entrada: 0.01597, Resultado esperado: 0.935013, Resultado: 0.935013
Entrada: 0.022357, Resultado esperado: 1.30896, Resultado: 1.30896
Entrada: 0.012776, Resultado esperado: 0.74801, Resultado: 0.74801
Entrada: 0.006388, Resultado esperado: 0.374005, Resultado: 0.374005
Entrada: 0.006388, Resultado esperado: 0.374005, Resultado: 0.374005
Entrada: 0.006388, Resultado esperado: 0.374005, Resultado: 0.374005
Entrada: 0.022357, Resultado esperado: 1.30896, Resultado: 1.30896
Entrada: 0.012776, Resultado esperado: 0.74801, Resultado: 0.74801
Entrada: 0.009582, Resultado esperado: 0.561008, Resultado: 0.561008
Entrada: 0.025551, Resultado esperado: 1.49596, Resultado: 1.49596
Entrada: 0.012776, Resultado esperado: 0.74801, Resultado: 0.74801
Entrada: 0.003194, Resultado esperado: 0.187003, Resultado: 0.187003
Entrada: 0.003194, Resultado esperado: 0.187003, Resultado: 0.187003
Entrada: 0.038327, Resultado esperado: 2.24397, Resultado: 2.24397
Entrada: 0.035133, Resultado esperado: 2.05697, Resultado: 2.05697
Entrada: 0.009582, Resultado esperado: 0.561008, Resultado: 0.561008
Entrada: 0.025551, Resultado esperado: 1.49596, Resultado: 1.49596
Entrada: 0.041521, Resultado esperado: 2.43097, Resultado: 2.43097
Entrada: 0.028745, Resultado esperado: 1.68296, Resultado: 1.68296
Entrada: 0.022357, Resultado esperado: 1.30896, Resultado: 1.30896
Entrada: 0.028745, Resultado esperado: 1.68296, Resultado: 1.68296
Entrada: 0.038327, Resultado esperado: 2.24397, Resultado: 2.24397
Entrada: 0, Resultado esperado: 0, Resultado: 0
Entrada: 0.006388, Resultado esperado: 0.374005, Resultado: 0.374005
Entrada: 0.038327, Resultado esperado: 2.24397, Resultado: 2.24397
Entrada: 0.025551, Resultado esperado: 1.49596, Resultado: 1.49596
Entrada: 0.012776, Resultado esperado: 0.74801, Resultado: 0.74801
Entrada: 0.022357, Resultado esperado: 1.30896, Resultado: 1.30896
Entrada: 0, Resultado esperado: 0, Resultado: 0
Entrada: 0.019163, Resultado esperado: 1.12196, Resultado: 1.12196
Entrada: 0.009582, Resultado esperado: 0.561008, Resultado: 0.561008
Entrada: 0.003194, Resultado esperado: 0.187003, Resultado: 0.187003
Entrada: 0.019163, Resultado esperado: 1.12196, Resultado: 1.12196
Entrada: 0.003194, Resultado esperado: 0.187003, Resultado: 0.187003
Entrada: 0.012776, Resultado esperado: 0.74801, Resultado: 0.74801
Entrada: 0.01597, Resultado esperado: 0.935013, Resultado: 0.935013
Entrada: 0.028745, Resultado esperado: 1.68296, Resultado: 1.68296
Entrada: 0.012776, Resultado esperado: 0.74801, Resultado: 0.74801
Entrada: 0.047909, Resultado esperado: 2.80498, Resultado: 2.80498
Entrada: 0.035133, Resultado esperado: 2.05697, Resultado: 2.05697
Entrada: 0.012776, Resultado esperado: 0.74801, Resultado: 0.74801
Entrada: 0.012776, Resultado esperado: 0.74801, Resultado: 0.74801
Entrada: 0.009582, Resultado esperado: 0.561008, Resultado: 0.561008
Entrada: 0.006388, Resultado esperado: 0.374005, Resultado: 0.374005
Entrada: 0.012776, Resultado esperado: 0.74801, Resultado: 0.74801
Entrada: 0.003194, Resultado esperado: 0.187003, Resultado: 0.187003
Entrada: 0.025551, Resultado esperado: 1.49596, Resultado: 1.49596
Entrada: 0.028745, Resultado esperado: 1.68296, Resultado: 1.68296
Entrada: 0.022357, Resultado esperado: 1.30896, Resultado: 1.30896
Entrada: 0.003194, Resultado esperado: 0.187003, Resultado: 0.187003
Entrada: 0.006388, Resultado esperado: 0.374005, Resultado: 0.374005
Entrada: 0.003194, Resultado esperado: 0.187003, Resultado: 0.187003
Entrada: 0.022357, Resultado esperado: 1.30896, Resultado: 1.30896
Entrada: 0.047909, Resultado esperado: 2.80498, Resultado: 2.80498
Entrada: 0.025551, Resultado esperado: 1.49596, Resultado: 1.49596
Entrada: 0.006388, Resultado esperado: 0.374005, Resultado: 0.374005
Entrada: 0.003194, Resultado esperado: 0.187003, Resultado: 0.187003
Entrada: 0.019163, Resultado esperado: 1.12196, Resultado: 1.12196
Entrada: 0.009582, Resultado esperado: 0.561008, Resultado: 0.561008
Testbench Completado con exito
The maximum depth reached by any of the 1 hls::stream() instances in the design is 0
Vivado Simulator 2020.2
Copyright 1986-1999, 2001-2020 Xilinx, Inc. All Rights Reserved.
Running: /opt/Xilinx/Vivado/2020.2/bin/unwrapped/lnx64.o/xelab xil_defaultlib.apatb_AXI_norm_float_top glbl -prj AXI_norm_float.prj -L smartconnect_v1_0 -L axi_protocol_checker_v1_1_12 -L axi_protocol_checker_v1_1_13 -L axis_protocol_checker_v1_1_11 -L axis_protocol_checker_v1_1_12 -L xil_defaultlib -L unisims -L unisims_ver -L xpm -L floating_point_v7_0_18 -L floating_point_v7_1_11 --lib ieee_proposed=./ieee_proposed -s AXI_norm_float 
Multi-threading is on. Using 4 slave threads.
Determining compilation order of HDL files.
WARNING: [XSIM 43-3431] One or more environment variables have been detected which affect the operation of the C compiler. These are typically not set in standard installations and are not tested by Xilinx, however they may be appropriate for your system, so the flow will attempt to continue.  If errors occur, try running xelab with the "-mt off -v 1" switches to see more information from the C compiler. The following environment variables have been detected:
    LIBRARY_PATH
INFO: [VRFC 10-2263] Analyzing SystemVerilog file "/home/usuario/Escritorio/Tesis/IP_V3/punto_flotante/Rectification_mean/AXI_norm_float/solution1/sim/vhdl/ip/xil_defaultlib/AXI_norm_float_ap_fdiv_14_no_dsp_32.v" into library xil_defaultlib
INFO: [VRFC 10-311] analyzing module AXI_norm_float_ap_fdiv_14_no_dsp_32
INFO: [VRFC 10-2263] Analyzing SystemVerilog file "/home/usuario/Escritorio/Tesis/IP_V3/punto_flotante/Rectification_mean/AXI_norm_float/solution1/sim/vhdl/glbl.v" into library work
INFO: [VRFC 10-311] analyzing module glbl
INFO: [VRFC 10-163] Analyzing VHDL file "/home/usuario/Escritorio/Tesis/IP_V3/punto_flotante/Rectification_mean/AXI_norm_float/solution1/sim/vhdl/AESL_sim_pkg.vhd" into library xil_defaultlib
INFO: [VRFC 10-163] Analyzing VHDL file "/home/usuario/Escritorio/Tesis/IP_V3/punto_flotante/Rectification_mean/AXI_norm_float/solution1/sim/vhdl/AESL_axi_s_out_norm_data_V.vhd" into library xil_defaultlib
INFO: [VRFC 10-3107] analyzing entity 'AESL_axi_s_out_norm_data_V'
INFO: [VRFC 10-163] Analyzing VHDL file "/home/usuario/Escritorio/Tesis/IP_V3/punto_flotante/Rectification_mean/AXI_norm_float/solution1/sim/vhdl/AXI_norm_float.vhd" into library xil_defaultlib
INFO: [VRFC 10-3107] analyzing entity 'AXI_norm_float'
INFO: [VRFC 10-163] Analyzing VHDL file "/home/usuario/Escritorio/Tesis/IP_V3/punto_flotante/Rectification_mean/AXI_norm_float/solution1/sim/vhdl/AESL_autofifo_in_rect_data.vhd" into library xil_defaultlib
INFO: [VRFC 10-3107] analyzing entity 'AESL_autofifo_in_rect_data'
INFO: [VRFC 10-163] Analyzing VHDL file "/home/usuario/Escritorio/Tesis/IP_V3/punto_flotante/Rectification_mean/AXI_norm_float/solution1/sim/vhdl/AXI_norm_float.autotb.vhd" into library xil_defaultlib
INFO: [VRFC 10-3107] analyzing entity 'apatb_AXI_norm_float_top'
INFO: [VRFC 10-163] Analyzing VHDL file "/home/usuario/Escritorio/Tesis/IP_V3/punto_flotante/Rectification_mean/AXI_norm_float/solution1/sim/vhdl/AXI_norm_float_fdiv_32ns_32ns_32_16_no_dsp_1.vhd" into library xil_defaultlib
INFO: [VRFC 10-3107] analyzing entity 'AXI_norm_float_fdiv_32ns_32ns_32_16_no_dsp_1'
INFO: [VRFC 10-163] Analyzing VHDL file "/home/usuario/Escritorio/Tesis/IP_V3/punto_flotante/Rectification_mean/AXI_norm_float/solution1/sim/vhdl/AXI_norm_float_regslice_both.vhd" into library xil_defaultlib
INFO: [VRFC 10-3107] analyzing entity 'AXI_norm_float_regslice_both'
INFO: [VRFC 10-3107] analyzing entity 'AXI_norm_float_regslice_both_w1'
Starting static elaboration
Pass Through NonSizing Optimizer
Completed static elaboration
Starting simulation data flow analysis
Completed simulation data flow analysis
Time Resolution for simulation is 1ps
Compiling package std.standard
Compiling package std.textio
Compiling package ieee.std_logic_1164
Compiling package ieee.std_logic_arith
Compiling package ieee.std_logic_unsigned
Compiling package ieee.numeric_std
Compiling package ieee.std_logic_textio
Compiling package floating_point_v7_1_11.floating_point_v7_1_11_viv_comp
Compiling package xbip_utils_v3_0_10.xbip_utils_v3_0_10_pkg
Compiling package axi_utils_v2_0_6.axi_utils_v2_0_6_pkg
Compiling package floating_point_v7_1_11.floating_point_v7_1_11_consts
Compiling package ieee.math_real
Compiling package floating_point_v7_1_11.floating_point_v7_1_11_exp_table...
Compiling package mult_gen_v12_0_16.mult_gen_v12_0_16_pkg
Compiling package ieee.std_logic_signed
Compiling package floating_point_v7_1_11.floating_point_v7_1_11_pkg
Compiling package floating_point_v7_1_11.flt_utils
Compiling package unisim.vcomponents
Compiling package xbip_pipe_v3_0_6.xbip_pipe_v3_0_6_viv_comp
Compiling package vl.vl_types
Compiling module work.glbl
Compiling architecture synth of entity xbip_pipe_v3_0_6.xbip_pipe_v3_0_6_viv [\xbip_pipe_v3_0_6_viv(c_has_ce=1...]
Compiling architecture rtl of entity floating_point_v7_1_11.delay [\delay(width=23,length=0)\]
Compiling architecture muxcy_v of entity unisim.MUXCY [muxcy_default]
Compiling architecture xorcy_v of entity unisim.XORCY [xorcy_default]
Compiling architecture synth of entity xbip_pipe_v3_0_6.xbip_pipe_v3_0_6_viv [\xbip_pipe_v3_0_6_viv(c_has_ce=1...]
Compiling architecture rtl of entity floating_point_v7_1_11.delay [\delay(width=25,length=0,fast_in...]
Compiling architecture struct of entity floating_point_v7_1_11.carry_chain [\carry_chain(c_xdevicefamily="zy...]
Compiling architecture synth of entity floating_point_v7_1_11.flt_div_mant_addsub [\flt_div_mant_addsub(c_xdevicefa...]
Compiling architecture synth of entity xbip_pipe_v3_0_6.xbip_pipe_v3_0_6_viv [\xbip_pipe_v3_0_6_viv(c_has_ce=1...]
Compiling architecture rtl of entity floating_point_v7_1_11.delay [\delay(width=26,length=0)\]
Compiling architecture synth of entity xbip_pipe_v3_0_6.xbip_pipe_v3_0_6_viv [\xbip_pipe_v3_0_6_viv(c_has_ce=1...]
Compiling architecture rtl of entity floating_point_v7_1_11.delay [\delay(length=0)\]
Compiling architecture synth of entity xbip_pipe_v3_0_6.xbip_pipe_v3_0_6_viv [\xbip_pipe_v3_0_6_viv(c_latency=...]
Compiling architecture rtl of entity floating_point_v7_1_11.delay [\delay(width=23)\]
Compiling architecture synth of entity xbip_pipe_v3_0_6.xbip_pipe_v3_0_6_viv [\xbip_pipe_v3_0_6_viv(c_has_ce=1...]
Compiling architecture rtl of entity floating_point_v7_1_11.delay [\delay(width=24,length=0)\]
Compiling architecture synth of entity xbip_pipe_v3_0_6.xbip_pipe_v3_0_6_viv [\xbip_pipe_v3_0_6_viv(c_latency=...]
Compiling architecture rtl of entity floating_point_v7_1_11.delay [\delay(width=25,fast_input=true)...]
Compiling architecture struct of entity floating_point_v7_1_11.carry_chain [\carry_chain(c_xdevicefamily="zy...]
Compiling architecture synth of entity floating_point_v7_1_11.flt_div_mant_addsub [\flt_div_mant_addsub(c_xdevicefa...]
Compiling architecture synth of entity xbip_pipe_v3_0_6.xbip_pipe_v3_0_6_viv [\xbip_pipe_v3_0_6_viv(c_latency=...]
Compiling architecture rtl of entity floating_point_v7_1_11.delay [\delay(width=26)\]
Compiling architecture synth of entity xbip_pipe_v3_0_6.xbip_pipe_v3_0_6_viv [\xbip_pipe_v3_0_6_viv(c_latency=...]
Compiling architecture rtl of entity floating_point_v7_1_11.delay [delay_default]
Compiling architecture virtex of entity floating_point_v7_1_11.flt_div_mant [\flt_div_mant(c_xdevicefamily="z...]
Compiling architecture synth of entity xbip_pipe_v3_0_6.xbip_pipe_v3_0_6_viv [\xbip_pipe_v3_0_6_viv(c_latency=...]
Compiling architecture rtl of entity floating_point_v7_1_11.delay [\delay(width=10,fast_input=true)...]
Compiling architecture synth of entity xbip_pipe_v3_0_6.xbip_pipe_v3_0_6_viv [\xbip_pipe_v3_0_6_viv(c_has_ce=1...]
Compiling architecture rtl of entity floating_point_v7_1_11.delay [\delay(length=0,fast_input=true)...]
Compiling architecture rtl of entity floating_point_v7_1_11.special_detect [\special_detect(c_xdevicefamily=...]
Compiling architecture synth of entity xbip_pipe_v3_0_6.xbip_pipe_v3_0_6_viv [\xbip_pipe_v3_0_6_viv(c_latency=...]
Compiling architecture rtl of entity floating_point_v7_1_11.delay [\delay(length=13,fast_input=true...]
Compiling architecture synth of entity xbip_pipe_v3_0_6.xbip_pipe_v3_0_6_viv [\xbip_pipe_v3_0_6_viv(c_latency=...]
Compiling architecture rtl of entity floating_point_v7_1_11.delay [\delay(width=2,fast_input=true)\]
Compiling architecture synth of entity xbip_pipe_v3_0_6.xbip_pipe_v3_0_6_viv [\xbip_pipe_v3_0_6_viv(c_latency=...]
Compiling architecture rtl of entity floating_point_v7_1_11.delay [\delay(fast_input=true)\]
Compiling architecture synth of entity xbip_pipe_v3_0_6.xbip_pipe_v3_0_6_viv [\xbip_pipe_v3_0_6_viv(c_has_ce=1...]
Compiling architecture rtl of entity floating_point_v7_1_11.delay [\delay(width=4,length=0,fast_inp...]
Compiling architecture synth of entity xbip_pipe_v3_0_6.xbip_pipe_v3_0_6_viv [\xbip_pipe_v3_0_6_viv(c_latency=...]
Compiling architecture rtl of entity floating_point_v7_1_11.delay [\delay(width=8,length=12)\]
Compiling architecture synth of entity xbip_pipe_v3_0_6.xbip_pipe_v3_0_6_viv [\xbip_pipe_v3_0_6_viv(c_latency=...]
Compiling architecture rtl of entity floating_point_v7_1_11.delay [\delay(length=12,fast_input=true...]
Compiling architecture synth of entity xbip_pipe_v3_0_6.xbip_pipe_v3_0_6_viv [\xbip_pipe_v3_0_6_viv(c_latency=...]
Compiling architecture rtl of entity floating_point_v7_1_11.delay [\delay(width=3,length=12,fast_in...]
Compiling architecture synth of entity xbip_pipe_v3_0_6.xbip_pipe_v3_0_6_viv [\xbip_pipe_v3_0_6_viv(c_latency=...]
Compiling architecture rtl of entity floating_point_v7_1_11.delay [\delay(width=4,length=12,fast_in...]
Compiling architecture synth of entity xbip_pipe_v3_0_6.xbip_pipe_v3_0_6_viv [\xbip_pipe_v3_0_6_viv(c_has_ce=1...]
Compiling architecture rtl of entity floating_point_v7_1_11.delay [\delay(width=14,length=0)\]
Compiling architecture rtl of entity floating_point_v7_1_11.flt_div_exp [\flt_div_exp(c_xdevicefamily="no...]
Compiling architecture synth of entity xbip_pipe_v3_0_6.xbip_pipe_v3_0_6_viv [\xbip_pipe_v3_0_6_viv(c_has_ce=1...]
Compiling architecture rtl of entity floating_point_v7_1_11.delay [\delay(width=8,length=0)\]
Compiling architecture synth of entity xbip_pipe_v3_0_6.xbip_pipe_v3_0_6_viv [\xbip_pipe_v3_0_6_viv(c_has_ce=1...]
Compiling architecture rtl of entity floating_point_v7_1_11.delay [\delay(width=12,length=0,fast_in...]
Compiling architecture struct of entity floating_point_v7_1_11.carry_chain [\carry_chain(c_xdevicefamily="zy...]
Compiling architecture struct of entity floating_point_v7_1_11.carry_chain [\carry_chain(c_xdevicefamily="zy...]
Compiling architecture synth of entity xbip_pipe_v3_0_6.xbip_pipe_v3_0_6_viv [\xbip_pipe_v3_0_6_viv(c_has_ce=1...]
Compiling architecture rtl of entity floating_point_v7_1_11.delay [\delay(width=3,length=0)\]
Compiling architecture synth of entity xbip_pipe_v3_0_6.xbip_pipe_v3_0_6_viv [\xbip_pipe_v3_0_6_viv(c_has_ce=1...]
Compiling architecture rtl of entity floating_point_v7_1_11.delay [\delay(width=2,length=0)\]
Compiling architecture synth of entity xbip_pipe_v3_0_6.xbip_pipe_v3_0_6_viv [\xbip_pipe_v3_0_6_viv(c_has_ce=1...]
Compiling architecture rtl of entity floating_point_v7_1_11.delay [\delay(width=2,length=0,fast_inp...]
Compiling architecture struct of entity floating_point_v7_1_11.carry_chain [\carry_chain(c_xdevicefamily="zy...]
Compiling architecture rtl of entity floating_point_v7_1_11.flt_round_bit [\flt_round_bit(c_xdevicefamily="...]
Compiling architecture rtl of entity floating_point_v7_1_11.renorm_and_round_logic [\renorm_and_round_logic(c_xdevic...]
Compiling architecture synth of entity floating_point_v7_1_11.flt_dec_op_lat [\flt_dec_op_lat(c_xdevicefamily=...]
Compiling architecture virtex of entity floating_point_v7_1_11.flt_div [\flt_div(c_xdevicefamily="zynq",...]
Compiling module unisims_ver.x_lut1_mux2
Compiling module unisims_ver.LUT1
Compiling architecture synth of entity xbip_pipe_v3_0_6.xbip_pipe_v3_0_6_viv [\xbip_pipe_v3_0_6_viv(c_latency=...]
Compiling architecture synth of entity xbip_pipe_v3_0_6.xbip_pipe_v3_0_6_viv [\xbip_pipe_v3_0_6_viv(c_has_ce=1...]
Compiling architecture rtl of entity floating_point_v7_1_11.delay [\delay(width=32,length=0)\]
Compiling architecture xilinx of entity floating_point_v7_1_11.floating_point_v7_1_11_viv [\floating_point_v7_1_11_viv(c_xd...]
Compiling architecture xilinx of entity floating_point_v7_1_11.floating_point_v7_1_11 [\floating_point_v7_1_11(c_xdevic...]
Compiling module xil_defaultlib.AXI_norm_float_ap_fdiv_14_no_dsp...
Compiling architecture arch of entity xil_defaultlib.AXI_norm_float_fdiv_32ns_32ns_32_16_no_dsp_1 [axi_norm_float_fdiv_32ns_32ns_32...]
Compiling architecture behav of entity xil_defaultlib.AXI_norm_float_regslice_both [axi_norm_float_regslice_both_def...]
Compiling architecture behav of entity xil_defaultlib.AXI_norm_float [axi_norm_float_default]
Compiling architecture behav of entity xil_defaultlib.AESL_autofifo_in_rect_data [aesl_autofifo_in_rect_data_defau...]
Compiling architecture behav of entity xil_defaultlib.AESL_axi_s_out_norm_data_V [aesl_axi_s_out_norm_data_v_defau...]
Compiling architecture behav of entity xil_defaultlib.apatb_axi_norm_float_top
Built simulation snapshot AXI_norm_float

****** Webtalk v2020.2 (64-bit)
  **** SW Build 3064766 on Wed Nov 18 09:12:47 MST 2020
  **** IP Build 3064653 on Wed Nov 18 14:17:31 MST 2020
    ** Copyright 1986-2020 Xilinx, Inc. All Rights Reserved.

source /home/usuario/Escritorio/Tesis/IP_V3/punto_flotante/Rectification_mean/AXI_norm_float/solution1/sim/vhdl/xsim.dir/AXI_norm_float/webtalk/xsim_webtalk.tcl -notrace
INFO: [Common 17-206] Exiting Webtalk at Fri May 24 11:28:48 2024...

****** xsim v2020.2 (64-bit)
  **** SW Build 3064766 on Wed Nov 18 09:12:47 MST 2020
  **** IP Build 3064653 on Wed Nov 18 14:17:31 MST 2020
    ** Copyright 1986-2020 Xilinx, Inc. All Rights Reserved.

source xsim.dir/AXI_norm_float/xsim_script.tcl
# xsim {AXI_norm_float} -autoloadwcfg -tclbatch {AXI_norm_float.tcl}
Vivado Simulator 2020.2
Time resolution is 1 ps
source AXI_norm_float.tcl
## run all
Note: simulation done!
Time: 5485 ns  Iteration: 1  Process: /apatb_AXI_norm_float_top/generate_sim_done_proc  File: /home/usuario/Escritorio/Tesis/IP_V3/punto_flotante/Rectification_mean/AXI_norm_float/solution1/sim/vhdl/AXI_norm_float.autotb.vhd
Failure: NORMAL EXIT (note: failure is to force the simulator to stop)
Time: 5485 ns  Iteration: 1  Process: /apatb_AXI_norm_float_top/generate_sim_done_proc  File: /home/usuario/Escritorio/Tesis/IP_V3/punto_flotante/Rectification_mean/AXI_norm_float/solution1/sim/vhdl/AXI_norm_float.autotb.vhd
$finish called at time : 5485 ns
## quit
INFO: [Common 17-206] Exiting xsim at Fri May 24 11:29:00 2024...
Promedio esperado: 0.01708, Promedio obtenido: 0.01708
Entrada: 0.025551, Resultado esperado: 1.49596, Resultado: 1.49596
Entrada: 0.006388, Resultado esperado: 0.374005, Resultado: 0.374005
Entrada: 0.009582, Resultado esperado: 0.561008, Resultado: 0.561008
Entrada: 0.003194, Resultado esperado: 0.187003, Resultado: 0.187003
Entrada: 0.003194, Resultado esperado: 0.187003, Resultado: 0.187003
Entrada: 0.009582, Resultado esperado: 0.561008, Resultado: 0.561008
Entrada: 0.031939, Resultado esperado: 1.86997, Resultado: 1.86997
Entrada: 0.006388, Resultado esperado: 0.374005, Resultado: 0.374005
Entrada: 0.003194, Resultado esperado: 0.187003, Resultado: 0.187003
Entrada: 0.006388, Resultado esperado: 0.374005, Resultado: 0.374005
Entrada: 0.01597, Resultado esperado: 0.935013, Resultado: 0.935013
Entrada: 0.035133, Resultado esperado: 2.05697, Resultado: 2.05697
Entrada: 0.028745, Resultado esperado: 1.68296, Resultado: 1.68296
Entrada: 0.060684, Resultado esperado: 3.55293, Resultado: 3.55293
Entrada: 0.060684, Resultado esperado: 3.55293, Resultado: 3.55293
Entrada: 0.054296, Resultado esperado: 3.17893, Resultado: 3.17893
Entrada: 0.01597, Resultado esperado: 0.935013, Resultado: 0.935013
Entrada: 0.006388, Resultado esperado: 0.374005, Resultado: 0.374005
Entrada: 0.012776, Resultado esperado: 0.74801, Resultado: 0.74801
Entrada: 0.006388, Resultado esperado: 0.374005, Resultado: 0.374005
Entrada: 0.003194, Resultado esperado: 0.187003, Resultado: 0.187003
Entrada: 0, Resultado esperado: 0, Resultado: 0
Entrada: 0.031939, Resultado esperado: 1.86997, Resultado: 1.86997
Entrada: 0.05749, Resultado esperado: 3.36593, Resultado: 3.36593
Entrada: 0.025551, Resultado esperado: 1.49596, Resultado: 1.49596
Entrada: 0.003194, Resultado esperado: 0.187003, Resultado: 0.187003
Entrada: 0.006388, Resultado esperado: 0.374005, Resultado: 0.374005
Entrada: 0, Resultado esperado: 0, Resultado: 0
Entrada: 0.009582, Resultado esperado: 0.561008, Resultado: 0.561008
Entrada: 0.006388, Resultado esperado: 0.374005, Resultado: 0.374005
Entrada: 0.003194, Resultado esperado: 0.187003, Resultado: 0.187003
Entrada: 0.054296, Resultado esperado: 3.17893, Resultado: 3.17893
Entrada: 0.041521, Resultado esperado: 2.43097, Resultado: 2.43097
Entrada: 0.01597, Resultado esperado: 0.935013, Resultado: 0.935013
Entrada: 0.01597, Resultado esperado: 0.935013, Resultado: 0.935013
Entrada: 0.022357, Resultado esperado: 1.30896, Resultado: 1.30896
Entrada: 0.009582, Resultado esperado: 0.561008, Resultado: 0.561008
Entrada: 0.022357, Resultado esperado: 1.30896, Resultado: 1.30896
Entrada: 0.01597, Resultado esperado: 0.935013, Resultado: 0.935013
Entrada: 0.060684, Resultado esperado: 3.55293, Resultado: 3.55293
Entrada: 0.006388, Resultado esperado: 0.374005, Resultado: 0.374005
Entrada: 0.009582, Resultado esperado: 0.561008, Resultado: 0.561008
Entrada: 0.006388, Resultado esperado: 0.374005, Resultado: 0.374005
Entrada: 0.006388, Resultado esperado: 0.374005, Resultado: 0.374005
Entrada: 0.009582, Resultado esperado: 0.561008, Resultado: 0.561008
Entrada: 0.01597, Resultado esperado: 0.935013, Resultado: 0.935013
Entrada: 0.038327, Resultado esperado: 2.24397, Resultado: 2.24397
Entrada: 0.047909, Resultado esperado: 2.80498, Resultado: 2.80498
Entrada: 0.028745, Resultado esperado: 1.68296, Resultado: 1.68296
Entrada: 0.01597, Resultado esperado: 0.935013, Resultado: 0.935013
Entrada: 0.025551, Resultado esperado: 1.49596, Resultado: 1.49596
Entrada: 0.035133, Resultado esperado: 2.05697, Resultado: 2.05697
Entrada: 0.019163, Resultado esperado: 1.12196, Resultado: 1.12196
Entrada: 0.009582, Resultado esperado: 0.561008, Resultado: 0.561008
Entrada: 0.01597, Resultado esperado: 0.935013, Resultado: 0.935013
Entrada: 0.003194, Resultado esperado: 0.187003, Resultado: 0.187003
Entrada: 0.006388, Resultado esperado: 0.374005, Resultado: 0.374005
Entrada: 0.003194, Resultado esperado: 0.187003, Resultado: 0.187003
Entrada: 0.003194, Resultado esperado: 0.187003, Resultado: 0.187003
Entrada: 0.028745, Resultado esperado: 1.68296, Resultado: 1.68296
Entrada: 0.003194, Resultado esperado: 0.187003, Resultado: 0.187003
Entrada: 0.003194, Resultado esperado: 0.187003, Resultado: 0.187003
Entrada: 0.009582, Resultado esperado: 0.561008, Resultado: 0.561008
Entrada: 0.009582, Resultado esperado: 0.561008, Resultado: 0.561008
Entrada: 0.003194, Resultado esperado: 0.187003, Resultado: 0.187003
Entrada: 0.025551, Resultado esperado: 1.49596, Resultado: 1.49596
Entrada: 0.038327, Resultado esperado: 2.24397, Resultado: 2.24397
Entrada: 0.019163, Resultado esperado: 1.12196, Resultado: 1.12196
Entrada: 0, Resultado esperado: 0, Resultado: 0
Entrada: 0.009582, Resultado esperado: 0.561008, Resultado: 0.561008
Entrada: 0.019163, Resultado esperado: 1.12196, Resultado: 1.12196
Entrada: 0.003194, Resultado esperado: 0.187003, Resultado: 0.187003
Entrada: 0.006388, Resultado esperado: 0.374005, Resultado: 0.374005
Entrada: 0.006388, Resultado esperado: 0.374005, Resultado: 0.374005
Entrada: 0.019163, Resultado esperado: 1.12196, Resultado: 1.12196
Entrada: 0.019163, Resultado esperado: 1.12196, Resultado: 1.12196
Entrada: 0.01597, Resultado esperado: 0.935013, Resultado: 0.935013
Entrada: 0.041521, Resultado esperado: 2.43097, Resultado: 2.43097
Entrada: 0.003194, Resultado esperado: 0.187003, Resultado: 0.187003
Entrada: 0.070266, Resultado esperado: 4.11394, Resultado: 4.11394
Entrada: 0.092623, Resultado esperado: 5.4229, Resultado: 5.4229
Entrada: 0.095817, Resultado esperado: 5.6099, Resultado: 5.6099
Entrada: 0.044715, Resultado esperado: 2.61798, Resultado: 2.61798
Entrada: 0.019163, Resultado esperado: 1.12196, Resultado: 1.12196
Entrada: 0.01597, Resultado esperado: 0.935013, Resultado: 0.935013
Entrada: 0.01597, Resultado esperado: 0.935013, Resultado: 0.935013
Entrada: 0.025551, Resultado esperado: 1.49596, Resultado: 1.49596
Entrada: 0.031939, Resultado esperado: 1.86997, Resultado: 1.86997
Entrada: 0.022357, Resultado esperado: 1.30896, Resultado: 1.30896
Entrada: 0.006388, Resultado esperado: 0.374005, Resultado: 0.374005
Entrada: 0, Resultado esperado: 0, Resultado: 0
Entrada: 0.003194, Resultado esperado: 0.187003, Resultado: 0.187003
Entrada: 0.003194, Resultado esperado: 0.187003, Resultado: 0.187003
Entrada: 0.003194, Resultado esperado: 0.187003, Resultado: 0.187003
Entrada: 0.009582, Resultado esperado: 0.561008, Resultado: 0.561008
Entrada: 0, Resultado esperado: 0, Resultado: 0
Entrada: 0.012776, Resultado esperado: 0.74801, Resultado: 0.74801
Entrada: 0, Resultado esperado: 0, Resultado: 0
Entrada: 0.006388, Resultado esperado: 0.374005, Resultado: 0.374005
Entrada: 0.019163, Resultado esperado: 1.12196, Resultado: 1.12196
Entrada: 0, Resultado esperado: 0, Resultado: 0
Entrada: 0.022357, Resultado esperado: 1.30896, Resultado: 1.30896
Entrada: 0.009582, Resultado esperado: 0.561008, Resultado: 0.561008
Entrada: 0.031939, Resultado esperado: 1.86997, Resultado: 1.86997
Entrada: 0.01597, Resultado esperado: 0.935013, Resultado: 0.935013
Entrada: 0.012776, Resultado esperado: 0.74801, Resultado: 0.74801
Entrada: 0.01597, Resultado esperado: 0.935013, Resultado: 0.935013
Entrada: 0.012776, Resultado esperado: 0.74801, Resultado: 0.74801
Entrada: 0.009582, Resultado esperado: 0.561008, Resultado: 0.561008
Entrada: 0.009582, Resultado esperado: 0.561008, Resultado: 0.561008
Entrada: 0.003194, Resultado esperado: 0.187003, Resultado: 0.187003
Entrada: 0.009582, Resultado esperado: 0.561008, Resultado: 0.561008
Entrada: 0.006388, Resultado esperado: 0.374005, Resultado: 0.374005
Entrada: 0.009582, Resultado esperado: 0.561008, Resultado: 0.561008
Entrada: 0.009582, Resultado esperado: 0.561008, Resultado: 0.561008
Entrada: 0.003194, Resultado esperado: 0.187003, Resultado: 0.187003
Entrada: 0.028745, Resultado esperado: 1.68296, Resultado: 1.68296
Entrada: 0.019163, Resultado esperado: 1.12196, Resultado: 1.12196
Entrada: 0.003194, Resultado esperado: 0.187003, Resultado: 0.187003
Entrada: 0.019163, Resultado esperado: 1.12196, Resultado: 1.12196
Entrada: 0.019163, Resultado esperado: 1.12196, Resultado: 1.12196
Entrada: 0.012776, Resultado esperado: 0.74801, Resultado: 0.74801
Entrada: 0.009582, Resultado esperado: 0.561008, Resultado: 0.561008
Entrada: 0, Resultado esperado: 0, Resultado: 0
Entrada: 0.009582, Resultado esperado: 0.561008, Resultado: 0.561008
Entrada: 0.003194, Resultado esperado: 0.187003, Resultado: 0.187003
Entrada: 0.028745, Resultado esperado: 1.68296, Resultado: 1.68296
Entrada: 0.047909, Resultado esperado: 2.80498, Resultado: 2.80498
Entrada: 0.01597, Resultado esperado: 0.935013, Resultado: 0.935013
Entrada: 0.003194, Resultado esperado: 0.187003, Resultado: 0.187003
Entrada: 0.022357, Resultado esperado: 1.30896, Resultado: 1.30896
Entrada: 0.006388, Resultado esperado: 0.374005, Resultado: 0.374005
Entrada: 0.009582, Resultado esperado: 0.561008, Resultado: 0.561008
Entrada: 0.019163, Resultado esperado: 1.12196, Resultado: 1.12196
Entrada: 0.012776, Resultado esperado: 0.74801, Resultado: 0.74801
Entrada: 0.006388, Resultado esperado: 0.374005, Resultado: 0.374005
Entrada: 0.022357, Resultado esperado: 1.30896, Resultado: 1.30896
Entrada: 0.028745, Resultado esperado: 1.68296, Resultado: 1.68296
Entrada: 0, Resultado esperado: 0, Resultado: 0
Entrada: 0.003194, Resultado esperado: 0.187003, Resultado: 0.187003
Entrada: 0.01597, Resultado esperado: 0.935013, Resultado: 0.935013
Entrada: 0.019163, Resultado esperado: 1.12196, Resultado: 1.12196
Entrada: 0.006388, Resultado esperado: 0.374005, Resultado: 0.374005
Entrada: 0.009582, Resultado esperado: 0.561008, Resultado: 0.561008
Entrada: 0.022357, Resultado esperado: 1.30896, Resultado: 1.30896
Entrada: 0.038327, Resultado esperado: 2.24397, Resultado: 2.24397
Entrada: 0.006388, Resultado esperado: 0.374005, Resultado: 0.374005
Entrada: 0.01597, Resultado esperado: 0.935013, Resultado: 0.935013
Entrada: 0.006388, Resultado esperado: 0.374005, Resultado: 0.374005
Entrada: 0.012776, Resultado esperado: 0.74801, Resultado: 0.74801
Entrada: 0.003194, Resultado esperado: 0.187003, Resultado: 0.187003
Entrada: 0.035133, Resultado esperado: 2.05697, Resultado: 2.05697
Entrada: 0.009582, Resultado esperado: 0.561008, Resultado: 0.561008
Entrada: 0.012776, Resultado esperado: 0.74801, Resultado: 0.74801
Entrada: 0.01597, Resultado esperado: 0.935013, Resultado: 0.935013
Entrada: 0.019163, Resultado esperado: 1.12196, Resultado: 1.12196
Entrada: 0.009582, Resultado esperado: 0.561008, Resultado: 0.561008
Entrada: 0.003194, Resultado esperado: 0.187003, Resultado: 0.187003
Entrada: 0.003194, Resultado esperado: 0.187003, Resultado: 0.187003
Entrada: 0.003194, Resultado esperado: 0.187003, Resultado: 0.187003
Entrada: 0.012776, Resultado esperado: 0.74801, Resultado: 0.74801
Entrada: 0.028745, Resultado esperado: 1.68296, Resultado: 1.68296
Entrada: 0.009582, Resultado esperado: 0.561008, Resultado: 0.561008
Entrada: 0.006388, Resultado esperado: 0.374005, Resultado: 0.374005
Entrada: 0.01597, Resultado esperado: 0.935013, Resultado: 0.935013
Entrada: 0.009582, Resultado esperado: 0.561008, Resultado: 0.561008
Entrada: 0.012776, Resultado esperado: 0.74801, Resultado: 0.74801
Entrada: 0.031939, Resultado esperado: 1.86997, Resultado: 1.86997
Entrada: 0.012776, Resultado esperado: 0.74801, Resultado: 0.74801
Entrada: 0.003194, Resultado esperado: 0.187003, Resultado: 0.187003
Entrada: 0.003194, Resultado esperado: 0.187003, Resultado: 0.187003
Entrada: 0, Resultado esperado: 0, Resultado: 0
Entrada: 0.009582, Resultado esperado: 0.561008, Resultado: 0.561008
Entrada: 0.003194, Resultado esperado: 0.187003, Resultado: 0.187003
Entrada: 0.01597, Resultado esperado: 0.935013, Resultado: 0.935013
Entrada: 0.009582, Resultado esperado: 0.561008, Resultado: 0.561008
Entrada: 0, Resultado esperado: 0, Resultado: 0
Entrada: 0.003194, Resultado esperado: 0.187003, Resultado: 0.187003
Entrada: 0.003194, Resultado esperado: 0.187003, Resultado: 0.187003
Entrada: 0.047909, Resultado esperado: 2.80498, Resultado: 2.80498
Entrada: 0.047909, Resultado esperado: 2.80498, Resultado: 2.80498
Entrada: 0.012776, Resultado esperado: 0.74801, Resultado: 0.74801
Entrada: 0.006388, Resultado esperado: 0.374005, Resultado: 0.374005
Entrada: 0.025551, Resultado esperado: 1.49596, Resultado: 1.49596
Entrada: 0.031939, Resultado esperado: 1.86997, Resultado: 1.86997
Entrada: 0.022357, Resultado esperado: 1.30896, Resultado: 1.30896
Entrada: 0.012776, Resultado esperado: 0.74801, Resultado: 0.74801
Entrada: 0.025551, Resultado esperado: 1.49596, Resultado: 1.49596
Entrada: 0, Resultado esperado: 0, Resultado: 0
Entrada: 0.028745, Resultado esperado: 1.68296, Resultado: 1.68296
Entrada: 0.041521, Resultado esperado: 2.43097, Resultado: 2.43097
Entrada: 0.041521, Resultado esperado: 2.43097, Resultado: 2.43097
Entrada: 0.003194, Resultado esperado: 0.187003, Resultado: 0.187003
Entrada: 0.019163, Resultado esperado: 1.12196, Resultado: 1.12196
Entrada: 0.009582, Resultado esperado: 0.561008, Resultado: 0.561008
Entrada: 0.006388, Resultado esperado: 0.374005, Resultado: 0.374005
Entrada: 0.01597, Resultado esperado: 0.935013, Resultado: 0.935013
Entrada: 0.019163, Resultado esperado: 1.12196, Resultado: 1.12196
Entrada: 0.003194, Resultado esperado: 0.187003, Resultado: 0.187003
Entrada: 0.003194, Resultado esperado: 0.187003, Resultado: 0.187003
Entrada: 0.003194, Resultado esperado: 0.187003, Resultado: 0.187003
Entrada: 0.009582, Resultado esperado: 0.561008, Resultado: 0.561008
Entrada: 0.019163, Resultado esperado: 1.12196, Resultado: 1.12196
Entrada: 0.028745, Resultado esperado: 1.68296, Resultado: 1.68296
Entrada: 0.012776, Resultado esperado: 0.74801, Resultado: 0.74801
Entrada: 0.035133, Resultado esperado: 2.05697, Resultado: 2.05697
Entrada: 0.025551, Resultado esperado: 1.49596, Resultado: 1.49596
Entrada: 0.003194, Resultado esperado: 0.187003, Resultado: 0.187003
Entrada: 0.047909, Resultado esperado: 2.80498, Resultado: 2.80498
Entrada: 0.038327, Resultado esperado: 2.24397, Resultado: 2.24397
Entrada: 0.019163, Resultado esperado: 1.12196, Resultado: 1.12196
Entrada: 0, Resultado esperado: 0, Resultado: 0
Entrada: 0.022357, Resultado esperado: 1.30896, Resultado: 1.30896
Entrada: 0.009582, Resultado esperado: 0.561008, Resultado: 0.561008
Entrada: 0.012776, Resultado esperado: 0.74801, Resultado: 0.74801
Entrada: 0.003194, Resultado esperado: 0.187003, Resultado: 0.187003
Entrada: 0.012776, Resultado esperado: 0.74801, Resultado: 0.74801
Entrada: 0.041521, Resultado esperado: 2.43097, Resultado: 2.43097
Entrada: 0.022357, Resultado esperado: 1.30896, Resultado: 1.30896
Entrada: 0, Resultado esperado: 0, Resultado: 0
Entrada: 0.025551, Resultado esperado: 1.49596, Resultado: 1.49596
Entrada: 0.038327, Resultado esperado: 2.24397, Resultado: 2.24397
Entrada: 0.025551, Resultado esperado: 1.49596, Resultado: 1.49596
Entrada: 0.031939, Resultado esperado: 1.86997, Resultado: 1.86997
Entrada: 0.041521, Resultado esperado: 2.43097, Resultado: 2.43097
Entrada: 0.028745, Resultado esperado: 1.68296, Resultado: 1.68296
Entrada: 0.012776, Resultado esperado: 0.74801, Resultado: 0.74801
Entrada: 0.012776, Resultado esperado: 0.74801, Resultado: 0.74801
Entrada: 0.060684, Resultado esperado: 3.55293, Resultado: 3.55293
Entrada: 0.044715, Resultado esperado: 2.61798, Resultado: 2.61798
Entrada: 0.028745, Resultado esperado: 1.68296, Resultado: 1.68296
Entrada: 0.019163, Resultado esperado: 1.12196, Resultado: 1.12196
Entrada: 0.012776, Resultado esperado: 0.74801, Resultado: 0.74801
Entrada: 0.003194, Resultado esperado: 0.187003, Resultado: 0.187003
Entrada: 0.006388, Resultado esperado: 0.374005, Resultado: 0.374005
Entrada: 0.003194, Resultado esperado: 0.187003, Resultado: 0.187003
Entrada: 0.025551, Resultado esperado: 1.49596, Resultado: 1.49596
Entrada: 0.035133, Resultado esperado: 2.05697, Resultado: 2.05697
Entrada: 0.006388, Resultado esperado: 0.374005, Resultado: 0.374005
Entrada: 0.012776, Resultado esperado: 0.74801, Resultado: 0.74801
Entrada: 0.022357, Resultado esperado: 1.30896, Resultado: 1.30896
Entrada: 0, Resultado esperado: 0, Resultado: 0
Entrada: 0.009582, Resultado esperado: 0.561008, Resultado: 0.561008
Entrada: 0.038327, Resultado esperado: 2.24397, Resultado: 2.24397
Entrada: 0.01597, Resultado esperado: 0.935013, Resultado: 0.935013
Entrada: 0.012776, Resultado esperado: 0.74801, Resultado: 0.74801
Entrada: 0.009582, Resultado esperado: 0.561008, Resultado: 0.561008
Entrada: 0.041521, Resultado esperado: 2.43097, Resultado: 2.43097
Entrada: 0.012776, Resultado esperado: 0.74801, Resultado: 0.74801
Entrada: 0, Resultado esperado: 0, Resultado: 0
Entrada: 0.009582, Resultado esperado: 0.561008, Resultado: 0.561008
Entrada: 0.009582, Resultado esperado: 0.561008, Resultado: 0.561008
Entrada: 0.025551, Resultado esperado: 1.49596, Resultado: 1.49596
Entrada: 0.009582, Resultado esperado: 0.561008, Resultado: 0.561008
Entrada: 0, Resultado esperado: 0, Resultado: 0
Entrada: 0.012776, Resultado esperado: 0.74801, Resultado: 0.74801
Entrada: 0.022357, Resultado esperado: 1.30896, Resultado: 1.30896
Entrada: 0.003194, Resultado esperado: 0.187003, Resultado: 0.187003
Entrada: 0.019163, Resultado esperado: 1.12196, Resultado: 1.12196
Entrada: 0.038327, Resultado esperado: 2.24397, Resultado: 2.24397
Entrada: 0.009582, Resultado esperado: 0.561008, Resultado: 0.561008
Entrada: 0, Resultado esperado: 0, Resultado: 0
Entrada: 0.003194, Resultado esperado: 0.187003, Resultado: 0.187003
Entrada: 0.019163, Resultado esperado: 1.12196, Resultado: 1.12196
Entrada: 0.019163, Resultado esperado: 1.12196, Resultado: 1.12196
Entrada: 0.006388, Resultado esperado: 0.374005, Resultado: 0.374005
Entrada: 0.01597, Resultado esperado: 0.935013, Resultado: 0.935013
Entrada: 0.019163, Resultado esperado: 1.12196, Resultado: 1.12196
Entrada: 0, Resultado esperado: 0, Resultado: 0
Entrada: 0.019163, Resultado esperado: 1.12196, Resultado: 1.12196
Entrada: 0.012776, Resultado esperado: 0.74801, Resultado: 0.74801
Entrada: 0.012776, Resultado esperado: 0.74801, Resultado: 0.74801
Entrada: 0.009582, Resultado esperado: 0.561008, Resultado: 0.561008
Entrada: 0.012776, Resultado esperado: 0.74801, Resultado: 0.74801
Entrada: 0.006388, Resultado esperado: 0.374005, Resultado: 0.374005
Entrada: 0, Resultado esperado: 0, Resultado: 0
Entrada: 0.01597, Resultado esperado: 0.935013, Resultado: 0.935013
Entrada: 0.025551, Resultado esperado: 1.49596, Resultado: 1.49596
Entrada: 0.003194, Resultado esperado: 0.187003, Resultado: 0.187003
Entrada: 0.012776, Resultado esperado: 0.74801, Resultado: 0.74801
Entrada: 0.003194, Resultado esperado: 0.187003, Resultado: 0.187003
Entrada: 0.028745, Resultado esperado: 1.68296, Resultado: 1.68296
Entrada: 0.041521, Resultado esperado: 2.43097, Resultado: 2.43097
Entrada: 0.022357, Resultado esperado: 1.30896, Resultado: 1.30896
Entrada: 0.003194, Resultado esperado: 0.187003, Resultado: 0.187003
Entrada: 0.022357, Resultado esperado: 1.30896, Resultado: 1.30896
Entrada: 0.022357, Resultado esperado: 1.30896, Resultado: 1.30896
Entrada: 0.012776, Resultado esperado: 0.74801, Resultado: 0.74801
Entrada: 0.003194, Resultado esperado: 0.187003, Resultado: 0.187003
Entrada: 0.012776, Resultado esperado: 0.74801, Resultado: 0.74801
Entrada: 0.012776, Resultado esperado: 0.74801, Resultado: 0.74801
Entrada: 0.019163, Resultado esperado: 1.12196, Resultado: 1.12196
Entrada: 0.028745, Resultado esperado: 1.68296, Resultado: 1.68296
Entrada: 0.003194, Resultado esperado: 0.187003, Resultado: 0.187003
Entrada: 0.035133, Resultado esperado: 2.05697, Resultado: 2.05697
Entrada: 0.035133, Resultado esperado: 2.05697, Resultado: 2.05697
Entrada: 0.028745, Resultado esperado: 1.68296, Resultado: 1.68296
Entrada: 0.003194, Resultado esperado: 0.187003, Resultado: 0.187003
Entrada: 0.022357, Resultado esperado: 1.30896, Resultado: 1.30896
Entrada: 0.044715, Resultado esperado: 2.61798, Resultado: 2.61798
Entrada: 0.035133, Resultado esperado: 2.05697, Resultado: 2.05697
Entrada: 0.003194, Resultado esperado: 0.187003, Resultado: 0.187003
Entrada: 0.019163, Resultado esperado: 1.12196, Resultado: 1.12196
Entrada: 0.025551, Resultado esperado: 1.49596, Resultado: 1.49596
Entrada: 0.019163, Resultado esperado: 1.12196, Resultado: 1.12196
Entrada: 0.022357, Resultado esperado: 1.30896, Resultado: 1.30896
Entrada: 0.038327, Resultado esperado: 2.24397, Resultado: 2.24397
Entrada: 0.01597, Resultado esperado: 0.935013, Resultado: 0.935013
Entrada: 0.003194, Resultado esperado: 0.187003, Resultado: 0.187003
Entrada: 0.01597, Resultado esperado: 0.935013, Resultado: 0.935013
Entrada: 0.019163, Resultado esperado: 1.12196, Resultado: 1.12196
Entrada: 0.009582, Resultado esperado: 0.561008, Resultado: 0.561008
Entrada: 0.022357, Resultado esperado: 1.30896, Resultado: 1.30896
Entrada: 0.003194, Resultado esperado: 0.187003, Resultado: 0.187003
Entrada: 0.019163, Resultado esperado: 1.12196, Resultado: 1.12196
Entrada: 0.035133, Resultado esperado: 2.05697, Resultado: 2.05697
Entrada: 0.019163, Resultado esperado: 1.12196, Resultado: 1.12196
Entrada: 0.01597, Resultado esperado: 0.935013, Resultado: 0.935013
Entrada: 0.003194, Resultado esperado: 0.187003, Resultado: 0.187003
Entrada: 0.009582, Resultado esperado: 0.561008, Resultado: 0.561008
Entrada: 0.003194, Resultado esperado: 0.187003, Resultado: 0.187003
Entrada: 0.006388, Resultado esperado: 0.374005, Resultado: 0.374005
Entrada: 0.019163, Resultado esperado: 1.12196, Resultado: 1.12196
Entrada: 0.01597, Resultado esperado: 0.935013, Resultado: 0.935013
Entrada: 0.009582, Resultado esperado: 0.561008, Resultado: 0.561008
Entrada: 0.01597, Resultado esperado: 0.935013, Resultado: 0.935013
Entrada: 0.019163, Resultado esperado: 1.12196, Resultado: 1.12196
Entrada: 0.022357, Resultado esperado: 1.30896, Resultado: 1.30896
Entrada: 0.003194, Resultado esperado: 0.187003, Resultado: 0.187003
Entrada: 0.012776, Resultado esperado: 0.74801, Resultado: 0.74801
Entrada: 0.022357, Resultado esperado: 1.30896, Resultado: 1.30896
Entrada: 0.012776, Resultado esperado: 0.74801, Resultado: 0.74801
Entrada: 0.003194, Resultado esperado: 0.187003, Resultado: 0.187003
Entrada: 0.01597, Resultado esperado: 0.935013, Resultado: 0.935013
Entrada: 0.022357, Resultado esperado: 1.30896, Resultado: 1.30896
Entrada: 0.012776, Resultado esperado: 0.74801, Resultado: 0.74801
Entrada: 0.041521, Resultado esperado: 2.43097, Resultado: 2.43097
Entrada: 0.012776, Resultado esperado: 0.74801, Resultado: 0.74801
Entrada: 0.031939, Resultado esperado: 1.86997, Resultado: 1.86997
Entrada: 0.044715, Resultado esperado: 2.61798, Resultado: 2.61798
Entrada: 0.003194, Resultado esperado: 0.187003, Resultado: 0.187003
Entrada: 0, Resultado esperado: 0, Resultado: 0
Entrada: 0.006388, Resultado esperado: 0.374005, Resultado: 0.374005
Entrada: 0, Resultado esperado: 0, Resultado: 0
Entrada: 0.01597, Resultado esperado: 0.935013, Resultado: 0.935013
Entrada: 0, Resultado esperado: 0, Resultado: 0
Entrada: 0.006388, Resultado esperado: 0.374005, Resultado: 0.374005
Entrada: 0.003194, Resultado esperado: 0.187003, Resultado: 0.187003
Entrada: 0.031939, Resultado esperado: 1.86997, Resultado: 1.86997
Entrada: 0.01597, Resultado esperado: 0.935013, Resultado: 0.935013
Entrada: 0.006388, Resultado esperado: 0.374005, Resultado: 0.374005
Entrada: 0.006388, Resultado esperado: 0.374005, Resultado: 0.374005
Entrada: 0.012776, Resultado esperado: 0.74801, Resultado: 0.74801
Entrada: 0.006388, Resultado esperado: 0.374005, Resultado: 0.374005
Entrada: 0.009582, Resultado esperado: 0.561008, Resultado: 0.561008
Entrada: 0.003194, Resultado esperado: 0.187003, Resultado: 0.187003
Entrada: 0.012776, Resultado esperado: 0.74801, Resultado: 0.74801
Entrada: 0.012776, Resultado esperado: 0.74801, Resultado: 0.74801
Entrada: 0, Resultado esperado: 0, Resultado: 0
Entrada: 0.035133, Resultado esperado: 2.05697, Resultado: 2.05697
Entrada: 0.05749, Resultado esperado: 3.36593, Resultado: 3.36593
Entrada: 0.041521, Resultado esperado: 2.43097, Resultado: 2.43097
Entrada: 0.035133, Resultado esperado: 2.05697, Resultado: 2.05697
Entrada: 0.038327, Resultado esperado: 2.24397, Resultado: 2.24397
Entrada: 0.025551, Resultado esperado: 1.49596, Resultado: 1.49596
Entrada: 0.01597, Resultado esperado: 0.935013, Resultado: 0.935013
Entrada: 0.01597, Resultado esperado: 0.935013, Resultado: 0.935013
Entrada: 0.028745, Resultado esperado: 1.68296, Resultado: 1.68296
Entrada: 0.006388, Resultado esperado: 0.374005, Resultado: 0.374005
Entrada: 0.012776, Resultado esperado: 0.74801, Resultado: 0.74801
Entrada: 0.006388, Resultado esperado: 0.374005, Resultado: 0.374005
Entrada: 0, Resultado esperado: 0, Resultado: 0
Entrada: 0, Resultado esperado: 0, Resultado: 0
Entrada: 0.012776, Resultado esperado: 0.74801, Resultado: 0.74801
Entrada: 0.022357, Resultado esperado: 1.30896, Resultado: 1.30896
Entrada: 0.028745, Resultado esperado: 1.68296, Resultado: 1.68296
Entrada: 0.041521, Resultado esperado: 2.43097, Resultado: 2.43097
Entrada: 0.022357, Resultado esperado: 1.30896, Resultado: 1.30896
Entrada: 0.003194, Resultado esperado: 0.187003, Resultado: 0.187003
Entrada: 0.025551, Resultado esperado: 1.49596, Resultado: 1.49596
Entrada: 0.022357, Resultado esperado: 1.30896, Resultado: 1.30896
Entrada: 0.01597, Resultado esperado: 0.935013, Resultado: 0.935013
Entrada: 0, Resultado esperado: 0, Resultado: 0
Entrada: 0.003194, Resultado esperado: 0.187003, Resultado: 0.187003
Entrada: 0, Resultado esperado: 0, Resultado: 0
Entrada: 0.012776, Resultado esperado: 0.74801, Resultado: 0.74801
Entrada: 0.038327, Resultado esperado: 2.24397, Resultado: 2.24397
Entrada: 0.047909, Resultado esperado: 2.80498, Resultado: 2.80498
Entrada: 0.038327, Resultado esperado: 2.24397, Resultado: 2.24397
Entrada: 0.019163, Resultado esperado: 1.12196, Resultado: 1.12196
Entrada: 0.025551, Resultado esperado: 1.49596, Resultado: 1.49596
Entrada: 0.028745, Resultado esperado: 1.68296, Resultado: 1.68296
Entrada: 0.009582, Resultado esperado: 0.561008, Resultado: 0.561008
Entrada: 0.012776, Resultado esperado: 0.74801, Resultado: 0.74801
Entrada: 0.028745, Resultado esperado: 1.68296, Resultado: 1.68296
Entrada: 0, Resultado esperado: 0, Resultado: 0
Entrada: 0.019163, Resultado esperado: 1.12196, Resultado: 1.12196
Entrada: 0.009582, Resultado esperado: 0.561008, Resultado: 0.561008
Entrada: 0, Resultado esperado: 0, Resultado: 0
Entrada: 0.009582, Resultado esperado: 0.561008, Resultado: 0.561008
Entrada: 0.003194, Resultado esperado: 0.187003, Resultado: 0.187003
Entrada: 0.003194, Resultado esperado: 0.187003, Resultado: 0.187003
Entrada: 0, Resultado esperado: 0, Resultado: 0
Entrada: 0.035133, Resultado esperado: 2.05697, Resultado: 2.05697
Entrada: 0.025551, Resultado esperado: 1.49596, Resultado: 1.49596
Entrada: 0.022357, Resultado esperado: 1.30896, Resultado: 1.30896
Entrada: 0.038327, Resultado esperado: 2.24397, Resultado: 2.24397
Entrada: 0.006388, Resultado esperado: 0.374005, Resultado: 0.374005
Entrada: 0, Resultado esperado: 0, Resultado: 0
Entrada: 0, Resultado esperado: 0, Resultado: 0
Entrada: 0.022357, Resultado esperado: 1.30896, Resultado: 1.30896
Entrada: 0.025551, Resultado esperado: 1.49596, Resultado: 1.49596
Entrada: 0.003194, Resultado esperado: 0.187003, Resultado: 0.187003
Entrada: 0.019163, Resultado esperado: 1.12196, Resultado: 1.12196
Entrada: 0.009582, Resultado esperado: 0.561008, Resultado: 0.561008
Entrada: 0.006388, Resultado esperado: 0.374005, Resultado: 0.374005
Entrada: 0.019163, Resultado esperado: 1.12196, Resultado: 1.12196
Entrada: 0, Resultado esperado: 0, Resultado: 0
Entrada: 0.01597, Resultado esperado: 0.935013, Resultado: 0.935013
Entrada: 0.003194, Resultado esperado: 0.187003, Resultado: 0.187003
Entrada: 0.009582, Resultado esperado: 0.561008, Resultado: 0.561008
Entrada: 0.003194, Resultado esperado: 0.187003, Resultado: 0.187003
Entrada: 0.006388, Resultado esperado: 0.374005, Resultado: 0.374005
Entrada: 0.022357, Resultado esperado: 1.30896, Resultado: 1.30896
Entrada: 0.025551, Resultado esperado: 1.49596, Resultado: 1.49596
Entrada: 0.035133, Resultado esperado: 2.05697, Resultado: 2.05697
Entrada: 0.047909, Resultado esperado: 2.80498, Resultado: 2.80498
Entrada: 0.038327, Resultado esperado: 2.24397, Resultado: 2.24397
Entrada: 0, Resultado esperado: 0, Resultado: 0
Entrada: 0.025551, Resultado esperado: 1.49596, Resultado: 1.49596
Entrada: 0.028745, Resultado esperado: 1.68296, Resultado: 1.68296
Entrada: 0, Resultado esperado: 0, Resultado: 0
Entrada: 0.009582, Resultado esperado: 0.561008, Resultado: 0.561008
Entrada: 0.028745, Resultado esperado: 1.68296, Resultado: 1.68296
Entrada: 0.038327, Resultado esperado: 2.24397, Resultado: 2.24397
Entrada: 0.035133, Resultado esperado: 2.05697, Resultado: 2.05697
Entrada: 0.022357, Resultado esperado: 1.30896, Resultado: 1.30896
Entrada: 0.019163, Resultado esperado: 1.12196, Resultado: 1.12196
Entrada: 0.009582, Resultado esperado: 0.561008, Resultado: 0.561008
Entrada: 0.022357, Resultado esperado: 1.30896, Resultado: 1.30896
Entrada: 0.022357, Resultado esperado: 1.30896, Resultado: 1.30896
Entrada: 0.019163, Resultado esperado: 1.12196, Resultado: 1.12196
Entrada: 0.01597, Resultado esperado: 0.935013, Resultado: 0.935013
Entrada: 0.044715, Resultado esperado: 2.61798, Resultado: 2.61798
Entrada: 0.022357, Resultado esperado: 1.30896, Resultado: 1.30896
Entrada: 0.028745, Resultado esperado: 1.68296, Resultado: 1.68296
Entrada: 0, Resultado esperado: 0, Resultado: 0
Entrada: 0.031939, Resultado esperado: 1.86997, Resultado: 1.86997
Entrada: 0.022357, Resultado esperado: 1.30896, Resultado: 1.30896
Entrada: 0.035133, Resultado esperado: 2.05697, Resultado: 2.05697
Entrada: 0.003194, Resultado esperado: 0.187003, Resultado: 0.187003
Entrada: 0.009582, Resultado esperado: 0.561008, Resultado: 0.561008
Entrada: 0.006388, Resultado esperado: 0.374005, Resultado: 0.374005
Entrada: 0.01597, Resultado esperado: 0.935013, Resultado: 0.935013
Entrada: 0.022357, Resultado esperado: 1.30896, Resultado: 1.30896
Entrada: 0.012776, Resultado esperado: 0.74801, Resultado: 0.74801
Entrada: 0.006388, Resultado esperado: 0.374005, Resultado: 0.374005
Entrada: 0.006388, Resultado esperado: 0.374005, Resultado: 0.374005
Entrada: 0.006388, Resultado esperado: 0.374005, Resultado: 0.374005
Entrada: 0.022357, Resultado esperado: 1.30896, Resultado: 1.30896
Entrada: 0.012776, Resultado esperado: 0.74801, Resultado: 0.74801
Entrada: 0.009582, Resultado esperado: 0.561008, Resultado: 0.561008
Entrada: 0.025551, Resultado esperado: 1.49596, Resultado: 1.49596
Entrada: 0.012776, Resultado esperado: 0.74801, Resultado: 0.74801
Entrada: 0.003194, Resultado esperado: 0.187003, Resultado: 0.187003
Entrada: 0.003194, Resultado esperado: 0.187003, Resultado: 0.187003
Entrada: 0.038327, Resultado esperado: 2.24397, Resultado: 2.24397
Entrada: 0.035133, Resultado esperado: 2.05697, Resultado: 2.05697
Entrada: 0.009582, Resultado esperado: 0.561008, Resultado: 0.561008
Entrada: 0.025551, Resultado esperado: 1.49596, Resultado: 1.49596
Entrada: 0.041521, Resultado esperado: 2.43097, Resultado: 2.43097
Entrada: 0.028745, Resultado esperado: 1.68296, Resultado: 1.68296
Entrada: 0.022357, Resultado esperado: 1.30896, Resultado: 1.30896
Entrada: 0.028745, Resultado esperado: 1.68296, Resultado: 1.68296
Entrada: 0.038327, Resultado esperado: 2.24397, Resultado: 2.24397
Entrada: 0, Resultado esperado: 0, Resultado: 0
Entrada: 0.006388, Resultado esperado: 0.374005, Resultado: 0.374005
Entrada: 0.038327, Resultado esperado: 2.24397, Resultado: 2.24397
Entrada: 0.025551, Resultado esperado: 1.49596, Resultado: 1.49596
Entrada: 0.012776, Resultado esperado: 0.74801, Resultado: 0.74801
Entrada: 0.022357, Resultado esperado: 1.30896, Resultado: 1.30896
Entrada: 0, Resultado esperado: 0, Resultado: 0
Entrada: 0.019163, Resultado esperado: 1.12196, Resultado: 1.12196
Entrada: 0.009582, Resultado esperado: 0.561008, Resultado: 0.561008
Entrada: 0.003194, Resultado esperado: 0.187003, Resultado: 0.187003
Entrada: 0.019163, Resultado esperado: 1.12196, Resultado: 1.12196
Entrada: 0.003194, Resultado esperado: 0.187003, Resultado: 0.187003
Entrada: 0.012776, Resultado esperado: 0.74801, Resultado: 0.74801
Entrada: 0.01597, Resultado esperado: 0.935013, Resultado: 0.935013
Entrada: 0.028745, Resultado esperado: 1.68296, Resultado: 1.68296
Entrada: 0.012776, Resultado esperado: 0.74801, Resultado: 0.74801
Entrada: 0.047909, Resultado esperado: 2.80498, Resultado: 2.80498
Entrada: 0.035133, Resultado esperado: 2.05697, Resultado: 2.05697
Entrada: 0.012776, Resultado esperado: 0.74801, Resultado: 0.74801
Entrada: 0.012776, Resultado esperado: 0.74801, Resultado: 0.74801
Entrada: 0.009582, Resultado esperado: 0.561008, Resultado: 0.561008
Entrada: 0.006388, Resultado esperado: 0.374005, Resultado: 0.374005
Entrada: 0.012776, Resultado esperado: 0.74801, Resultado: 0.74801
Entrada: 0.003194, Resultado esperado: 0.187003, Resultado: 0.187003
Entrada: 0.025551, Resultado esperado: 1.49596, Resultado: 1.49596
Entrada: 0.028745, Resultado esperado: 1.68296, Resultado: 1.68296
Entrada: 0.022357, Resultado esperado: 1.30896, Resultado: 1.30896
Entrada: 0.003194, Resultado esperado: 0.187003, Resultado: 0.187003
Entrada: 0.006388, Resultado esperado: 0.374005, Resultado: 0.374005
Entrada: 0.003194, Resultado esperado: 0.187003, Resultado: 0.187003
Entrada: 0.022357, Resultado esperado: 1.30896, Resultado: 1.30896
Entrada: 0.047909, Resultado esperado: 2.80498, Resultado: 2.80498
Entrada: 0.025551, Resultado esperado: 1.49596, Resultado: 1.49596
Entrada: 0.006388, Resultado esperado: 0.374005, Resultado: 0.374005
Entrada: 0.003194, Resultado esperado: 0.187003, Resultado: 0.187003
Entrada: 0.019163, Resultado esperado: 1.12196, Resultado: 1.12196
Entrada: 0.009582, Resultado esperado: 0.561008, Resultado: 0.561008
Testbench Completado con exito
The maximum depth reached by any of the 1 hls::stream() instances in the design is 0
