

================================================================
== Vitis HLS Report for 'axi_modulus'
================================================================
* Date:           Tue Jun 11 13:10:19 2024

* Version:        2020.2 (Build 3064766 on Wed Nov 18 09:12:47 MST 2020)
* Project:        axi_modulus
* Solution:       solution1 (Vivado IP Flow Target)
* Product family: zynq
* Target device:  xc7z020-clg400-1


================================================================
== Performance Estimates
================================================================
+ Timing: 
    * Summary: 
    +--------+----------+----------+------------+
    |  Clock |  Target  | Estimated| Uncertainty|
    +--------+----------+----------+------------+
    |ap_clk  |  10.00 ns|  7.256 ns|     2.70 ns|
    +--------+----------+----------+------------+

+ Latency: 
    * Summary: 
    +---------+---------+-----------+-----------+------+------+---------+
    |  Latency (cycles) |   Latency (absolute)  |   Interval  | Pipeline|
    |   min   |   max   |    min    |    max    |  min |  max |   Type  |
    +---------+---------+-----------+-----------+------+------+---------+
    |     1051|     1051|  10.510 us|  10.510 us|  1052|  1052|     none|
    +---------+---------+-----------+-----------+------+------+---------+

    + Detail: 
        * Instance: 
        N/A

        * Loop: 
        +-------------------+---------+---------+----------+-----------+-----------+------+----------+
        |                   |  Latency (cycles) | Iteration|  Initiation Interval  | Trip |          |
        |     Loop Name     |   min   |   max   |  Latency |  achieved |   target  | Count| Pipelined|
        +-------------------+---------+---------+----------+-----------+-----------+------+----------+
        |- VITIS_LOOP_13_1  |     1049|     1049|        27|          1|          1|  1024|       yes|
        +-------------------+---------+---------+----------+-----------+-----------+------+----------+



================================================================
== Utilization Estimates
================================================================
* Summary: 
+-----------------+---------+-----+--------+-------+-----+
|       Name      | BRAM_18K| DSP |   FF   |  LUT  | URAM|
+-----------------+---------+-----+--------+-------+-----+
|DSP              |        -|    -|       -|      -|    -|
|Expression       |        -|    -|       0|     38|    -|
|FIFO             |        -|    -|       -|      -|    -|
|Instance         |        -|    8|     491|   1032|    -|
|Memory           |        -|    -|       -|      -|    -|
|Multiplexer      |        -|    -|       -|     65|    -|
|Register         |        -|    -|     266|     32|    -|
+-----------------+---------+-----+--------+-------+-----+
|Total            |        0|    8|     757|   1167|    0|
+-----------------+---------+-----+--------+-------+-----+
|Available        |      280|  220|  106400|  53200|    0|
+-----------------+---------+-----+--------+-------+-----+
|Utilization (%)  |        0|    3|      ~0|      2|    0|
+-----------------+---------+-----+--------+-------+-----+

+ Detail: 
    * Instance: 
    +-----------------------------------+--------------------------------+---------+----+-----+-----+-----+
    |              Instance             |             Module             | BRAM_18K| DSP|  FF | LUT | URAM|
    +-----------------------------------+--------------------------------+---------+----+-----+-----+-----+
    |fadd_32ns_32ns_32_5_full_dsp_1_U1  |fadd_32ns_32ns_32_5_full_dsp_1  |        0|   2|  205|  390|    0|
    |fmul_32ns_32ns_32_4_max_dsp_1_U2   |fmul_32ns_32ns_32_4_max_dsp_1   |        0|   3|  143|  321|    0|
    |fmul_32ns_32ns_32_4_max_dsp_1_U3   |fmul_32ns_32ns_32_4_max_dsp_1   |        0|   3|  143|  321|    0|
    |fsqrt_32ns_32ns_32_16_no_dsp_1_U4  |fsqrt_32ns_32ns_32_16_no_dsp_1  |        0|   0|    0|    0|    0|
    +-----------------------------------+--------------------------------+---------+----+-----+-----+-----+
    |Total                              |                                |        0|   8|  491| 1032|    0|
    +-----------------------------------+--------------------------------+---------+----+-----+-----+-----+

    * DSP: 
    N/A

    * Memory: 
    N/A

    * FIFO: 
    N/A

    * Expression: 
    +----------------------------------+----------+----+---+----+------------+------------+
    |           Variable Name          | Operation| DSP| FF| LUT| Bitwidth P0| Bitwidth P1|
    +----------------------------------+----------+----+---+----+------------+------------+
    |i_1_fu_95_p2                      |         +|   0|  0|  12|          11|           1|
    |ap_block_state27_io               |       and|   0|  0|   2|           1|           1|
    |ap_block_state28_io               |       and|   0|  0|   2|           1|           1|
    |ap_block_state2_pp0_stage0_iter0  |       and|   0|  0|   2|           1|           1|
    |icmp_ln13_fu_101_p2               |      icmp|   0|  0|  12|          11|          12|
    |ap_block_pp0_stage0_01001         |        or|   0|  0|   2|           1|           1|
    |ap_block_pp0_stage0_11001         |        or|   0|  0|   2|           1|           1|
    |ap_enable_pp0                     |       xor|   0|  0|   2|           1|           2|
    |ap_enable_reg_pp0_iter1           |       xor|   0|  0|   2|           2|           1|
    +----------------------------------+----------+----+---+----+------------+------------+
    |Total                             |          |   0|  0|  38|          30|          21|
    +----------------------------------+----------+----+---+----+------------+------------+

    * Multiplexer: 
    +-------------------------------+----+-----------+-----+-----------+
    |              Name             | LUT| Input Size| Bits| Total Bits|
    +-------------------------------+----+-----------+-----+-----------+
    |ap_NS_fsm                      |  20|          4|    1|          4|
    |ap_enable_reg_pp0_iter1        |   9|          2|    1|          2|
    |ap_enable_reg_pp0_iter26       |   9|          2|    1|          2|
    |i_reg_67                       |   9|          2|   11|         22|
    |in_complex_data_V_TDATA_blk_n  |   9|          2|    1|          2|
    |out_modulus_V_TDATA_blk_n      |   9|          2|    1|          2|
    +-------------------------------+----+-----------+-----+-----------+
    |Total                          |  65|         14|   16|         34|
    +-------------------------------+----+-----------+-----+-----------+

    * Register: 
    +--------------------------+----+----+-----+-----------+
    |           Name           | FF | LUT| Bits| Const Bits|
    +--------------------------+----+----+-----+-----------+
    |ap_CS_fsm                 |   3|   0|    3|          0|
    |ap_enable_reg_pp0_iter0   |   1|   0|    1|          0|
    |ap_enable_reg_pp0_iter1   |   1|   0|    1|          0|
    |ap_enable_reg_pp0_iter10  |   1|   0|    1|          0|
    |ap_enable_reg_pp0_iter11  |   1|   0|    1|          0|
    |ap_enable_reg_pp0_iter12  |   1|   0|    1|          0|
    |ap_enable_reg_pp0_iter13  |   1|   0|    1|          0|
    |ap_enable_reg_pp0_iter14  |   1|   0|    1|          0|
    |ap_enable_reg_pp0_iter15  |   1|   0|    1|          0|
    |ap_enable_reg_pp0_iter16  |   1|   0|    1|          0|
    |ap_enable_reg_pp0_iter17  |   1|   0|    1|          0|
    |ap_enable_reg_pp0_iter18  |   1|   0|    1|          0|
    |ap_enable_reg_pp0_iter19  |   1|   0|    1|          0|
    |ap_enable_reg_pp0_iter2   |   1|   0|    1|          0|
    |ap_enable_reg_pp0_iter20  |   1|   0|    1|          0|
    |ap_enable_reg_pp0_iter21  |   1|   0|    1|          0|
    |ap_enable_reg_pp0_iter22  |   1|   0|    1|          0|
    |ap_enable_reg_pp0_iter23  |   1|   0|    1|          0|
    |ap_enable_reg_pp0_iter24  |   1|   0|    1|          0|
    |ap_enable_reg_pp0_iter25  |   1|   0|    1|          0|
    |ap_enable_reg_pp0_iter26  |   1|   0|    1|          0|
    |ap_enable_reg_pp0_iter3   |   1|   0|    1|          0|
    |ap_enable_reg_pp0_iter4   |   1|   0|    1|          0|
    |ap_enable_reg_pp0_iter5   |   1|   0|    1|          0|
    |ap_enable_reg_pp0_iter6   |   1|   0|    1|          0|
    |ap_enable_reg_pp0_iter7   |   1|   0|    1|          0|
    |ap_enable_reg_pp0_iter8   |   1|   0|    1|          0|
    |ap_enable_reg_pp0_iter9   |   1|   0|    1|          0|
    |i_reg_67                  |  11|   0|   11|          0|
    |icmp_ln13_reg_141         |   1|   0|    1|          0|
    |mul4_reg_172              |  32|   0|   32|          0|
    |mul_reg_167               |  32|   0|   32|          0|
    |trunc_ln145_1_reg_150     |  32|   0|   32|          0|
    |trunc_ln145_reg_145       |  32|   0|   32|          0|
    |x_assign_reg_177          |  32|   0|   32|          0|
    |icmp_ln13_reg_141         |  64|  32|    1|          0|
    +--------------------------+----+----+-----+-----------+
    |Total                     | 266|  32|  203|          0|
    +--------------------------+----+----+-----+-----------+



================================================================
== Interface
================================================================
* Summary: 
+--------------------------+-----+-----+------------+-------------------+--------------+
|         RTL Ports        | Dir | Bits|  Protocol  |   Source Object   |    C Type    |
+--------------------------+-----+-----+------------+-------------------+--------------+
|ap_clk                    |   in|    1|  ap_ctrl_hs|        axi_modulus|  return value|
|ap_rst_n                  |   in|    1|  ap_ctrl_hs|        axi_modulus|  return value|
|ap_start                  |   in|    1|  ap_ctrl_hs|        axi_modulus|  return value|
|ap_done                   |  out|    1|  ap_ctrl_hs|        axi_modulus|  return value|
|ap_idle                   |  out|    1|  ap_ctrl_hs|        axi_modulus|  return value|
|ap_ready                  |  out|    1|  ap_ctrl_hs|        axi_modulus|  return value|
|in_complex_data_V_TDATA   |   in|   64|        axis|  in_complex_data_V|       pointer|
|in_complex_data_V_TVALID  |   in|    1|        axis|  in_complex_data_V|       pointer|
|in_complex_data_V_TREADY  |  out|    1|        axis|  in_complex_data_V|       pointer|
|out_modulus_V_TDATA       |  out|   32|        axis|      out_modulus_V|       pointer|
|out_modulus_V_TVALID      |  out|    1|        axis|      out_modulus_V|       pointer|
|out_modulus_V_TREADY      |   in|    1|        axis|      out_modulus_V|       pointer|
+--------------------------+-----+-----+------------+-------------------+--------------+

