#-----------------------------------------------------------
# xsim v2020.2 (64-bit)
# SW Build 3064766 on Wed Nov 18 09:12:47 MST 2020
# IP Build 3064653 on Wed Nov 18 14:17:31 MST 2020
# Start of session at: Sun May 26 11:21:11 2024
# Process ID: 4858
# Current directory: /home/usuario/Escritorio/Tesis/IP_V3/punto_flotante/analytic_signal/axi_config/solution1/sim/vhdl
# Command line: xsim -mode tcl -source {xsim.dir/axi_config/xsim_script.tcl}
# Log file: /home/usuario/Escritorio/Tesis/IP_V3/punto_flotante/analytic_signal/axi_config/solution1/sim/vhdl/xsim.log
# Journal file: /home/usuario/Escritorio/Tesis/IP_V3/punto_flotante/analytic_signal/axi_config/solution1/sim/vhdl/xsim.jou
#-----------------------------------------------------------
source xsim.dir/axi_config/xsim_script.tcl
# xsim {axi_config} -autoloadwcfg -tclbatch {axi_config.tcl}
Vivado Simulator 2020.2
Time resolution is 1 ps
source axi_config.tcl
## run all
Note: simulation done!
Time: 195 ns  Iteration: 1  Process: /apatb_axi_config_top/generate_sim_done_proc  File: /home/usuario/Escritorio/Tesis/IP_V3/punto_flotante/analytic_signal/axi_config/solution1/sim/vhdl/axi_config.autotb.vhd
Failure: NORMAL EXIT (note: failure is to force the simulator to stop)
Time: 195 ns  Iteration: 1  Process: /apatb_axi_config_top/generate_sim_done_proc  File: /home/usuario/Escritorio/Tesis/IP_V3/punto_flotante/analytic_signal/axi_config/solution1/sim/vhdl/axi_config.autotb.vhd
$finish called at time : 195 ns
## quit
INFO: [Common 17-206] Exiting xsim at Sun May 26 11:21:31 2024...
