

================================================================
== Vitis HLS Report for 'axi_bottle'
================================================================
* Date:           Tue Jun 11 18:51:35 2024

* Version:        2020.2 (Build 3064766 on Wed Nov 18 09:12:47 MST 2020)
* Project:        axi_bottle
* Solution:       solution1 (Vivado IP Flow Target)
* Product family: zynq
* Target device:  xc7z020-clg400-1


================================================================
== Performance Estimates
================================================================
+ Timing: 
    * Summary: 
    +--------+----------+----------+------------+
    |  Clock |  Target  | Estimated| Uncertainty|
    +--------+----------+----------+------------+
    |ap_clk  |  10.00 ns|  1.880 ns|     2.70 ns|
    +--------+----------+----------+------------+

+ Latency: 
    * Summary: 
    +---------+---------+-----------+-----------+------+------+---------+
    |  Latency (cycles) |   Latency (absolute)  |   Interval  | Pipeline|
    |   min   |   max   |    min    |    max    |  min |  max |   Type  |
    +---------+---------+-----------+-----------+------+------+---------+
    |     1027|     1027|  10.270 us|  10.270 us|  1028|  1028|     none|
    +---------+---------+-----------+-----------+------+------+---------+

    + Detail: 
        * Instance: 
        N/A

        * Loop: 
        +-------------------+---------+---------+----------+-----------+-----------+------+----------+
        |                   |  Latency (cycles) | Iteration|  Initiation Interval  | Trip |          |
        |     Loop Name     |   min   |   max   |  Latency |  achieved |   target  | Count| Pipelined|
        +-------------------+---------+---------+----------+-----------+-----------+------+----------+
        |- VITIS_LOOP_11_1  |     1025|     1025|         3|          1|          1|  1024|       yes|
        +-------------------+---------+---------+----------+-----------+-----------+------+----------+



================================================================
== Utilization Estimates
================================================================
* Summary: 
+-----------------+---------+-----+--------+-------+-----+
|       Name      | BRAM_18K| DSP |   FF   |  LUT  | URAM|
+-----------------+---------+-----+--------+-------+-----+
|DSP              |        -|    -|       -|      -|    -|
|Expression       |        -|    -|       0|     40|    -|
|FIFO             |        -|    -|       -|      -|    -|
|Instance         |        -|    -|       -|      -|    -|
|Memory           |        -|    -|       -|      -|    -|
|Multiplexer      |        -|    -|       -|     74|    -|
|Register         |        -|    -|      83|      -|    -|
+-----------------+---------+-----+--------+-------+-----+
|Total            |        0|    0|      83|    114|    0|
+-----------------+---------+-----+--------+-------+-----+
|Available        |      280|  220|  106400|  53200|    0|
+-----------------+---------+-----+--------+-------+-----+
|Utilization (%)  |        0|    0|      ~0|     ~0|    0|
+-----------------+---------+-----+--------+-------+-----+

+ Detail: 
    * Instance: 
    N/A

    * DSP: 
    N/A

    * Memory: 
    N/A

    * FIFO: 
    N/A

    * Expression: 
    +----------------------------------+----------+----+---+----+------------+------------+
    |           Variable Name          | Operation| DSP| FF| LUT| Bitwidth P0| Bitwidth P1|
    +----------------------------------+----------+----+---+----+------------+------------+
    |i_1_fu_79_p2                      |         +|   0|  0|  12|          11|           1|
    |ap_block_state2_pp0_stage0_iter0  |       and|   0|  0|   2|           1|           1|
    |icmp_ln11_fu_85_p2                |      icmp|   0|  0|  12|          11|          12|
    |ap_block_pp0_stage0_01001         |        or|   0|  0|   2|           1|           1|
    |ap_block_pp0_stage0_11001         |        or|   0|  0|   2|           1|           1|
    |ap_block_state3_io                |        or|   0|  0|   2|           1|           1|
    |ap_block_state4_io                |        or|   0|  0|   2|           1|           1|
    |ap_block_state5                   |        or|   0|  0|   2|           1|           1|
    |ap_enable_pp0                     |       xor|   0|  0|   2|           1|           2|
    |ap_enable_reg_pp0_iter1           |       xor|   0|  0|   2|           2|           1|
    +----------------------------------+----------+----+---+----+------------+------------+
    |Total                             |          |   0|  0|  40|          31|          22|
    +----------------------------------+----------+----+---+----+------------+------------+

    * Multiplexer: 
    +----------------------------------+----+-----------+-----+-----------+
    |               Name               | LUT| Input Size| Bits| Total Bits|
    +----------------------------------+----+-----------+-----+-----------+
    |ap_NS_fsm                         |  20|          4|    1|          4|
    |ap_enable_reg_pp0_iter1           |   9|          2|    1|          2|
    |ap_enable_reg_pp0_iter2           |   9|          2|    1|          2|
    |i_reg_68                          |   9|          2|   11|         22|
    |in_complex_data_V_TDATA_blk_n     |   9|          2|    1|          2|
    |out_complex_data_1_V_TDATA_blk_n  |   9|          2|    1|          2|
    |out_complex_data_2_V_TDATA_blk_n  |   9|          2|    1|          2|
    +----------------------------------+----+-----------+-----+-----------+
    |Total                             |  74|         16|   17|         36|
    +----------------------------------+----+-----------+-----+-----------+

    * Register: 
    +--------------------------------+----+----+-----+-----------+
    |              Name              | FF | LUT| Bits| Const Bits|
    +--------------------------------+----+----+-----+-----------+
    |ap_CS_fsm                       |   3|   0|    3|          0|
    |ap_enable_reg_pp0_iter0         |   1|   0|    1|          0|
    |ap_enable_reg_pp0_iter1         |   1|   0|    1|          0|
    |ap_enable_reg_pp0_iter2         |   1|   0|    1|          0|
    |i_reg_68                        |  11|   0|   11|          0|
    |icmp_ln11_reg_96                |   1|   0|    1|          0|
    |icmp_ln11_reg_96_pp0_iter1_reg  |   1|   0|    1|          0|
    |in_complex_data_V_read_reg_100  |  64|   0|   64|          0|
    +--------------------------------+----+----+-----+-----------+
    |Total                           |  83|   0|   83|          0|
    +--------------------------------+----+----+-----+-----------+



================================================================
== Interface
================================================================
* Summary: 
+-----------------------------+-----+-----+------------+----------------------+--------------+
|          RTL Ports          | Dir | Bits|  Protocol  |     Source Object    |    C Type    |
+-----------------------------+-----+-----+------------+----------------------+--------------+
|ap_clk                       |   in|    1|  ap_ctrl_hs|            axi_bottle|  return value|
|ap_rst_n                     |   in|    1|  ap_ctrl_hs|            axi_bottle|  return value|
|ap_start                     |   in|    1|  ap_ctrl_hs|            axi_bottle|  return value|
|ap_done                      |  out|    1|  ap_ctrl_hs|            axi_bottle|  return value|
|ap_idle                      |  out|    1|  ap_ctrl_hs|            axi_bottle|  return value|
|ap_ready                     |  out|    1|  ap_ctrl_hs|            axi_bottle|  return value|
|in_complex_data_V_TDATA      |   in|   64|        axis|     in_complex_data_V|       pointer|
|in_complex_data_V_TVALID     |   in|    1|        axis|     in_complex_data_V|       pointer|
|in_complex_data_V_TREADY     |  out|    1|        axis|     in_complex_data_V|       pointer|
|out_complex_data_1_V_TDATA   |  out|   64|        axis|  out_complex_data_1_V|       pointer|
|out_complex_data_1_V_TVALID  |  out|    1|        axis|  out_complex_data_1_V|       pointer|
|out_complex_data_1_V_TREADY  |   in|    1|        axis|  out_complex_data_1_V|       pointer|
|out_complex_data_2_V_TDATA   |  out|   64|        axis|  out_complex_data_2_V|       pointer|
|out_complex_data_2_V_TVALID  |  out|    1|        axis|  out_complex_data_2_V|       pointer|
|out_complex_data_2_V_TREADY  |   in|    1|        axis|  out_complex_data_2_V|       pointer|
+-----------------------------+-----+-----+------------+----------------------+--------------+

============================================================
+ Verbose Summary: Synthesis Manager
============================================================
InlineROM: 1
ExposeGlobal: 0
============================================================
+ Verbose Summary: CDFG Model
============================================================
IsTopModel: 1
ResetActiveHigh: 1
IsCombinational: 2
IsDatapathOnly: 2
HasWiredReturn: 1
HasMFsm: 0
HasVarLatency: 1
IsPipeline: 0
IsRtlPipelined: 0
IsInstanceOverlapped: 0
IsDontTouch: 0
HasImplIP: 0
IsGatedGlobalClock: 0

+ Individual pipeline summary: 
  * Pipeline-0: initiation interval (II) = 1, depth = 3


============================================================
+ Verbose Summary: Schedule
============================================================
* Number of FSM states : 5
* Pipeline : 1
  Pipeline-0 : II = 1, D = 3, States = { 2 3 4 }
* Dataflow Pipeline: 0

* FSM state transitions: 
1 --> 2 
2 --> 5 3 
3 --> 4 
4 --> 2 
5 --> 

* FSM state operations: 

State 1 <SV = 0> <Delay = 1.58>
ST_1 : Operation 6 [1/1] (0.00ns)   --->   "%spectopmodule_ln0 = spectopmodule void @_ssdm_op_SpecTopModule, void @empty_2"   --->   Operation 6 'spectopmodule' 'spectopmodule_ln0' <Predicate = true> <Delay = 0.00>
ST_1 : Operation 7 [1/1] (0.00ns)   --->   "%specinterface_ln0 = specinterface void @_ssdm_op_SpecInterface, i64 %in_complex_data_V, void @empty, i32 1, i32 1, void @empty_0, i32 0, i32 0, void @empty_1, void @empty_1, void @empty_1, i32 0, i32 0, i32 0, i32 0, void @empty_1, void @empty_1"   --->   Operation 7 'specinterface' 'specinterface_ln0' <Predicate = true> <Delay = 0.00>
ST_1 : Operation 8 [1/1] (0.00ns)   --->   "%specbitsmap_ln0 = specbitsmap void @_ssdm_op_SpecBitsMap, i64 %in_complex_data_V"   --->   Operation 8 'specbitsmap' 'specbitsmap_ln0' <Predicate = true> <Delay = 0.00>
ST_1 : Operation 9 [1/1] (0.00ns)   --->   "%specinterface_ln0 = specinterface void @_ssdm_op_SpecInterface, i64 %out_complex_data_1_V, void @empty, i32 1, i32 1, void @empty_0, i32 0, i32 0, void @empty_1, void @empty_1, void @empty_1, i32 0, i32 0, i32 0, i32 0, void @empty_1, void @empty_1"   --->   Operation 9 'specinterface' 'specinterface_ln0' <Predicate = true> <Delay = 0.00>
ST_1 : Operation 10 [1/1] (0.00ns)   --->   "%specbitsmap_ln0 = specbitsmap void @_ssdm_op_SpecBitsMap, i64 %out_complex_data_1_V"   --->   Operation 10 'specbitsmap' 'specbitsmap_ln0' <Predicate = true> <Delay = 0.00>
ST_1 : Operation 11 [1/1] (0.00ns)   --->   "%specinterface_ln0 = specinterface void @_ssdm_op_SpecInterface, i64 %out_complex_data_2_V, void @empty, i32 1, i32 1, void @empty_0, i32 0, i32 0, void @empty_1, void @empty_1, void @empty_1, i32 0, i32 0, i32 0, i32 0, void @empty_1, void @empty_1"   --->   Operation 11 'specinterface' 'specinterface_ln0' <Predicate = true> <Delay = 0.00>
ST_1 : Operation 12 [1/1] (0.00ns)   --->   "%specbitsmap_ln0 = specbitsmap void @_ssdm_op_SpecBitsMap, i64 %out_complex_data_2_V"   --->   Operation 12 'specbitsmap' 'specbitsmap_ln0' <Predicate = true> <Delay = 0.00>
ST_1 : Operation 13 [1/1] (1.58ns)   --->   "%br_ln11 = br void" [axi_bottle/axi_bottle.cpp:11]   --->   Operation 13 'br' 'br_ln11' <Predicate = true> <Delay = 1.58>

State 2 <SV = 1> <Delay = 1.88>
ST_2 : Operation 14 [1/1] (0.00ns)   --->   "%i = phi i11 0, void, i11 %i_1, void %.split"   --->   Operation 14 'phi' 'i' <Predicate = true> <Delay = 0.00>
ST_2 : Operation 15 [1/1] (1.63ns)   --->   "%i_1 = add i11 %i, i11 1" [axi_bottle/axi_bottle.cpp:11]   --->   Operation 15 'add' 'i_1' <Predicate = true> <Delay = 1.63> <CoreInst = "Adder">   --->   Core 1 'Adder' <Latency = 0> <II = 1> <Delay = 1.63> <FuncUnit> <Opcode : 'add' 'sub'> <InPorts = 2> <OutPorts = 1>
ST_2 : Operation 16 [1/1] (0.00ns)   --->   "%specpipeline_ln0 = specpipeline void @_ssdm_op_SpecPipeline, i32 4294967295, i32 0, i32 1, i32 0, void @p_str"   --->   Operation 16 'specpipeline' 'specpipeline_ln0' <Predicate = true> <Delay = 0.00>
ST_2 : Operation 17 [1/1] (1.88ns)   --->   "%icmp_ln11 = icmp_eq  i11 %i, i11 1024" [axi_bottle/axi_bottle.cpp:11]   --->   Operation 17 'icmp' 'icmp_ln11' <Predicate = true> <Delay = 1.88> <CoreInst = "Cmp">   --->   Core 9 'Cmp' <Latency = 0> <II = 1> <Delay = 1.99> <FuncUnit> <Opcode : 'icmp'> <InPorts = 2> <OutPorts = 1>
ST_2 : Operation 18 [1/1] (0.00ns)   --->   "%empty = speclooptripcount i32 @_ssdm_op_SpecLoopTripCount, i64 1024, i64 1024, i64 1024"   --->   Operation 18 'speclooptripcount' 'empty' <Predicate = true> <Delay = 0.00>
ST_2 : Operation 19 [1/1] (0.00ns)   --->   "%br_ln11 = br i1 %icmp_ln11, void %.split, void" [axi_bottle/axi_bottle.cpp:11]   --->   Operation 19 'br' 'br_ln11' <Predicate = true> <Delay = 0.00>
ST_2 : Operation 20 [1/1] (0.00ns)   --->   "%in_complex_data_V_read = read i64 @_ssdm_op_Read.axis.volatile.i64P128A, i64 %in_complex_data_V" [/opt/Xilinx/Vitis_HLS/2020.2/common/technology/autopilot/hls_stream_39.h:145]   --->   Operation 20 'read' 'in_complex_data_V_read' <Predicate = (!icmp_ln11)> <Delay = 0.00> <CoreInst = "axis">   --->   Core 115 'axis' <Latency = 0> <II = 1> <Delay = 1.00> <Adapter> <Opcode : >

State 3 <SV = 2> <Delay = 0.00>
ST_3 : Operation 21 [2/2] (0.00ns)   --->   "%write_ln174 = write void @_ssdm_op_Write.axis.volatile.i64P128A, i64 %out_complex_data_1_V, i64 %in_complex_data_V_read" [/opt/Xilinx/Vitis_HLS/2020.2/common/technology/autopilot/hls_stream_39.h:174]   --->   Operation 21 'write' 'write_ln174' <Predicate = (!icmp_ln11)> <Delay = 0.00> <CoreInst = "axis">   --->   Core 115 'axis' <Latency = 0> <II = 1> <Delay = 1.00> <Adapter> <Opcode : >
ST_3 : Operation 22 [2/2] (0.00ns)   --->   "%write_ln174 = write void @_ssdm_op_Write.axis.volatile.i64P128A, i64 %out_complex_data_2_V, i64 %in_complex_data_V_read" [/opt/Xilinx/Vitis_HLS/2020.2/common/technology/autopilot/hls_stream_39.h:174]   --->   Operation 22 'write' 'write_ln174' <Predicate = (!icmp_ln11)> <Delay = 0.00> <CoreInst = "axis">   --->   Core 115 'axis' <Latency = 0> <II = 1> <Delay = 1.00> <Adapter> <Opcode : >

State 4 <SV = 3> <Delay = 0.00>
ST_4 : Operation 23 [1/1] (0.00ns)   --->   "%specloopname_ln0 = specloopname void @_ssdm_op_SpecLoopName, void @empty_3" [/opt/Xilinx/Vitis_HLS/2020.2/common/technology/autopilot/hls_stream_39.h:0]   --->   Operation 23 'specloopname' 'specloopname_ln0' <Predicate = (!icmp_ln11)> <Delay = 0.00>
ST_4 : Operation 24 [1/2] (0.00ns)   --->   "%write_ln174 = write void @_ssdm_op_Write.axis.volatile.i64P128A, i64 %out_complex_data_1_V, i64 %in_complex_data_V_read" [/opt/Xilinx/Vitis_HLS/2020.2/common/technology/autopilot/hls_stream_39.h:174]   --->   Operation 24 'write' 'write_ln174' <Predicate = (!icmp_ln11)> <Delay = 0.00> <CoreInst = "axis">   --->   Core 115 'axis' <Latency = 0> <II = 1> <Delay = 1.00> <Adapter> <Opcode : >
ST_4 : Operation 25 [1/2] (0.00ns)   --->   "%write_ln174 = write void @_ssdm_op_Write.axis.volatile.i64P128A, i64 %out_complex_data_2_V, i64 %in_complex_data_V_read" [/opt/Xilinx/Vitis_HLS/2020.2/common/technology/autopilot/hls_stream_39.h:174]   --->   Operation 25 'write' 'write_ln174' <Predicate = (!icmp_ln11)> <Delay = 0.00> <CoreInst = "axis">   --->   Core 115 'axis' <Latency = 0> <II = 1> <Delay = 1.00> <Adapter> <Opcode : >
ST_4 : Operation 26 [1/1] (0.00ns)   --->   "%br_ln0 = br void"   --->   Operation 26 'br' 'br_ln0' <Predicate = (!icmp_ln11)> <Delay = 0.00>

State 5 <SV = 2> <Delay = 0.00>
ST_5 : Operation 27 [1/1] (0.00ns)   --->   "%ret_ln19 = ret" [axi_bottle/axi_bottle.cpp:19]   --->   Operation 27 'ret' 'ret_ln19' <Predicate = true> <Delay = 0.00>


============================================================
+ Verbose Summary: Binding
============================================================
STG Binding: 
---------------- STG Properties BEGIN ----------------
- Is combinational: 0
- Is one-state seq: 0
- Is datapath-only: 0
- Is pipelined: 0
- Is top level: 1
Port [ Return ] is wired: 1; IO mode=ap_ctrl_hs:ce=0
Port [ in_complex_data_V]:  wired=1; compound=1; hidden=0; nouse=0; global=0; static=0; extern=0; dir=0; type=0; pingpong=0; private_global=0; IO mode=axis:ce=0
Port [ out_complex_data_1_V]:  wired=1; compound=1; hidden=0; nouse=0; global=0; static=0; extern=0; dir=1; type=0; pingpong=0; private_global=0; IO mode=axis:ce=0
Port [ out_complex_data_2_V]:  wired=1; compound=1; hidden=0; nouse=0; global=0; static=0; extern=0; dir=1; type=0; pingpong=0; private_global=0; IO mode=axis:ce=0
---------------- STG Properties END ------------------

---------------- Datapath Model BEGIN ----------------

<LifeTime>
<method=bitvector/>
spectopmodule_ln0      (spectopmodule    ) [ 000000]
specinterface_ln0      (specinterface    ) [ 000000]
specbitsmap_ln0        (specbitsmap      ) [ 000000]
specinterface_ln0      (specinterface    ) [ 000000]
specbitsmap_ln0        (specbitsmap      ) [ 000000]
specinterface_ln0      (specinterface    ) [ 000000]
specbitsmap_ln0        (specbitsmap      ) [ 000000]
br_ln11                (br               ) [ 011110]
i                      (phi              ) [ 001000]
i_1                    (add              ) [ 011110]
specpipeline_ln0       (specpipeline     ) [ 000000]
icmp_ln11              (icmp             ) [ 001110]
empty                  (speclooptripcount) [ 000000]
br_ln11                (br               ) [ 000000]
in_complex_data_V_read (read             ) [ 001110]
specloopname_ln0       (specloopname     ) [ 000000]
write_ln174            (write            ) [ 000000]
write_ln174            (write            ) [ 000000]
br_ln0                 (br               ) [ 011110]
ret_ln19               (ret              ) [ 000000]
</LifeTime>

<model>

<comp_list>
<comp id="0" class="1000" name="in_complex_data_V">
<pin_list>
<pin id="1" dir="1" index="0" bw="1" slack="0"/>
</pin_list>
<bind>
<StgValue><ssdm name="in_complex_data_V"/></StgValue>
</bind>
</comp>

<comp id="2" class="1000" name="out_complex_data_1_V">
<pin_list>
<pin id="3" dir="1" index="0" bw="1" slack="0"/>
</pin_list>
<bind>
<StgValue><ssdm name="out_complex_data_1_V"/></StgValue>
</bind>
</comp>

<comp id="4" class="1000" name="out_complex_data_2_V">
<pin_list>
<pin id="5" dir="1" index="0" bw="1" slack="0"/>
</pin_list>
<bind>
<StgValue><ssdm name="out_complex_data_2_V"/></StgValue>
</bind>
</comp>

<comp id="6" class="1001" name="const_6">
<pin_list>
<pin id="7" dir="1" index="0" bw="1" slack="2147483647"/>
</pin_list>
<bind>
<StgValue><ssdm name="_ssdm_op_SpecTopModule"/></StgValue>
</bind>
</comp>

<comp id="8" class="1001" name="const_8">
<pin_list>
<pin id="9" dir="1" index="0" bw="1" slack="2147483647"/>
</pin_list>
<bind>
<StgValue><ssdm name="empty_2"/></StgValue>
</bind>
</comp>

<comp id="10" class="1001" name="const_10">
<pin_list>
<pin id="11" dir="1" index="0" bw="1" slack="2147483647"/>
</pin_list>
<bind>
<StgValue><ssdm name="_ssdm_op_SpecInterface"/></StgValue>
</bind>
</comp>

<comp id="12" class="1001" name="const_12">
<pin_list>
<pin id="13" dir="1" index="0" bw="1" slack="2147483647"/>
</pin_list>
<bind>
<StgValue><ssdm name="empty"/></StgValue>
</bind>
</comp>

<comp id="14" class="1001" name="const_14">
<pin_list>
<pin id="15" dir="1" index="0" bw="1" slack="2147483647"/>
</pin_list>
<bind>
<StgValue><ssdm name=""/></StgValue>
</bind>
</comp>

<comp id="16" class="1001" name="const_16">
<pin_list>
<pin id="17" dir="1" index="0" bw="1" slack="2147483647"/>
</pin_list>
<bind>
<StgValue><ssdm name="empty_0"/></StgValue>
</bind>
</comp>

<comp id="18" class="1001" name="const_18">
<pin_list>
<pin id="19" dir="1" index="0" bw="1" slack="2147483647"/>
</pin_list>
<bind>
<StgValue><ssdm name=""/></StgValue>
</bind>
</comp>

<comp id="20" class="1001" name="const_20">
<pin_list>
<pin id="21" dir="1" index="0" bw="1" slack="2147483647"/>
</pin_list>
<bind>
<StgValue><ssdm name="empty_1"/></StgValue>
</bind>
</comp>

<comp id="22" class="1001" name="const_22">
<pin_list>
<pin id="23" dir="1" index="0" bw="1" slack="2147483647"/>
</pin_list>
<bind>
<StgValue><ssdm name="_ssdm_op_SpecBitsMap"/></StgValue>
</bind>
</comp>

<comp id="24" class="1001" name="const_24">
<pin_list>
<pin id="25" dir="1" index="0" bw="1" slack="1"/>
</pin_list>
<bind>
<StgValue><ssdm name=""/></StgValue>
</bind>
</comp>

<comp id="26" class="1001" name="const_26">
<pin_list>
<pin id="27" dir="1" index="0" bw="1" slack="0"/>
</pin_list>
<bind>
<StgValue><ssdm name=""/></StgValue>
</bind>
</comp>

<comp id="28" class="1001" name="const_28">
<pin_list>
<pin id="29" dir="1" index="0" bw="1" slack="2147483647"/>
</pin_list>
<bind>
<StgValue><ssdm name="_ssdm_op_SpecPipeline"/></StgValue>
</bind>
</comp>

<comp id="30" class="1001" name="const_30">
<pin_list>
<pin id="31" dir="1" index="0" bw="1" slack="2147483647"/>
</pin_list>
<bind>
<StgValue><ssdm name=""/></StgValue>
</bind>
</comp>

<comp id="32" class="1001" name="const_32">
<pin_list>
<pin id="33" dir="1" index="0" bw="1" slack="2147483647"/>
</pin_list>
<bind>
<StgValue><ssdm name="p_str"/></StgValue>
</bind>
</comp>

<comp id="34" class="1001" name="const_34">
<pin_list>
<pin id="35" dir="1" index="0" bw="1" slack="0"/>
</pin_list>
<bind>
<StgValue><ssdm name=""/></StgValue>
</bind>
</comp>

<comp id="36" class="1001" name="const_36">
<pin_list>
<pin id="37" dir="1" index="0" bw="1" slack="2147483647"/>
</pin_list>
<bind>
<StgValue><ssdm name="_ssdm_op_SpecLoopTripCount"/></StgValue>
</bind>
</comp>

<comp id="38" class="1001" name="const_38">
<pin_list>
<pin id="39" dir="1" index="0" bw="1" slack="2147483647"/>
</pin_list>
<bind>
<StgValue><ssdm name=""/></StgValue>
</bind>
</comp>

<comp id="40" class="1001" name="const_40">
<pin_list>
<pin id="41" dir="1" index="0" bw="1" slack="0"/>
</pin_list>
<bind>
<StgValue><ssdm name="_ssdm_op_Read.axis.volatile.i64P128A"/></StgValue>
</bind>
</comp>

<comp id="42" class="1001" name="const_42">
<pin_list>
<pin id="43" dir="1" index="0" bw="1" slack="0"/>
</pin_list>
<bind>
<StgValue><ssdm name="_ssdm_op_Write.axis.volatile.i64P128A"/></StgValue>
</bind>
</comp>

<comp id="44" class="1001" name="const_44">
<pin_list>
<pin id="45" dir="1" index="0" bw="1" slack="2147483647"/>
</pin_list>
<bind>
<StgValue><ssdm name="_ssdm_op_SpecLoopName"/></StgValue>
</bind>
</comp>

<comp id="46" class="1001" name="const_46">
<pin_list>
<pin id="47" dir="1" index="0" bw="1" slack="2147483647"/>
</pin_list>
<bind>
<StgValue><ssdm name="empty_3"/></StgValue>
</bind>
</comp>

<comp id="48" class="1004" name="in_complex_data_V_read_read_fu_48">
<pin_list>
<pin id="49" dir="0" index="0" bw="64" slack="0"/>
<pin id="50" dir="0" index="1" bw="64" slack="0"/>
<pin id="51" dir="1" index="2" bw="64" slack="1"/>
</pin_list>
<bind>
<opcode="read(1150) " fcode="read"/>
<opset="in_complex_data_V_read/2 "/>
</bind>
</comp>

<comp id="54" class="1004" name="grp_write_fu_54">
<pin_list>
<pin id="55" dir="0" index="0" bw="0" slack="0"/>
<pin id="56" dir="0" index="1" bw="64" slack="0"/>
<pin id="57" dir="0" index="2" bw="64" slack="1"/>
<pin id="58" dir="1" index="3" bw="0" slack="2147483647"/>
</pin_list>
<bind>
<opcode="write(1151) " fcode="write"/>
<opset="write_ln174/3 "/>
</bind>
</comp>

<comp id="61" class="1004" name="grp_write_fu_61">
<pin_list>
<pin id="62" dir="0" index="0" bw="0" slack="0"/>
<pin id="63" dir="0" index="1" bw="64" slack="0"/>
<pin id="64" dir="0" index="2" bw="64" slack="1"/>
<pin id="65" dir="1" index="3" bw="0" slack="2147483647"/>
</pin_list>
<bind>
<opcode="write(1151) " fcode="write"/>
<opset="write_ln174/3 "/>
</bind>
</comp>

<comp id="68" class="1005" name="i_reg_68">
<pin_list>
<pin id="69" dir="0" index="0" bw="11" slack="1"/>
<pin id="70" dir="1" index="1" bw="11" slack="1"/>
</pin_list>
<bind>
<opset="i (phireg) "/>
</bind>
</comp>

<comp id="72" class="1004" name="i_phi_fu_72">
<pin_list>
<pin id="73" dir="0" index="0" bw="1" slack="1"/>
<pin id="74" dir="0" index="1" bw="0" slack="2147483647"/>
<pin id="75" dir="0" index="2" bw="11" slack="0"/>
<pin id="76" dir="0" index="3" bw="0" slack="2147483647"/>
<pin id="77" dir="1" index="4" bw="11" slack="0"/>
</pin_list>
<bind>
<opcode="phi(47) " fcode="phi"/>
<opset="i/2 "/>
</bind>
</comp>

<comp id="79" class="1004" name="i_1_fu_79">
<pin_list>
<pin id="80" dir="0" index="0" bw="11" slack="0"/>
<pin id="81" dir="0" index="1" bw="1" slack="0"/>
<pin id="82" dir="1" index="2" bw="11" slack="0"/>
</pin_list>
<bind>
<opcode="add(8) " fcode="add"/>
<opset="i_1/2 "/>
</bind>
</comp>

<comp id="85" class="1004" name="icmp_ln11_fu_85">
<pin_list>
<pin id="86" dir="0" index="0" bw="11" slack="0"/>
<pin id="87" dir="0" index="1" bw="11" slack="0"/>
<pin id="88" dir="1" index="2" bw="1" slack="1"/>
</pin_list>
<bind>
<opcode="icmp(45) " fcode="icmp"/>
<opset="icmp_ln11/2 "/>
</bind>
</comp>

<comp id="91" class="1005" name="i_1_reg_91">
<pin_list>
<pin id="92" dir="0" index="0" bw="11" slack="0"/>
<pin id="93" dir="1" index="1" bw="11" slack="0"/>
</pin_list>
<bind>
<opset="i_1 "/>
</bind>
</comp>

<comp id="96" class="1005" name="icmp_ln11_reg_96">
<pin_list>
<pin id="97" dir="0" index="0" bw="1" slack="1"/>
<pin id="98" dir="1" index="1" bw="1" slack="2147483647"/>
</pin_list>
<bind>
<opset="icmp_ln11 "/>
</bind>
</comp>

<comp id="100" class="1005" name="in_complex_data_V_read_reg_100">
<pin_list>
<pin id="101" dir="0" index="0" bw="64" slack="1"/>
<pin id="102" dir="1" index="1" bw="64" slack="1"/>
</pin_list>
<bind>
<opset="in_complex_data_V_read "/>
</bind>
</comp>

</comp_list>

<net_list>
<net id="52"><net_src comp="40" pin="0"/><net_sink comp="48" pin=0"/></net>

<net id="53"><net_src comp="0" pin="0"/><net_sink comp="48" pin=1"/></net>

<net id="59"><net_src comp="42" pin="0"/><net_sink comp="54" pin=0"/></net>

<net id="60"><net_src comp="2" pin="0"/><net_sink comp="54" pin=1"/></net>

<net id="66"><net_src comp="42" pin="0"/><net_sink comp="61" pin=0"/></net>

<net id="67"><net_src comp="4" pin="0"/><net_sink comp="61" pin=1"/></net>

<net id="71"><net_src comp="24" pin="0"/><net_sink comp="68" pin=0"/></net>

<net id="78"><net_src comp="68" pin="1"/><net_sink comp="72" pin=0"/></net>

<net id="83"><net_src comp="72" pin="4"/><net_sink comp="79" pin=0"/></net>

<net id="84"><net_src comp="26" pin="0"/><net_sink comp="79" pin=1"/></net>

<net id="89"><net_src comp="72" pin="4"/><net_sink comp="85" pin=0"/></net>

<net id="90"><net_src comp="34" pin="0"/><net_sink comp="85" pin=1"/></net>

<net id="94"><net_src comp="79" pin="2"/><net_sink comp="91" pin=0"/></net>

<net id="95"><net_src comp="91" pin="1"/><net_sink comp="72" pin=2"/></net>

<net id="99"><net_src comp="85" pin="2"/><net_sink comp="96" pin=0"/></net>

<net id="103"><net_src comp="48" pin="2"/><net_sink comp="100" pin=0"/></net>

<net id="104"><net_src comp="100" pin="1"/><net_sink comp="54" pin=2"/></net>

<net id="105"><net_src comp="100" pin="1"/><net_sink comp="61" pin=2"/></net>

</net_list>

</model> 
---------------- Datapath Model END ------------------

* FSMD analyzer results:
  - Output states:
	Port: out_complex_data_1_V | {4 }
	Port: out_complex_data_2_V | {4 }
 - Input state : 
	Port: axi_bottle : in_complex_data_V | {2 }
  - Chain level:
	State 1
	State 2
		i_1 : 1
		icmp_ln11 : 1
		br_ln11 : 2
	State 3
	State 4
	State 5


============================================================
+ Verbose Summary: Datapath Resource usage 
============================================================

* Functional unit list:
|----------|-----------------------------------|---------|---------|
| Operation|          Functional Unit          |    FF   |   LUT   |
|----------|-----------------------------------|---------|---------|
|    add   |             i_1_fu_79             |    0    |    12   |
|----------|-----------------------------------|---------|---------|
|   icmp   |          icmp_ln11_fu_85          |    0    |    11   |
|----------|-----------------------------------|---------|---------|
|   read   | in_complex_data_V_read_read_fu_48 |    0    |    0    |
|----------|-----------------------------------|---------|---------|
|   write  |          grp_write_fu_54          |    0    |    0    |
|          |          grp_write_fu_61          |    0    |    0    |
|----------|-----------------------------------|---------|---------|
|   Total  |                                   |    0    |    23   |
|----------|-----------------------------------|---------|---------|

Memories:
N/A

* Register list:
+------------------------------+--------+
|                              |   FF   |
+------------------------------+--------+
|          i_1_reg_91          |   11   |
|           i_reg_68           |   11   |
|       icmp_ln11_reg_96       |    1   |
|in_complex_data_V_read_reg_100|   64   |
+------------------------------+--------+
|             Total            |   87   |
+------------------------------+--------+

* Multiplexer (MUX) list: 
|--------|------|------|------|--------|
|  Comp  |  Pin | Size |  BW  | S x BW |
|--------|------|------|------|--------|
|  Total |      |      |      |    0   |
|--------|------|------|------|--------|



* Summary:
+-----------+--------+--------+
|           |   FF   |   LUT  |
+-----------+--------+--------+
|  Function |    0   |   23   |
|   Memory  |    -   |    -   |
|Multiplexer|    -   |    -   |
|  Register |   87   |    -   |
+-----------+--------+--------+
|   Total   |   87   |   23   |
+-----------+--------+--------+
