

================================================================
== Vitis HLS Report for 'axi_modulus'
================================================================
* Date:           Tue Jun 11 13:10:19 2024

* Version:        2020.2 (Build 3064766 on Wed Nov 18 09:12:47 MST 2020)
* Project:        axi_modulus
* Solution:       solution1 (Vivado IP Flow Target)
* Product family: zynq
* Target device:  xc7z020-clg400-1


================================================================
== Performance Estimates
================================================================
+ Timing: 
    * Summary: 
    +--------+----------+----------+------------+
    |  Clock |  Target  | Estimated| Uncertainty|
    +--------+----------+----------+------------+
    |ap_clk  |  10.00 ns|  7.256 ns|     2.70 ns|
    +--------+----------+----------+------------+

+ Latency: 
    * Summary: 
    +---------+---------+-----------+-----------+------+------+---------+
    |  Latency (cycles) |   Latency (absolute)  |   Interval  | Pipeline|
    |   min   |   max   |    min    |    max    |  min |  max |   Type  |
    +---------+---------+-----------+-----------+------+------+---------+
    |     1051|     1051|  10.510 us|  10.510 us|  1052|  1052|     none|
    +---------+---------+-----------+-----------+------+------+---------+

    + Detail: 
        * Instance: 
        N/A

        * Loop: 
        +-------------------+---------+---------+----------+-----------+-----------+------+----------+
        |                   |  Latency (cycles) | Iteration|  Initiation Interval  | Trip |          |
        |     Loop Name     |   min   |   max   |  Latency |  achieved |   target  | Count| Pipelined|
        +-------------------+---------+---------+----------+-----------+-----------+------+----------+
        |- VITIS_LOOP_13_1  |     1049|     1049|        27|          1|          1|  1024|       yes|
        +-------------------+---------+---------+----------+-----------+-----------+------+----------+



================================================================
== Utilization Estimates
================================================================
* Summary: 
+-----------------+---------+-----+--------+-------+-----+
|       Name      | BRAM_18K| DSP |   FF   |  LUT  | URAM|
+-----------------+---------+-----+--------+-------+-----+
|DSP              |        -|    -|       -|      -|    -|
|Expression       |        -|    -|       0|     38|    -|
|FIFO             |        -|    -|       -|      -|    -|
|Instance         |        -|    8|     491|   1032|    -|
|Memory           |        -|    -|       -|      -|    -|
|Multiplexer      |        -|    -|       -|     65|    -|
|Register         |        -|    -|     266|     32|    -|
+-----------------+---------+-----+--------+-------+-----+
|Total            |        0|    8|     757|   1167|    0|
+-----------------+---------+-----+--------+-------+-----+
|Available        |      280|  220|  106400|  53200|    0|
+-----------------+---------+-----+--------+-------+-----+
|Utilization (%)  |        0|    3|      ~0|      2|    0|
+-----------------+---------+-----+--------+-------+-----+

+ Detail: 
    * Instance: 
    +-----------------------------------+--------------------------------+---------+----+-----+-----+-----+
    |              Instance             |             Module             | BRAM_18K| DSP|  FF | LUT | URAM|
    +-----------------------------------+--------------------------------+---------+----+-----+-----+-----+
    |fadd_32ns_32ns_32_5_full_dsp_1_U1  |fadd_32ns_32ns_32_5_full_dsp_1  |        0|   2|  205|  390|    0|
    |fmul_32ns_32ns_32_4_max_dsp_1_U2   |fmul_32ns_32ns_32_4_max_dsp_1   |        0|   3|  143|  321|    0|
    |fmul_32ns_32ns_32_4_max_dsp_1_U3   |fmul_32ns_32ns_32_4_max_dsp_1   |        0|   3|  143|  321|    0|
    |fsqrt_32ns_32ns_32_16_no_dsp_1_U4  |fsqrt_32ns_32ns_32_16_no_dsp_1  |        0|   0|    0|    0|    0|
    +-----------------------------------+--------------------------------+---------+----+-----+-----+-----+
    |Total                              |                                |        0|   8|  491| 1032|    0|
    +-----------------------------------+--------------------------------+---------+----+-----+-----+-----+

    * DSP: 
    N/A

    * Memory: 
    N/A

    * FIFO: 
    N/A

    * Expression: 
    +----------------------------------+----------+----+---+----+------------+------------+
    |           Variable Name          | Operation| DSP| FF| LUT| Bitwidth P0| Bitwidth P1|
    +----------------------------------+----------+----+---+----+------------+------------+
    |i_1_fu_95_p2                      |         +|   0|  0|  12|          11|           1|
    |ap_block_state27_io               |       and|   0|  0|   2|           1|           1|
    |ap_block_state28_io               |       and|   0|  0|   2|           1|           1|
    |ap_block_state2_pp0_stage0_iter0  |       and|   0|  0|   2|           1|           1|
    |icmp_ln13_fu_101_p2               |      icmp|   0|  0|  12|          11|          12|
    |ap_block_pp0_stage0_01001         |        or|   0|  0|   2|           1|           1|
    |ap_block_pp0_stage0_11001         |        or|   0|  0|   2|           1|           1|
    |ap_enable_pp0                     |       xor|   0|  0|   2|           1|           2|
    |ap_enable_reg_pp0_iter1           |       xor|   0|  0|   2|           2|           1|
    +----------------------------------+----------+----+---+----+------------+------------+
    |Total                             |          |   0|  0|  38|          30|          21|
    +----------------------------------+----------+----+---+----+------------+------------+

    * Multiplexer: 
    +-------------------------------+----+-----------+-----+-----------+
    |              Name             | LUT| Input Size| Bits| Total Bits|
    +-------------------------------+----+-----------+-----+-----------+
    |ap_NS_fsm                      |  20|          4|    1|          4|
    |ap_enable_reg_pp0_iter1        |   9|          2|    1|          2|
    |ap_enable_reg_pp0_iter26       |   9|          2|    1|          2|
    |i_reg_67                       |   9|          2|   11|         22|
    |in_complex_data_V_TDATA_blk_n  |   9|          2|    1|          2|
    |out_modulus_V_TDATA_blk_n      |   9|          2|    1|          2|
    +-------------------------------+----+-----------+-----+-----------+
    |Total                          |  65|         14|   16|         34|
    +-------------------------------+----+-----------+-----+-----------+

    * Register: 
    +--------------------------+----+----+-----+-----------+
    |           Name           | FF | LUT| Bits| Const Bits|
    +--------------------------+----+----+-----+-----------+
    |ap_CS_fsm                 |   3|   0|    3|          0|
    |ap_enable_reg_pp0_iter0   |   1|   0|    1|          0|
    |ap_enable_reg_pp0_iter1   |   1|   0|    1|          0|
    |ap_enable_reg_pp0_iter10  |   1|   0|    1|          0|
    |ap_enable_reg_pp0_iter11  |   1|   0|    1|          0|
    |ap_enable_reg_pp0_iter12  |   1|   0|    1|          0|
    |ap_enable_reg_pp0_iter13  |   1|   0|    1|          0|
    |ap_enable_reg_pp0_iter14  |   1|   0|    1|          0|
    |ap_enable_reg_pp0_iter15  |   1|   0|    1|          0|
    |ap_enable_reg_pp0_iter16  |   1|   0|    1|          0|
    |ap_enable_reg_pp0_iter17  |   1|   0|    1|          0|
    |ap_enable_reg_pp0_iter18  |   1|   0|    1|          0|
    |ap_enable_reg_pp0_iter19  |   1|   0|    1|          0|
    |ap_enable_reg_pp0_iter2   |   1|   0|    1|          0|
    |ap_enable_reg_pp0_iter20  |   1|   0|    1|          0|
    |ap_enable_reg_pp0_iter21  |   1|   0|    1|          0|
    |ap_enable_reg_pp0_iter22  |   1|   0|    1|          0|
    |ap_enable_reg_pp0_iter23  |   1|   0|    1|          0|
    |ap_enable_reg_pp0_iter24  |   1|   0|    1|          0|
    |ap_enable_reg_pp0_iter25  |   1|   0|    1|          0|
    |ap_enable_reg_pp0_iter26  |   1|   0|    1|          0|
    |ap_enable_reg_pp0_iter3   |   1|   0|    1|          0|
    |ap_enable_reg_pp0_iter4   |   1|   0|    1|          0|
    |ap_enable_reg_pp0_iter5   |   1|   0|    1|          0|
    |ap_enable_reg_pp0_iter6   |   1|   0|    1|          0|
    |ap_enable_reg_pp0_iter7   |   1|   0|    1|          0|
    |ap_enable_reg_pp0_iter8   |   1|   0|    1|          0|
    |ap_enable_reg_pp0_iter9   |   1|   0|    1|          0|
    |i_reg_67                  |  11|   0|   11|          0|
    |icmp_ln13_reg_141         |   1|   0|    1|          0|
    |mul4_reg_172              |  32|   0|   32|          0|
    |mul_reg_167               |  32|   0|   32|          0|
    |trunc_ln145_1_reg_150     |  32|   0|   32|          0|
    |trunc_ln145_reg_145       |  32|   0|   32|          0|
    |x_assign_reg_177          |  32|   0|   32|          0|
    |icmp_ln13_reg_141         |  64|  32|    1|          0|
    +--------------------------+----+----+-----+-----------+
    |Total                     | 266|  32|  203|          0|
    +--------------------------+----+----+-----+-----------+



================================================================
== Interface
================================================================
* Summary: 
+--------------------------+-----+-----+------------+-------------------+--------------+
|         RTL Ports        | Dir | Bits|  Protocol  |   Source Object   |    C Type    |
+--------------------------+-----+-----+------------+-------------------+--------------+
|ap_clk                    |   in|    1|  ap_ctrl_hs|        axi_modulus|  return value|
|ap_rst_n                  |   in|    1|  ap_ctrl_hs|        axi_modulus|  return value|
|ap_start                  |   in|    1|  ap_ctrl_hs|        axi_modulus|  return value|
|ap_done                   |  out|    1|  ap_ctrl_hs|        axi_modulus|  return value|
|ap_idle                   |  out|    1|  ap_ctrl_hs|        axi_modulus|  return value|
|ap_ready                  |  out|    1|  ap_ctrl_hs|        axi_modulus|  return value|
|in_complex_data_V_TDATA   |   in|   64|        axis|  in_complex_data_V|       pointer|
|in_complex_data_V_TVALID  |   in|    1|        axis|  in_complex_data_V|       pointer|
|in_complex_data_V_TREADY  |  out|    1|        axis|  in_complex_data_V|       pointer|
|out_modulus_V_TDATA       |  out|   32|        axis|      out_modulus_V|       pointer|
|out_modulus_V_TVALID      |  out|    1|        axis|      out_modulus_V|       pointer|
|out_modulus_V_TREADY      |   in|    1|        axis|      out_modulus_V|       pointer|
+--------------------------+-----+-----+------------+-------------------+--------------+

============================================================
+ Verbose Summary: Synthesis Manager
============================================================
InlineROM: 1
ExposeGlobal: 0
============================================================
+ Verbose Summary: CDFG Model
============================================================
IsTopModel: 1
ResetActiveHigh: 1
IsCombinational: 2
IsDatapathOnly: 2
HasWiredReturn: 1
HasMFsm: 0
HasVarLatency: 1
IsPipeline: 0
IsRtlPipelined: 0
IsInstanceOverlapped: 0
IsDontTouch: 0
HasImplIP: 0
IsGatedGlobalClock: 0

+ Individual pipeline summary: 
  * Pipeline-0: initiation interval (II) = 1, depth = 27


============================================================
+ Verbose Summary: Schedule
============================================================
* Number of FSM states : 29
* Pipeline : 1
  Pipeline-0 : II = 1, D = 27, States = { 2 3 4 5 6 7 8 9 10 11 12 13 14 15 16 17 18 19 20 21 22 23 24 25 26 27 28 }
* Dataflow Pipeline: 0

* FSM state transitions: 
1 --> 2 
2 --> 29 3 
3 --> 4 
4 --> 5 
5 --> 6 
6 --> 7 
7 --> 8 
8 --> 9 
9 --> 10 
10 --> 11 
11 --> 12 
12 --> 13 
13 --> 14 
14 --> 15 
15 --> 16 
16 --> 17 
17 --> 18 
18 --> 19 
19 --> 20 
20 --> 21 
21 --> 22 
22 --> 23 
23 --> 24 
24 --> 25 
25 --> 26 
26 --> 27 
27 --> 28 
28 --> 2 
29 --> 

* FSM state operations: 

State 1 <SV = 0> <Delay = 1.58>
ST_1 : Operation 30 [1/1] (0.00ns)   --->   "%spectopmodule_ln0 = spectopmodule void @_ssdm_op_SpecTopModule, void @empty_2"   --->   Operation 30 'spectopmodule' 'spectopmodule_ln0' <Predicate = true> <Delay = 0.00>
ST_1 : Operation 31 [1/1] (0.00ns)   --->   "%specinterface_ln0 = specinterface void @_ssdm_op_SpecInterface, i64 %in_complex_data_V, void @empty, i32 1, i32 1, void @empty_0, i32 0, i32 0, void @empty_1, void @empty_1, void @empty_1, i32 0, i32 0, i32 0, i32 0, void @empty_1, void @empty_1"   --->   Operation 31 'specinterface' 'specinterface_ln0' <Predicate = true> <Delay = 0.00>
ST_1 : Operation 32 [1/1] (0.00ns)   --->   "%specbitsmap_ln0 = specbitsmap void @_ssdm_op_SpecBitsMap, i64 %in_complex_data_V"   --->   Operation 32 'specbitsmap' 'specbitsmap_ln0' <Predicate = true> <Delay = 0.00>
ST_1 : Operation 33 [1/1] (0.00ns)   --->   "%specinterface_ln0 = specinterface void @_ssdm_op_SpecInterface, i32 %out_modulus_V, void @empty, i32 1, i32 1, void @empty_0, i32 0, i32 0, void @empty_1, void @empty_1, void @empty_1, i32 0, i32 0, i32 0, i32 0, void @empty_1, void @empty_1"   --->   Operation 33 'specinterface' 'specinterface_ln0' <Predicate = true> <Delay = 0.00>
ST_1 : Operation 34 [1/1] (0.00ns)   --->   "%specbitsmap_ln0 = specbitsmap void @_ssdm_op_SpecBitsMap, i32 %out_modulus_V"   --->   Operation 34 'specbitsmap' 'specbitsmap_ln0' <Predicate = true> <Delay = 0.00>
ST_1 : Operation 35 [1/1] (1.58ns)   --->   "%br_ln13 = br void" [axi_modulus/axi_modulus.cpp:13]   --->   Operation 35 'br' 'br_ln13' <Predicate = true> <Delay = 1.58>

State 2 <SV = 1> <Delay = 1.88>
ST_2 : Operation 36 [1/1] (0.00ns)   --->   "%i = phi i11 0, void, i11 %i_1, void %.split"   --->   Operation 36 'phi' 'i' <Predicate = true> <Delay = 0.00>
ST_2 : Operation 37 [1/1] (1.63ns)   --->   "%i_1 = add i11 %i, i11 1" [axi_modulus/axi_modulus.cpp:13]   --->   Operation 37 'add' 'i_1' <Predicate = true> <Delay = 1.63> <CoreInst = "Adder">   --->   Core 1 'Adder' <Latency = 0> <II = 1> <Delay = 1.63> <FuncUnit> <Opcode : 'add' 'sub'> <InPorts = 2> <OutPorts = 1>
ST_2 : Operation 38 [1/1] (0.00ns)   --->   "%specpipeline_ln0 = specpipeline void @_ssdm_op_SpecPipeline, i32 4294967295, i32 0, i32 1, i32 0, void @p_str"   --->   Operation 38 'specpipeline' 'specpipeline_ln0' <Predicate = true> <Delay = 0.00>
ST_2 : Operation 39 [1/1] (1.88ns)   --->   "%icmp_ln13 = icmp_eq  i11 %i, i11 1024" [axi_modulus/axi_modulus.cpp:13]   --->   Operation 39 'icmp' 'icmp_ln13' <Predicate = true> <Delay = 1.88> <CoreInst = "Cmp">   --->   Core 9 'Cmp' <Latency = 0> <II = 1> <Delay = 1.99> <FuncUnit> <Opcode : 'icmp'> <InPorts = 2> <OutPorts = 1>
ST_2 : Operation 40 [1/1] (0.00ns)   --->   "%empty = speclooptripcount i32 @_ssdm_op_SpecLoopTripCount, i64 1024, i64 1024, i64 1024"   --->   Operation 40 'speclooptripcount' 'empty' <Predicate = true> <Delay = 0.00>
ST_2 : Operation 41 [1/1] (0.00ns)   --->   "%br_ln13 = br i1 %icmp_ln13, void %.split, void" [axi_modulus/axi_modulus.cpp:13]   --->   Operation 41 'br' 'br_ln13' <Predicate = true> <Delay = 0.00>
ST_2 : Operation 42 [1/1] (0.00ns)   --->   "%in_complex_data_V_read = read i64 @_ssdm_op_Read.axis.volatile.i64P128A, i64 %in_complex_data_V" [/opt/Xilinx/Vitis_HLS/2020.2/common/technology/autopilot/hls_stream_39.h:145]   --->   Operation 42 'read' 'in_complex_data_V_read' <Predicate = (!icmp_ln13)> <Delay = 0.00> <CoreInst = "axis">   --->   Core 115 'axis' <Latency = 0> <II = 1> <Delay = 1.00> <Adapter> <Opcode : >
ST_2 : Operation 43 [1/1] (0.00ns)   --->   "%trunc_ln145 = trunc i64 %in_complex_data_V_read" [/opt/Xilinx/Vitis_HLS/2020.2/common/technology/autopilot/hls_stream_39.h:145]   --->   Operation 43 'trunc' 'trunc_ln145' <Predicate = (!icmp_ln13)> <Delay = 0.00>
ST_2 : Operation 44 [1/1] (0.00ns)   --->   "%trunc_ln145_1 = partselect i32 @_ssdm_op_PartSelect.i32.i64.i32.i32, i64 %in_complex_data_V_read, i32 32, i32 63" [/opt/Xilinx/Vitis_HLS/2020.2/common/technology/autopilot/hls_stream_39.h:145]   --->   Operation 44 'partselect' 'trunc_ln145_1' <Predicate = (!icmp_ln13)> <Delay = 0.00>

State 3 <SV = 2> <Delay = 5.70>
ST_3 : Operation 45 [1/1] (0.00ns)   --->   "%tmp_M_value = bitcast i32 %trunc_ln145" [/opt/Xilinx/Vitis_HLS/2020.2/common/technology/autopilot/hls_stream_39.h:145]   --->   Operation 45 'bitcast' 'tmp_M_value' <Predicate = (!icmp_ln13)> <Delay = 0.00>
ST_3 : Operation 46 [1/1] (0.00ns)   --->   "%tmp_M_value_1 = bitcast i32 %trunc_ln145_1" [/opt/Xilinx/Vitis_HLS/2020.2/common/technology/autopilot/hls_stream_39.h:145]   --->   Operation 46 'bitcast' 'tmp_M_value_1' <Predicate = (!icmp_ln13)> <Delay = 0.00>
ST_3 : Operation 47 [4/4] (5.70ns)   --->   "%mul = fmul i32 %tmp_M_value, i32 %tmp_M_value" [axi_modulus/axi_modulus.cpp:17]   --->   Operation 47 'fmul' 'mul' <Predicate = (!icmp_ln13)> <Delay = 5.70> <CoreInst = "FMul_maxdsp">   --->   Core 30 'FMul_maxdsp' <Latency = 3> <II = 1> <Delay = 5.70> <FuncUnit> <Opcode : 'fmul'> <InPorts = 2> <OutPorts = 1>
ST_3 : Operation 48 [4/4] (5.70ns)   --->   "%mul4 = fmul i32 %tmp_M_value_1, i32 %tmp_M_value_1" [axi_modulus/axi_modulus.cpp:17]   --->   Operation 48 'fmul' 'mul4' <Predicate = (!icmp_ln13)> <Delay = 5.70> <CoreInst = "FMul_maxdsp">   --->   Core 30 'FMul_maxdsp' <Latency = 3> <II = 1> <Delay = 5.70> <FuncUnit> <Opcode : 'fmul'> <InPorts = 2> <OutPorts = 1>

State 4 <SV = 3> <Delay = 5.70>
ST_4 : Operation 49 [3/4] (5.70ns)   --->   "%mul = fmul i32 %tmp_M_value, i32 %tmp_M_value" [axi_modulus/axi_modulus.cpp:17]   --->   Operation 49 'fmul' 'mul' <Predicate = (!icmp_ln13)> <Delay = 5.70> <CoreInst = "FMul_maxdsp">   --->   Core 30 'FMul_maxdsp' <Latency = 3> <II = 1> <Delay = 5.70> <FuncUnit> <Opcode : 'fmul'> <InPorts = 2> <OutPorts = 1>
ST_4 : Operation 50 [3/4] (5.70ns)   --->   "%mul4 = fmul i32 %tmp_M_value_1, i32 %tmp_M_value_1" [axi_modulus/axi_modulus.cpp:17]   --->   Operation 50 'fmul' 'mul4' <Predicate = (!icmp_ln13)> <Delay = 5.70> <CoreInst = "FMul_maxdsp">   --->   Core 30 'FMul_maxdsp' <Latency = 3> <II = 1> <Delay = 5.70> <FuncUnit> <Opcode : 'fmul'> <InPorts = 2> <OutPorts = 1>

State 5 <SV = 4> <Delay = 5.70>
ST_5 : Operation 51 [2/4] (5.70ns)   --->   "%mul = fmul i32 %tmp_M_value, i32 %tmp_M_value" [axi_modulus/axi_modulus.cpp:17]   --->   Operation 51 'fmul' 'mul' <Predicate = (!icmp_ln13)> <Delay = 5.70> <CoreInst = "FMul_maxdsp">   --->   Core 30 'FMul_maxdsp' <Latency = 3> <II = 1> <Delay = 5.70> <FuncUnit> <Opcode : 'fmul'> <InPorts = 2> <OutPorts = 1>
ST_5 : Operation 52 [2/4] (5.70ns)   --->   "%mul4 = fmul i32 %tmp_M_value_1, i32 %tmp_M_value_1" [axi_modulus/axi_modulus.cpp:17]   --->   Operation 52 'fmul' 'mul4' <Predicate = (!icmp_ln13)> <Delay = 5.70> <CoreInst = "FMul_maxdsp">   --->   Core 30 'FMul_maxdsp' <Latency = 3> <II = 1> <Delay = 5.70> <FuncUnit> <Opcode : 'fmul'> <InPorts = 2> <OutPorts = 1>

State 6 <SV = 5> <Delay = 5.70>
ST_6 : Operation 53 [1/4] (5.70ns)   --->   "%mul = fmul i32 %tmp_M_value, i32 %tmp_M_value" [axi_modulus/axi_modulus.cpp:17]   --->   Operation 53 'fmul' 'mul' <Predicate = (!icmp_ln13)> <Delay = 5.70> <CoreInst = "FMul_maxdsp">   --->   Core 30 'FMul_maxdsp' <Latency = 3> <II = 1> <Delay = 5.70> <FuncUnit> <Opcode : 'fmul'> <InPorts = 2> <OutPorts = 1>
ST_6 : Operation 54 [1/4] (5.70ns)   --->   "%mul4 = fmul i32 %tmp_M_value_1, i32 %tmp_M_value_1" [axi_modulus/axi_modulus.cpp:17]   --->   Operation 54 'fmul' 'mul4' <Predicate = (!icmp_ln13)> <Delay = 5.70> <CoreInst = "FMul_maxdsp">   --->   Core 30 'FMul_maxdsp' <Latency = 3> <II = 1> <Delay = 5.70> <FuncUnit> <Opcode : 'fmul'> <InPorts = 2> <OutPorts = 1>

State 7 <SV = 6> <Delay = 7.25>
ST_7 : Operation 55 [5/5] (7.25ns)   --->   "%x_assign = fadd i32 %mul, i32 %mul4" [axi_modulus/axi_modulus.cpp:17]   --->   Operation 55 'fadd' 'x_assign' <Predicate = (!icmp_ln13)> <Delay = 7.25> <CoreInst = "FAddSub_fulldsp">   --->   Core 18 'FAddSub_fulldsp' <Latency = 4> <II = 1> <Delay = 7.25> <FuncUnit> <Opcode : 'fadd' 'fsub'> <InPorts = 2> <OutPorts = 1>

State 8 <SV = 7> <Delay = 7.25>
ST_8 : Operation 56 [4/5] (7.25ns)   --->   "%x_assign = fadd i32 %mul, i32 %mul4" [axi_modulus/axi_modulus.cpp:17]   --->   Operation 56 'fadd' 'x_assign' <Predicate = (!icmp_ln13)> <Delay = 7.25> <CoreInst = "FAddSub_fulldsp">   --->   Core 18 'FAddSub_fulldsp' <Latency = 4> <II = 1> <Delay = 7.25> <FuncUnit> <Opcode : 'fadd' 'fsub'> <InPorts = 2> <OutPorts = 1>

State 9 <SV = 8> <Delay = 7.25>
ST_9 : Operation 57 [3/5] (7.25ns)   --->   "%x_assign = fadd i32 %mul, i32 %mul4" [axi_modulus/axi_modulus.cpp:17]   --->   Operation 57 'fadd' 'x_assign' <Predicate = (!icmp_ln13)> <Delay = 7.25> <CoreInst = "FAddSub_fulldsp">   --->   Core 18 'FAddSub_fulldsp' <Latency = 4> <II = 1> <Delay = 7.25> <FuncUnit> <Opcode : 'fadd' 'fsub'> <InPorts = 2> <OutPorts = 1>

State 10 <SV = 9> <Delay = 7.25>
ST_10 : Operation 58 [2/5] (7.25ns)   --->   "%x_assign = fadd i32 %mul, i32 %mul4" [axi_modulus/axi_modulus.cpp:17]   --->   Operation 58 'fadd' 'x_assign' <Predicate = (!icmp_ln13)> <Delay = 7.25> <CoreInst = "FAddSub_fulldsp">   --->   Core 18 'FAddSub_fulldsp' <Latency = 4> <II = 1> <Delay = 7.25> <FuncUnit> <Opcode : 'fadd' 'fsub'> <InPorts = 2> <OutPorts = 1>

State 11 <SV = 10> <Delay = 7.25>
ST_11 : Operation 59 [1/5] (7.25ns)   --->   "%x_assign = fadd i32 %mul, i32 %mul4" [axi_modulus/axi_modulus.cpp:17]   --->   Operation 59 'fadd' 'x_assign' <Predicate = (!icmp_ln13)> <Delay = 7.25> <CoreInst = "FAddSub_fulldsp">   --->   Core 18 'FAddSub_fulldsp' <Latency = 4> <II = 1> <Delay = 7.25> <FuncUnit> <Opcode : 'fadd' 'fsub'> <InPorts = 2> <OutPorts = 1>

State 12 <SV = 11> <Delay = 6.23>
ST_12 : Operation 60 [16/16] (6.23ns)   --->   "%modulus = fsqrt i32 @llvm.sqrt.f32, i32 %x_assign" [/wrk/ci/prod/2020.2/rdi_builds/continuous/2020_11_18_3064766/src/shared/hls/clib/hlsmath/src/c++/sqrtfloat.cpp:13]   --->   Operation 60 'fsqrt' 'modulus' <Predicate = (!icmp_ln13)> <Delay = 6.23> <CoreInst = "FSqrt">   --->   Core 35 'FSqrt' <Latency = 15> <II = 1> <Delay = 6.23> <FuncUnit> <Opcode : 'fsqrt'> <InPorts = 1> <OutPorts = 1>

State 13 <SV = 12> <Delay = 6.23>
ST_13 : Operation 61 [15/16] (6.23ns)   --->   "%modulus = fsqrt i32 @llvm.sqrt.f32, i32 %x_assign" [/wrk/ci/prod/2020.2/rdi_builds/continuous/2020_11_18_3064766/src/shared/hls/clib/hlsmath/src/c++/sqrtfloat.cpp:13]   --->   Operation 61 'fsqrt' 'modulus' <Predicate = (!icmp_ln13)> <Delay = 6.23> <CoreInst = "FSqrt">   --->   Core 35 'FSqrt' <Latency = 15> <II = 1> <Delay = 6.23> <FuncUnit> <Opcode : 'fsqrt'> <InPorts = 1> <OutPorts = 1>

State 14 <SV = 13> <Delay = 6.23>
ST_14 : Operation 62 [14/16] (6.23ns)   --->   "%modulus = fsqrt i32 @llvm.sqrt.f32, i32 %x_assign" [/wrk/ci/prod/2020.2/rdi_builds/continuous/2020_11_18_3064766/src/shared/hls/clib/hlsmath/src/c++/sqrtfloat.cpp:13]   --->   Operation 62 'fsqrt' 'modulus' <Predicate = (!icmp_ln13)> <Delay = 6.23> <CoreInst = "FSqrt">   --->   Core 35 'FSqrt' <Latency = 15> <II = 1> <Delay = 6.23> <FuncUnit> <Opcode : 'fsqrt'> <InPorts = 1> <OutPorts = 1>

State 15 <SV = 14> <Delay = 6.23>
ST_15 : Operation 63 [13/16] (6.23ns)   --->   "%modulus = fsqrt i32 @llvm.sqrt.f32, i32 %x_assign" [/wrk/ci/prod/2020.2/rdi_builds/continuous/2020_11_18_3064766/src/shared/hls/clib/hlsmath/src/c++/sqrtfloat.cpp:13]   --->   Operation 63 'fsqrt' 'modulus' <Predicate = (!icmp_ln13)> <Delay = 6.23> <CoreInst = "FSqrt">   --->   Core 35 'FSqrt' <Latency = 15> <II = 1> <Delay = 6.23> <FuncUnit> <Opcode : 'fsqrt'> <InPorts = 1> <OutPorts = 1>

State 16 <SV = 15> <Delay = 6.23>
ST_16 : Operation 64 [12/16] (6.23ns)   --->   "%modulus = fsqrt i32 @llvm.sqrt.f32, i32 %x_assign" [/wrk/ci/prod/2020.2/rdi_builds/continuous/2020_11_18_3064766/src/shared/hls/clib/hlsmath/src/c++/sqrtfloat.cpp:13]   --->   Operation 64 'fsqrt' 'modulus' <Predicate = (!icmp_ln13)> <Delay = 6.23> <CoreInst = "FSqrt">   --->   Core 35 'FSqrt' <Latency = 15> <II = 1> <Delay = 6.23> <FuncUnit> <Opcode : 'fsqrt'> <InPorts = 1> <OutPorts = 1>

State 17 <SV = 16> <Delay = 6.23>
ST_17 : Operation 65 [11/16] (6.23ns)   --->   "%modulus = fsqrt i32 @llvm.sqrt.f32, i32 %x_assign" [/wrk/ci/prod/2020.2/rdi_builds/continuous/2020_11_18_3064766/src/shared/hls/clib/hlsmath/src/c++/sqrtfloat.cpp:13]   --->   Operation 65 'fsqrt' 'modulus' <Predicate = (!icmp_ln13)> <Delay = 6.23> <CoreInst = "FSqrt">   --->   Core 35 'FSqrt' <Latency = 15> <II = 1> <Delay = 6.23> <FuncUnit> <Opcode : 'fsqrt'> <InPorts = 1> <OutPorts = 1>

State 18 <SV = 17> <Delay = 6.23>
ST_18 : Operation 66 [10/16] (6.23ns)   --->   "%modulus = fsqrt i32 @llvm.sqrt.f32, i32 %x_assign" [/wrk/ci/prod/2020.2/rdi_builds/continuous/2020_11_18_3064766/src/shared/hls/clib/hlsmath/src/c++/sqrtfloat.cpp:13]   --->   Operation 66 'fsqrt' 'modulus' <Predicate = (!icmp_ln13)> <Delay = 6.23> <CoreInst = "FSqrt">   --->   Core 35 'FSqrt' <Latency = 15> <II = 1> <Delay = 6.23> <FuncUnit> <Opcode : 'fsqrt'> <InPorts = 1> <OutPorts = 1>

State 19 <SV = 18> <Delay = 6.23>
ST_19 : Operation 67 [9/16] (6.23ns)   --->   "%modulus = fsqrt i32 @llvm.sqrt.f32, i32 %x_assign" [/wrk/ci/prod/2020.2/rdi_builds/continuous/2020_11_18_3064766/src/shared/hls/clib/hlsmath/src/c++/sqrtfloat.cpp:13]   --->   Operation 67 'fsqrt' 'modulus' <Predicate = (!icmp_ln13)> <Delay = 6.23> <CoreInst = "FSqrt">   --->   Core 35 'FSqrt' <Latency = 15> <II = 1> <Delay = 6.23> <FuncUnit> <Opcode : 'fsqrt'> <InPorts = 1> <OutPorts = 1>

State 20 <SV = 19> <Delay = 6.23>
ST_20 : Operation 68 [8/16] (6.23ns)   --->   "%modulus = fsqrt i32 @llvm.sqrt.f32, i32 %x_assign" [/wrk/ci/prod/2020.2/rdi_builds/continuous/2020_11_18_3064766/src/shared/hls/clib/hlsmath/src/c++/sqrtfloat.cpp:13]   --->   Operation 68 'fsqrt' 'modulus' <Predicate = (!icmp_ln13)> <Delay = 6.23> <CoreInst = "FSqrt">   --->   Core 35 'FSqrt' <Latency = 15> <II = 1> <Delay = 6.23> <FuncUnit> <Opcode : 'fsqrt'> <InPorts = 1> <OutPorts = 1>

State 21 <SV = 20> <Delay = 6.23>
ST_21 : Operation 69 [7/16] (6.23ns)   --->   "%modulus = fsqrt i32 @llvm.sqrt.f32, i32 %x_assign" [/wrk/ci/prod/2020.2/rdi_builds/continuous/2020_11_18_3064766/src/shared/hls/clib/hlsmath/src/c++/sqrtfloat.cpp:13]   --->   Operation 69 'fsqrt' 'modulus' <Predicate = (!icmp_ln13)> <Delay = 6.23> <CoreInst = "FSqrt">   --->   Core 35 'FSqrt' <Latency = 15> <II = 1> <Delay = 6.23> <FuncUnit> <Opcode : 'fsqrt'> <InPorts = 1> <OutPorts = 1>

State 22 <SV = 21> <Delay = 6.23>
ST_22 : Operation 70 [6/16] (6.23ns)   --->   "%modulus = fsqrt i32 @llvm.sqrt.f32, i32 %x_assign" [/wrk/ci/prod/2020.2/rdi_builds/continuous/2020_11_18_3064766/src/shared/hls/clib/hlsmath/src/c++/sqrtfloat.cpp:13]   --->   Operation 70 'fsqrt' 'modulus' <Predicate = (!icmp_ln13)> <Delay = 6.23> <CoreInst = "FSqrt">   --->   Core 35 'FSqrt' <Latency = 15> <II = 1> <Delay = 6.23> <FuncUnit> <Opcode : 'fsqrt'> <InPorts = 1> <OutPorts = 1>

State 23 <SV = 22> <Delay = 6.23>
ST_23 : Operation 71 [5/16] (6.23ns)   --->   "%modulus = fsqrt i32 @llvm.sqrt.f32, i32 %x_assign" [/wrk/ci/prod/2020.2/rdi_builds/continuous/2020_11_18_3064766/src/shared/hls/clib/hlsmath/src/c++/sqrtfloat.cpp:13]   --->   Operation 71 'fsqrt' 'modulus' <Predicate = (!icmp_ln13)> <Delay = 6.23> <CoreInst = "FSqrt">   --->   Core 35 'FSqrt' <Latency = 15> <II = 1> <Delay = 6.23> <FuncUnit> <Opcode : 'fsqrt'> <InPorts = 1> <OutPorts = 1>

State 24 <SV = 23> <Delay = 6.23>
ST_24 : Operation 72 [4/16] (6.23ns)   --->   "%modulus = fsqrt i32 @llvm.sqrt.f32, i32 %x_assign" [/wrk/ci/prod/2020.2/rdi_builds/continuous/2020_11_18_3064766/src/shared/hls/clib/hlsmath/src/c++/sqrtfloat.cpp:13]   --->   Operation 72 'fsqrt' 'modulus' <Predicate = (!icmp_ln13)> <Delay = 6.23> <CoreInst = "FSqrt">   --->   Core 35 'FSqrt' <Latency = 15> <II = 1> <Delay = 6.23> <FuncUnit> <Opcode : 'fsqrt'> <InPorts = 1> <OutPorts = 1>

State 25 <SV = 24> <Delay = 6.23>
ST_25 : Operation 73 [3/16] (6.23ns)   --->   "%modulus = fsqrt i32 @llvm.sqrt.f32, i32 %x_assign" [/wrk/ci/prod/2020.2/rdi_builds/continuous/2020_11_18_3064766/src/shared/hls/clib/hlsmath/src/c++/sqrtfloat.cpp:13]   --->   Operation 73 'fsqrt' 'modulus' <Predicate = (!icmp_ln13)> <Delay = 6.23> <CoreInst = "FSqrt">   --->   Core 35 'FSqrt' <Latency = 15> <II = 1> <Delay = 6.23> <FuncUnit> <Opcode : 'fsqrt'> <InPorts = 1> <OutPorts = 1>

State 26 <SV = 25> <Delay = 6.23>
ST_26 : Operation 74 [2/16] (6.23ns)   --->   "%modulus = fsqrt i32 @llvm.sqrt.f32, i32 %x_assign" [/wrk/ci/prod/2020.2/rdi_builds/continuous/2020_11_18_3064766/src/shared/hls/clib/hlsmath/src/c++/sqrtfloat.cpp:13]   --->   Operation 74 'fsqrt' 'modulus' <Predicate = (!icmp_ln13)> <Delay = 6.23> <CoreInst = "FSqrt">   --->   Core 35 'FSqrt' <Latency = 15> <II = 1> <Delay = 6.23> <FuncUnit> <Opcode : 'fsqrt'> <InPorts = 1> <OutPorts = 1>

State 27 <SV = 26> <Delay = 6.23>
ST_27 : Operation 75 [1/16] (6.23ns)   --->   "%modulus = fsqrt i32 @llvm.sqrt.f32, i32 %x_assign" [/wrk/ci/prod/2020.2/rdi_builds/continuous/2020_11_18_3064766/src/shared/hls/clib/hlsmath/src/c++/sqrtfloat.cpp:13]   --->   Operation 75 'fsqrt' 'modulus' <Predicate = (!icmp_ln13)> <Delay = 6.23> <CoreInst = "FSqrt">   --->   Core 35 'FSqrt' <Latency = 15> <II = 1> <Delay = 6.23> <FuncUnit> <Opcode : 'fsqrt'> <InPorts = 1> <OutPorts = 1>
ST_27 : Operation 76 [1/1] (0.00ns)   --->   "%bitcast_ln174 = bitcast i32 %modulus" [/opt/Xilinx/Vitis_HLS/2020.2/common/technology/autopilot/hls_stream_39.h:174]   --->   Operation 76 'bitcast' 'bitcast_ln174' <Predicate = (!icmp_ln13)> <Delay = 0.00>
ST_27 : Operation 77 [2/2] (0.00ns)   --->   "%write_ln174 = write void @_ssdm_op_Write.axis.volatile.i32P128A, i32 %out_modulus_V, i32 %bitcast_ln174" [/opt/Xilinx/Vitis_HLS/2020.2/common/technology/autopilot/hls_stream_39.h:174]   --->   Operation 77 'write' 'write_ln174' <Predicate = (!icmp_ln13)> <Delay = 0.00> <CoreInst = "axis">   --->   Core 115 'axis' <Latency = 0> <II = 1> <Delay = 1.00> <Adapter> <Opcode : >

State 28 <SV = 27> <Delay = 0.00>
ST_28 : Operation 78 [1/1] (0.00ns)   --->   "%specloopname_ln0 = specloopname void @_ssdm_op_SpecLoopName, void @empty_3" [/opt/Xilinx/Vitis_HLS/2020.2/common/technology/autopilot/hls_stream_39.h:0]   --->   Operation 78 'specloopname' 'specloopname_ln0' <Predicate = (!icmp_ln13)> <Delay = 0.00>
ST_28 : Operation 79 [1/2] (0.00ns)   --->   "%write_ln174 = write void @_ssdm_op_Write.axis.volatile.i32P128A, i32 %out_modulus_V, i32 %bitcast_ln174" [/opt/Xilinx/Vitis_HLS/2020.2/common/technology/autopilot/hls_stream_39.h:174]   --->   Operation 79 'write' 'write_ln174' <Predicate = (!icmp_ln13)> <Delay = 0.00> <CoreInst = "axis">   --->   Core 115 'axis' <Latency = 0> <II = 1> <Delay = 1.00> <Adapter> <Opcode : >
ST_28 : Operation 80 [1/1] (0.00ns)   --->   "%br_ln0 = br void"   --->   Operation 80 'br' 'br_ln0' <Predicate = (!icmp_ln13)> <Delay = 0.00>

State 29 <SV = 2> <Delay = 0.00>
ST_29 : Operation 81 [1/1] (0.00ns)   --->   "%ret_ln21 = ret" [axi_modulus/axi_modulus.cpp:21]   --->   Operation 81 'ret' 'ret_ln21' <Predicate = true> <Delay = 0.00>


============================================================
+ Verbose Summary: Binding
============================================================
STG Binding: 
---------------- STG Properties BEGIN ----------------
- Is combinational: 0
- Is one-state seq: 0
- Is datapath-only: 0
- Is pipelined: 0
- Is top level: 1
Port [ Return ] is wired: 1; IO mode=ap_ctrl_hs:ce=0
Port [ in_complex_data_V]:  wired=1; compound=1; hidden=0; nouse=0; global=0; static=0; extern=0; dir=0; type=0; pingpong=0; private_global=0; IO mode=axis:ce=0
Port [ out_modulus_V]:  wired=1; compound=1; hidden=0; nouse=0; global=0; static=0; extern=0; dir=1; type=0; pingpong=0; private_global=0; IO mode=axis:ce=0
---------------- STG Properties END ------------------

---------------- Datapath Model BEGIN ----------------

<LifeTime>
<method=bitvector/>
spectopmodule_ln0      (spectopmodule    ) [ 000000000000000000000000000000]
specinterface_ln0      (specinterface    ) [ 000000000000000000000000000000]
specbitsmap_ln0        (specbitsmap      ) [ 000000000000000000000000000000]
specinterface_ln0      (specinterface    ) [ 000000000000000000000000000000]
specbitsmap_ln0        (specbitsmap      ) [ 000000000000000000000000000000]
br_ln13                (br               ) [ 011111111111111111111111111110]
i                      (phi              ) [ 001000000000000000000000000000]
i_1                    (add              ) [ 011111111111111111111111111110]
specpipeline_ln0       (specpipeline     ) [ 000000000000000000000000000000]
icmp_ln13              (icmp             ) [ 001111111111111111111111111110]
empty                  (speclooptripcount) [ 000000000000000000000000000000]
br_ln13                (br               ) [ 000000000000000000000000000000]
in_complex_data_V_read (read             ) [ 000000000000000000000000000000]
trunc_ln145            (trunc            ) [ 001100000000000000000000000000]
trunc_ln145_1          (partselect       ) [ 001100000000000000000000000000]
tmp_M_value            (bitcast          ) [ 001011100000000000000000000000]
tmp_M_value_1          (bitcast          ) [ 001011100000000000000000000000]
mul                    (fmul             ) [ 001000011111000000000000000000]
mul4                   (fmul             ) [ 001000011111000000000000000000]
x_assign               (fadd             ) [ 001000000000111111111111111100]
modulus                (fsqrt            ) [ 000000000000000000000000000000]
bitcast_ln174          (bitcast          ) [ 001000000000000000000000000010]
specloopname_ln0       (specloopname     ) [ 000000000000000000000000000000]
write_ln174            (write            ) [ 000000000000000000000000000000]
br_ln0                 (br               ) [ 011111111111111111111111111110]
ret_ln21               (ret              ) [ 000000000000000000000000000000]
</LifeTime>

<model>

<comp_list>
<comp id="0" class="1000" name="in_complex_data_V">
<pin_list>
<pin id="1" dir="1" index="0" bw="1" slack="0"/>
</pin_list>
<bind>
<StgValue><ssdm name="in_complex_data_V"/></StgValue>
</bind>
</comp>

<comp id="2" class="1000" name="out_modulus_V">
<pin_list>
<pin id="3" dir="1" index="0" bw="1" slack="0"/>
</pin_list>
<bind>
<StgValue><ssdm name="out_modulus_V"/></StgValue>
</bind>
</comp>

<comp id="4" class="1001" name="const_4">
<pin_list>
<pin id="5" dir="1" index="0" bw="1" slack="2147483647"/>
</pin_list>
<bind>
<StgValue><ssdm name="_ssdm_op_SpecTopModule"/></StgValue>
</bind>
</comp>

<comp id="6" class="1001" name="const_6">
<pin_list>
<pin id="7" dir="1" index="0" bw="1" slack="2147483647"/>
</pin_list>
<bind>
<StgValue><ssdm name="empty_2"/></StgValue>
</bind>
</comp>

<comp id="8" class="1001" name="const_8">
<pin_list>
<pin id="9" dir="1" index="0" bw="1" slack="2147483647"/>
</pin_list>
<bind>
<StgValue><ssdm name="_ssdm_op_SpecInterface"/></StgValue>
</bind>
</comp>

<comp id="10" class="1001" name="const_10">
<pin_list>
<pin id="11" dir="1" index="0" bw="1" slack="2147483647"/>
</pin_list>
<bind>
<StgValue><ssdm name="empty"/></StgValue>
</bind>
</comp>

<comp id="12" class="1001" name="const_12">
<pin_list>
<pin id="13" dir="1" index="0" bw="1" slack="2147483647"/>
</pin_list>
<bind>
<StgValue><ssdm name=""/></StgValue>
</bind>
</comp>

<comp id="14" class="1001" name="const_14">
<pin_list>
<pin id="15" dir="1" index="0" bw="1" slack="2147483647"/>
</pin_list>
<bind>
<StgValue><ssdm name="empty_0"/></StgValue>
</bind>
</comp>

<comp id="16" class="1001" name="const_16">
<pin_list>
<pin id="17" dir="1" index="0" bw="1" slack="2147483647"/>
</pin_list>
<bind>
<StgValue><ssdm name=""/></StgValue>
</bind>
</comp>

<comp id="18" class="1001" name="const_18">
<pin_list>
<pin id="19" dir="1" index="0" bw="1" slack="2147483647"/>
</pin_list>
<bind>
<StgValue><ssdm name="empty_1"/></StgValue>
</bind>
</comp>

<comp id="20" class="1001" name="const_20">
<pin_list>
<pin id="21" dir="1" index="0" bw="1" slack="2147483647"/>
</pin_list>
<bind>
<StgValue><ssdm name="_ssdm_op_SpecBitsMap"/></StgValue>
</bind>
</comp>

<comp id="22" class="1001" name="const_22">
<pin_list>
<pin id="23" dir="1" index="0" bw="1" slack="1"/>
</pin_list>
<bind>
<StgValue><ssdm name=""/></StgValue>
</bind>
</comp>

<comp id="24" class="1001" name="const_24">
<pin_list>
<pin id="25" dir="1" index="0" bw="1" slack="0"/>
</pin_list>
<bind>
<StgValue><ssdm name=""/></StgValue>
</bind>
</comp>

<comp id="26" class="1001" name="const_26">
<pin_list>
<pin id="27" dir="1" index="0" bw="1" slack="2147483647"/>
</pin_list>
<bind>
<StgValue><ssdm name="_ssdm_op_SpecPipeline"/></StgValue>
</bind>
</comp>

<comp id="28" class="1001" name="const_28">
<pin_list>
<pin id="29" dir="1" index="0" bw="1" slack="2147483647"/>
</pin_list>
<bind>
<StgValue><ssdm name=""/></StgValue>
</bind>
</comp>

<comp id="30" class="1001" name="const_30">
<pin_list>
<pin id="31" dir="1" index="0" bw="1" slack="2147483647"/>
</pin_list>
<bind>
<StgValue><ssdm name="p_str"/></StgValue>
</bind>
</comp>

<comp id="32" class="1001" name="const_32">
<pin_list>
<pin id="33" dir="1" index="0" bw="1" slack="0"/>
</pin_list>
<bind>
<StgValue><ssdm name=""/></StgValue>
</bind>
</comp>

<comp id="34" class="1001" name="const_34">
<pin_list>
<pin id="35" dir="1" index="0" bw="1" slack="2147483647"/>
</pin_list>
<bind>
<StgValue><ssdm name="_ssdm_op_SpecLoopTripCount"/></StgValue>
</bind>
</comp>

<comp id="36" class="1001" name="const_36">
<pin_list>
<pin id="37" dir="1" index="0" bw="1" slack="2147483647"/>
</pin_list>
<bind>
<StgValue><ssdm name=""/></StgValue>
</bind>
</comp>

<comp id="38" class="1001" name="const_38">
<pin_list>
<pin id="39" dir="1" index="0" bw="1" slack="0"/>
</pin_list>
<bind>
<StgValue><ssdm name="_ssdm_op_Read.axis.volatile.i64P128A"/></StgValue>
</bind>
</comp>

<comp id="40" class="1001" name="const_40">
<pin_list>
<pin id="41" dir="1" index="0" bw="1" slack="0"/>
</pin_list>
<bind>
<StgValue><ssdm name="_ssdm_op_PartSelect.i32.i64.i32.i32"/></StgValue>
</bind>
</comp>

<comp id="42" class="1001" name="const_42">
<pin_list>
<pin id="43" dir="1" index="0" bw="1" slack="0"/>
</pin_list>
<bind>
<StgValue><ssdm name=""/></StgValue>
</bind>
</comp>

<comp id="44" class="1001" name="const_44">
<pin_list>
<pin id="45" dir="1" index="0" bw="1" slack="0"/>
</pin_list>
<bind>
<StgValue><ssdm name=""/></StgValue>
</bind>
</comp>

<comp id="46" class="1001" name="const_46">
<pin_list>
<pin id="47" dir="1" index="0" bw="1" slack="0"/>
</pin_list>
<bind>
<StgValue><ssdm name="llvm.sqrt.f32"/></StgValue>
</bind>
</comp>

<comp id="48" class="1001" name="const_48">
<pin_list>
<pin id="49" dir="1" index="0" bw="1" slack="0"/>
</pin_list>
<bind>
<StgValue><ssdm name="_ssdm_op_Write.axis.volatile.i32P128A"/></StgValue>
</bind>
</comp>

<comp id="50" class="1001" name="const_50">
<pin_list>
<pin id="51" dir="1" index="0" bw="1" slack="2147483647"/>
</pin_list>
<bind>
<StgValue><ssdm name="_ssdm_op_SpecLoopName"/></StgValue>
</bind>
</comp>

<comp id="52" class="1001" name="const_52">
<pin_list>
<pin id="53" dir="1" index="0" bw="1" slack="2147483647"/>
</pin_list>
<bind>
<StgValue><ssdm name="empty_3"/></StgValue>
</bind>
</comp>

<comp id="54" class="1004" name="in_complex_data_V_read_read_fu_54">
<pin_list>
<pin id="55" dir="0" index="0" bw="64" slack="0"/>
<pin id="56" dir="0" index="1" bw="64" slack="0"/>
<pin id="57" dir="1" index="2" bw="64" slack="0"/>
</pin_list>
<bind>
<opcode="read(1150) " fcode="read"/>
<opset="in_complex_data_V_read/2 "/>
</bind>
</comp>

<comp id="60" class="1004" name="grp_write_fu_60">
<pin_list>
<pin id="61" dir="0" index="0" bw="0" slack="0"/>
<pin id="62" dir="0" index="1" bw="32" slack="0"/>
<pin id="63" dir="0" index="2" bw="32" slack="0"/>
<pin id="64" dir="1" index="3" bw="0" slack="2147483647"/>
</pin_list>
<bind>
<opcode="write(1151) " fcode="write"/>
<opset="write_ln174/27 "/>
</bind>
</comp>

<comp id="67" class="1005" name="i_reg_67">
<pin_list>
<pin id="68" dir="0" index="0" bw="11" slack="1"/>
<pin id="69" dir="1" index="1" bw="11" slack="1"/>
</pin_list>
<bind>
<opset="i (phireg) "/>
</bind>
</comp>

<comp id="71" class="1004" name="i_phi_fu_71">
<pin_list>
<pin id="72" dir="0" index="0" bw="1" slack="1"/>
<pin id="73" dir="0" index="1" bw="0" slack="2147483647"/>
<pin id="74" dir="0" index="2" bw="11" slack="0"/>
<pin id="75" dir="0" index="3" bw="0" slack="2147483647"/>
<pin id="76" dir="1" index="4" bw="11" slack="0"/>
</pin_list>
<bind>
<opcode="phi(47) " fcode="phi"/>
<opset="i/2 "/>
</bind>
</comp>

<comp id="78" class="1004" name="grp_fu_78">
<pin_list>
<pin id="79" dir="0" index="0" bw="32" slack="1"/>
<pin id="80" dir="0" index="1" bw="32" slack="1"/>
<pin id="81" dir="1" index="2" bw="32" slack="1"/>
</pin_list>
<bind>
<opcode="fadd(9) " fcode="fadd"/>
<opset="x_assign/7 "/>
</bind>
</comp>

<comp id="82" class="1004" name="grp_fu_82">
<pin_list>
<pin id="83" dir="0" index="0" bw="32" slack="0"/>
<pin id="84" dir="0" index="1" bw="32" slack="0"/>
<pin id="85" dir="1" index="2" bw="32" slack="1"/>
</pin_list>
<bind>
<opcode="fmul(13) " fcode="fmul"/>
<opset="mul/3 "/>
</bind>
</comp>

<comp id="86" class="1004" name="grp_fu_86">
<pin_list>
<pin id="87" dir="0" index="0" bw="32" slack="0"/>
<pin id="88" dir="0" index="1" bw="32" slack="0"/>
<pin id="89" dir="1" index="2" bw="32" slack="1"/>
</pin_list>
<bind>
<opcode="fmul(13) " fcode="fmul"/>
<opset="mul4/3 "/>
</bind>
</comp>

<comp id="90" class="1004" name="grp_fu_90">
<pin_list>
<pin id="91" dir="0" index="0" bw="32" slack="0"/>
<pin id="92" dir="0" index="1" bw="32" slack="1"/>
<pin id="93" dir="1" index="2" bw="32" slack="0"/>
</pin_list>
<bind>
<opcode="fsqrt(503) " fcode="fsqrt"/>
<opset="modulus/12 "/>
</bind>
</comp>

<comp id="95" class="1004" name="i_1_fu_95">
<pin_list>
<pin id="96" dir="0" index="0" bw="11" slack="0"/>
<pin id="97" dir="0" index="1" bw="1" slack="0"/>
<pin id="98" dir="1" index="2" bw="11" slack="0"/>
</pin_list>
<bind>
<opcode="add(8) " fcode="add"/>
<opset="i_1/2 "/>
</bind>
</comp>

<comp id="101" class="1004" name="icmp_ln13_fu_101">
<pin_list>
<pin id="102" dir="0" index="0" bw="11" slack="0"/>
<pin id="103" dir="0" index="1" bw="11" slack="0"/>
<pin id="104" dir="1" index="2" bw="1" slack="1"/>
</pin_list>
<bind>
<opcode="icmp(45) " fcode="icmp"/>
<opset="icmp_ln13/2 "/>
</bind>
</comp>

<comp id="107" class="1004" name="trunc_ln145_fu_107">
<pin_list>
<pin id="108" dir="0" index="0" bw="64" slack="0"/>
<pin id="109" dir="1" index="1" bw="32" slack="1"/>
</pin_list>
<bind>
<opcode="trunc(33) " fcode="trunc"/>
<opset="trunc_ln145/2 "/>
</bind>
</comp>

<comp id="111" class="1004" name="trunc_ln145_1_fu_111">
<pin_list>
<pin id="112" dir="0" index="0" bw="32" slack="0"/>
<pin id="113" dir="0" index="1" bw="64" slack="0"/>
<pin id="114" dir="0" index="2" bw="7" slack="0"/>
<pin id="115" dir="0" index="3" bw="7" slack="0"/>
<pin id="116" dir="1" index="4" bw="32" slack="1"/>
</pin_list>
<bind>
<opcode="partselect(1002) " fcode="partselect"/>
<opset="trunc_ln145_1/2 "/>
</bind>
</comp>

<comp id="121" class="1004" name="tmp_M_value_fu_121">
<pin_list>
<pin id="122" dir="0" index="0" bw="32" slack="1"/>
<pin id="123" dir="1" index="1" bw="32" slack="0"/>
</pin_list>
<bind>
<opcode="bitcast(44) " fcode="bitcast"/>
<opset="tmp_M_value/3 "/>
</bind>
</comp>

<comp id="126" class="1004" name="tmp_M_value_1_fu_126">
<pin_list>
<pin id="127" dir="0" index="0" bw="32" slack="1"/>
<pin id="128" dir="1" index="1" bw="32" slack="0"/>
</pin_list>
<bind>
<opcode="bitcast(44) " fcode="bitcast"/>
<opset="tmp_M_value_1/3 "/>
</bind>
</comp>

<comp id="131" class="1004" name="bitcast_ln174_fu_131">
<pin_list>
<pin id="132" dir="0" index="0" bw="32" slack="0"/>
<pin id="133" dir="1" index="1" bw="32" slack="0"/>
</pin_list>
<bind>
<opcode="bitcast(44) " fcode="bitcast"/>
<opset="bitcast_ln174/27 "/>
</bind>
</comp>

<comp id="136" class="1005" name="i_1_reg_136">
<pin_list>
<pin id="137" dir="0" index="0" bw="11" slack="0"/>
<pin id="138" dir="1" index="1" bw="11" slack="0"/>
</pin_list>
<bind>
<opset="i_1 "/>
</bind>
</comp>

<comp id="141" class="1005" name="icmp_ln13_reg_141">
<pin_list>
<pin id="142" dir="0" index="0" bw="1" slack="1"/>
<pin id="143" dir="1" index="1" bw="1" slack="2147483647"/>
</pin_list>
<bind>
<opset="icmp_ln13 "/>
</bind>
</comp>

<comp id="145" class="1005" name="trunc_ln145_reg_145">
<pin_list>
<pin id="146" dir="0" index="0" bw="32" slack="1"/>
<pin id="147" dir="1" index="1" bw="32" slack="1"/>
</pin_list>
<bind>
<opset="trunc_ln145 "/>
</bind>
</comp>

<comp id="150" class="1005" name="trunc_ln145_1_reg_150">
<pin_list>
<pin id="151" dir="0" index="0" bw="32" slack="1"/>
<pin id="152" dir="1" index="1" bw="32" slack="1"/>
</pin_list>
<bind>
<opset="trunc_ln145_1 "/>
</bind>
</comp>

<comp id="155" class="1005" name="tmp_M_value_reg_155">
<pin_list>
<pin id="156" dir="0" index="0" bw="32" slack="1"/>
<pin id="157" dir="1" index="1" bw="32" slack="1"/>
</pin_list>
<bind>
<opset="tmp_M_value "/>
</bind>
</comp>

<comp id="161" class="1005" name="tmp_M_value_1_reg_161">
<pin_list>
<pin id="162" dir="0" index="0" bw="32" slack="1"/>
<pin id="163" dir="1" index="1" bw="32" slack="1"/>
</pin_list>
<bind>
<opset="tmp_M_value_1 "/>
</bind>
</comp>

<comp id="167" class="1005" name="mul_reg_167">
<pin_list>
<pin id="168" dir="0" index="0" bw="32" slack="1"/>
<pin id="169" dir="1" index="1" bw="32" slack="1"/>
</pin_list>
<bind>
<opset="mul "/>
</bind>
</comp>

<comp id="172" class="1005" name="mul4_reg_172">
<pin_list>
<pin id="173" dir="0" index="0" bw="32" slack="1"/>
<pin id="174" dir="1" index="1" bw="32" slack="1"/>
</pin_list>
<bind>
<opset="mul4 "/>
</bind>
</comp>

<comp id="177" class="1005" name="x_assign_reg_177">
<pin_list>
<pin id="178" dir="0" index="0" bw="32" slack="1"/>
<pin id="179" dir="1" index="1" bw="32" slack="1"/>
</pin_list>
<bind>
<opset="x_assign "/>
</bind>
</comp>

<comp id="182" class="1005" name="bitcast_ln174_reg_182">
<pin_list>
<pin id="183" dir="0" index="0" bw="32" slack="1"/>
<pin id="184" dir="1" index="1" bw="32" slack="1"/>
</pin_list>
<bind>
<opset="bitcast_ln174 "/>
</bind>
</comp>

</comp_list>

<net_list>
<net id="58"><net_src comp="38" pin="0"/><net_sink comp="54" pin=0"/></net>

<net id="59"><net_src comp="0" pin="0"/><net_sink comp="54" pin=1"/></net>

<net id="65"><net_src comp="48" pin="0"/><net_sink comp="60" pin=0"/></net>

<net id="66"><net_src comp="2" pin="0"/><net_sink comp="60" pin=1"/></net>

<net id="70"><net_src comp="22" pin="0"/><net_sink comp="67" pin=0"/></net>

<net id="77"><net_src comp="67" pin="1"/><net_sink comp="71" pin=0"/></net>

<net id="94"><net_src comp="46" pin="0"/><net_sink comp="90" pin=0"/></net>

<net id="99"><net_src comp="71" pin="4"/><net_sink comp="95" pin=0"/></net>

<net id="100"><net_src comp="24" pin="0"/><net_sink comp="95" pin=1"/></net>

<net id="105"><net_src comp="71" pin="4"/><net_sink comp="101" pin=0"/></net>

<net id="106"><net_src comp="32" pin="0"/><net_sink comp="101" pin=1"/></net>

<net id="110"><net_src comp="54" pin="2"/><net_sink comp="107" pin=0"/></net>

<net id="117"><net_src comp="40" pin="0"/><net_sink comp="111" pin=0"/></net>

<net id="118"><net_src comp="54" pin="2"/><net_sink comp="111" pin=1"/></net>

<net id="119"><net_src comp="42" pin="0"/><net_sink comp="111" pin=2"/></net>

<net id="120"><net_src comp="44" pin="0"/><net_sink comp="111" pin=3"/></net>

<net id="124"><net_src comp="121" pin="1"/><net_sink comp="82" pin=0"/></net>

<net id="125"><net_src comp="121" pin="1"/><net_sink comp="82" pin=1"/></net>

<net id="129"><net_src comp="126" pin="1"/><net_sink comp="86" pin=0"/></net>

<net id="130"><net_src comp="126" pin="1"/><net_sink comp="86" pin=1"/></net>

<net id="134"><net_src comp="90" pin="2"/><net_sink comp="131" pin=0"/></net>

<net id="135"><net_src comp="131" pin="1"/><net_sink comp="60" pin=2"/></net>

<net id="139"><net_src comp="95" pin="2"/><net_sink comp="136" pin=0"/></net>

<net id="140"><net_src comp="136" pin="1"/><net_sink comp="71" pin=2"/></net>

<net id="144"><net_src comp="101" pin="2"/><net_sink comp="141" pin=0"/></net>

<net id="148"><net_src comp="107" pin="1"/><net_sink comp="145" pin=0"/></net>

<net id="149"><net_src comp="145" pin="1"/><net_sink comp="121" pin=0"/></net>

<net id="153"><net_src comp="111" pin="4"/><net_sink comp="150" pin=0"/></net>

<net id="154"><net_src comp="150" pin="1"/><net_sink comp="126" pin=0"/></net>

<net id="158"><net_src comp="121" pin="1"/><net_sink comp="155" pin=0"/></net>

<net id="159"><net_src comp="155" pin="1"/><net_sink comp="82" pin=0"/></net>

<net id="160"><net_src comp="155" pin="1"/><net_sink comp="82" pin=1"/></net>

<net id="164"><net_src comp="126" pin="1"/><net_sink comp="161" pin=0"/></net>

<net id="165"><net_src comp="161" pin="1"/><net_sink comp="86" pin=0"/></net>

<net id="166"><net_src comp="161" pin="1"/><net_sink comp="86" pin=1"/></net>

<net id="170"><net_src comp="82" pin="2"/><net_sink comp="167" pin=0"/></net>

<net id="171"><net_src comp="167" pin="1"/><net_sink comp="78" pin=0"/></net>

<net id="175"><net_src comp="86" pin="2"/><net_sink comp="172" pin=0"/></net>

<net id="176"><net_src comp="172" pin="1"/><net_sink comp="78" pin=1"/></net>

<net id="180"><net_src comp="78" pin="2"/><net_sink comp="177" pin=0"/></net>

<net id="181"><net_src comp="177" pin="1"/><net_sink comp="90" pin=1"/></net>

<net id="185"><net_src comp="131" pin="1"/><net_sink comp="182" pin=0"/></net>

<net id="186"><net_src comp="182" pin="1"/><net_sink comp="60" pin=2"/></net>

</net_list>

</model> 
---------------- Datapath Model END ------------------

* FSMD analyzer results:
  - Output states:
	Port: out_modulus_V | {28 }
 - Input state : 
	Port: axi_modulus : in_complex_data_V | {2 }
  - Chain level:
	State 1
	State 2
		i_1 : 1
		icmp_ln13 : 1
		br_ln13 : 2
	State 3
		mul : 1
		mul4 : 1
	State 4
	State 5
	State 6
	State 7
	State 8
	State 9
	State 10
	State 11
	State 12
	State 13
	State 14
	State 15
	State 16
	State 17
	State 18
	State 19
	State 20
	State 21
	State 22
	State 23
	State 24
	State 25
	State 26
	State 27
		bitcast_ln174 : 1
		write_ln174 : 2
	State 28
	State 29


============================================================
+ Verbose Summary: Datapath Resource usage 
============================================================

* Functional unit list:
|----------|-----------------------------------|---------|---------|---------|
| Operation|          Functional Unit          |   DSP   |    FF   |   LUT   |
|----------|-----------------------------------|---------|---------|---------|
|   fmul   |             grp_fu_82             |    3    |   143   |   321   |
|          |             grp_fu_86             |    3    |   143   |   321   |
|----------|-----------------------------------|---------|---------|---------|
|   fadd   |             grp_fu_78             |    2    |   205   |   390   |
|----------|-----------------------------------|---------|---------|---------|
|    add   |             i_1_fu_95             |    0    |    0    |    12   |
|----------|-----------------------------------|---------|---------|---------|
|   icmp   |          icmp_ln13_fu_101         |    0    |    0    |    11   |
|----------|-----------------------------------|---------|---------|---------|
|   read   | in_complex_data_V_read_read_fu_54 |    0    |    0    |    0    |
|----------|-----------------------------------|---------|---------|---------|
|   write  |          grp_write_fu_60          |    0    |    0    |    0    |
|----------|-----------------------------------|---------|---------|---------|
|   fsqrt  |             grp_fu_90             |    0    |    0    |    0    |
|----------|-----------------------------------|---------|---------|---------|
|   trunc  |         trunc_ln145_fu_107        |    0    |    0    |    0    |
|----------|-----------------------------------|---------|---------|---------|
|partselect|        trunc_ln145_1_fu_111       |    0    |    0    |    0    |
|----------|-----------------------------------|---------|---------|---------|
|   Total  |                                   |    8    |   491   |   1055  |
|----------|-----------------------------------|---------|---------|---------|

Memories:
N/A

* Register list:
+---------------------+--------+
|                     |   FF   |
+---------------------+--------+
|bitcast_ln174_reg_182|   32   |
|     i_1_reg_136     |   11   |
|       i_reg_67      |   11   |
|  icmp_ln13_reg_141  |    1   |
|     mul4_reg_172    |   32   |
|     mul_reg_167     |   32   |
|tmp_M_value_1_reg_161|   32   |
| tmp_M_value_reg_155 |   32   |
|trunc_ln145_1_reg_150|   32   |
| trunc_ln145_reg_145 |   32   |
|   x_assign_reg_177  |   32   |
+---------------------+--------+
|        Total        |   279  |
+---------------------+--------+

* Multiplexer (MUX) list: 
|-----------------|------|------|------|--------||---------||---------|
|       Comp      |  Pin | Size |  BW  | S x BW ||  Delay  ||   LUT   |
|-----------------|------|------|------|--------||---------||---------|
| grp_write_fu_60 |  p2  |   2  |  32  |   64   ||    9    |
|    grp_fu_82    |  p0  |   2  |  32  |   64   ||    9    |
|    grp_fu_82    |  p1  |   2  |  32  |   64   ||    9    |
|    grp_fu_86    |  p0  |   2  |  32  |   64   ||    9    |
|    grp_fu_86    |  p1  |   2  |  32  |   64   ||    9    |
|-----------------|------|------|------|--------||---------||---------|
|      Total      |      |      |      |   320  ||   7.94  ||    45   |
|-----------------|------|------|------|--------||---------||---------|



* Summary:
+-----------+--------+--------+--------+--------+
|           |   DSP  |  Delay |   FF   |   LUT  |
+-----------+--------+--------+--------+--------+
|  Function |    8   |    -   |   491  |  1055  |
|   Memory  |    -   |    -   |    -   |    -   |
|Multiplexer|    -   |    7   |    -   |   45   |
|  Register |    -   |    -   |   279  |    -   |
+-----------+--------+--------+--------+--------+
|   Total   |    8   |    7   |   770  |  1100  |
+-----------+--------+--------+--------+--------+
