INFO: [SIM 2] *************** CSIM start ***************
INFO: [SIM 4] CSIM will launch GCC as the compiler.
   Compiling ../../../AXI_Real2Complex.cpp in debug mode
   Generating csim.exe
Entrada Real[0]: 1.49596 Entrada Compleja[0]: (1.49596,0)
Entrada Real[1]: 0.374005 Entrada Compleja[1]: (0.374005,0)
Entrada Real[2]: 0.561008 Entrada Compleja[2]: (0.561008,0)
Entrada Real[3]: 0.187003 Entrada Compleja[3]: (0.187003,0)
Entrada Real[4]: 0.187003 Entrada Compleja[4]: (0.187003,0)
Entrada Real[5]: 0.561008 Entrada Compleja[5]: (0.561008,0)
Entrada Real[6]: 1.86997 Entrada Compleja[6]: (1.86997,0)
Entrada Real[7]: 0.374005 Entrada Compleja[7]: (0.374005,0)
Entrada Real[8]: 0.187003 Entrada Compleja[8]: (0.187003,0)
Entrada Real[9]: 0.374005 Entrada Compleja[9]: (0.374005,0)
Entrada Real[10]: 0.935013 Entrada Compleja[10]: (0.935013,0)
Entrada Real[11]: 2.05697 Entrada Compleja[11]: (2.05697,0)
Entrada Real[12]: 1.68296 Entrada Compleja[12]: (1.68296,0)
Entrada Real[13]: 3.55293 Entrada Compleja[13]: (3.55293,0)
Entrada Real[14]: 3.55293 Entrada Compleja[14]: (3.55293,0)
Entrada Real[15]: 3.17893 Entrada Compleja[15]: (3.17893,0)
Entrada Real[16]: 0.935013 Entrada Compleja[16]: (0.935013,0)
Entrada Real[17]: 0.374005 Entrada Compleja[17]: (0.374005,0)
Entrada Real[18]: 0.74801 Entrada Compleja[18]: (0.74801,0)
Entrada Real[19]: 0.374005 Entrada Compleja[19]: (0.374005,0)
Entrada Real[20]: 0.187003 Entrada Compleja[20]: (0.187003,0)
Entrada Real[21]: 0 Entrada Compleja[21]: (0,0)
Entrada Real[22]: 1.86997 Entrada Compleja[22]: (1.86997,0)
Entrada Real[23]: 3.36593 Entrada Compleja[23]: (3.36593,0)
Entrada Real[24]: 1.49596 Entrada Compleja[24]: (1.49596,0)
Entrada Real[25]: 0.187003 Entrada Compleja[25]: (0.187003,0)
Entrada Real[26]: 0.374005 Entrada Compleja[26]: (0.374005,0)
Entrada Real[27]: 0 Entrada Compleja[27]: (0,0)
Entrada Real[28]: 0.561008 Entrada Compleja[28]: (0.561008,0)
Entrada Real[29]: 0.374005 Entrada Compleja[29]: (0.374005,0)
Entrada Real[30]: 0.187003 Entrada Compleja[30]: (0.187003,0)
Entrada Real[31]: 3.17893 Entrada Compleja[31]: (3.17893,0)
Entrada Real[32]: 2.43097 Entrada Compleja[32]: (2.43097,0)
Entrada Real[33]: 0.935013 Entrada Compleja[33]: (0.935013,0)
Entrada Real[34]: 0.935013 Entrada Compleja[34]: (0.935013,0)
Entrada Real[35]: 1.30896 Entrada Compleja[35]: (1.30896,0)
Entrada Real[36]: 0.561008 Entrada Compleja[36]: (0.561008,0)
Entrada Real[37]: 1.30896 Entrada Compleja[37]: (1.30896,0)
Entrada Real[38]: 0.935013 Entrada Compleja[38]: (0.935013,0)
Entrada Real[39]: 3.55293 Entrada Compleja[39]: (3.55293,0)
Entrada Real[40]: 0.374005 Entrada Compleja[40]: (0.374005,0)
Entrada Real[41]: 0.561008 Entrada Compleja[41]: (0.561008,0)
Entrada Real[42]: 0.374005 Entrada Compleja[42]: (0.374005,0)
Entrada Real[43]: 0.374005 Entrada Compleja[43]: (0.374005,0)
Entrada Real[44]: 0.561008 Entrada Compleja[44]: (0.561008,0)
Entrada Real[45]: 0.935013 Entrada Compleja[45]: (0.935013,0)
Entrada Real[46]: 2.24397 Entrada Compleja[46]: (2.24397,0)
Entrada Real[47]: 2.80498 Entrada Compleja[47]: (2.80498,0)
Entrada Real[48]: 1.68296 Entrada Compleja[48]: (1.68296,0)
Entrada Real[49]: 0.935013 Entrada Compleja[49]: (0.935013,0)
Entrada Real[50]: 1.49596 Entrada Compleja[50]: (1.49596,0)
Entrada Real[51]: 2.05697 Entrada Compleja[51]: (2.05697,0)
Entrada Real[52]: 1.12196 Entrada Compleja[52]: (1.12196,0)
Entrada Real[53]: 0.561008 Entrada Compleja[53]: (0.561008,0)
Entrada Real[54]: 0.935013 Entrada Compleja[54]: (0.935013,0)
Entrada Real[55]: 0.187003 Entrada Compleja[55]: (0.187003,0)
Entrada Real[56]: 0.374005 Entrada Compleja[56]: (0.374005,0)
Entrada Real[57]: 0.187003 Entrada Compleja[57]: (0.187003,0)
Entrada Real[58]: 0.187003 Entrada Compleja[58]: (0.187003,0)
Entrada Real[59]: 1.68296 Entrada Compleja[59]: (1.68296,0)
Entrada Real[60]: 0.187003 Entrada Compleja[60]: (0.187003,0)
Entrada Real[61]: 0.187003 Entrada Compleja[61]: (0.187003,0)
Entrada Real[62]: 0.561008 Entrada Compleja[62]: (0.561008,0)
Entrada Real[63]: 0.561008 Entrada Compleja[63]: (0.561008,0)
Entrada Real[64]: 0.187003 Entrada Compleja[64]: (0.187003,0)
Entrada Real[65]: 1.49596 Entrada Compleja[65]: (1.49596,0)
Entrada Real[66]: 2.24397 Entrada Compleja[66]: (2.24397,0)
Entrada Real[67]: 1.12196 Entrada Compleja[67]: (1.12196,0)
Entrada Real[68]: 0 Entrada Compleja[68]: (0,0)
Entrada Real[69]: 0.561008 Entrada Compleja[69]: (0.561008,0)
Entrada Real[70]: 1.12196 Entrada Compleja[70]: (1.12196,0)
Entrada Real[71]: 0.187003 Entrada Compleja[71]: (0.187003,0)
Entrada Real[72]: 0.374005 Entrada Compleja[72]: (0.374005,0)
Entrada Real[73]: 0.374005 Entrada Compleja[73]: (0.374005,0)
Entrada Real[74]: 1.12196 Entrada Compleja[74]: (1.12196,0)
Entrada Real[75]: 1.12196 Entrada Compleja[75]: (1.12196,0)
Entrada Real[76]: 0.935013 Entrada Compleja[76]: (0.935013,0)
Entrada Real[77]: 2.43097 Entrada Compleja[77]: (2.43097,0)
Entrada Real[78]: 0.187003 Entrada Compleja[78]: (0.187003,0)
Entrada Real[79]: 4.11394 Entrada Compleja[79]: (4.11394,0)
Entrada Real[80]: 5.4229 Entrada Compleja[80]: (5.4229,0)
Entrada Real[81]: 5.6099 Entrada Compleja[81]: (5.6099,0)
Entrada Real[82]: 2.61798 Entrada Compleja[82]: (2.61798,0)
Entrada Real[83]: 1.12196 Entrada Compleja[83]: (1.12196,0)
Entrada Real[84]: 0.935013 Entrada Compleja[84]: (0.935013,0)
Entrada Real[85]: 0.935013 Entrada Compleja[85]: (0.935013,0)
Entrada Real[86]: 1.49596 Entrada Compleja[86]: (1.49596,0)
Entrada Real[87]: 1.86997 Entrada Compleja[87]: (1.86997,0)
Entrada Real[88]: 1.30896 Entrada Compleja[88]: (1.30896,0)
Entrada Real[89]: 0.374005 Entrada Compleja[89]: (0.374005,0)
Entrada Real[90]: 0 Entrada Compleja[90]: (0,0)
Entrada Real[91]: 0.187003 Entrada Compleja[91]: (0.187003,0)
Entrada Real[92]: 0.187003 Entrada Compleja[92]: (0.187003,0)
Entrada Real[93]: 0.187003 Entrada Compleja[93]: (0.187003,0)
Entrada Real[94]: 0.561008 Entrada Compleja[94]: (0.561008,0)
Entrada Real[95]: 0 Entrada Compleja[95]: (0,0)
Entrada Real[96]: 0.74801 Entrada Compleja[96]: (0.74801,0)
Entrada Real[97]: 0 Entrada Compleja[97]: (0,0)
Entrada Real[98]: 0.374005 Entrada Compleja[98]: (0.374005,0)
Entrada Real[99]: 1.12196 Entrada Compleja[99]: (1.12196,0)
Entrada Real[100]: 0 Entrada Compleja[100]: (0,0)
Entrada Real[101]: 1.30896 Entrada Compleja[101]: (1.30896,0)
Entrada Real[102]: 0.561008 Entrada Compleja[102]: (0.561008,0)
Entrada Real[103]: 1.86997 Entrada Compleja[103]: (1.86997,0)
Entrada Real[104]: 0.935013 Entrada Compleja[104]: (0.935013,0)
Entrada Real[105]: 0.74801 Entrada Compleja[105]: (0.74801,0)
Entrada Real[106]: 0.935013 Entrada Compleja[106]: (0.935013,0)
Entrada Real[107]: 0.74801 Entrada Compleja[107]: (0.74801,0)
Entrada Real[108]: 0.561008 Entrada Compleja[108]: (0.561008,0)
Entrada Real[109]: 0.561008 Entrada Compleja[109]: (0.561008,0)
Entrada Real[110]: 0.187003 Entrada Compleja[110]: (0.187003,0)
Entrada Real[111]: 0.561008 Entrada Compleja[111]: (0.561008,0)
Entrada Real[112]: 0.374005 Entrada Compleja[112]: (0.374005,0)
Entrada Real[113]: 0.561008 Entrada Compleja[113]: (0.561008,0)
Entrada Real[114]: 0.561008 Entrada Compleja[114]: (0.561008,0)
Entrada Real[115]: 0.187003 Entrada Compleja[115]: (0.187003,0)
Entrada Real[116]: 1.68296 Entrada Compleja[116]: (1.68296,0)
Entrada Real[117]: 1.12196 Entrada Compleja[117]: (1.12196,0)
Entrada Real[118]: 0.187003 Entrada Compleja[118]: (0.187003,0)
Entrada Real[119]: 1.12196 Entrada Compleja[119]: (1.12196,0)
Entrada Real[120]: 1.12196 Entrada Compleja[120]: (1.12196,0)
Entrada Real[121]: 0.74801 Entrada Compleja[121]: (0.74801,0)
Entrada Real[122]: 0.561008 Entrada Compleja[122]: (0.561008,0)
Entrada Real[123]: 0 Entrada Compleja[123]: (0,0)
Entrada Real[124]: 0.561008 Entrada Compleja[124]: (0.561008,0)
Entrada Real[125]: 0.187003 Entrada Compleja[125]: (0.187003,0)
Entrada Real[126]: 1.68296 Entrada Compleja[126]: (1.68296,0)
Entrada Real[127]: 2.80498 Entrada Compleja[127]: (2.80498,0)
Entrada Real[128]: 0.935013 Entrada Compleja[128]: (0.935013,0)
Entrada Real[129]: 0.187003 Entrada Compleja[129]: (0.187003,0)
Entrada Real[130]: 1.30896 Entrada Compleja[130]: (1.30896,0)
Entrada Real[131]: 0.374005 Entrada Compleja[131]: (0.374005,0)
Entrada Real[132]: 0.561008 Entrada Compleja[132]: (0.561008,0)
Entrada Real[133]: 1.12196 Entrada Compleja[133]: (1.12196,0)
Entrada Real[134]: 0.74801 Entrada Compleja[134]: (0.74801,0)
Entrada Real[135]: 0.374005 Entrada Compleja[135]: (0.374005,0)
Entrada Real[136]: 1.30896 Entrada Compleja[136]: (1.30896,0)
Entrada Real[137]: 1.68296 Entrada Compleja[137]: (1.68296,0)
Entrada Real[138]: 0 Entrada Compleja[138]: (0,0)
Entrada Real[139]: 0.187003 Entrada Compleja[139]: (0.187003,0)
Entrada Real[140]: 0.935013 Entrada Compleja[140]: (0.935013,0)
Entrada Real[141]: 1.12196 Entrada Compleja[141]: (1.12196,0)
Entrada Real[142]: 0.374005 Entrada Compleja[142]: (0.374005,0)
Entrada Real[143]: 0.561008 Entrada Compleja[143]: (0.561008,0)
Entrada Real[144]: 1.30896 Entrada Compleja[144]: (1.30896,0)
Entrada Real[145]: 2.24397 Entrada Compleja[145]: (2.24397,0)
Entrada Real[146]: 0.374005 Entrada Compleja[146]: (0.374005,0)
Entrada Real[147]: 0.935013 Entrada Compleja[147]: (0.935013,0)
Entrada Real[148]: 0.374005 Entrada Compleja[148]: (0.374005,0)
Entrada Real[149]: 0.74801 Entrada Compleja[149]: (0.74801,0)
Entrada Real[150]: 0.187003 Entrada Compleja[150]: (0.187003,0)
Entrada Real[151]: 2.05697 Entrada Compleja[151]: (2.05697,0)
Entrada Real[152]: 0.561008 Entrada Compleja[152]: (0.561008,0)
Entrada Real[153]: 0.74801 Entrada Compleja[153]: (0.74801,0)
Entrada Real[154]: 0.935013 Entrada Compleja[154]: (0.935013,0)
Entrada Real[155]: 1.12196 Entrada Compleja[155]: (1.12196,0)
Entrada Real[156]: 0.561008 Entrada Compleja[156]: (0.561008,0)
Entrada Real[157]: 0.187003 Entrada Compleja[157]: (0.187003,0)
Entrada Real[158]: 0.187003 Entrada Compleja[158]: (0.187003,0)
Entrada Real[159]: 0.187003 Entrada Compleja[159]: (0.187003,0)
Entrada Real[160]: 0.74801 Entrada Compleja[160]: (0.74801,0)
Entrada Real[161]: 1.68296 Entrada Compleja[161]: (1.68296,0)
Entrada Real[162]: 0.561008 Entrada Compleja[162]: (0.561008,0)
Entrada Real[163]: 0.374005 Entrada Compleja[163]: (0.374005,0)
Entrada Real[164]: 0.935013 Entrada Compleja[164]: (0.935013,0)
Entrada Real[165]: 0.561008 Entrada Compleja[165]: (0.561008,0)
Entrada Real[166]: 0.74801 Entrada Compleja[166]: (0.74801,0)
Entrada Real[167]: 1.86997 Entrada Compleja[167]: (1.86997,0)
Entrada Real[168]: 0.74801 Entrada Compleja[168]: (0.74801,0)
Entrada Real[169]: 0.187003 Entrada Compleja[169]: (0.187003,0)
Entrada Real[170]: 0.187003 Entrada Compleja[170]: (0.187003,0)
Entrada Real[171]: 0 Entrada Compleja[171]: (0,0)
Entrada Real[172]: 0.561008 Entrada Compleja[172]: (0.561008,0)
Entrada Real[173]: 0.187003 Entrada Compleja[173]: (0.187003,0)
Entrada Real[174]: 0.935013 Entrada Compleja[174]: (0.935013,0)
Entrada Real[175]: 0.561008 Entrada Compleja[175]: (0.561008,0)
Entrada Real[176]: 0 Entrada Compleja[176]: (0,0)
Entrada Real[177]: 0.187003 Entrada Compleja[177]: (0.187003,0)
Entrada Real[178]: 0.187003 Entrada Compleja[178]: (0.187003,0)
Entrada Real[179]: 2.80498 Entrada Compleja[179]: (2.80498,0)
Entrada Real[180]: 2.80498 Entrada Compleja[180]: (2.80498,0)
Entrada Real[181]: 0.74801 Entrada Compleja[181]: (0.74801,0)
Entrada Real[182]: 0.374005 Entrada Compleja[182]: (0.374005,0)
Entrada Real[183]: 1.49596 Entrada Compleja[183]: (1.49596,0)
Entrada Real[184]: 1.86997 Entrada Compleja[184]: (1.86997,0)
Entrada Real[185]: 1.30896 Entrada Compleja[185]: (1.30896,0)
Entrada Real[186]: 0.74801 Entrada Compleja[186]: (0.74801,0)
Entrada Real[187]: 1.49596 Entrada Compleja[187]: (1.49596,0)
Entrada Real[188]: 0 Entrada Compleja[188]: (0,0)
Entrada Real[189]: 1.68296 Entrada Compleja[189]: (1.68296,0)
Entrada Real[190]: 2.43097 Entrada Compleja[190]: (2.43097,0)
Entrada Real[191]: 2.43097 Entrada Compleja[191]: (2.43097,0)
Entrada Real[192]: 0.187003 Entrada Compleja[192]: (0.187003,0)
Entrada Real[193]: 1.12196 Entrada Compleja[193]: (1.12196,0)
Entrada Real[194]: 0.561008 Entrada Compleja[194]: (0.561008,0)
Entrada Real[195]: 0.374005 Entrada Compleja[195]: (0.374005,0)
Entrada Real[196]: 0.935013 Entrada Compleja[196]: (0.935013,0)
Entrada Real[197]: 1.12196 Entrada Compleja[197]: (1.12196,0)
Entrada Real[198]: 0.187003 Entrada Compleja[198]: (0.187003,0)
Entrada Real[199]: 0.187003 Entrada Compleja[199]: (0.187003,0)
Entrada Real[200]: 0.187003 Entrada Compleja[200]: (0.187003,0)
Entrada Real[201]: 0.561008 Entrada Compleja[201]: (0.561008,0)
Entrada Real[202]: 1.12196 Entrada Compleja[202]: (1.12196,0)
Entrada Real[203]: 1.68296 Entrada Compleja[203]: (1.68296,0)
Entrada Real[204]: 0.74801 Entrada Compleja[204]: (0.74801,0)
Entrada Real[205]: 2.05697 Entrada Compleja[205]: (2.05697,0)
Entrada Real[206]: 1.49596 Entrada Compleja[206]: (1.49596,0)
Entrada Real[207]: 0.187003 Entrada Compleja[207]: (0.187003,0)
Entrada Real[208]: 2.80498 Entrada Compleja[208]: (2.80498,0)
Entrada Real[209]: 2.24397 Entrada Compleja[209]: (2.24397,0)
Entrada Real[210]: 1.12196 Entrada Compleja[210]: (1.12196,0)
Entrada Real[211]: 0 Entrada Compleja[211]: (0,0)
Entrada Real[212]: 1.30896 Entrada Compleja[212]: (1.30896,0)
Entrada Real[213]: 0.561008 Entrada Compleja[213]: (0.561008,0)
Entrada Real[214]: 0.74801 Entrada Compleja[214]: (0.74801,0)
Entrada Real[215]: 0.187003 Entrada Compleja[215]: (0.187003,0)
Entrada Real[216]: 0.74801 Entrada Compleja[216]: (0.74801,0)
Entrada Real[217]: 2.43097 Entrada Compleja[217]: (2.43097,0)
Entrada Real[218]: 1.30896 Entrada Compleja[218]: (1.30896,0)
Entrada Real[219]: 0 Entrada Compleja[219]: (0,0)
Entrada Real[220]: 1.49596 Entrada Compleja[220]: (1.49596,0)
Entrada Real[221]: 2.24397 Entrada Compleja[221]: (2.24397,0)
Entrada Real[222]: 1.49596 Entrada Compleja[222]: (1.49596,0)
Entrada Real[223]: 1.86997 Entrada Compleja[223]: (1.86997,0)
Entrada Real[224]: 2.43097 Entrada Compleja[224]: (2.43097,0)
Entrada Real[225]: 1.68296 Entrada Compleja[225]: (1.68296,0)
Entrada Real[226]: 0.74801 Entrada Compleja[226]: (0.74801,0)
Entrada Real[227]: 0.74801 Entrada Compleja[227]: (0.74801,0)
Entrada Real[228]: 3.55293 Entrada Compleja[228]: (3.55293,0)
Entrada Real[229]: 2.61798 Entrada Compleja[229]: (2.61798,0)
Entrada Real[230]: 1.68296 Entrada Compleja[230]: (1.68296,0)
Entrada Real[231]: 1.12196 Entrada Compleja[231]: (1.12196,0)
Entrada Real[232]: 0.74801 Entrada Compleja[232]: (0.74801,0)
Entrada Real[233]: 0.187003 Entrada Compleja[233]: (0.187003,0)
Entrada Real[234]: 0.374005 Entrada Compleja[234]: (0.374005,0)
Entrada Real[235]: 0.187003 Entrada Compleja[235]: (0.187003,0)
Entrada Real[236]: 1.49596 Entrada Compleja[236]: (1.49596,0)
Entrada Real[237]: 2.05697 Entrada Compleja[237]: (2.05697,0)
Entrada Real[238]: 0.374005 Entrada Compleja[238]: (0.374005,0)
Entrada Real[239]: 0.74801 Entrada Compleja[239]: (0.74801,0)
Entrada Real[240]: 1.30896 Entrada Compleja[240]: (1.30896,0)
Entrada Real[241]: 0 Entrada Compleja[241]: (0,0)
Entrada Real[242]: 0.561008 Entrada Compleja[242]: (0.561008,0)
Entrada Real[243]: 2.24397 Entrada Compleja[243]: (2.24397,0)
Entrada Real[244]: 0.935013 Entrada Compleja[244]: (0.935013,0)
Entrada Real[245]: 0.74801 Entrada Compleja[245]: (0.74801,0)
Entrada Real[246]: 0.561008 Entrada Compleja[246]: (0.561008,0)
Entrada Real[247]: 2.43097 Entrada Compleja[247]: (2.43097,0)
Entrada Real[248]: 0.74801 Entrada Compleja[248]: (0.74801,0)
Entrada Real[249]: 0 Entrada Compleja[249]: (0,0)
Entrada Real[250]: 0.561008 Entrada Compleja[250]: (0.561008,0)
Entrada Real[251]: 0.561008 Entrada Compleja[251]: (0.561008,0)
Entrada Real[252]: 1.49596 Entrada Compleja[252]: (1.49596,0)
Entrada Real[253]: 0.561008 Entrada Compleja[253]: (0.561008,0)
Entrada Real[254]: 0 Entrada Compleja[254]: (0,0)
Entrada Real[255]: 0.74801 Entrada Compleja[255]: (0.74801,0)
Entrada Real[256]: 1.30896 Entrada Compleja[256]: (1.30896,0)
Entrada Real[257]: 0.187003 Entrada Compleja[257]: (0.187003,0)
Entrada Real[258]: 1.12196 Entrada Compleja[258]: (1.12196,0)
Entrada Real[259]: 2.24397 Entrada Compleja[259]: (2.24397,0)
Entrada Real[260]: 0.561008 Entrada Compleja[260]: (0.561008,0)
Entrada Real[261]: 0 Entrada Compleja[261]: (0,0)
Entrada Real[262]: 0.187003 Entrada Compleja[262]: (0.187003,0)
Entrada Real[263]: 1.12196 Entrada Compleja[263]: (1.12196,0)
Entrada Real[264]: 1.12196 Entrada Compleja[264]: (1.12196,0)
Entrada Real[265]: 0.374005 Entrada Compleja[265]: (0.374005,0)
Entrada Real[266]: 0.935013 Entrada Compleja[266]: (0.935013,0)
Entrada Real[267]: 1.12196 Entrada Compleja[267]: (1.12196,0)
Entrada Real[268]: 0 Entrada Compleja[268]: (0,0)
Entrada Real[269]: 1.12196 Entrada Compleja[269]: (1.12196,0)
Entrada Real[270]: 0.74801 Entrada Compleja[270]: (0.74801,0)
Entrada Real[271]: 0.74801 Entrada Compleja[271]: (0.74801,0)
Entrada Real[272]: 0.561008 Entrada Compleja[272]: (0.561008,0)
Entrada Real[273]: 0.74801 Entrada Compleja[273]: (0.74801,0)
Entrada Real[274]: 0.374005 Entrada Compleja[274]: (0.374005,0)
Entrada Real[275]: 0 Entrada Compleja[275]: (0,0)
Entrada Real[276]: 0.935013 Entrada Compleja[276]: (0.935013,0)
Entrada Real[277]: 1.49596 Entrada Compleja[277]: (1.49596,0)
Entrada Real[278]: 0.187003 Entrada Compleja[278]: (0.187003,0)
Entrada Real[279]: 0.74801 Entrada Compleja[279]: (0.74801,0)
Entrada Real[280]: 0.187003 Entrada Compleja[280]: (0.187003,0)
Entrada Real[281]: 1.68296 Entrada Compleja[281]: (1.68296,0)
Entrada Real[282]: 2.43097 Entrada Compleja[282]: (2.43097,0)
Entrada Real[283]: 1.30896 Entrada Compleja[283]: (1.30896,0)
Entrada Real[284]: 0.187003 Entrada Compleja[284]: (0.187003,0)
Entrada Real[285]: 1.30896 Entrada Compleja[285]: (1.30896,0)
Entrada Real[286]: 1.30896 Entrada Compleja[286]: (1.30896,0)
Entrada Real[287]: 0.74801 Entrada Compleja[287]: (0.74801,0)
Entrada Real[288]: 0.187003 Entrada Compleja[288]: (0.187003,0)
Entrada Real[289]: 0.74801 Entrada Compleja[289]: (0.74801,0)
Entrada Real[290]: 0.74801 Entrada Compleja[290]: (0.74801,0)
Entrada Real[291]: 1.12196 Entrada Compleja[291]: (1.12196,0)
Entrada Real[292]: 1.68296 Entrada Compleja[292]: (1.68296,0)
Entrada Real[293]: 0.187003 Entrada Compleja[293]: (0.187003,0)
Entrada Real[294]: 2.05697 Entrada Compleja[294]: (2.05697,0)
Entrada Real[295]: 2.05697 Entrada Compleja[295]: (2.05697,0)
Entrada Real[296]: 1.68296 Entrada Compleja[296]: (1.68296,0)
Entrada Real[297]: 0.187003 Entrada Compleja[297]: (0.187003,0)
Entrada Real[298]: 1.30896 Entrada Compleja[298]: (1.30896,0)
Entrada Real[299]: 2.61798 Entrada Compleja[299]: (2.61798,0)
Entrada Real[300]: 2.05697 Entrada Compleja[300]: (2.05697,0)
Entrada Real[301]: 0.187003 Entrada Compleja[301]: (0.187003,0)
Entrada Real[302]: 1.12196 Entrada Compleja[302]: (1.12196,0)
Entrada Real[303]: 1.49596 Entrada Compleja[303]: (1.49596,0)
Entrada Real[304]: 1.12196 Entrada Compleja[304]: (1.12196,0)
Entrada Real[305]: 1.30896 Entrada Compleja[305]: (1.30896,0)
Entrada Real[306]: 2.24397 Entrada Compleja[306]: (2.24397,0)
Entrada Real[307]: 0.935013 Entrada Compleja[307]: (0.935013,0)
Entrada Real[308]: 0.187003 Entrada Compleja[308]: (0.187003,0)
Entrada Real[309]: 0.935013 Entrada Compleja[309]: (0.935013,0)
Entrada Real[310]: 1.12196 Entrada Compleja[310]: (1.12196,0)
Entrada Real[311]: 0.561008 Entrada Compleja[311]: (0.561008,0)
Entrada Real[312]: 1.30896 Entrada Compleja[312]: (1.30896,0)
Entrada Real[313]: 0.187003 Entrada Compleja[313]: (0.187003,0)
Entrada Real[314]: 1.12196 Entrada Compleja[314]: (1.12196,0)
Entrada Real[315]: 2.05697 Entrada Compleja[315]: (2.05697,0)
Entrada Real[316]: 1.12196 Entrada Compleja[316]: (1.12196,0)
Entrada Real[317]: 0.935013 Entrada Compleja[317]: (0.935013,0)
Entrada Real[318]: 0.187003 Entrada Compleja[318]: (0.187003,0)
Entrada Real[319]: 0.561008 Entrada Compleja[319]: (0.561008,0)
Entrada Real[320]: 0.187003 Entrada Compleja[320]: (0.187003,0)
Entrada Real[321]: 0.374005 Entrada Compleja[321]: (0.374005,0)
Entrada Real[322]: 1.12196 Entrada Compleja[322]: (1.12196,0)
Entrada Real[323]: 0.935013 Entrada Compleja[323]: (0.935013,0)
Entrada Real[324]: 0.561008 Entrada Compleja[324]: (0.561008,0)
Entrada Real[325]: 0.935013 Entrada Compleja[325]: (0.935013,0)
Entrada Real[326]: 1.12196 Entrada Compleja[326]: (1.12196,0)
Entrada Real[327]: 1.30896 Entrada Compleja[327]: (1.30896,0)
Entrada Real[328]: 0.187003 Entrada Compleja[328]: (0.187003,0)
Entrada Real[329]: 0.74801 Entrada Compleja[329]: (0.74801,0)
Entrada Real[330]: 1.30896 Entrada Compleja[330]: (1.30896,0)
Entrada Real[331]: 0.74801 Entrada Compleja[331]: (0.74801,0)
Entrada Real[332]: 0.187003 Entrada Compleja[332]: (0.187003,0)
Entrada Real[333]: 0.935013 Entrada Compleja[333]: (0.935013,0)
Entrada Real[334]: 1.30896 Entrada Compleja[334]: (1.30896,0)
Entrada Real[335]: 0.74801 Entrada Compleja[335]: (0.74801,0)
Entrada Real[336]: 2.43097 Entrada Compleja[336]: (2.43097,0)
Entrada Real[337]: 0.74801 Entrada Compleja[337]: (0.74801,0)
Entrada Real[338]: 1.86997 Entrada Compleja[338]: (1.86997,0)
Entrada Real[339]: 2.61798 Entrada Compleja[339]: (2.61798,0)
Entrada Real[340]: 0.187003 Entrada Compleja[340]: (0.187003,0)
Entrada Real[341]: 0 Entrada Compleja[341]: (0,0)
Entrada Real[342]: 0.374005 Entrada Compleja[342]: (0.374005,0)
Entrada Real[343]: 0 Entrada Compleja[343]: (0,0)
Entrada Real[344]: 0.935013 Entrada Compleja[344]: (0.935013,0)
Entrada Real[345]: 0 Entrada Compleja[345]: (0,0)
Entrada Real[346]: 0.374005 Entrada Compleja[346]: (0.374005,0)
Entrada Real[347]: 0.187003 Entrada Compleja[347]: (0.187003,0)
Entrada Real[348]: 1.86997 Entrada Compleja[348]: (1.86997,0)
Entrada Real[349]: 0.935013 Entrada Compleja[349]: (0.935013,0)
Entrada Real[350]: 0.374005 Entrada Compleja[350]: (0.374005,0)
Entrada Real[351]: 0.374005 Entrada Compleja[351]: (0.374005,0)
Entrada Real[352]: 0.74801 Entrada Compleja[352]: (0.74801,0)
Entrada Real[353]: 0.374005 Entrada Compleja[353]: (0.374005,0)
Entrada Real[354]: 0.561008 Entrada Compleja[354]: (0.561008,0)
Entrada Real[355]: 0.187003 Entrada Compleja[355]: (0.187003,0)
Entrada Real[356]: 0.74801 Entrada Compleja[356]: (0.74801,0)
Entrada Real[357]: 0.74801 Entrada Compleja[357]: (0.74801,0)
Entrada Real[358]: 0 Entrada Compleja[358]: (0,0)
Entrada Real[359]: 2.05697 Entrada Compleja[359]: (2.05697,0)
Entrada Real[360]: 3.36593 Entrada Compleja[360]: (3.36593,0)
Entrada Real[361]: 2.43097 Entrada Compleja[361]: (2.43097,0)
Entrada Real[362]: 2.05697 Entrada Compleja[362]: (2.05697,0)
Entrada Real[363]: 2.24397 Entrada Compleja[363]: (2.24397,0)
Entrada Real[364]: 1.49596 Entrada Compleja[364]: (1.49596,0)
Entrada Real[365]: 0.935013 Entrada Compleja[365]: (0.935013,0)
Entrada Real[366]: 0.935013 Entrada Compleja[366]: (0.935013,0)
Entrada Real[367]: 1.68296 Entrada Compleja[367]: (1.68296,0)
Entrada Real[368]: 0.374005 Entrada Compleja[368]: (0.374005,0)
Entrada Real[369]: 0.74801 Entrada Compleja[369]: (0.74801,0)
Entrada Real[370]: 0.374005 Entrada Compleja[370]: (0.374005,0)
Entrada Real[371]: 0 Entrada Compleja[371]: (0,0)
Entrada Real[372]: 0 Entrada Compleja[372]: (0,0)
Entrada Real[373]: 0.74801 Entrada Compleja[373]: (0.74801,0)
Entrada Real[374]: 1.30896 Entrada Compleja[374]: (1.30896,0)
Entrada Real[375]: 1.68296 Entrada Compleja[375]: (1.68296,0)
Entrada Real[376]: 2.43097 Entrada Compleja[376]: (2.43097,0)
Entrada Real[377]: 1.30896 Entrada Compleja[377]: (1.30896,0)
Entrada Real[378]: 0.187003 Entrada Compleja[378]: (0.187003,0)
Entrada Real[379]: 1.49596 Entrada Compleja[379]: (1.49596,0)
Entrada Real[380]: 1.30896 Entrada Compleja[380]: (1.30896,0)
Entrada Real[381]: 0.935013 Entrada Compleja[381]: (0.935013,0)
Entrada Real[382]: 0 Entrada Compleja[382]: (0,0)
Entrada Real[383]: 0.187003 Entrada Compleja[383]: (0.187003,0)
Entrada Real[384]: 0 Entrada Compleja[384]: (0,0)
Entrada Real[385]: 0.74801 Entrada Compleja[385]: (0.74801,0)
Entrada Real[386]: 2.24397 Entrada Compleja[386]: (2.24397,0)
Entrada Real[387]: 2.80498 Entrada Compleja[387]: (2.80498,0)
Entrada Real[388]: 2.24397 Entrada Compleja[388]: (2.24397,0)
Entrada Real[389]: 1.12196 Entrada Compleja[389]: (1.12196,0)
Entrada Real[390]: 1.49596 Entrada Compleja[390]: (1.49596,0)
Entrada Real[391]: 1.68296 Entrada Compleja[391]: (1.68296,0)
Entrada Real[392]: 0.561008 Entrada Compleja[392]: (0.561008,0)
Entrada Real[393]: 0.74801 Entrada Compleja[393]: (0.74801,0)
Entrada Real[394]: 1.68296 Entrada Compleja[394]: (1.68296,0)
Entrada Real[395]: 0 Entrada Compleja[395]: (0,0)
Entrada Real[396]: 1.12196 Entrada Compleja[396]: (1.12196,0)
Entrada Real[397]: 0.561008 Entrada Compleja[397]: (0.561008,0)
Entrada Real[398]: 0 Entrada Compleja[398]: (0,0)
Entrada Real[399]: 0.561008 Entrada Compleja[399]: (0.561008,0)
Entrada Real[400]: 0.187003 Entrada Compleja[400]: (0.187003,0)
Entrada Real[401]: 0.187003 Entrada Compleja[401]: (0.187003,0)
Entrada Real[402]: 0 Entrada Compleja[402]: (0,0)
Entrada Real[403]: 2.05697 Entrada Compleja[403]: (2.05697,0)
Entrada Real[404]: 1.49596 Entrada Compleja[404]: (1.49596,0)
Entrada Real[405]: 1.30896 Entrada Compleja[405]: (1.30896,0)
Entrada Real[406]: 2.24397 Entrada Compleja[406]: (2.24397,0)
Entrada Real[407]: 0.374005 Entrada Compleja[407]: (0.374005,0)
Entrada Real[408]: 0 Entrada Compleja[408]: (0,0)
Entrada Real[409]: 0 Entrada Compleja[409]: (0,0)
Entrada Real[410]: 1.30896 Entrada Compleja[410]: (1.30896,0)
Entrada Real[411]: 1.49596 Entrada Compleja[411]: (1.49596,0)
Entrada Real[412]: 0.187003 Entrada Compleja[412]: (0.187003,0)
Entrada Real[413]: 1.12196 Entrada Compleja[413]: (1.12196,0)
Entrada Real[414]: 0.561008 Entrada Compleja[414]: (0.561008,0)
Entrada Real[415]: 0.374005 Entrada Compleja[415]: (0.374005,0)
Entrada Real[416]: 1.12196 Entrada Compleja[416]: (1.12196,0)
Entrada Real[417]: 0 Entrada Compleja[417]: (0,0)
Entrada Real[418]: 0.935013 Entrada Compleja[418]: (0.935013,0)
Entrada Real[419]: 0.187003 Entrada Compleja[419]: (0.187003,0)
Entrada Real[420]: 0.561008 Entrada Compleja[420]: (0.561008,0)
Entrada Real[421]: 0.187003 Entrada Compleja[421]: (0.187003,0)
Entrada Real[422]: 0.374005 Entrada Compleja[422]: (0.374005,0)
Entrada Real[423]: 1.30896 Entrada Compleja[423]: (1.30896,0)
Entrada Real[424]: 1.49596 Entrada Compleja[424]: (1.49596,0)
Entrada Real[425]: 2.05697 Entrada Compleja[425]: (2.05697,0)
Entrada Real[426]: 2.80498 Entrada Compleja[426]: (2.80498,0)
Entrada Real[427]: 2.24397 Entrada Compleja[427]: (2.24397,0)
Entrada Real[428]: 0 Entrada Compleja[428]: (0,0)
Entrada Real[429]: 1.49596 Entrada Compleja[429]: (1.49596,0)
Entrada Real[430]: 1.68296 Entrada Compleja[430]: (1.68296,0)
Entrada Real[431]: 0 Entrada Compleja[431]: (0,0)
Entrada Real[432]: 0.561008 Entrada Compleja[432]: (0.561008,0)
Entrada Real[433]: 1.68296 Entrada Compleja[433]: (1.68296,0)
Entrada Real[434]: 2.24397 Entrada Compleja[434]: (2.24397,0)
Entrada Real[435]: 2.05697 Entrada Compleja[435]: (2.05697,0)
Entrada Real[436]: 1.30896 Entrada Compleja[436]: (1.30896,0)
Entrada Real[437]: 1.12196 Entrada Compleja[437]: (1.12196,0)
Entrada Real[438]: 0.561008 Entrada Compleja[438]: (0.561008,0)
Entrada Real[439]: 1.30896 Entrada Compleja[439]: (1.30896,0)
Entrada Real[440]: 1.30896 Entrada Compleja[440]: (1.30896,0)
Entrada Real[441]: 1.12196 Entrada Compleja[441]: (1.12196,0)
Entrada Real[442]: 0.935013 Entrada Compleja[442]: (0.935013,0)
Entrada Real[443]: 2.61798 Entrada Compleja[443]: (2.61798,0)
Entrada Real[444]: 1.30896 Entrada Compleja[444]: (1.30896,0)
Entrada Real[445]: 1.68296 Entrada Compleja[445]: (1.68296,0)
Entrada Real[446]: 0 Entrada Compleja[446]: (0,0)
Entrada Real[447]: 1.86997 Entrada Compleja[447]: (1.86997,0)
Entrada Real[448]: 1.30896 Entrada Compleja[448]: (1.30896,0)
Entrada Real[449]: 2.05697 Entrada Compleja[449]: (2.05697,0)
Entrada Real[450]: 0.187003 Entrada Compleja[450]: (0.187003,0)
Entrada Real[451]: 0.561008 Entrada Compleja[451]: (0.561008,0)
Entrada Real[452]: 0.374005 Entrada Compleja[452]: (0.374005,0)
Entrada Real[453]: 0.935013 Entrada Compleja[453]: (0.935013,0)
Entrada Real[454]: 1.30896 Entrada Compleja[454]: (1.30896,0)
Entrada Real[455]: 0.74801 Entrada Compleja[455]: (0.74801,0)
Entrada Real[456]: 0.374005 Entrada Compleja[456]: (0.374005,0)
Entrada Real[457]: 0.374005 Entrada Compleja[457]: (0.374005,0)
Entrada Real[458]: 0.374005 Entrada Compleja[458]: (0.374005,0)
Entrada Real[459]: 1.30896 Entrada Compleja[459]: (1.30896,0)
Entrada Real[460]: 0.74801 Entrada Compleja[460]: (0.74801,0)
Entrada Real[461]: 0.561008 Entrada Compleja[461]: (0.561008,0)
Entrada Real[462]: 1.49596 Entrada Compleja[462]: (1.49596,0)
Entrada Real[463]: 0.74801 Entrada Compleja[463]: (0.74801,0)
Entrada Real[464]: 0.187003 Entrada Compleja[464]: (0.187003,0)
Entrada Real[465]: 0.187003 Entrada Compleja[465]: (0.187003,0)
Entrada Real[466]: 2.24397 Entrada Compleja[466]: (2.24397,0)
Entrada Real[467]: 2.05697 Entrada Compleja[467]: (2.05697,0)
Entrada Real[468]: 0.561008 Entrada Compleja[468]: (0.561008,0)
Entrada Real[469]: 1.49596 Entrada Compleja[469]: (1.49596,0)
Entrada Real[470]: 2.43097 Entrada Compleja[470]: (2.43097,0)
Entrada Real[471]: 1.68296 Entrada Compleja[471]: (1.68296,0)
Entrada Real[472]: 1.30896 Entrada Compleja[472]: (1.30896,0)
Entrada Real[473]: 1.68296 Entrada Compleja[473]: (1.68296,0)
Entrada Real[474]: 2.24397 Entrada Compleja[474]: (2.24397,0)
Entrada Real[475]: 0 Entrada Compleja[475]: (0,0)
Entrada Real[476]: 0.374005 Entrada Compleja[476]: (0.374005,0)
Entrada Real[477]: 2.24397 Entrada Compleja[477]: (2.24397,0)
Entrada Real[478]: 1.49596 Entrada Compleja[478]: (1.49596,0)
Entrada Real[479]: 0.74801 Entrada Compleja[479]: (0.74801,0)
Entrada Real[480]: 1.30896 Entrada Compleja[480]: (1.30896,0)
Entrada Real[481]: 0 Entrada Compleja[481]: (0,0)
Entrada Real[482]: 1.12196 Entrada Compleja[482]: (1.12196,0)
Entrada Real[483]: 0.561008 Entrada Compleja[483]: (0.561008,0)
Entrada Real[484]: 0.187003 Entrada Compleja[484]: (0.187003,0)
Entrada Real[485]: 1.12196 Entrada Compleja[485]: (1.12196,0)
Entrada Real[486]: 0.187003 Entrada Compleja[486]: (0.187003,0)
Entrada Real[487]: 0.74801 Entrada Compleja[487]: (0.74801,0)
Entrada Real[488]: 0.935013 Entrada Compleja[488]: (0.935013,0)
Entrada Real[489]: 1.68296 Entrada Compleja[489]: (1.68296,0)
Entrada Real[490]: 0.74801 Entrada Compleja[490]: (0.74801,0)
Entrada Real[491]: 2.80498 Entrada Compleja[491]: (2.80498,0)
Entrada Real[492]: 2.05697 Entrada Compleja[492]: (2.05697,0)
Entrada Real[493]: 0.74801 Entrada Compleja[493]: (0.74801,0)
Entrada Real[494]: 0.74801 Entrada Compleja[494]: (0.74801,0)
Entrada Real[495]: 0.561008 Entrada Compleja[495]: (0.561008,0)
Entrada Real[496]: 0.374005 Entrada Compleja[496]: (0.374005,0)
Entrada Real[497]: 0.74801 Entrada Compleja[497]: (0.74801,0)
Entrada Real[498]: 0.187003 Entrada Compleja[498]: (0.187003,0)
Entrada Real[499]: 1.49596 Entrada Compleja[499]: (1.49596,0)
Entrada Real[500]: 1.68296 Entrada Compleja[500]: (1.68296,0)
Entrada Real[501]: 1.30896 Entrada Compleja[501]: (1.30896,0)
Entrada Real[502]: 0.187003 Entrada Compleja[502]: (0.187003,0)
Entrada Real[503]: 0.374005 Entrada Compleja[503]: (0.374005,0)
Entrada Real[504]: 0.187003 Entrada Compleja[504]: (0.187003,0)
Entrada Real[505]: 1.30896 Entrada Compleja[505]: (1.30896,0)
Entrada Real[506]: 2.80498 Entrada Compleja[506]: (2.80498,0)
Entrada Real[507]: 1.49596 Entrada Compleja[507]: (1.49596,0)
Entrada Real[508]: 0.374005 Entrada Compleja[508]: (0.374005,0)
Entrada Real[509]: 0.187003 Entrada Compleja[509]: (0.187003,0)
Entrada Real[510]: 1.12196 Entrada Compleja[510]: (1.12196,0)
Entrada Real[511]: 0.561008 Entrada Compleja[511]: (0.561008,0)
Testbench exitoso!
The maximum depth reached by any of the 1 hls::stream() instances in the design is 0
INFO: [SIM 1] CSim done with 0 errors.
INFO: [SIM 3] *************** CSIM finish ***************
