

================================================================
== Vitis HLS Report for 'axi_analytic_fft'
================================================================
* Date:           Fri May 24 10:09:23 2024

* Version:        2020.2 (Build 3064766 on Wed Nov 18 09:12:47 MST 2020)
* Project:        AXI_analytic_fft
* Solution:       solution1 (Vivado IP Flow Target)
* Product family: zynq
* Target device:  xc7z020-clg400-1


================================================================
== Performance Estimates
================================================================
+ Timing: 
    * Summary: 
    +--------+----------+----------+------------+
    |  Clock |  Target  | Estimated| Uncertainty|
    +--------+----------+----------+------------+
    |ap_clk  |  10.00 ns|  6.400 ns|     2.70 ns|
    +--------+----------+----------+------------+

+ Latency: 
    * Summary: 
    +---------+---------+-----------+-----------+------+------+---------+
    |  Latency (cycles) |   Latency (absolute)  |   Interval  | Pipeline|
    |   min   |   max   |    min    |    max    |  min |  max |   Type  |
    +---------+---------+-----------+-----------+------+------+---------+
    |     1029|     1029|  10.290 us|  10.290 us|  1030|  1030|     none|
    +---------+---------+-----------+-----------+------+------+---------+

    + Detail: 
        * Instance: 
        N/A

        * Loop: 
        +----------+---------+---------+----------+-----------+-----------+------+----------+
        |          |  Latency (cycles) | Iteration|  Initiation Interval  | Trip |          |
        | Loop Name|   min   |   max   |  Latency |  achieved |   target  | Count| Pipelined|
        +----------+---------+---------+----------+-----------+-----------+------+----------+
        |- loop    |     1027|     1027|         5|          1|          1|  1024|       yes|
        +----------+---------+---------+----------+-----------+-----------+------+----------+

============================================================
+ Verbose Summary: Synthesis Manager
============================================================
InlineROM: 1
ExposeGlobal: 0
============================================================
+ Verbose Summary: CDFG Model
============================================================
IsTopModel: 1
ResetActiveHigh: 1
IsCombinational: 0
IsDatapathOnly: 0
HasWiredReturn: 1
HasMFsm: 0
HasVarLatency: 1
IsPipeline: 0
IsRtlPipelined: 0
IsInstanceOverlapped: 0
IsDontTouch: 0
HasImplIP: 0
IsGatedGlobalClock: 0

+ Individual pipeline summary: 
  * Pipeline-0: initiation interval (II) = 1, depth = 5


============================================================
+ Verbose Summary: Schedule
============================================================
* Number of FSM states : 7
* Pipeline : 1
  Pipeline-0 : II = 1, D = 5, States = { 2 3 4 5 6 }
* Dataflow Pipeline: 0

* FSM state transitions: 
1 --> 2 
2 --> 3 
3 --> 4 
4 --> 5 
5 --> 6 
6 --> 7 2 
7 --> 

* FSM state operations: 

State 1 <SV = 0> <Delay = 1.58>
ST_1 : Operation 8 [1/1] (0.00ns)   --->   "%spectopmodule_ln0 = spectopmodule void @_ssdm_op_SpecTopModule, void @empty_2"   --->   Operation 8 'spectopmodule' 'spectopmodule_ln0' <Predicate = true> <Delay = 0.00>
ST_1 : Operation 9 [1/1] (0.00ns)   --->   "%specinterface_ln0 = specinterface void @_ssdm_op_SpecInterface, i64 %in_data_V, void @empty, i32 1, i32 1, void @empty_0, i32 0, i32 0, void @empty_1, void @empty_1, void @empty_1, i32 0, i32 0, i32 0, i32 0, void @empty_1, void @empty_1"   --->   Operation 9 'specinterface' 'specinterface_ln0' <Predicate = true> <Delay = 0.00>
ST_1 : Operation 10 [1/1] (0.00ns)   --->   "%specbitsmap_ln0 = specbitsmap void @_ssdm_op_SpecBitsMap, i64 %in_data_V"   --->   Operation 10 'specbitsmap' 'specbitsmap_ln0' <Predicate = true> <Delay = 0.00>
ST_1 : Operation 11 [1/1] (0.00ns)   --->   "%specinterface_ln0 = specinterface void @_ssdm_op_SpecInterface, i64 %out_data_V, void @empty, i32 1, i32 1, void @empty_0, i32 0, i32 0, void @empty_1, void @empty_1, void @empty_1, i32 0, i32 0, i32 0, i32 0, void @empty_1, void @empty_1"   --->   Operation 11 'specinterface' 'specinterface_ln0' <Predicate = true> <Delay = 0.00>
ST_1 : Operation 12 [1/1] (0.00ns)   --->   "%specbitsmap_ln0 = specbitsmap void @_ssdm_op_SpecBitsMap, i64 %out_data_V"   --->   Operation 12 'specbitsmap' 'specbitsmap_ln0' <Predicate = true> <Delay = 0.00>
ST_1 : Operation 13 [1/1] (1.58ns)   --->   "%br_ln15 = br void %_ifconv" [AXI_analytic_fft/AXI_analytic_fft_v2.cpp:15]   --->   Operation 13 'br' 'br_ln15' <Predicate = true> <Delay = 1.58>

State 2 <SV = 1> <Delay = 5.70>
ST_2 : Operation 14 [1/1] (0.00ns)   --->   "%inc10 = phi i10 %add_ln35, void %_ifconv, i10 0, void" [AXI_analytic_fft/AXI_analytic_fft_v2.cpp:35]   --->   Operation 14 'phi' 'inc10' <Predicate = true> <Delay = 0.00>
ST_2 : Operation 15 [1/1] (1.73ns)   --->   "%add_ln35 = add i10 %inc10, i10 1" [AXI_analytic_fft/AXI_analytic_fft_v2.cpp:35]   --->   Operation 15 'add' 'add_ln35' <Predicate = true> <Delay = 1.73> <CoreInst = "Adder">   --->   Core 1 'Adder' <Latency = 0> <II = 1> <Delay = 1.73> <FuncUnit> <Opcode : 'add' 'sub'> <InPorts = 2> <OutPorts = 1>
ST_2 : Operation 16 [1/1] (0.00ns)   --->   "%in_data_V_read = read i64 @_ssdm_op_Read.axis.volatile.i64P128A, i64 %in_data_V" [/opt/Xilinx/Vitis_HLS/2020.2/common/technology/autopilot/hls_stream_39.h:145]   --->   Operation 16 'read' 'in_data_V_read' <Predicate = true> <Delay = 0.00> <CoreInst = "axis">   --->   Core 115 'axis' <Latency = 0> <II = 1> <Delay = 1.00> <Adapter> <Opcode : >
ST_2 : Operation 17 [1/1] (0.00ns)   --->   "%trunc_ln145 = trunc i64 %in_data_V_read" [/opt/Xilinx/Vitis_HLS/2020.2/common/technology/autopilot/hls_stream_39.h:145]   --->   Operation 17 'trunc' 'trunc_ln145' <Predicate = true> <Delay = 0.00>
ST_2 : Operation 18 [1/1] (0.00ns)   --->   "%tmp_M_value = bitcast i32 %trunc_ln145" [AXI_analytic_fft/AXI_analytic_fft_v2.cpp:29]   --->   Operation 18 'bitcast' 'tmp_M_value' <Predicate = true> <Delay = 0.00>
ST_2 : Operation 19 [1/1] (0.00ns)   --->   "%trunc_ln145_1 = partselect i32 @_ssdm_op_PartSelect.i32.i64.i32.i32, i64 %in_data_V_read, i32 32, i32 63" [/opt/Xilinx/Vitis_HLS/2020.2/common/technology/autopilot/hls_stream_39.h:145]   --->   Operation 19 'partselect' 'trunc_ln145_1' <Predicate = true> <Delay = 0.00>
ST_2 : Operation 20 [1/1] (0.00ns)   --->   "%tmp_M_value_1 = bitcast i32 %trunc_ln145_1" [AXI_analytic_fft/AXI_analytic_fft_v2.cpp:29]   --->   Operation 20 'bitcast' 'tmp_M_value_1' <Predicate = true> <Delay = 0.00>
ST_2 : Operation 21 [4/4] (5.70ns)   --->   "%conv5 = fmul i32 %tmp_M_value, i32 2" [AXI_analytic_fft/AXI_analytic_fft_v2.cpp:29]   --->   Operation 21 'fmul' 'conv5' <Predicate = true> <Delay = 5.70> <CoreInst = "FMul_maxdsp">   --->   Core 30 'FMul_maxdsp' <Latency = 3> <II = 1> <Delay = 5.70> <FuncUnit> <Opcode : 'fmul'> <InPorts = 2> <OutPorts = 1>
ST_2 : Operation 22 [4/4] (5.70ns)   --->   "%conv9 = fmul i32 %tmp_M_value_1, i32 2" [AXI_analytic_fft/AXI_analytic_fft_v2.cpp:29]   --->   Operation 22 'fmul' 'conv9' <Predicate = true> <Delay = 5.70> <CoreInst = "FMul_maxdsp">   --->   Core 30 'FMul_maxdsp' <Latency = 3> <II = 1> <Delay = 5.70> <FuncUnit> <Opcode : 'fmul'> <InPorts = 2> <OutPorts = 1>
ST_2 : Operation 23 [1/1] (1.77ns)   --->   "%icmp_ln22 = icmp_eq  i10 %inc10, i10 0" [AXI_analytic_fft/AXI_analytic_fft_v2.cpp:22]   --->   Operation 23 'icmp' 'icmp_ln22' <Predicate = true> <Delay = 1.77> <CoreInst = "Cmp">   --->   Core 9 'Cmp' <Latency = 0> <II = 1> <Delay = 1.77> <FuncUnit> <Opcode : 'icmp'> <InPorts = 2> <OutPorts = 1>
ST_2 : Operation 24 [1/1] (1.77ns)   --->   "%icmp_ln22_1 = icmp_eq  i10 %inc10, i10 512" [AXI_analytic_fft/AXI_analytic_fft_v2.cpp:22]   --->   Operation 24 'icmp' 'icmp_ln22_1' <Predicate = true> <Delay = 1.77> <CoreInst = "Cmp">   --->   Core 9 'Cmp' <Latency = 0> <II = 1> <Delay = 1.77> <FuncUnit> <Opcode : 'icmp'> <InPorts = 2> <OutPorts = 1>
ST_2 : Operation 25 [1/1] (0.97ns)   --->   "%or_ln22 = or i1 %icmp_ln22, i1 %icmp_ln22_1" [AXI_analytic_fft/AXI_analytic_fft_v2.cpp:22]   --->   Operation 25 'or' 'or_ln22' <Predicate = true> <Delay = 0.97> <CoreInst = "LogicGate">   --->   Core 74 'LogicGate' <Latency = 0> <II = 1> <Delay = 0.97> <FuncUnit> <Opcode : 'and' 'or' 'xor'> <InPorts = 2> <OutPorts = 1>
ST_2 : Operation 26 [1/1] (1.77ns)   --->   "%icmp_ln22_2 = icmp_ugt  i10 %inc10, i10 512" [AXI_analytic_fft/AXI_analytic_fft_v2.cpp:22]   --->   Operation 26 'icmp' 'icmp_ln22_2' <Predicate = true> <Delay = 1.77> <CoreInst = "Cmp">   --->   Core 9 'Cmp' <Latency = 0> <II = 1> <Delay = 1.77> <FuncUnit> <Opcode : 'icmp'> <InPorts = 2> <OutPorts = 1>
ST_2 : Operation 27 [1/1] (1.77ns)   --->   "%icmp_ln35 = icmp_eq  i10 %inc10, i10 1023" [AXI_analytic_fft/AXI_analytic_fft_v2.cpp:35]   --->   Operation 27 'icmp' 'icmp_ln35' <Predicate = true> <Delay = 1.77> <CoreInst = "Cmp">   --->   Core 9 'Cmp' <Latency = 0> <II = 1> <Delay = 1.77> <FuncUnit> <Opcode : 'icmp'> <InPorts = 2> <OutPorts = 1>
ST_2 : Operation 28 [1/1] (0.00ns)   --->   "%br_ln35 = br i1 %icmp_ln35, void %_ifconv, void" [AXI_analytic_fft/AXI_analytic_fft_v2.cpp:35]   --->   Operation 28 'br' 'br_ln35' <Predicate = true> <Delay = 0.00>

State 3 <SV = 2> <Delay = 5.70>
ST_3 : Operation 29 [3/4] (5.70ns)   --->   "%conv5 = fmul i32 %tmp_M_value, i32 2" [AXI_analytic_fft/AXI_analytic_fft_v2.cpp:29]   --->   Operation 29 'fmul' 'conv5' <Predicate = true> <Delay = 5.70> <CoreInst = "FMul_maxdsp">   --->   Core 30 'FMul_maxdsp' <Latency = 3> <II = 1> <Delay = 5.70> <FuncUnit> <Opcode : 'fmul'> <InPorts = 2> <OutPorts = 1>
ST_3 : Operation 30 [3/4] (5.70ns)   --->   "%conv9 = fmul i32 %tmp_M_value_1, i32 2" [AXI_analytic_fft/AXI_analytic_fft_v2.cpp:29]   --->   Operation 30 'fmul' 'conv9' <Predicate = true> <Delay = 5.70> <CoreInst = "FMul_maxdsp">   --->   Core 30 'FMul_maxdsp' <Latency = 3> <II = 1> <Delay = 5.70> <FuncUnit> <Opcode : 'fmul'> <InPorts = 2> <OutPorts = 1>

State 4 <SV = 3> <Delay = 5.70>
ST_4 : Operation 31 [2/4] (5.70ns)   --->   "%conv5 = fmul i32 %tmp_M_value, i32 2" [AXI_analytic_fft/AXI_analytic_fft_v2.cpp:29]   --->   Operation 31 'fmul' 'conv5' <Predicate = true> <Delay = 5.70> <CoreInst = "FMul_maxdsp">   --->   Core 30 'FMul_maxdsp' <Latency = 3> <II = 1> <Delay = 5.70> <FuncUnit> <Opcode : 'fmul'> <InPorts = 2> <OutPorts = 1>
ST_4 : Operation 32 [2/4] (5.70ns)   --->   "%conv9 = fmul i32 %tmp_M_value_1, i32 2" [AXI_analytic_fft/AXI_analytic_fft_v2.cpp:29]   --->   Operation 32 'fmul' 'conv9' <Predicate = true> <Delay = 5.70> <CoreInst = "FMul_maxdsp">   --->   Core 30 'FMul_maxdsp' <Latency = 3> <II = 1> <Delay = 5.70> <FuncUnit> <Opcode : 'fmul'> <InPorts = 2> <OutPorts = 1>

State 5 <SV = 4> <Delay = 6.40>
ST_5 : Operation 33 [1/4] (5.70ns)   --->   "%conv5 = fmul i32 %tmp_M_value, i32 2" [AXI_analytic_fft/AXI_analytic_fft_v2.cpp:29]   --->   Operation 33 'fmul' 'conv5' <Predicate = true> <Delay = 5.70> <CoreInst = "FMul_maxdsp">   --->   Core 30 'FMul_maxdsp' <Latency = 3> <II = 1> <Delay = 5.70> <FuncUnit> <Opcode : 'fmul'> <InPorts = 2> <OutPorts = 1>
ST_5 : Operation 34 [1/4] (5.70ns)   --->   "%conv9 = fmul i32 %tmp_M_value_1, i32 2" [AXI_analytic_fft/AXI_analytic_fft_v2.cpp:29]   --->   Operation 34 'fmul' 'conv9' <Predicate = true> <Delay = 5.70> <CoreInst = "FMul_maxdsp">   --->   Core 30 'FMul_maxdsp' <Latency = 3> <II = 1> <Delay = 5.70> <FuncUnit> <Opcode : 'fmul'> <InPorts = 2> <OutPorts = 1>
ST_5 : Operation 35 [1/1] (0.00ns) (grouped into LUT with out node select_ln174_1)   --->   "%select_ln22 = select i1 %or_ln22, i32 %tmp_M_value_1, i32 %conv9" [AXI_analytic_fft/AXI_analytic_fft_v2.cpp:22]   --->   Operation 35 'select' 'select_ln22' <Predicate = (!icmp_ln22_2)> <Delay = 0.00> <CoreInst = "Sel">   --->   Core 73 'Sel' <Latency = 0> <II = 1> <Delay = 0.69> <FuncUnit> <Opcode : 'select'> <InPorts = 3> <OutPorts = 1>
ST_5 : Operation 36 [1/1] (0.00ns) (grouped into LUT with out node select_ln174)   --->   "%select_ln22_1 = select i1 %or_ln22, i32 %tmp_M_value, i32 %conv5" [AXI_analytic_fft/AXI_analytic_fft_v2.cpp:22]   --->   Operation 36 'select' 'select_ln22_1' <Predicate = (!icmp_ln22_2)> <Delay = 0.00> <CoreInst = "Sel">   --->   Core 73 'Sel' <Latency = 0> <II = 1> <Delay = 0.69> <FuncUnit> <Opcode : 'select'> <InPorts = 3> <OutPorts = 1>
ST_5 : Operation 37 [1/1] (0.00ns) (grouped into LUT with out node select_ln174)   --->   "%bitcast_ln174_1 = bitcast i32 %select_ln22_1" [/opt/Xilinx/Vitis_HLS/2020.2/common/technology/autopilot/hls_stream_39.h:174]   --->   Operation 37 'bitcast' 'bitcast_ln174_1' <Predicate = (!icmp_ln22_2)> <Delay = 0.00>
ST_5 : Operation 38 [1/1] (0.69ns) (out node of the LUT)   --->   "%select_ln174 = select i1 %icmp_ln22_2, i32 0, i32 %bitcast_ln174_1" [/opt/Xilinx/Vitis_HLS/2020.2/common/technology/autopilot/hls_stream_39.h:174]   --->   Operation 38 'select' 'select_ln174' <Predicate = true> <Delay = 0.69> <CoreInst = "Sel">   --->   Core 73 'Sel' <Latency = 0> <II = 1> <Delay = 0.69> <FuncUnit> <Opcode : 'select'> <InPorts = 3> <OutPorts = 1>
ST_5 : Operation 39 [1/1] (0.00ns) (grouped into LUT with out node select_ln174_1)   --->   "%bitcast_ln174 = bitcast i32 %select_ln22" [/opt/Xilinx/Vitis_HLS/2020.2/common/technology/autopilot/hls_stream_39.h:174]   --->   Operation 39 'bitcast' 'bitcast_ln174' <Predicate = (!icmp_ln22_2)> <Delay = 0.00>
ST_5 : Operation 40 [1/1] (0.69ns) (out node of the LUT)   --->   "%select_ln174_1 = select i1 %icmp_ln22_2, i32 0, i32 %bitcast_ln174" [/opt/Xilinx/Vitis_HLS/2020.2/common/technology/autopilot/hls_stream_39.h:174]   --->   Operation 40 'select' 'select_ln174_1' <Predicate = true> <Delay = 0.69> <CoreInst = "Sel">   --->   Core 73 'Sel' <Latency = 0> <II = 1> <Delay = 0.69> <FuncUnit> <Opcode : 'select'> <InPorts = 3> <OutPorts = 1>
ST_5 : Operation 41 [1/1] (0.00ns)   --->   "%tmp = bitconcatenate i64 @_ssdm_op_BitConcatenate.i64.i32.i32, i32 %select_ln174_1, i32 %select_ln174" [/opt/Xilinx/Vitis_HLS/2020.2/common/technology/autopilot/hls_stream_39.h:174]   --->   Operation 41 'bitconcatenate' 'tmp' <Predicate = true> <Delay = 0.00>
ST_5 : Operation 42 [2/2] (0.00ns)   --->   "%write_ln174 = write void @_ssdm_op_Write.axis.volatile.i64P128A, i64 %out_data_V, i64 %tmp" [/opt/Xilinx/Vitis_HLS/2020.2/common/technology/autopilot/hls_stream_39.h:174]   --->   Operation 42 'write' 'write_ln174' <Predicate = true> <Delay = 0.00> <CoreInst = "axis">   --->   Core 115 'axis' <Latency = 0> <II = 1> <Delay = 1.00> <Adapter> <Opcode : >

State 6 <SV = 5> <Delay = 0.00>
ST_6 : Operation 43 [1/1] (0.00ns)   --->   "%specpipeline_ln0 = specpipeline void @_ssdm_op_SpecPipeline, i32 1, i32 0, i32 0, i32 0, void @empty_1" [/opt/Xilinx/Vitis_HLS/2020.2/common/technology/autopilot/hls_stream_39.h:0]   --->   Operation 43 'specpipeline' 'specpipeline_ln0' <Predicate = true> <Delay = 0.00>
ST_6 : Operation 44 [1/1] (0.00ns)   --->   "%specloopname_ln0 = specloopname void @_ssdm_op_SpecLoopName, void @empty_3" [/opt/Xilinx/Vitis_HLS/2020.2/common/technology/autopilot/hls_stream_39.h:0]   --->   Operation 44 'specloopname' 'specloopname_ln0' <Predicate = true> <Delay = 0.00>
ST_6 : Operation 45 [1/1] (0.00ns)   --->   "%empty = speclooptripcount i32 @_ssdm_op_SpecLoopTripCount, i64 1024, i64 1024, i64 1024"   --->   Operation 45 'speclooptripcount' 'empty' <Predicate = true> <Delay = 0.00>
ST_6 : Operation 46 [1/2] (0.00ns)   --->   "%write_ln174 = write void @_ssdm_op_Write.axis.volatile.i64P128A, i64 %out_data_V, i64 %tmp" [/opt/Xilinx/Vitis_HLS/2020.2/common/technology/autopilot/hls_stream_39.h:174]   --->   Operation 46 'write' 'write_ln174' <Predicate = true> <Delay = 0.00> <CoreInst = "axis">   --->   Core 115 'axis' <Latency = 0> <II = 1> <Delay = 1.00> <Adapter> <Opcode : >

State 7 <SV = 6> <Delay = 0.00>
ST_7 : Operation 47 [1/1] (0.00ns)   --->   "%ret_ln37 = ret" [AXI_analytic_fft/AXI_analytic_fft_v2.cpp:37]   --->   Operation 47 'ret' 'ret_ln37' <Predicate = true> <Delay = 0.00>


============================================================
+ Verbose Summary: Timing violations
============================================================
Target clock period: 10ns, clock uncertainty: 2.7ns.

 <State 1>: 1.59ns
The critical path consists of the following:
	multiplexor before 'phi' operation ('inc10', AXI_analytic_fft/AXI_analytic_fft_v2.cpp:35) with incoming values : ('add_ln35', AXI_analytic_fft/AXI_analytic_fft_v2.cpp:35) [10]  (1.59 ns)

 <State 2>: 5.7ns
The critical path consists of the following:
	axis read on port 'in_data_V' (/opt/Xilinx/Vitis_HLS/2020.2/common/technology/autopilot/hls_stream_39.h:145) [14]  (0 ns)
	'fmul' operation ('conv5', AXI_analytic_fft/AXI_analytic_fft_v2.cpp:29) [20]  (5.7 ns)

 <State 3>: 5.7ns
The critical path consists of the following:
	'fmul' operation ('conv5', AXI_analytic_fft/AXI_analytic_fft_v2.cpp:29) [20]  (5.7 ns)

 <State 4>: 5.7ns
The critical path consists of the following:
	'fmul' operation ('conv5', AXI_analytic_fft/AXI_analytic_fft_v2.cpp:29) [20]  (5.7 ns)

 <State 5>: 6.4ns
The critical path consists of the following:
	'fmul' operation ('conv5', AXI_analytic_fft/AXI_analytic_fft_v2.cpp:29) [20]  (5.7 ns)
	'select' operation ('select_ln22_1', AXI_analytic_fft/AXI_analytic_fft_v2.cpp:22) [27]  (0 ns)
	'select' operation ('select_ln174', /opt/Xilinx/Vitis_HLS/2020.2/common/technology/autopilot/hls_stream_39.h:174) [29]  (0.698 ns)

 <State 6>: 0ns
The critical path consists of the following:

 <State 7>: 0ns
The critical path consists of the following:


============================================================
+ Verbose Summary: Binding
============================================================
N/A
* FSMD analyzer results:
  - Output states:
 - Input state : 
  - Chain level:
	State 1
	State 2
	State 3
	State 4
	State 5
	State 6
	State 7


============================================================
+ Verbose Summary: Datapath Resource usage 
============================================================
N/A
