INFO: [SIM 2] *************** CSIM start ***************
INFO: [SIM 4] CSIM will launch GCC as the compiler.
   Compiling ../../../AXI_analytic_fft_tb.cpp in debug mode
   Generating csim.exe
Sea X_m la FFT de una senal de entrada x_n en el dominio de las frecuencias
y en 512 X_m siempre es (0,0)
Y sea Z_m la FFT de la senal analitica z_n que corresponde a x_n
FFT Entrada X[0]: (512.001,0) FFT analitica Z[0]: (512.001,0)
FFT Entrada X[1]: (13.1852,7.60686) FFT analitica Z[1]: (26.3705,15.2137)
FFT Entrada X[2]: (19.5529,1.23328) FFT analitica Z[2]: (39.1059,2.46657)
FFT Entrada X[3]: (-7.71175,-22.09) FFT analitica Z[3]: (-15.4235,-44.1799)
FFT Entrada X[4]: (-21.8028,9.68938) FFT analitica Z[4]: (-43.6056,19.3788)
FFT Entrada X[5]: (8.56896,-1.44276) FFT analitica Z[5]: (17.1379,-2.88553)
FFT Entrada X[6]: (-16.8406,-5.66234) FFT analitica Z[6]: (-33.6812,-11.3247)
FFT Entrada X[7]: (34.5537,-17.2718) FFT analitica Z[7]: (69.1074,-34.5436)
FFT Entrada X[8]: (-8.16751,-0.998428) FFT analitica Z[8]: (-16.335,-1.99686)
FFT Entrada X[9]: (-24.1384,-15.923) FFT analitica Z[9]: (-48.2768,-31.8461)
FFT Entrada X[10]: (-35.8769,6.97515) FFT analitica Z[10]: (-71.7538,13.9503)
FFT Entrada X[11]: (1.8353,7.30039) FFT analitica Z[11]: (3.67059,14.6008)
FFT Entrada X[12]: (21.6607,-8.66158) FFT analitica Z[12]: (43.3214,-17.3232)
FFT Entrada X[13]: (19.5486,-1.99843) FFT analitica Z[13]: (39.0973,-3.99686)
FFT Entrada X[14]: (29.039,-24.1276) FFT analitica Z[14]: (58.0779,-48.2551)
FFT Entrada X[15]: (-34.4541,-4.23767) FFT analitica Z[15]: (-68.9081,-8.47534)
FFT Entrada X[16]: (-34.1566,-3.45901) FFT analitica Z[16]: (-68.3131,-6.91803)
FFT Entrada X[17]: (-14.9686,11.0004) FFT analitica Z[17]: (-29.9373,22.0007)
FFT Entrada X[18]: (-20.9849,33.2214) FFT analitica Z[18]: (-41.9699,66.4429)
FFT Entrada X[19]: (-9.30931,-2.62676) FFT analitica Z[19]: (-18.6186,-5.25352)
FFT Entrada X[20]: (20.4438,-22.2157) FFT analitica Z[20]: (40.8876,-44.4313)
FFT Entrada X[21]: (-17.4054,-10.3547) FFT analitica Z[21]: (-34.8107,-20.7094)
FFT Entrada X[22]: (-31.5209,-0.157082) FFT analitica Z[22]: (-63.0418,-0.314163)
FFT Entrada X[23]: (-11.1977,-14.1676) FFT analitica Z[23]: (-22.3954,-28.3352)
FFT Entrada X[24]: (14.1726,33.6173) FFT analitica Z[24]: (28.3453,67.2346)
FFT Entrada X[25]: (31.6899,21.684) FFT analitica Z[25]: (63.3798,43.368)
FFT Entrada X[26]: (-13.133,-8.08038) FFT analitica Z[26]: (-26.2659,-16.1608)
FFT Entrada X[27]: (-5.75692,22.9297) FFT analitica Z[27]: (-11.5138,45.8594)
FFT Entrada X[28]: (-24.8866,-3.40654) FFT analitica Z[28]: (-49.7731,-6.81308)
FFT Entrada X[29]: (-4.03661,34.0737) FFT analitica Z[29]: (-8.07321,68.1473)
FFT Entrada X[30]: (15.8959,30.0561) FFT analitica Z[30]: (31.7918,60.1122)
FFT Entrada X[31]: (19.9298,37.5964) FFT analitica Z[31]: (39.8597,75.1929)
FFT Entrada X[32]: (7.45945,0.407776) FFT analitica Z[32]: (14.9189,0.815552)
FFT Entrada X[33]: (-5.55067,-26.7797) FFT analitica Z[33]: (-11.1013,-53.5593)
FFT Entrada X[34]: (10.166,1.30421) FFT analitica Z[34]: (20.332,2.60841)
FFT Entrada X[35]: (-14.7599,3.1813) FFT analitica Z[35]: (-29.5199,6.36261)
FFT Entrada X[36]: (-29.5658,9.84245) FFT analitica Z[36]: (-59.1317,19.6849)
FFT Entrada X[37]: (5.62563,-0.686378) FFT analitica Z[37]: (11.2513,-1.37276)
FFT Entrada X[38]: (24.1185,16.6319) FFT analitica Z[38]: (48.2369,33.2638)
FFT Entrada X[39]: (-12.6835,27.6002) FFT analitica Z[39]: (-25.367,55.2004)
FFT Entrada X[40]: (14.3765,-28.865) FFT analitica Z[40]: (28.7529,-57.7299)
FFT Entrada X[41]: (9.93119,-21.4135) FFT analitica Z[41]: (19.8624,-42.8269)
FFT Entrada X[42]: (3.47198,23.1743) FFT analitica Z[42]: (6.94397,46.3486)
FFT Entrada X[43]: (-5.28188,3.84949) FFT analitica Z[43]: (-10.5638,7.69897)
FFT Entrada X[44]: (19.7566,-14.7758) FFT analitica Z[44]: (39.5132,-29.5517)
FFT Entrada X[45]: (19.8931,-8.87519) FFT analitica Z[45]: (39.7861,-17.7504)
FFT Entrada X[46]: (7.17763,-40.0583) FFT analitica Z[46]: (14.3553,-80.1166)
FFT Entrada X[47]: (18.8606,-13.5429) FFT analitica Z[47]: (37.7213,-27.0857)
FFT Entrada X[48]: (-5.30895,-0.556274) FFT analitica Z[48]: (-10.6179,-1.11255)
FFT Entrada X[49]: (2.83585,-0.443558) FFT analitica Z[49]: (5.67169,-0.887115)
FFT Entrada X[50]: (-6.50771,4.59547) FFT analitica Z[50]: (-13.0154,9.19093)
FFT Entrada X[51]: (-11.5868,-0.449173) FFT analitica Z[51]: (-23.1736,-0.898346)
FFT Entrada X[52]: (10.6645,-23.2985) FFT analitica Z[52]: (21.3289,-46.597)
FFT Entrada X[53]: (5.2145,-3.44504) FFT analitica Z[53]: (10.429,-6.89008)
FFT Entrada X[54]: (-5.38474,-3.29782) FFT analitica Z[54]: (-10.7695,-6.59564)
FFT Entrada X[55]: (-49.9055,6.29603) FFT analitica Z[55]: (-99.811,12.5921)
FFT Entrada X[56]: (-21.4097,1.82668) FFT analitica Z[56]: (-42.8194,3.65335)
FFT Entrada X[57]: (-8.70631,-14.1733) FFT analitica Z[57]: (-17.4126,-28.3467)
FFT Entrada X[58]: (-15.2312,0.431648) FFT analitica Z[58]: (-30.4623,0.863297)
FFT Entrada X[59]: (-29.5536,7.34979) FFT analitica Z[59]: (-59.1072,14.6996)
FFT Entrada X[60]: (-10.0908,9.94005) FFT analitica Z[60]: (-20.1816,19.8801)
FFT Entrada X[61]: (-13.4715,11.4665) FFT analitica Z[61]: (-26.9429,22.933)
FFT Entrada X[62]: (-10.8066,32.9149) FFT analitica Z[62]: (-21.6131,65.8298)
FFT Entrada X[63]: (-7.68,27.4951) FFT analitica Z[63]: (-15.36,54.9901)
FFT Entrada X[64]: (9.55958,2.34639) FFT analitica Z[64]: (19.1192,4.69278)
FFT Entrada X[65]: (29.6986,-15.3574) FFT analitica Z[65]: (59.3972,-30.7149)
FFT Entrada X[66]: (-8.58471,-5.56015) FFT analitica Z[66]: (-17.1694,-11.1203)
FFT Entrada X[67]: (12.8831,5.72404) FFT analitica Z[67]: (25.7662,11.4481)
FFT Entrada X[68]: (-2.02753,12.2395) FFT analitica Z[68]: (-4.05507,24.4791)
FFT Entrada X[69]: (4.52903,-6.9696) FFT analitica Z[69]: (9.05806,-13.9392)
FFT Entrada X[70]: (15.6233,-30.4054) FFT analitica Z[70]: (31.2465,-60.8109)
FFT Entrada X[71]: (30.5202,-18.7683) FFT analitica Z[71]: (61.0405,-37.5367)
FFT Entrada X[72]: (-8.09476,-24.1544) FFT analitica Z[72]: (-16.1895,-48.3088)
FFT Entrada X[73]: (-11.4006,4.23248) FFT analitica Z[73]: (-22.8012,8.46497)
FFT Entrada X[74]: (-5.16035,-9.58865) FFT analitica Z[74]: (-10.3207,-19.1773)
FFT Entrada X[75]: (-4.72448,27.8663) FFT analitica Z[75]: (-9.44896,55.7326)
FFT Entrada X[76]: (19.5572,5.27022) FFT analitica Z[76]: (39.1145,10.5404)
FFT Entrada X[77]: (19.8787,-6.3978) FFT analitica Z[77]: (39.7574,-12.7956)
FFT Entrada X[78]: (29.9765,-13.6234) FFT analitica Z[78]: (59.9531,-27.2468)
FFT Entrada X[79]: (-4.87595,0.550171) FFT analitica Z[79]: (-9.75189,1.10034)
FFT Entrada X[80]: (8.44547,6.88918) FFT analitica Z[80]: (16.8909,13.7784)
FFT Entrada X[81]: (18.9755,-12.1964) FFT analitica Z[81]: (37.9511,-24.3929)
FFT Entrada X[82]: (11.2938,23.0475) FFT analitica Z[82]: (22.5876,46.0949)
FFT Entrada X[83]: (9.68269,9.6116) FFT analitica Z[83]: (19.3654,19.2232)
FFT Entrada X[84]: (-20.6121,-21.4624) FFT analitica Z[84]: (-41.2242,-42.9248)
FFT Entrada X[85]: (6.53106,1.05595) FFT analitica Z[85]: (13.0621,2.11191)
FFT Entrada X[86]: (5.11192,-14.932) FFT analitica Z[86]: (10.2238,-29.864)
FFT Entrada X[87]: (1.05542,9.6284) FFT analitica Z[87]: (2.11084,19.2568)
FFT Entrada X[88]: (7.09241,11.7689) FFT analitica Z[88]: (14.1848,23.5378)
FFT Entrada X[89]: (47.2804,-12.6956) FFT analitica Z[89]: (94.5608,-25.3912)
FFT Entrada X[90]: (-6.23317,-15.075) FFT analitica Z[90]: (-12.4663,-30.15)
FFT Entrada X[91]: (16.1521,9.06944) FFT analitica Z[91]: (32.3042,18.1389)
FFT Entrada X[92]: (-5.57593,8.23553) FFT analitica Z[92]: (-11.1519,16.4711)
FFT Entrada X[93]: (-9.62368,3.76711) FFT analitica Z[93]: (-19.2474,7.53421)
FFT Entrada X[94]: (23.5383,10.449) FFT analitica Z[94]: (47.0766,20.898)
FFT Entrada X[95]: (3.4345,1.44898) FFT analitica Z[95]: (6.869,2.89796)
FFT Entrada X[96]: (-1.33459,-6.84109) FFT analitica Z[96]: (-2.66917,-13.6822)
FFT Entrada X[97]: (11.4026,-7.94817) FFT analitica Z[97]: (22.8052,-15.8963)
FFT Entrada X[98]: (-9.3227,0.482025) FFT analitica Z[98]: (-18.6454,0.96405)
FFT Entrada X[99]: (-5.23647,10.273) FFT analitica Z[99]: (-10.4729,20.546)
FFT Entrada X[100]: (-4.29872,7.89396) FFT analitica Z[100]: (-8.59744,15.7879)
FFT Entrada X[101]: (14.6735,10.6187) FFT analitica Z[101]: (29.347,21.2374)
FFT Entrada X[102]: (7.5638,5.95225) FFT analitica Z[102]: (15.1276,11.9045)
FFT Entrada X[103]: (-8.52313,-11.4731) FFT analitica Z[103]: (-17.0463,-22.9462)
FFT Entrada X[104]: (-8.74704,-8.55164) FFT analitica Z[104]: (-17.4941,-17.1033)
FFT Entrada X[105]: (5.7577,26.0953) FFT analitica Z[105]: (11.5154,52.1906)
FFT Entrada X[106]: (13.949,-4.42125) FFT analitica Z[106]: (27.8981,-8.8425)
FFT Entrada X[107]: (-11.8625,40.0374) FFT analitica Z[107]: (-23.725,80.0748)
FFT Entrada X[108]: (-2.3259,18.0583) FFT analitica Z[108]: (-4.65179,36.1165)
FFT Entrada X[109]: (10.7997,0.248039) FFT analitica Z[109]: (21.5995,0.496078)
FFT Entrada X[110]: (-2.64609,-7.85943) FFT analitica Z[110]: (-5.29218,-15.7189)
FFT Entrada X[111]: (2.80787,-12.982) FFT analitica Z[111]: (5.61574,-25.9641)
FFT Entrada X[112]: (-0.615784,-1.30617) FFT analitica Z[112]: (-1.23157,-2.61234)
FFT Entrada X[113]: (12.452,5.41206) FFT analitica Z[113]: (24.904,10.8241)
FFT Entrada X[114]: (-0.408318,8.56698) FFT analitica Z[114]: (-0.816635,17.134)
FFT Entrada X[115]: (-4.25078,-15.9991) FFT analitica Z[115]: (-8.50156,-31.9982)
FFT Entrada X[116]: (0.924637,6.4927) FFT analitica Z[116]: (1.84927,12.9854)
FFT Entrada X[117]: (-18.1055,-26.9088) FFT analitica Z[117]: (-36.211,-53.8176)
FFT Entrada X[118]: (7.02221,-12.6979) FFT analitica Z[118]: (14.0444,-25.3959)
FFT Entrada X[119]: (-14.7834,-8.01134) FFT analitica Z[119]: (-29.5668,-16.0227)
FFT Entrada X[120]: (11.7311,-5.40195) FFT analitica Z[120]: (23.4622,-10.8039)
FFT Entrada X[121]: (-7.71442,-19.3227) FFT analitica Z[121]: (-15.4288,-38.6454)
FFT Entrada X[122]: (-2.40206,4.56792) FFT analitica Z[122]: (-4.80412,9.13585)
FFT Entrada X[123]: (-10.2419,-4.33506) FFT analitica Z[123]: (-20.4838,-8.67012)
FFT Entrada X[124]: (-12.305,-12.344) FFT analitica Z[124]: (-24.61,-24.6881)
FFT Entrada X[125]: (-2.15803,13.9407) FFT analitica Z[125]: (-4.31606,27.8813)
FFT Entrada X[126]: (-26.3127,3.20143) FFT analitica Z[126]: (-52.6254,6.40286)
FFT Entrada X[127]: (-9.71813,18.9026) FFT analitica Z[127]: (-19.4363,37.8053)
FFT Entrada X[128]: (-2.05698,27.1147) FFT analitica Z[128]: (-4.11397,54.2294)
FFT Entrada X[129]: (-24.0467,-3.89448) FFT analitica Z[129]: (-48.0933,-7.78896)
FFT Entrada X[130]: (10.4539,7.5887) FFT analitica Z[130]: (20.9077,15.1774)
FFT Entrada X[131]: (2.13186,-5.9351) FFT analitica Z[131]: (4.26372,-11.8702)
FFT Entrada X[132]: (32.5031,16.5201) FFT analitica Z[132]: (65.0061,33.0401)
FFT Entrada X[133]: (-9.06258,-14.5004) FFT analitica Z[133]: (-18.1252,-29.0009)
FFT Entrada X[134]: (11.3189,4.97171) FFT analitica Z[134]: (22.6378,9.94342)
FFT Entrada X[135]: (19.6741,-30.5051) FFT analitica Z[135]: (39.3482,-61.0103)
FFT Entrada X[136]: (-26.0697,20.0808) FFT analitica Z[136]: (-52.1394,40.1616)
FFT Entrada X[137]: (3.84271,4.65248) FFT analitica Z[137]: (7.68542,9.30496)
FFT Entrada X[138]: (-20.4538,23.169) FFT analitica Z[138]: (-40.9077,46.3381)
FFT Entrada X[139]: (-11.5364,12.2786) FFT analitica Z[139]: (-23.0728,24.5573)
FFT Entrada X[140]: (-10.5178,3.53389) FFT analitica Z[140]: (-21.0356,7.06778)
FFT Entrada X[141]: (-9.08438,-11.4657) FFT analitica Z[141]: (-18.1688,-22.9314)
FFT Entrada X[142]: (3.1604,-8.99083) FFT analitica Z[142]: (6.3208,-17.9817)
FFT Entrada X[143]: (-11.3567,-22.379) FFT analitica Z[143]: (-22.7134,-44.758)
FFT Entrada X[144]: (-2.23906,2.03681) FFT analitica Z[144]: (-4.47812,4.07362)
FFT Entrada X[145]: (7.50446,20.5881) FFT analitica Z[145]: (15.0089,41.1761)
FFT Entrada X[146]: (17.1731,-13.0429) FFT analitica Z[146]: (34.3461,-26.0858)
FFT Entrada X[147]: (2.47119,-6.56259) FFT analitica Z[147]: (4.94238,-13.1252)
FFT Entrada X[148]: (4.78416,0.676132) FFT analitica Z[148]: (9.56831,1.35226)
FFT Entrada X[149]: (6.28453,0.674614) FFT analitica Z[149]: (12.5691,1.34923)
FFT Entrada X[150]: (-2.18022,-9.12173) FFT analitica Z[150]: (-4.36044,-18.2435)
FFT Entrada X[151]: (-2.4092,-5.84967) FFT analitica Z[151]: (-4.81841,-11.6993)
FFT Entrada X[152]: (-15.8951,29.8224) FFT analitica Z[152]: (-31.7901,59.6447)
FFT Entrada X[153]: (-17.7285,1.99592) FFT analitica Z[153]: (-35.4569,3.99184)
FFT Entrada X[154]: (16.6028,-26.6881) FFT analitica Z[154]: (33.2055,-53.3763)
FFT Entrada X[155]: (-4.90204,-2.90595) FFT analitica Z[155]: (-9.80408,-5.8119)
FFT Entrada X[156]: (17.5007,2.32305) FFT analitica Z[156]: (35.0014,4.6461)
FFT Entrada X[157]: (-6.44993,12.4079) FFT analitica Z[157]: (-12.8999,24.8158)
FFT Entrada X[158]: (-2.98616,-5.93401) FFT analitica Z[158]: (-5.97232,-11.868)
FFT Entrada X[159]: (5.04482,7.92231) FFT analitica Z[159]: (10.0896,15.8446)
FFT Entrada X[160]: (9.78157,-11.703) FFT analitica Z[160]: (19.5631,-23.4061)
FFT Entrada X[161]: (-6.6523,10.3526) FFT analitica Z[161]: (-13.3046,20.7052)
FFT Entrada X[162]: (21.4249,1.50579) FFT analitica Z[162]: (42.8499,3.01158)
FFT Entrada X[163]: (-9.60069,-9.44273) FFT analitica Z[163]: (-19.2014,-18.8855)
FFT Entrada X[164]: (-4.86459,6.89095) FFT analitica Z[164]: (-9.72917,13.7819)
FFT Entrada X[165]: (5.34803,-14.3506) FFT analitica Z[165]: (10.6961,-28.7012)
FFT Entrada X[166]: (0.705513,1.124) FFT analitica Z[166]: (1.41103,2.248)
FFT Entrada X[167]: (-8.30598,-13.9148) FFT analitica Z[167]: (-16.612,-27.8295)
FFT Entrada X[168]: (-8.11879,-10.5009) FFT analitica Z[168]: (-16.2376,-21.0019)
FFT Entrada X[169]: (17.9172,2.52071) FFT analitica Z[169]: (35.8344,5.04143)
FFT Entrada X[170]: (-7.0396,5.79204) FFT analitica Z[170]: (-14.0792,11.5841)
FFT Entrada X[171]: (-5.93709,-8.51436) FFT analitica Z[171]: (-11.8742,-17.0287)
FFT Entrada X[172]: (18.9911,10.5907) FFT analitica Z[172]: (37.9822,21.1815)
FFT Entrada X[173]: (2.72022,-13.964) FFT analitica Z[173]: (5.44044,-27.9279)
FFT Entrada X[174]: (18.6667,4.12028) FFT analitica Z[174]: (37.3334,8.24055)
FFT Entrada X[175]: (5.23512,3.56033) FFT analitica Z[175]: (10.4702,7.12065)
FFT Entrada X[176]: (-4.63062,8.63951) FFT analitica Z[176]: (-9.26123,17.279)
FFT Entrada X[177]: (15.3245,2.02374) FFT analitica Z[177]: (30.649,4.04749)
FFT Entrada X[178]: (1.07073,6.93521) FFT analitica Z[178]: (2.14146,13.8704)
FFT Entrada X[179]: (-0.14386,20.4167) FFT analitica Z[179]: (-0.28772,40.8335)
FFT Entrada X[180]: (6.60509,2.54962) FFT analitica Z[180]: (13.2102,5.09924)
FFT Entrada X[181]: (10.5508,7.5376) FFT analitica Z[181]: (21.1015,15.0752)
FFT Entrada X[182]: (3.89701,-3.45759) FFT analitica Z[182]: (7.79402,-6.91518)
FFT Entrada X[183]: (-10.8873,-5.31927) FFT analitica Z[183]: (-21.7747,-10.6385)
FFT Entrada X[184]: (4.39715,-2.48915) FFT analitica Z[184]: (8.7943,-4.9783)
FFT Entrada X[185]: (-6.72153,-15.0936) FFT analitica Z[185]: (-13.4431,-30.1873)
FFT Entrada X[186]: (9.48642,-5.59869) FFT analitica Z[186]: (18.9728,-11.1974)
FFT Entrada X[187]: (-5.82842,-3.11472) FFT analitica Z[187]: (-11.6568,-6.22945)
FFT Entrada X[188]: (-4.34171,-0.478394) FFT analitica Z[188]: (-8.68341,-0.956787)
FFT Entrada X[189]: (-6.44519,-10.1516) FFT analitica Z[189]: (-12.8904,-20.3031)
FFT Entrada X[190]: (-4.81072,3.92439) FFT analitica Z[190]: (-9.62144,7.84879)
FFT Entrada X[191]: (0.44619,-12.6104) FFT analitica Z[191]: (0.89238,-25.2207)
FFT Entrada X[192]: (8.76622,14.3143) FFT analitica Z[192]: (17.5324,28.6285)
FFT Entrada X[193]: (4.40942,11.3374) FFT analitica Z[193]: (8.81885,22.6747)
FFT Entrada X[194]: (10.1146,0.455231) FFT analitica Z[194]: (20.2292,0.910461)
FFT Entrada X[195]: (-3.05958,-2.27894) FFT analitica Z[195]: (-6.11916,-4.55788)
FFT Entrada X[196]: (-10.3651,14.7515) FFT analitica Z[196]: (-20.7302,29.5031)
FFT Entrada X[197]: (9.65478,-3.71225) FFT analitica Z[197]: (19.3096,-7.4245)
FFT Entrada X[198]: (13.9262,1.35175) FFT analitica Z[198]: (27.8524,2.70351)
FFT Entrada X[199]: (-1.12581,-2.21397) FFT analitica Z[199]: (-2.25162,-4.42793)
FFT Entrada X[200]: (4.56683,-12.3426) FFT analitica Z[200]: (9.13365,-24.6853)
FFT Entrada X[201]: (-5.0633,-10.3146) FFT analitica Z[201]: (-10.1266,-20.6293)
FFT Entrada X[202]: (10.6985,-11.8337) FFT analitica Z[202]: (21.3971,-23.6675)
FFT Entrada X[203]: (1.80663,-13.5054) FFT analitica Z[203]: (3.61325,-27.0108)
FFT Entrada X[204]: (-4.06178,-5.42403) FFT analitica Z[204]: (-8.12357,-10.8481)
FFT Entrada X[205]: (-6.49963,19.387) FFT analitica Z[205]: (-12.9993,38.774)
FFT Entrada X[206]: (-5.63573,0.448311) FFT analitica Z[206]: (-11.2715,0.896622)
FFT Entrada X[207]: (19.7247,5.07732) FFT analitica Z[207]: (39.4493,10.1546)
FFT Entrada X[208]: (-0.371353,10.1324) FFT analitica Z[208]: (-0.742706,20.2648)
FFT Entrada X[209]: (-2.8406,0.805817) FFT analitica Z[209]: (-5.6812,1.61163)
FFT Entrada X[210]: (-16.7277,-9.78361) FFT analitica Z[210]: (-33.4554,-19.5672)
FFT Entrada X[211]: (-3.97099,-0.930916) FFT analitica Z[211]: (-7.94197,-1.86183)
FFT Entrada X[212]: (7.71169,-7.9196) FFT analitica Z[212]: (15.4234,-15.8392)
FFT Entrada X[213]: (6.79539,10.2879) FFT analitica Z[213]: (13.5908,20.5758)
FFT Entrada X[214]: (-9.36439,-4.03499) FFT analitica Z[214]: (-18.7288,-8.06998)
FFT Entrada X[215]: (-11.9135,-15.3321) FFT analitica Z[215]: (-23.827,-30.6642)
FFT Entrada X[216]: (-13.1146,1.51264) FFT analitica Z[216]: (-26.2293,3.02528)
FFT Entrada X[217]: (-4.0719,4.46925) FFT analitica Z[217]: (-8.1438,8.93849)
FFT Entrada X[218]: (-3.34301,-5.66403) FFT analitica Z[218]: (-6.68602,-11.3281)
FFT Entrada X[219]: (0.292915,15.9267) FFT analitica Z[219]: (0.585831,31.8535)
FFT Entrada X[220]: (0.103867,-12.1478) FFT analitica Z[220]: (0.207733,-24.2955)
FFT Entrada X[221]: (-1.43178,-8.83408) FFT analitica Z[221]: (-2.86356,-17.6682)
FFT Entrada X[222]: (7.78958,-0.912971) FFT analitica Z[222]: (15.5792,-1.82594)
FFT Entrada X[223]: (3.11616,4.86205) FFT analitica Z[223]: (6.23232,9.72411)
FFT Entrada X[224]: (2.04536,5.26973) FFT analitica Z[224]: (4.09071,10.5395)
FFT Entrada X[225]: (-0.899719,-0.843346) FFT analitica Z[225]: (-1.79944,-1.68669)
FFT Entrada X[226]: (3.16579,6.24178) FFT analitica Z[226]: (6.33159,12.4836)
FFT Entrada X[227]: (8.18727,-1.71962) FFT analitica Z[227]: (16.3745,-3.43924)
FFT Entrada X[228]: (5.53529,-4.69961) FFT analitica Z[228]: (11.0706,-9.39922)
FFT Entrada X[229]: (-1.18198,1.8069) FFT analitica Z[229]: (-2.36395,3.6138)
FFT Entrada X[230]: (3.19269,-2.62587) FFT analitica Z[230]: (6.38538,-5.25174)
FFT Entrada X[231]: (-9.97221,20.916) FFT analitica Z[231]: (-19.9444,41.832)
FFT Entrada X[232]: (-4.69474,10.5938) FFT analitica Z[232]: (-9.38948,21.1877)
FFT Entrada X[233]: (3.22546,9.58936) FFT analitica Z[233]: (6.45093,19.1787)
FFT Entrada X[234]: (16.3207,-10.7418) FFT analitica Z[234]: (32.6414,-21.4837)
FFT Entrada X[235]: (4.74274,-6.5951) FFT analitica Z[235]: (9.48547,-13.1902)
FFT Entrada X[236]: (8.0114,-2.22208) FFT analitica Z[236]: (16.0228,-4.44417)
FFT Entrada X[237]: (1.44147,-5.06181) FFT analitica Z[237]: (2.88293,-10.1236)
FFT Entrada X[238]: (8.099,3.74079) FFT analitica Z[238]: (16.198,7.48158)
FFT Entrada X[239]: (6.17923,-5.82787) FFT analitica Z[239]: (12.3585,-11.6557)
FFT Entrada X[240]: (4.46917,-1.6496) FFT analitica Z[240]: (8.93834,-3.29919)
FFT Entrada X[241]: (1.24503,-12.0273) FFT analitica Z[241]: (2.49007,-24.0546)
FFT Entrada X[242]: (-6.76798,-5.69781) FFT analitica Z[242]: (-13.536,-11.3956)
FFT Entrada X[243]: (-3.12651,-1.79614) FFT analitica Z[243]: (-6.25302,-3.59229)
FFT Entrada X[244]: (27.7615,5.23645) FFT analitica Z[244]: (55.5229,10.4729)
FFT Entrada X[245]: (-3.40764,3.33269) FFT analitica Z[245]: (-6.81528,6.66537)
FFT Entrada X[246]: (8.15495,11.8672) FFT analitica Z[246]: (16.3099,23.7345)
FFT Entrada X[247]: (15.3723,15.7366) FFT analitica Z[247]: (30.7447,31.4732)
FFT Entrada X[248]: (-7.84806,3.25951) FFT analitica Z[248]: (-15.6961,6.51903)
FFT Entrada X[249]: (0.052681,-3.32271) FFT analitica Z[249]: (0.105362,-6.64542)
FFT Entrada X[250]: (-4.86177,-8.8589) FFT analitica Z[250]: (-9.72354,-17.7178)
FFT Entrada X[251]: (14.0956,4.70555) FFT analitica Z[251]: (28.1912,9.4111)
FFT Entrada X[252]: (4.96609,-9.2402) FFT analitica Z[252]: (9.93219,-18.4804)
FFT Entrada X[253]: (5.59827,-0.38237) FFT analitica Z[253]: (11.1965,-0.76474)
FFT Entrada X[254]: (2.28288,3.99053) FFT analitica Z[254]: (4.56577,7.98106)
FFT Entrada X[255]: (-9.64687,-11.5047) FFT analitica Z[255]: (-19.2937,-23.0094)
FFT Entrada X[256]: (-20.9438,0) FFT analitica Z[256]: (-20.9438,0)
FFT Entrada X[257]: (-9.64687,11.5047) FFT analitica Z[257]: (0,0)
FFT Entrada X[258]: (2.28288,-3.99054) FFT analitica Z[258]: (0,0)
FFT Entrada X[259]: (5.59827,0.382355) FFT analitica Z[259]: (0,0)
FFT Entrada X[260]: (4.96609,9.2402) FFT analitica Z[260]: (0,0)
FFT Entrada X[261]: (14.0956,-4.70556) FFT analitica Z[261]: (0,0)
FFT Entrada X[262]: (-4.86177,8.85889) FFT analitica Z[262]: (0,0)
FFT Entrada X[263]: (0.052681,3.3227) FFT analitica Z[263]: (0,0)
FFT Entrada X[264]: (-7.84806,-3.25952) FFT analitica Z[264]: (0,0)
FFT Entrada X[265]: (15.3723,-15.7366) FFT analitica Z[265]: (0,0)
FFT Entrada X[266]: (8.15495,-11.8673) FFT analitica Z[266]: (0,0)
FFT Entrada X[267]: (-3.40764,-3.3327) FFT analitica Z[267]: (0,0)
FFT Entrada X[268]: (27.7615,-5.23646) FFT analitica Z[268]: (0,0)
FFT Entrada X[269]: (-3.12651,1.79613) FFT analitica Z[269]: (0,0)
FFT Entrada X[270]: (-6.76798,5.6978) FFT analitica Z[270]: (0,0)
FFT Entrada X[271]: (1.24503,12.0273) FFT analitica Z[271]: (0,0)
FFT Entrada X[272]: (4.46917,1.64959) FFT analitica Z[272]: (0,0)
FFT Entrada X[273]: (6.17923,5.82786) FFT analitica Z[273]: (0,0)
FFT Entrada X[274]: (8.099,-3.7408) FFT analitica Z[274]: (0,0)
FFT Entrada X[275]: (1.44147,5.0618) FFT analitica Z[275]: (0,0)
FFT Entrada X[276]: (8.0114,2.22208) FFT analitica Z[276]: (0,0)
FFT Entrada X[277]: (4.74274,6.59509) FFT analitica Z[277]: (0,0)
FFT Entrada X[278]: (16.3207,10.7418) FFT analitica Z[278]: (0,0)
FFT Entrada X[279]: (3.22546,-9.58937) FFT analitica Z[279]: (0,0)
FFT Entrada X[280]: (-4.69474,-10.5938) FFT analitica Z[280]: (0,0)
FFT Entrada X[281]: (-9.9722,-20.916) FFT analitica Z[281]: (0,0)
FFT Entrada X[282]: (3.19269,2.62586) FFT analitica Z[282]: (0,0)
FFT Entrada X[283]: (-1.18198,-1.80691) FFT analitica Z[283]: (0,0)
FFT Entrada X[284]: (5.53529,4.6996) FFT analitica Z[284]: (0,0)
FFT Entrada X[285]: (8.18727,1.71961) FFT analitica Z[285]: (0,0)
FFT Entrada X[286]: (3.16579,-6.24179) FFT analitica Z[286]: (0,0)
FFT Entrada X[287]: (-0.899719,0.84333) FFT analitica Z[287]: (0,0)
FFT Entrada X[288]: (2.04536,-5.26974) FFT analitica Z[288]: (0,0)
FFT Entrada X[289]: (3.11616,-4.86206) FFT analitica Z[289]: (0,0)
FFT Entrada X[290]: (7.78958,0.912964) FFT analitica Z[290]: (0,0)
FFT Entrada X[291]: (-1.43178,8.83408) FFT analitica Z[291]: (0,0)
FFT Entrada X[292]: (0.103874,12.1478) FFT analitica Z[292]: (0,0)
FFT Entrada X[293]: (0.292915,-15.9268) FFT analitica Z[293]: (0,0)
FFT Entrada X[294]: (-3.343,5.66403) FFT analitica Z[294]: (0,0)
FFT Entrada X[295]: (-4.0719,-4.46925) FFT analitica Z[295]: (0,0)
FFT Entrada X[296]: (-13.1146,-1.51265) FFT analitica Z[296]: (0,0)
FFT Entrada X[297]: (-11.9135,15.3321) FFT analitica Z[297]: (0,0)
FFT Entrada X[298]: (-9.36439,4.03498) FFT analitica Z[298]: (0,0)
FFT Entrada X[299]: (6.79539,-10.2879) FFT analitica Z[299]: (0,0)
FFT Entrada X[300]: (7.71169,7.91959) FFT analitica Z[300]: (0,0)
FFT Entrada X[301]: (-3.97099,0.930908) FFT analitica Z[301]: (0,0)
FFT Entrada X[302]: (-16.7277,9.7836) FFT analitica Z[302]: (0,0)
FFT Entrada X[303]: (-2.8406,-0.805824) FFT analitica Z[303]: (0,0)
FFT Entrada X[304]: (-0.371353,-10.1324) FFT analitica Z[304]: (0,0)
FFT Entrada X[305]: (19.7247,-5.07732) FFT analitica Z[305]: (0,0)
FFT Entrada X[306]: (-5.63572,-0.448318) FFT analitica Z[306]: (0,0)
FFT Entrada X[307]: (-6.49963,-19.387) FFT analitica Z[307]: (0,0)
FFT Entrada X[308]: (-4.06178,5.42403) FFT analitica Z[308]: (0,0)
FFT Entrada X[309]: (1.80663,13.5054) FFT analitica Z[309]: (0,0)
FFT Entrada X[310]: (10.6985,11.8337) FFT analitica Z[310]: (0,0)
FFT Entrada X[311]: (-5.0633,10.3146) FFT analitica Z[311]: (0,0)
FFT Entrada X[312]: (4.56683,12.3426) FFT analitica Z[312]: (0,0)
FFT Entrada X[313]: (-1.12581,2.21396) FFT analitica Z[313]: (0,0)
FFT Entrada X[314]: (13.9262,-1.35176) FFT analitica Z[314]: (0,0)
FFT Entrada X[315]: (9.65478,3.71224) FFT analitica Z[315]: (0,0)
FFT Entrada X[316]: (-10.3651,-14.7515) FFT analitica Z[316]: (0,0)
FFT Entrada X[317]: (-3.05958,2.27893) FFT analitica Z[317]: (0,0)
FFT Entrada X[318]: (10.1146,-0.455238) FFT analitica Z[318]: (0,0)
FFT Entrada X[319]: (4.40942,-11.3374) FFT analitica Z[319]: (0,0)
FFT Entrada X[320]: (8.76622,-14.3143) FFT analitica Z[320]: (0,0)
FFT Entrada X[321]: (0.44619,12.6104) FFT analitica Z[321]: (0,0)
FFT Entrada X[322]: (-4.81072,-3.9244) FFT analitica Z[322]: (0,0)
FFT Entrada X[323]: (-6.44519,10.1516) FFT analitica Z[323]: (0,0)
FFT Entrada X[324]: (-4.3417,0.478386) FFT analitica Z[324]: (0,0)
FFT Entrada X[325]: (-5.82842,3.11472) FFT analitica Z[325]: (0,0)
FFT Entrada X[326]: (9.48643,5.59868) FFT analitica Z[326]: (0,0)
FFT Entrada X[327]: (-6.72153,15.0936) FFT analitica Z[327]: (0,0)
FFT Entrada X[328]: (4.39715,2.48914) FFT analitica Z[328]: (0,0)
FFT Entrada X[329]: (-10.8873,5.31927) FFT analitica Z[329]: (0,0)
FFT Entrada X[330]: (3.89702,3.45758) FFT analitica Z[330]: (0,0)
FFT Entrada X[331]: (10.5508,-7.53761) FFT analitica Z[331]: (0,0)
FFT Entrada X[332]: (6.60509,-2.54964) FFT analitica Z[332]: (0,0)
FFT Entrada X[333]: (-0.14386,-20.4167) FFT analitica Z[333]: (0,0)
FFT Entrada X[334]: (1.07074,-6.93522) FFT analitica Z[334]: (0,0)
FFT Entrada X[335]: (15.3245,-2.02375) FFT analitica Z[335]: (0,0)
FFT Entrada X[336]: (-4.63061,-8.63952) FFT analitica Z[336]: (0,0)
FFT Entrada X[337]: (5.23512,-3.56033) FFT analitica Z[337]: (0,0)
FFT Entrada X[338]: (18.6667,-4.12029) FFT analitica Z[338]: (0,0)
FFT Entrada X[339]: (2.72022,13.964) FFT analitica Z[339]: (0,0)
FFT Entrada X[340]: (18.9911,-10.5907) FFT analitica Z[340]: (0,0)
FFT Entrada X[341]: (-5.93708,8.51435) FFT analitica Z[341]: (0,0)
FFT Entrada X[342]: (-7.0396,-5.79205) FFT analitica Z[342]: (0,0)
FFT Entrada X[343]: (17.9172,-2.52072) FFT analitica Z[343]: (0,0)
FFT Entrada X[344]: (-8.11879,10.5009) FFT analitica Z[344]: (0,0)
FFT Entrada X[345]: (-8.30597,13.9148) FFT analitica Z[345]: (0,0)
FFT Entrada X[346]: (0.705513,-1.12401) FFT analitica Z[346]: (0,0)
FFT Entrada X[347]: (5.34804,14.3506) FFT analitica Z[347]: (0,0)
FFT Entrada X[348]: (-4.86459,-6.89096) FFT analitica Z[348]: (0,0)
FFT Entrada X[349]: (-9.60069,9.44273) FFT analitica Z[349]: (0,0)
FFT Entrada X[350]: (21.4249,-1.5058) FFT analitica Z[350]: (0,0)
FFT Entrada X[351]: (-6.65229,-10.3526) FFT analitica Z[351]: (0,0)
FFT Entrada X[352]: (9.78157,11.703) FFT analitica Z[352]: (0,0)
FFT Entrada X[353]: (5.04482,-7.92232) FFT analitica Z[353]: (0,0)
FFT Entrada X[354]: (-2.98616,5.934) FFT analitica Z[354]: (0,0)
FFT Entrada X[355]: (-6.44992,-12.4079) FFT analitica Z[355]: (0,0)
FFT Entrada X[356]: (17.5007,-2.32307) FFT analitica Z[356]: (0,0)
FFT Entrada X[357]: (-4.90204,2.90594) FFT analitica Z[357]: (0,0)
FFT Entrada X[358]: (16.6028,26.6881) FFT analitica Z[358]: (0,0)
FFT Entrada X[359]: (-17.7285,-1.99593) FFT analitica Z[359]: (0,0)
FFT Entrada X[360]: (-15.8951,-29.8224) FFT analitica Z[360]: (0,0)
FFT Entrada X[361]: (-2.4092,5.84966) FFT analitica Z[361]: (0,0)
FFT Entrada X[362]: (-2.18022,9.12173) FFT analitica Z[362]: (0,0)
FFT Entrada X[363]: (6.28453,-0.674622) FFT analitica Z[363]: (0,0)
FFT Entrada X[364]: (4.78416,-0.67614) FFT analitica Z[364]: (0,0)
FFT Entrada X[365]: (2.47119,6.56258) FFT analitica Z[365]: (0,0)
FFT Entrada X[366]: (17.1731,13.0429) FFT analitica Z[366]: (0,0)
FFT Entrada X[367]: (7.50447,-20.5881) FFT analitica Z[367]: (0,0)
FFT Entrada X[368]: (-2.23905,-2.03683) FFT analitica Z[368]: (0,0)
FFT Entrada X[369]: (-11.3567,22.379) FFT analitica Z[369]: (0,0)
FFT Entrada X[370]: (3.1604,8.99082) FFT analitica Z[370]: (0,0)
FFT Entrada X[371]: (-9.08437,11.4657) FFT analitica Z[371]: (0,0)
FFT Entrada X[372]: (-10.5178,-3.5339) FFT analitica Z[372]: (0,0)
FFT Entrada X[373]: (-11.5364,-12.2787) FFT analitica Z[373]: (0,0)
FFT Entrada X[374]: (-20.4538,-23.169) FFT analitica Z[374]: (0,0)
FFT Entrada X[375]: (3.84272,-4.65249) FFT analitica Z[375]: (0,0)
FFT Entrada X[376]: (-26.0697,-20.0808) FFT analitica Z[376]: (0,0)
FFT Entrada X[377]: (19.6741,30.5051) FFT analitica Z[377]: (0,0)
FFT Entrada X[378]: (11.3189,-4.97172) FFT analitica Z[378]: (0,0)
FFT Entrada X[379]: (-9.06257,14.5004) FFT analitica Z[379]: (0,0)
FFT Entrada X[380]: (32.5031,-16.5201) FFT analitica Z[380]: (0,0)
FFT Entrada X[381]: (2.13186,5.93509) FFT analitica Z[381]: (0,0)
FFT Entrada X[382]: (10.4539,-7.58871) FFT analitica Z[382]: (0,0)
FFT Entrada X[383]: (-24.0467,3.89446) FFT analitica Z[383]: (0,0)
FFT Entrada X[384]: (-2.05698,-27.1147) FFT analitica Z[384]: (0,0)
FFT Entrada X[385]: (-9.71813,-18.9026) FFT analitica Z[385]: (0,0)
FFT Entrada X[386]: (-26.3127,-3.20144) FFT analitica Z[386]: (0,0)
FFT Entrada X[387]: (-2.15803,-13.9407) FFT analitica Z[387]: (0,0)
FFT Entrada X[388]: (-12.305,12.344) FFT analitica Z[388]: (0,0)
FFT Entrada X[389]: (-10.2419,4.33505) FFT analitica Z[389]: (0,0)
FFT Entrada X[390]: (-2.40206,-4.56794) FFT analitica Z[390]: (0,0)
FFT Entrada X[391]: (-7.71442,19.3227) FFT analitica Z[391]: (0,0)
FFT Entrada X[392]: (11.7311,5.40194) FFT analitica Z[392]: (0,0)
FFT Entrada X[393]: (-14.7834,8.01134) FFT analitica Z[393]: (0,0)
FFT Entrada X[394]: (7.02221,12.6979) FFT analitica Z[394]: (0,0)
FFT Entrada X[395]: (-18.1055,26.9088) FFT analitica Z[395]: (0,0)
FFT Entrada X[396]: (0.924637,-6.49271) FFT analitica Z[396]: (0,0)
FFT Entrada X[397]: (-4.25077,15.9991) FFT analitica Z[397]: (0,0)
FFT Entrada X[398]: (-0.408318,-8.56699) FFT analitica Z[398]: (0,0)
FFT Entrada X[399]: (12.452,-5.41208) FFT analitica Z[399]: (0,0)
FFT Entrada X[400]: (-0.615776,1.30616) FFT analitica Z[400]: (0,0)
FFT Entrada X[401]: (2.80788,12.982) FFT analitica Z[401]: (0,0)
FFT Entrada X[402]: (-2.64608,7.85942) FFT analitica Z[402]: (0,0)
FFT Entrada X[403]: (10.7997,-0.248047) FFT analitica Z[403]: (0,0)
FFT Entrada X[404]: (-2.32589,-18.0583) FFT analitica Z[404]: (0,0)
FFT Entrada X[405]: (-11.8625,-40.0374) FFT analitica Z[405]: (0,0)
FFT Entrada X[406]: (13.949,4.42123) FFT analitica Z[406]: (0,0)
FFT Entrada X[407]: (5.75771,-26.0953) FFT analitica Z[407]: (0,0)
FFT Entrada X[408]: (-8.74703,8.55164) FFT analitica Z[408]: (0,0)
FFT Entrada X[409]: (-8.52313,11.4731) FFT analitica Z[409]: (0,0)
FFT Entrada X[410]: (7.5638,-5.95226) FFT analitica Z[410]: (0,0)
FFT Entrada X[411]: (14.6735,-10.6187) FFT analitica Z[411]: (0,0)
FFT Entrada X[412]: (-4.29871,-7.89397) FFT analitica Z[412]: (0,0)
FFT Entrada X[413]: (-5.23647,-10.273) FFT analitica Z[413]: (0,0)
FFT Entrada X[414]: (-9.3227,-0.482033) FFT analitica Z[414]: (0,0)
FFT Entrada X[415]: (11.4026,7.94816) FFT analitica Z[415]: (0,0)
FFT Entrada X[416]: (-1.33459,6.84108) FFT analitica Z[416]: (0,0)
FFT Entrada X[417]: (3.4345,-1.44899) FFT analitica Z[417]: (0,0)
FFT Entrada X[418]: (23.5383,-10.449) FFT analitica Z[418]: (0,0)
FFT Entrada X[419]: (-9.62367,-3.76711) FFT analitica Z[419]: (0,0)
FFT Entrada X[420]: (-5.57593,-8.23554) FFT analitica Z[420]: (0,0)
FFT Entrada X[421]: (16.1521,-9.06945) FFT analitica Z[421]: (0,0)
FFT Entrada X[422]: (-6.23317,15.075) FFT analitica Z[422]: (0,0)
FFT Entrada X[423]: (47.2804,12.6956) FFT analitica Z[423]: (0,0)
FFT Entrada X[424]: (7.09241,-11.7689) FFT analitica Z[424]: (0,0)
FFT Entrada X[425]: (1.05543,-9.62841) FFT analitica Z[425]: (0,0)
FFT Entrada X[426]: (5.11192,14.932) FFT analitica Z[426]: (0,0)
FFT Entrada X[427]: (6.53107,-1.05597) FFT analitica Z[427]: (0,0)
FFT Entrada X[428]: (-20.6121,21.4624) FFT analitica Z[428]: (0,0)
FFT Entrada X[429]: (9.68269,-9.61161) FFT analitica Z[429]: (0,0)
FFT Entrada X[430]: (11.2938,-23.0475) FFT analitica Z[430]: (0,0)
FFT Entrada X[431]: (18.9755,12.1964) FFT analitica Z[431]: (0,0)
FFT Entrada X[432]: (8.44548,-6.88918) FFT analitica Z[432]: (0,0)
FFT Entrada X[433]: (-4.87594,-0.550179) FFT analitica Z[433]: (0,0)
FFT Entrada X[434]: (29.9765,13.6234) FFT analitica Z[434]: (0,0)
FFT Entrada X[435]: (19.8787,6.39779) FFT analitica Z[435]: (0,0)
FFT Entrada X[436]: (19.5572,-5.27023) FFT analitica Z[436]: (0,0)
FFT Entrada X[437]: (-4.72448,-27.8663) FFT analitica Z[437]: (0,0)
FFT Entrada X[438]: (-5.16035,9.58864) FFT analitica Z[438]: (0,0)
FFT Entrada X[439]: (-11.4006,-4.2325) FFT analitica Z[439]: (0,0)
FFT Entrada X[440]: (-8.09476,24.1544) FFT analitica Z[440]: (0,0)
FFT Entrada X[441]: (30.5202,18.7683) FFT analitica Z[441]: (0,0)
FFT Entrada X[442]: (15.6233,30.4054) FFT analitica Z[442]: (0,0)
FFT Entrada X[443]: (4.52903,6.96959) FFT analitica Z[443]: (0,0)
FFT Entrada X[444]: (-2.02753,-12.2396) FFT analitica Z[444]: (0,0)
FFT Entrada X[445]: (12.8831,-5.72404) FFT analitica Z[445]: (0,0)
FFT Entrada X[446]: (-8.58471,5.56014) FFT analitica Z[446]: (0,0)
FFT Entrada X[447]: (29.6986,15.3574) FFT analitica Z[447]: (0,0)
FFT Entrada X[448]: (9.55958,-2.34641) FFT analitica Z[448]: (0,0)
FFT Entrada X[449]: (-7.68,-27.4951) FFT analitica Z[449]: (0,0)
FFT Entrada X[450]: (-10.8065,-32.9149) FFT analitica Z[450]: (0,0)
FFT Entrada X[451]: (-13.4715,-11.4665) FFT analitica Z[451]: (0,0)
FFT Entrada X[452]: (-10.0908,-9.94006) FFT analitica Z[452]: (0,0)
FFT Entrada X[453]: (-29.5536,-7.34981) FFT analitica Z[453]: (0,0)
FFT Entrada X[454]: (-15.2311,-0.431656) FFT analitica Z[454]: (0,0)
FFT Entrada X[455]: (-8.70631,14.1733) FFT analitica Z[455]: (0,0)
FFT Entrada X[456]: (-21.4097,-1.82668) FFT analitica Z[456]: (0,0)
FFT Entrada X[457]: (-49.9055,-6.29604) FFT analitica Z[457]: (0,0)
FFT Entrada X[458]: (-5.38474,3.29781) FFT analitica Z[458]: (0,0)
FFT Entrada X[459]: (5.21451,3.44503) FFT analitica Z[459]: (0,0)
FFT Entrada X[460]: (10.6645,23.2985) FFT analitica Z[460]: (0,0)
FFT Entrada X[461]: (-11.5868,0.449165) FFT analitica Z[461]: (0,0)
FFT Entrada X[462]: (-6.5077,-4.59548) FFT analitica Z[462]: (0,0)
FFT Entrada X[463]: (2.83585,0.443542) FFT analitica Z[463]: (0,0)
FFT Entrada X[464]: (-5.30895,0.556267) FFT analitica Z[464]: (0,0)
FFT Entrada X[465]: (18.8606,13.5429) FFT analitica Z[465]: (0,0)
FFT Entrada X[466]: (7.17763,40.0583) FFT analitica Z[466]: (0,0)
FFT Entrada X[467]: (19.8931,8.87518) FFT analitica Z[467]: (0,0)
FFT Entrada X[468]: (19.7566,14.7758) FFT analitica Z[468]: (0,0)
FFT Entrada X[469]: (-5.28188,-3.84949) FFT analitica Z[469]: (0,0)
FFT Entrada X[470]: (3.47199,-23.1743) FFT analitica Z[470]: (0,0)
FFT Entrada X[471]: (9.93119,21.4134) FFT analitica Z[471]: (0,0)
FFT Entrada X[472]: (14.3765,28.865) FFT analitica Z[472]: (0,0)
FFT Entrada X[473]: (-12.6835,-27.6002) FFT analitica Z[473]: (0,0)
FFT Entrada X[474]: (24.1185,-16.6319) FFT analitica Z[474]: (0,0)
FFT Entrada X[475]: (5.62563,0.686363) FFT analitica Z[475]: (0,0)
FFT Entrada X[476]: (-29.5658,-9.84247) FFT analitica Z[476]: (0,0)
FFT Entrada X[477]: (-14.7599,-3.18131) FFT analitica Z[477]: (0,0)
FFT Entrada X[478]: (10.166,-1.30421) FFT analitica Z[478]: (0,0)
FFT Entrada X[479]: (-5.55067,26.7796) FFT analitica Z[479]: (0,0)
FFT Entrada X[480]: (7.45945,-0.407791) FFT analitica Z[480]: (0,0)
FFT Entrada X[481]: (19.9298,-37.5964) FFT analitica Z[481]: (0,0)
FFT Entrada X[482]: (15.8959,-30.0561) FFT analitica Z[482]: (0,0)
FFT Entrada X[483]: (-4.03661,-34.0737) FFT analitica Z[483]: (0,0)
FFT Entrada X[484]: (-24.8866,3.40652) FFT analitica Z[484]: (0,0)
FFT Entrada X[485]: (-5.75692,-22.9297) FFT analitica Z[485]: (0,0)
FFT Entrada X[486]: (-13.133,8.08037) FFT analitica Z[486]: (0,0)
FFT Entrada X[487]: (31.6899,-21.684) FFT analitica Z[487]: (0,0)
FFT Entrada X[488]: (14.1726,-33.6173) FFT analitica Z[488]: (0,0)
FFT Entrada X[489]: (-11.1977,14.1676) FFT analitica Z[489]: (0,0)
FFT Entrada X[490]: (-31.5209,0.157066) FFT analitica Z[490]: (0,0)
FFT Entrada X[491]: (-17.4054,10.3547) FFT analitica Z[491]: (0,0)
FFT Entrada X[492]: (20.4438,22.2157) FFT analitica Z[492]: (0,0)
FFT Entrada X[493]: (-9.3093,2.62675) FFT analitica Z[493]: (0,0)
FFT Entrada X[494]: (-20.9849,-33.2215) FFT analitica Z[494]: (0,0)
FFT Entrada X[495]: (-14.9686,-11.0004) FFT analitica Z[495]: (0,0)
FFT Entrada X[496]: (-34.1566,3.459) FFT analitica Z[496]: (0,0)
FFT Entrada X[497]: (-34.4541,4.23766) FFT analitica Z[497]: (0,0)
FFT Entrada X[498]: (29.039,24.1275) FFT analitica Z[498]: (0,0)
FFT Entrada X[499]: (19.5487,1.99841) FFT analitica Z[499]: (0,0)
FFT Entrada X[500]: (21.6607,8.66156) FFT analitica Z[500]: (0,0)
FFT Entrada X[501]: (1.8353,-7.30041) FFT analitica Z[501]: (0,0)
FFT Entrada X[502]: (-35.8769,-6.97517) FFT analitica Z[502]: (0,0)
FFT Entrada X[503]: (-24.1384,15.923) FFT analitica Z[503]: (0,0)
FFT Entrada X[504]: (-8.16751,0.998413) FFT analitica Z[504]: (0,0)
FFT Entrada X[505]: (34.5537,17.2718) FFT analitica Z[505]: (0,0)
FFT Entrada X[506]: (-16.8406,5.66232) FFT analitica Z[506]: (0,0)
FFT Entrada X[507]: (8.56897,1.44275) FFT analitica Z[507]: (0,0)
FFT Entrada X[508]: (-21.8028,-9.68941) FFT analitica Z[508]: (0,0)
FFT Entrada X[509]: (-7.71174,22.0899) FFT analitica Z[509]: (0,0)
FFT Entrada X[510]: (19.5529,-1.23331) FFT analitica Z[510]: (0,0)
FFT Entrada X[511]: (13.1852,-7.60688) FFT analitica Z[511]: (0,0)
Testbench exitoso!
The maximum depth reached by any of the 2 hls::stream() instances in the design is 512
INFO: [SIM 1] CSim done with 0 errors.
INFO: [SIM 3] *************** CSIM finish ***************
