INFO: [SIM 2] *************** CSIM start ***************
INFO: [SIM 4] CSIM will launch GCC as the compiler.
   Compiling ../../../AXI_analytic_fft_v2.cpp in debug mode
   Generating csim.exe
Sea X_m la FFT de una senal de entrada x_n en el dominio de las frecuencias
y en 512 X_m siempre es (1,1)
Y sea Z_m la FFT de la senal analitica z_n que corresponde a x_n
FFT Entrada X[0]: (1,1) FFT analitica Z[0]: (1,1)
FFT Entrada X[1]: (1,1) FFT analitica Z[1]: (2,2)
FFT Entrada X[2]: (1,1) FFT analitica Z[2]: (2,2)
FFT Entrada X[3]: (1,1) FFT analitica Z[3]: (2,2)
FFT Entrada X[4]: (1,1) FFT analitica Z[4]: (2,2)
FFT Entrada X[5]: (1,1) FFT analitica Z[5]: (2,2)
FFT Entrada X[6]: (1,1) FFT analitica Z[6]: (2,2)
FFT Entrada X[7]: (1,1) FFT analitica Z[7]: (2,2)
FFT Entrada X[8]: (1,1) FFT analitica Z[8]: (2,2)
FFT Entrada X[9]: (1,1) FFT analitica Z[9]: (2,2)
FFT Entrada X[10]: (1,1) FFT analitica Z[10]: (2,2)
FFT Entrada X[11]: (1,1) FFT analitica Z[11]: (2,2)
FFT Entrada X[12]: (1,1) FFT analitica Z[12]: (2,2)
FFT Entrada X[13]: (1,1) FFT analitica Z[13]: (2,2)
FFT Entrada X[14]: (1,1) FFT analitica Z[14]: (2,2)
FFT Entrada X[15]: (1,1) FFT analitica Z[15]: (2,2)
FFT Entrada X[16]: (1,1) FFT analitica Z[16]: (2,2)
FFT Entrada X[17]: (1,1) FFT analitica Z[17]: (2,2)
FFT Entrada X[18]: (1,1) FFT analitica Z[18]: (2,2)
FFT Entrada X[19]: (1,1) FFT analitica Z[19]: (2,2)
FFT Entrada X[20]: (1,1) FFT analitica Z[20]: (2,2)
FFT Entrada X[21]: (1,1) FFT analitica Z[21]: (2,2)
FFT Entrada X[22]: (1,1) FFT analitica Z[22]: (2,2)
FFT Entrada X[23]: (1,1) FFT analitica Z[23]: (2,2)
FFT Entrada X[24]: (1,1) FFT analitica Z[24]: (2,2)
FFT Entrada X[25]: (1,1) FFT analitica Z[25]: (2,2)
FFT Entrada X[26]: (1,1) FFT analitica Z[26]: (2,2)
FFT Entrada X[27]: (1,1) FFT analitica Z[27]: (2,2)
FFT Entrada X[28]: (1,1) FFT analitica Z[28]: (2,2)
FFT Entrada X[29]: (1,1) FFT analitica Z[29]: (2,2)
FFT Entrada X[30]: (1,1) FFT analitica Z[30]: (2,2)
FFT Entrada X[31]: (1,1) FFT analitica Z[31]: (2,2)
FFT Entrada X[32]: (1,1) FFT analitica Z[32]: (2,2)
FFT Entrada X[33]: (1,1) FFT analitica Z[33]: (2,2)
FFT Entrada X[34]: (1,1) FFT analitica Z[34]: (2,2)
FFT Entrada X[35]: (1,1) FFT analitica Z[35]: (2,2)
FFT Entrada X[36]: (1,1) FFT analitica Z[36]: (2,2)
FFT Entrada X[37]: (1,1) FFT analitica Z[37]: (2,2)
FFT Entrada X[38]: (1,1) FFT analitica Z[38]: (2,2)
FFT Entrada X[39]: (1,1) FFT analitica Z[39]: (2,2)
FFT Entrada X[40]: (1,1) FFT analitica Z[40]: (2,2)
FFT Entrada X[41]: (1,1) FFT analitica Z[41]: (2,2)
FFT Entrada X[42]: (1,1) FFT analitica Z[42]: (2,2)
FFT Entrada X[43]: (1,1) FFT analitica Z[43]: (2,2)
FFT Entrada X[44]: (1,1) FFT analitica Z[44]: (2,2)
FFT Entrada X[45]: (1,1) FFT analitica Z[45]: (2,2)
FFT Entrada X[46]: (1,1) FFT analitica Z[46]: (2,2)
FFT Entrada X[47]: (1,1) FFT analitica Z[47]: (2,2)
FFT Entrada X[48]: (1,1) FFT analitica Z[48]: (2,2)
FFT Entrada X[49]: (1,1) FFT analitica Z[49]: (2,2)
FFT Entrada X[50]: (1,1) FFT analitica Z[50]: (2,2)
FFT Entrada X[51]: (1,1) FFT analitica Z[51]: (2,2)
FFT Entrada X[52]: (1,1) FFT analitica Z[52]: (2,2)
FFT Entrada X[53]: (1,1) FFT analitica Z[53]: (2,2)
FFT Entrada X[54]: (1,1) FFT analitica Z[54]: (2,2)
FFT Entrada X[55]: (1,1) FFT analitica Z[55]: (2,2)
FFT Entrada X[56]: (1,1) FFT analitica Z[56]: (2,2)
FFT Entrada X[57]: (1,1) FFT analitica Z[57]: (2,2)
FFT Entrada X[58]: (1,1) FFT analitica Z[58]: (2,2)
FFT Entrada X[59]: (1,1) FFT analitica Z[59]: (2,2)
FFT Entrada X[60]: (1,1) FFT analitica Z[60]: (2,2)
FFT Entrada X[61]: (1,1) FFT analitica Z[61]: (2,2)
FFT Entrada X[62]: (1,1) FFT analitica Z[62]: (2,2)
FFT Entrada X[63]: (1,1) FFT analitica Z[63]: (2,2)
FFT Entrada X[64]: (1,1) FFT analitica Z[64]: (2,2)
FFT Entrada X[65]: (1,1) FFT analitica Z[65]: (2,2)
FFT Entrada X[66]: (1,1) FFT analitica Z[66]: (2,2)
FFT Entrada X[67]: (1,1) FFT analitica Z[67]: (2,2)
FFT Entrada X[68]: (1,1) FFT analitica Z[68]: (2,2)
FFT Entrada X[69]: (1,1) FFT analitica Z[69]: (2,2)
FFT Entrada X[70]: (1,1) FFT analitica Z[70]: (2,2)
FFT Entrada X[71]: (1,1) FFT analitica Z[71]: (2,2)
FFT Entrada X[72]: (1,1) FFT analitica Z[72]: (2,2)
FFT Entrada X[73]: (1,1) FFT analitica Z[73]: (2,2)
FFT Entrada X[74]: (1,1) FFT analitica Z[74]: (2,2)
FFT Entrada X[75]: (1,1) FFT analitica Z[75]: (2,2)
FFT Entrada X[76]: (1,1) FFT analitica Z[76]: (2,2)
FFT Entrada X[77]: (1,1) FFT analitica Z[77]: (2,2)
FFT Entrada X[78]: (1,1) FFT analitica Z[78]: (2,2)
FFT Entrada X[79]: (1,1) FFT analitica Z[79]: (2,2)
FFT Entrada X[80]: (1,1) FFT analitica Z[80]: (2,2)
FFT Entrada X[81]: (1,1) FFT analitica Z[81]: (2,2)
FFT Entrada X[82]: (1,1) FFT analitica Z[82]: (2,2)
FFT Entrada X[83]: (1,1) FFT analitica Z[83]: (2,2)
FFT Entrada X[84]: (1,1) FFT analitica Z[84]: (2,2)
FFT Entrada X[85]: (1,1) FFT analitica Z[85]: (2,2)
FFT Entrada X[86]: (1,1) FFT analitica Z[86]: (2,2)
FFT Entrada X[87]: (1,1) FFT analitica Z[87]: (2,2)
FFT Entrada X[88]: (1,1) FFT analitica Z[88]: (2,2)
FFT Entrada X[89]: (1,1) FFT analitica Z[89]: (2,2)
FFT Entrada X[90]: (1,1) FFT analitica Z[90]: (2,2)
FFT Entrada X[91]: (1,1) FFT analitica Z[91]: (2,2)
FFT Entrada X[92]: (1,1) FFT analitica Z[92]: (2,2)
FFT Entrada X[93]: (1,1) FFT analitica Z[93]: (2,2)
FFT Entrada X[94]: (1,1) FFT analitica Z[94]: (2,2)
FFT Entrada X[95]: (1,1) FFT analitica Z[95]: (2,2)
FFT Entrada X[96]: (1,1) FFT analitica Z[96]: (2,2)
FFT Entrada X[97]: (1,1) FFT analitica Z[97]: (2,2)
FFT Entrada X[98]: (1,1) FFT analitica Z[98]: (2,2)
FFT Entrada X[99]: (1,1) FFT analitica Z[99]: (2,2)
FFT Entrada X[100]: (1,1) FFT analitica Z[100]: (2,2)
FFT Entrada X[101]: (1,1) FFT analitica Z[101]: (2,2)
FFT Entrada X[102]: (1,1) FFT analitica Z[102]: (2,2)
FFT Entrada X[103]: (1,1) FFT analitica Z[103]: (2,2)
FFT Entrada X[104]: (1,1) FFT analitica Z[104]: (2,2)
FFT Entrada X[105]: (1,1) FFT analitica Z[105]: (2,2)
FFT Entrada X[106]: (1,1) FFT analitica Z[106]: (2,2)
FFT Entrada X[107]: (1,1) FFT analitica Z[107]: (2,2)
FFT Entrada X[108]: (1,1) FFT analitica Z[108]: (2,2)
FFT Entrada X[109]: (1,1) FFT analitica Z[109]: (2,2)
FFT Entrada X[110]: (1,1) FFT analitica Z[110]: (2,2)
FFT Entrada X[111]: (1,1) FFT analitica Z[111]: (2,2)
FFT Entrada X[112]: (1,1) FFT analitica Z[112]: (2,2)
FFT Entrada X[113]: (1,1) FFT analitica Z[113]: (2,2)
FFT Entrada X[114]: (1,1) FFT analitica Z[114]: (2,2)
FFT Entrada X[115]: (1,1) FFT analitica Z[115]: (2,2)
FFT Entrada X[116]: (1,1) FFT analitica Z[116]: (2,2)
FFT Entrada X[117]: (1,1) FFT analitica Z[117]: (2,2)
FFT Entrada X[118]: (1,1) FFT analitica Z[118]: (2,2)
FFT Entrada X[119]: (1,1) FFT analitica Z[119]: (2,2)
FFT Entrada X[120]: (1,1) FFT analitica Z[120]: (2,2)
FFT Entrada X[121]: (1,1) FFT analitica Z[121]: (2,2)
FFT Entrada X[122]: (1,1) FFT analitica Z[122]: (2,2)
FFT Entrada X[123]: (1,1) FFT analitica Z[123]: (2,2)
FFT Entrada X[124]: (1,1) FFT analitica Z[124]: (2,2)
FFT Entrada X[125]: (1,1) FFT analitica Z[125]: (2,2)
FFT Entrada X[126]: (1,1) FFT analitica Z[126]: (2,2)
FFT Entrada X[127]: (1,1) FFT analitica Z[127]: (2,2)
FFT Entrada X[128]: (1,1) FFT analitica Z[128]: (2,2)
FFT Entrada X[129]: (1,1) FFT analitica Z[129]: (2,2)
FFT Entrada X[130]: (1,1) FFT analitica Z[130]: (2,2)
FFT Entrada X[131]: (1,1) FFT analitica Z[131]: (2,2)
FFT Entrada X[132]: (1,1) FFT analitica Z[132]: (2,2)
FFT Entrada X[133]: (1,1) FFT analitica Z[133]: (2,2)
FFT Entrada X[134]: (1,1) FFT analitica Z[134]: (2,2)
FFT Entrada X[135]: (1,1) FFT analitica Z[135]: (2,2)
FFT Entrada X[136]: (1,1) FFT analitica Z[136]: (2,2)
FFT Entrada X[137]: (1,1) FFT analitica Z[137]: (2,2)
FFT Entrada X[138]: (1,1) FFT analitica Z[138]: (2,2)
FFT Entrada X[139]: (1,1) FFT analitica Z[139]: (2,2)
FFT Entrada X[140]: (1,1) FFT analitica Z[140]: (2,2)
FFT Entrada X[141]: (1,1) FFT analitica Z[141]: (2,2)
FFT Entrada X[142]: (1,1) FFT analitica Z[142]: (2,2)
FFT Entrada X[143]: (1,1) FFT analitica Z[143]: (2,2)
FFT Entrada X[144]: (1,1) FFT analitica Z[144]: (2,2)
FFT Entrada X[145]: (1,1) FFT analitica Z[145]: (2,2)
FFT Entrada X[146]: (1,1) FFT analitica Z[146]: (2,2)
FFT Entrada X[147]: (1,1) FFT analitica Z[147]: (2,2)
FFT Entrada X[148]: (1,1) FFT analitica Z[148]: (2,2)
FFT Entrada X[149]: (1,1) FFT analitica Z[149]: (2,2)
FFT Entrada X[150]: (1,1) FFT analitica Z[150]: (2,2)
FFT Entrada X[151]: (1,1) FFT analitica Z[151]: (2,2)
FFT Entrada X[152]: (1,1) FFT analitica Z[152]: (2,2)
FFT Entrada X[153]: (1,1) FFT analitica Z[153]: (2,2)
FFT Entrada X[154]: (1,1) FFT analitica Z[154]: (2,2)
FFT Entrada X[155]: (1,1) FFT analitica Z[155]: (2,2)
FFT Entrada X[156]: (1,1) FFT analitica Z[156]: (2,2)
FFT Entrada X[157]: (1,1) FFT analitica Z[157]: (2,2)
FFT Entrada X[158]: (1,1) FFT analitica Z[158]: (2,2)
FFT Entrada X[159]: (1,1) FFT analitica Z[159]: (2,2)
FFT Entrada X[160]: (1,1) FFT analitica Z[160]: (2,2)
FFT Entrada X[161]: (1,1) FFT analitica Z[161]: (2,2)
FFT Entrada X[162]: (1,1) FFT analitica Z[162]: (2,2)
FFT Entrada X[163]: (1,1) FFT analitica Z[163]: (2,2)
FFT Entrada X[164]: (1,1) FFT analitica Z[164]: (2,2)
FFT Entrada X[165]: (1,1) FFT analitica Z[165]: (2,2)
FFT Entrada X[166]: (1,1) FFT analitica Z[166]: (2,2)
FFT Entrada X[167]: (1,1) FFT analitica Z[167]: (2,2)
FFT Entrada X[168]: (1,1) FFT analitica Z[168]: (2,2)
FFT Entrada X[169]: (1,1) FFT analitica Z[169]: (2,2)
FFT Entrada X[170]: (1,1) FFT analitica Z[170]: (2,2)
FFT Entrada X[171]: (1,1) FFT analitica Z[171]: (2,2)
FFT Entrada X[172]: (1,1) FFT analitica Z[172]: (2,2)
FFT Entrada X[173]: (1,1) FFT analitica Z[173]: (2,2)
FFT Entrada X[174]: (1,1) FFT analitica Z[174]: (2,2)
FFT Entrada X[175]: (1,1) FFT analitica Z[175]: (2,2)
FFT Entrada X[176]: (1,1) FFT analitica Z[176]: (2,2)
FFT Entrada X[177]: (1,1) FFT analitica Z[177]: (2,2)
FFT Entrada X[178]: (1,1) FFT analitica Z[178]: (2,2)
FFT Entrada X[179]: (1,1) FFT analitica Z[179]: (2,2)
FFT Entrada X[180]: (1,1) FFT analitica Z[180]: (2,2)
FFT Entrada X[181]: (1,1) FFT analitica Z[181]: (2,2)
FFT Entrada X[182]: (1,1) FFT analitica Z[182]: (2,2)
FFT Entrada X[183]: (1,1) FFT analitica Z[183]: (2,2)
FFT Entrada X[184]: (1,1) FFT analitica Z[184]: (2,2)
FFT Entrada X[185]: (1,1) FFT analitica Z[185]: (2,2)
FFT Entrada X[186]: (1,1) FFT analitica Z[186]: (2,2)
FFT Entrada X[187]: (1,1) FFT analitica Z[187]: (2,2)
FFT Entrada X[188]: (1,1) FFT analitica Z[188]: (2,2)
FFT Entrada X[189]: (1,1) FFT analitica Z[189]: (2,2)
FFT Entrada X[190]: (1,1) FFT analitica Z[190]: (2,2)
FFT Entrada X[191]: (1,1) FFT analitica Z[191]: (2,2)
FFT Entrada X[192]: (1,1) FFT analitica Z[192]: (2,2)
FFT Entrada X[193]: (1,1) FFT analitica Z[193]: (2,2)
FFT Entrada X[194]: (1,1) FFT analitica Z[194]: (2,2)
FFT Entrada X[195]: (1,1) FFT analitica Z[195]: (2,2)
FFT Entrada X[196]: (1,1) FFT analitica Z[196]: (2,2)
FFT Entrada X[197]: (1,1) FFT analitica Z[197]: (2,2)
FFT Entrada X[198]: (1,1) FFT analitica Z[198]: (2,2)
FFT Entrada X[199]: (1,1) FFT analitica Z[199]: (2,2)
FFT Entrada X[200]: (1,1) FFT analitica Z[200]: (2,2)
FFT Entrada X[201]: (1,1) FFT analitica Z[201]: (2,2)
FFT Entrada X[202]: (1,1) FFT analitica Z[202]: (2,2)
FFT Entrada X[203]: (1,1) FFT analitica Z[203]: (2,2)
FFT Entrada X[204]: (1,1) FFT analitica Z[204]: (2,2)
FFT Entrada X[205]: (1,1) FFT analitica Z[205]: (2,2)
FFT Entrada X[206]: (1,1) FFT analitica Z[206]: (2,2)
FFT Entrada X[207]: (1,1) FFT analitica Z[207]: (2,2)
FFT Entrada X[208]: (1,1) FFT analitica Z[208]: (2,2)
FFT Entrada X[209]: (1,1) FFT analitica Z[209]: (2,2)
FFT Entrada X[210]: (1,1) FFT analitica Z[210]: (2,2)
FFT Entrada X[211]: (1,1) FFT analitica Z[211]: (2,2)
FFT Entrada X[212]: (1,1) FFT analitica Z[212]: (2,2)
FFT Entrada X[213]: (1,1) FFT analitica Z[213]: (2,2)
FFT Entrada X[214]: (1,1) FFT analitica Z[214]: (2,2)
FFT Entrada X[215]: (1,1) FFT analitica Z[215]: (2,2)
FFT Entrada X[216]: (1,1) FFT analitica Z[216]: (2,2)
FFT Entrada X[217]: (1,1) FFT analitica Z[217]: (2,2)
FFT Entrada X[218]: (1,1) FFT analitica Z[218]: (2,2)
FFT Entrada X[219]: (1,1) FFT analitica Z[219]: (2,2)
FFT Entrada X[220]: (1,1) FFT analitica Z[220]: (2,2)
FFT Entrada X[221]: (1,1) FFT analitica Z[221]: (2,2)
FFT Entrada X[222]: (1,1) FFT analitica Z[222]: (2,2)
FFT Entrada X[223]: (1,1) FFT analitica Z[223]: (2,2)
FFT Entrada X[224]: (1,1) FFT analitica Z[224]: (2,2)
FFT Entrada X[225]: (1,1) FFT analitica Z[225]: (2,2)
FFT Entrada X[226]: (1,1) FFT analitica Z[226]: (2,2)
FFT Entrada X[227]: (1,1) FFT analitica Z[227]: (2,2)
FFT Entrada X[228]: (1,1) FFT analitica Z[228]: (2,2)
FFT Entrada X[229]: (1,1) FFT analitica Z[229]: (2,2)
FFT Entrada X[230]: (1,1) FFT analitica Z[230]: (2,2)
FFT Entrada X[231]: (1,1) FFT analitica Z[231]: (2,2)
FFT Entrada X[232]: (1,1) FFT analitica Z[232]: (2,2)
FFT Entrada X[233]: (1,1) FFT analitica Z[233]: (2,2)
FFT Entrada X[234]: (1,1) FFT analitica Z[234]: (2,2)
FFT Entrada X[235]: (1,1) FFT analitica Z[235]: (2,2)
FFT Entrada X[236]: (1,1) FFT analitica Z[236]: (2,2)
FFT Entrada X[237]: (1,1) FFT analitica Z[237]: (2,2)
FFT Entrada X[238]: (1,1) FFT analitica Z[238]: (2,2)
FFT Entrada X[239]: (1,1) FFT analitica Z[239]: (2,2)
FFT Entrada X[240]: (1,1) FFT analitica Z[240]: (2,2)
FFT Entrada X[241]: (1,1) FFT analitica Z[241]: (2,2)
FFT Entrada X[242]: (1,1) FFT analitica Z[242]: (2,2)
FFT Entrada X[243]: (1,1) FFT analitica Z[243]: (2,2)
FFT Entrada X[244]: (1,1) FFT analitica Z[244]: (2,2)
FFT Entrada X[245]: (1,1) FFT analitica Z[245]: (2,2)
FFT Entrada X[246]: (1,1) FFT analitica Z[246]: (2,2)
FFT Entrada X[247]: (1,1) FFT analitica Z[247]: (2,2)
FFT Entrada X[248]: (1,1) FFT analitica Z[248]: (2,2)
FFT Entrada X[249]: (1,1) FFT analitica Z[249]: (2,2)
FFT Entrada X[250]: (1,1) FFT analitica Z[250]: (2,2)
FFT Entrada X[251]: (1,1) FFT analitica Z[251]: (2,2)
FFT Entrada X[252]: (1,1) FFT analitica Z[252]: (2,2)
FFT Entrada X[253]: (1,1) FFT analitica Z[253]: (2,2)
FFT Entrada X[254]: (1,1) FFT analitica Z[254]: (2,2)
FFT Entrada X[255]: (1,1) FFT analitica Z[255]: (2,2)
FFT Entrada X[256]: (1,1) FFT analitica Z[256]: (1,1)
FFT Entrada X[257]: (1,1) FFT analitica Z[257]: (0,0)
FFT Entrada X[258]: (1,1) FFT analitica Z[258]: (0,0)
FFT Entrada X[259]: (1,1) FFT analitica Z[259]: (0,0)
FFT Entrada X[260]: (1,1) FFT analitica Z[260]: (0,0)
FFT Entrada X[261]: (1,1) FFT analitica Z[261]: (0,0)
FFT Entrada X[262]: (1,1) FFT analitica Z[262]: (0,0)
FFT Entrada X[263]: (1,1) FFT analitica Z[263]: (0,0)
FFT Entrada X[264]: (1,1) FFT analitica Z[264]: (0,0)
FFT Entrada X[265]: (1,1) FFT analitica Z[265]: (0,0)
FFT Entrada X[266]: (1,1) FFT analitica Z[266]: (0,0)
FFT Entrada X[267]: (1,1) FFT analitica Z[267]: (0,0)
FFT Entrada X[268]: (1,1) FFT analitica Z[268]: (0,0)
FFT Entrada X[269]: (1,1) FFT analitica Z[269]: (0,0)
FFT Entrada X[270]: (1,1) FFT analitica Z[270]: (0,0)
FFT Entrada X[271]: (1,1) FFT analitica Z[271]: (0,0)
FFT Entrada X[272]: (1,1) FFT analitica Z[272]: (0,0)
FFT Entrada X[273]: (1,1) FFT analitica Z[273]: (0,0)
FFT Entrada X[274]: (1,1) FFT analitica Z[274]: (0,0)
FFT Entrada X[275]: (1,1) FFT analitica Z[275]: (0,0)
FFT Entrada X[276]: (1,1) FFT analitica Z[276]: (0,0)
FFT Entrada X[277]: (1,1) FFT analitica Z[277]: (0,0)
FFT Entrada X[278]: (1,1) FFT analitica Z[278]: (0,0)
FFT Entrada X[279]: (1,1) FFT analitica Z[279]: (0,0)
FFT Entrada X[280]: (1,1) FFT analitica Z[280]: (0,0)
FFT Entrada X[281]: (1,1) FFT analitica Z[281]: (0,0)
FFT Entrada X[282]: (1,1) FFT analitica Z[282]: (0,0)
FFT Entrada X[283]: (1,1) FFT analitica Z[283]: (0,0)
FFT Entrada X[284]: (1,1) FFT analitica Z[284]: (0,0)
FFT Entrada X[285]: (1,1) FFT analitica Z[285]: (0,0)
FFT Entrada X[286]: (1,1) FFT analitica Z[286]: (0,0)
FFT Entrada X[287]: (1,1) FFT analitica Z[287]: (0,0)
FFT Entrada X[288]: (1,1) FFT analitica Z[288]: (0,0)
FFT Entrada X[289]: (1,1) FFT analitica Z[289]: (0,0)
FFT Entrada X[290]: (1,1) FFT analitica Z[290]: (0,0)
FFT Entrada X[291]: (1,1) FFT analitica Z[291]: (0,0)
FFT Entrada X[292]: (1,1) FFT analitica Z[292]: (0,0)
FFT Entrada X[293]: (1,1) FFT analitica Z[293]: (0,0)
FFT Entrada X[294]: (1,1) FFT analitica Z[294]: (0,0)
FFT Entrada X[295]: (1,1) FFT analitica Z[295]: (0,0)
FFT Entrada X[296]: (1,1) FFT analitica Z[296]: (0,0)
FFT Entrada X[297]: (1,1) FFT analitica Z[297]: (0,0)
FFT Entrada X[298]: (1,1) FFT analitica Z[298]: (0,0)
FFT Entrada X[299]: (1,1) FFT analitica Z[299]: (0,0)
FFT Entrada X[300]: (1,1) FFT analitica Z[300]: (0,0)
FFT Entrada X[301]: (1,1) FFT analitica Z[301]: (0,0)
FFT Entrada X[302]: (1,1) FFT analitica Z[302]: (0,0)
FFT Entrada X[303]: (1,1) FFT analitica Z[303]: (0,0)
FFT Entrada X[304]: (1,1) FFT analitica Z[304]: (0,0)
FFT Entrada X[305]: (1,1) FFT analitica Z[305]: (0,0)
FFT Entrada X[306]: (1,1) FFT analitica Z[306]: (0,0)
FFT Entrada X[307]: (1,1) FFT analitica Z[307]: (0,0)
FFT Entrada X[308]: (1,1) FFT analitica Z[308]: (0,0)
FFT Entrada X[309]: (1,1) FFT analitica Z[309]: (0,0)
FFT Entrada X[310]: (1,1) FFT analitica Z[310]: (0,0)
FFT Entrada X[311]: (1,1) FFT analitica Z[311]: (0,0)
FFT Entrada X[312]: (1,1) FFT analitica Z[312]: (0,0)
FFT Entrada X[313]: (1,1) FFT analitica Z[313]: (0,0)
FFT Entrada X[314]: (1,1) FFT analitica Z[314]: (0,0)
FFT Entrada X[315]: (1,1) FFT analitica Z[315]: (0,0)
FFT Entrada X[316]: (1,1) FFT analitica Z[316]: (0,0)
FFT Entrada X[317]: (1,1) FFT analitica Z[317]: (0,0)
FFT Entrada X[318]: (1,1) FFT analitica Z[318]: (0,0)
FFT Entrada X[319]: (1,1) FFT analitica Z[319]: (0,0)
FFT Entrada X[320]: (1,1) FFT analitica Z[320]: (0,0)
FFT Entrada X[321]: (1,1) FFT analitica Z[321]: (0,0)
FFT Entrada X[322]: (1,1) FFT analitica Z[322]: (0,0)
FFT Entrada X[323]: (1,1) FFT analitica Z[323]: (0,0)
FFT Entrada X[324]: (1,1) FFT analitica Z[324]: (0,0)
FFT Entrada X[325]: (1,1) FFT analitica Z[325]: (0,0)
FFT Entrada X[326]: (1,1) FFT analitica Z[326]: (0,0)
FFT Entrada X[327]: (1,1) FFT analitica Z[327]: (0,0)
FFT Entrada X[328]: (1,1) FFT analitica Z[328]: (0,0)
FFT Entrada X[329]: (1,1) FFT analitica Z[329]: (0,0)
FFT Entrada X[330]: (1,1) FFT analitica Z[330]: (0,0)
FFT Entrada X[331]: (1,1) FFT analitica Z[331]: (0,0)
FFT Entrada X[332]: (1,1) FFT analitica Z[332]: (0,0)
FFT Entrada X[333]: (1,1) FFT analitica Z[333]: (0,0)
FFT Entrada X[334]: (1,1) FFT analitica Z[334]: (0,0)
FFT Entrada X[335]: (1,1) FFT analitica Z[335]: (0,0)
FFT Entrada X[336]: (1,1) FFT analitica Z[336]: (0,0)
FFT Entrada X[337]: (1,1) FFT analitica Z[337]: (0,0)
FFT Entrada X[338]: (1,1) FFT analitica Z[338]: (0,0)
FFT Entrada X[339]: (1,1) FFT analitica Z[339]: (0,0)
FFT Entrada X[340]: (1,1) FFT analitica Z[340]: (0,0)
FFT Entrada X[341]: (1,1) FFT analitica Z[341]: (0,0)
FFT Entrada X[342]: (1,1) FFT analitica Z[342]: (0,0)
FFT Entrada X[343]: (1,1) FFT analitica Z[343]: (0,0)
FFT Entrada X[344]: (1,1) FFT analitica Z[344]: (0,0)
FFT Entrada X[345]: (1,1) FFT analitica Z[345]: (0,0)
FFT Entrada X[346]: (1,1) FFT analitica Z[346]: (0,0)
FFT Entrada X[347]: (1,1) FFT analitica Z[347]: (0,0)
FFT Entrada X[348]: (1,1) FFT analitica Z[348]: (0,0)
FFT Entrada X[349]: (1,1) FFT analitica Z[349]: (0,0)
FFT Entrada X[350]: (1,1) FFT analitica Z[350]: (0,0)
FFT Entrada X[351]: (1,1) FFT analitica Z[351]: (0,0)
FFT Entrada X[352]: (1,1) FFT analitica Z[352]: (0,0)
FFT Entrada X[353]: (1,1) FFT analitica Z[353]: (0,0)
FFT Entrada X[354]: (1,1) FFT analitica Z[354]: (0,0)
FFT Entrada X[355]: (1,1) FFT analitica Z[355]: (0,0)
FFT Entrada X[356]: (1,1) FFT analitica Z[356]: (0,0)
FFT Entrada X[357]: (1,1) FFT analitica Z[357]: (0,0)
FFT Entrada X[358]: (1,1) FFT analitica Z[358]: (0,0)
FFT Entrada X[359]: (1,1) FFT analitica Z[359]: (0,0)
FFT Entrada X[360]: (1,1) FFT analitica Z[360]: (0,0)
FFT Entrada X[361]: (1,1) FFT analitica Z[361]: (0,0)
FFT Entrada X[362]: (1,1) FFT analitica Z[362]: (0,0)
FFT Entrada X[363]: (1,1) FFT analitica Z[363]: (0,0)
FFT Entrada X[364]: (1,1) FFT analitica Z[364]: (0,0)
FFT Entrada X[365]: (1,1) FFT analitica Z[365]: (0,0)
FFT Entrada X[366]: (1,1) FFT analitica Z[366]: (0,0)
FFT Entrada X[367]: (1,1) FFT analitica Z[367]: (0,0)
FFT Entrada X[368]: (1,1) FFT analitica Z[368]: (0,0)
FFT Entrada X[369]: (1,1) FFT analitica Z[369]: (0,0)
FFT Entrada X[370]: (1,1) FFT analitica Z[370]: (0,0)
FFT Entrada X[371]: (1,1) FFT analitica Z[371]: (0,0)
FFT Entrada X[372]: (1,1) FFT analitica Z[372]: (0,0)
FFT Entrada X[373]: (1,1) FFT analitica Z[373]: (0,0)
FFT Entrada X[374]: (1,1) FFT analitica Z[374]: (0,0)
FFT Entrada X[375]: (1,1) FFT analitica Z[375]: (0,0)
FFT Entrada X[376]: (1,1) FFT analitica Z[376]: (0,0)
FFT Entrada X[377]: (1,1) FFT analitica Z[377]: (0,0)
FFT Entrada X[378]: (1,1) FFT analitica Z[378]: (0,0)
FFT Entrada X[379]: (1,1) FFT analitica Z[379]: (0,0)
FFT Entrada X[380]: (1,1) FFT analitica Z[380]: (0,0)
FFT Entrada X[381]: (1,1) FFT analitica Z[381]: (0,0)
FFT Entrada X[382]: (1,1) FFT analitica Z[382]: (0,0)
FFT Entrada X[383]: (1,1) FFT analitica Z[383]: (0,0)
FFT Entrada X[384]: (1,1) FFT analitica Z[384]: (0,0)
FFT Entrada X[385]: (1,1) FFT analitica Z[385]: (0,0)
FFT Entrada X[386]: (1,1) FFT analitica Z[386]: (0,0)
FFT Entrada X[387]: (1,1) FFT analitica Z[387]: (0,0)
FFT Entrada X[388]: (1,1) FFT analitica Z[388]: (0,0)
FFT Entrada X[389]: (1,1) FFT analitica Z[389]: (0,0)
FFT Entrada X[390]: (1,1) FFT analitica Z[390]: (0,0)
FFT Entrada X[391]: (1,1) FFT analitica Z[391]: (0,0)
FFT Entrada X[392]: (1,1) FFT analitica Z[392]: (0,0)
FFT Entrada X[393]: (1,1) FFT analitica Z[393]: (0,0)
FFT Entrada X[394]: (1,1) FFT analitica Z[394]: (0,0)
FFT Entrada X[395]: (1,1) FFT analitica Z[395]: (0,0)
FFT Entrada X[396]: (1,1) FFT analitica Z[396]: (0,0)
FFT Entrada X[397]: (1,1) FFT analitica Z[397]: (0,0)
FFT Entrada X[398]: (1,1) FFT analitica Z[398]: (0,0)
FFT Entrada X[399]: (1,1) FFT analitica Z[399]: (0,0)
FFT Entrada X[400]: (1,1) FFT analitica Z[400]: (0,0)
FFT Entrada X[401]: (1,1) FFT analitica Z[401]: (0,0)
FFT Entrada X[402]: (1,1) FFT analitica Z[402]: (0,0)
FFT Entrada X[403]: (1,1) FFT analitica Z[403]: (0,0)
FFT Entrada X[404]: (1,1) FFT analitica Z[404]: (0,0)
FFT Entrada X[405]: (1,1) FFT analitica Z[405]: (0,0)
FFT Entrada X[406]: (1,1) FFT analitica Z[406]: (0,0)
FFT Entrada X[407]: (1,1) FFT analitica Z[407]: (0,0)
FFT Entrada X[408]: (1,1) FFT analitica Z[408]: (0,0)
FFT Entrada X[409]: (1,1) FFT analitica Z[409]: (0,0)
FFT Entrada X[410]: (1,1) FFT analitica Z[410]: (0,0)
FFT Entrada X[411]: (1,1) FFT analitica Z[411]: (0,0)
FFT Entrada X[412]: (1,1) FFT analitica Z[412]: (0,0)
FFT Entrada X[413]: (1,1) FFT analitica Z[413]: (0,0)
FFT Entrada X[414]: (1,1) FFT analitica Z[414]: (0,0)
FFT Entrada X[415]: (1,1) FFT analitica Z[415]: (0,0)
FFT Entrada X[416]: (1,1) FFT analitica Z[416]: (0,0)
FFT Entrada X[417]: (1,1) FFT analitica Z[417]: (0,0)
FFT Entrada X[418]: (1,1) FFT analitica Z[418]: (0,0)
FFT Entrada X[419]: (1,1) FFT analitica Z[419]: (0,0)
FFT Entrada X[420]: (1,1) FFT analitica Z[420]: (0,0)
FFT Entrada X[421]: (1,1) FFT analitica Z[421]: (0,0)
FFT Entrada X[422]: (1,1) FFT analitica Z[422]: (0,0)
FFT Entrada X[423]: (1,1) FFT analitica Z[423]: (0,0)
FFT Entrada X[424]: (1,1) FFT analitica Z[424]: (0,0)
FFT Entrada X[425]: (1,1) FFT analitica Z[425]: (0,0)
FFT Entrada X[426]: (1,1) FFT analitica Z[426]: (0,0)
FFT Entrada X[427]: (1,1) FFT analitica Z[427]: (0,0)
FFT Entrada X[428]: (1,1) FFT analitica Z[428]: (0,0)
FFT Entrada X[429]: (1,1) FFT analitica Z[429]: (0,0)
FFT Entrada X[430]: (1,1) FFT analitica Z[430]: (0,0)
FFT Entrada X[431]: (1,1) FFT analitica Z[431]: (0,0)
FFT Entrada X[432]: (1,1) FFT analitica Z[432]: (0,0)
FFT Entrada X[433]: (1,1) FFT analitica Z[433]: (0,0)
FFT Entrada X[434]: (1,1) FFT analitica Z[434]: (0,0)
FFT Entrada X[435]: (1,1) FFT analitica Z[435]: (0,0)
FFT Entrada X[436]: (1,1) FFT analitica Z[436]: (0,0)
FFT Entrada X[437]: (1,1) FFT analitica Z[437]: (0,0)
FFT Entrada X[438]: (1,1) FFT analitica Z[438]: (0,0)
FFT Entrada X[439]: (1,1) FFT analitica Z[439]: (0,0)
FFT Entrada X[440]: (1,1) FFT analitica Z[440]: (0,0)
FFT Entrada X[441]: (1,1) FFT analitica Z[441]: (0,0)
FFT Entrada X[442]: (1,1) FFT analitica Z[442]: (0,0)
FFT Entrada X[443]: (1,1) FFT analitica Z[443]: (0,0)
FFT Entrada X[444]: (1,1) FFT analitica Z[444]: (0,0)
FFT Entrada X[445]: (1,1) FFT analitica Z[445]: (0,0)
FFT Entrada X[446]: (1,1) FFT analitica Z[446]: (0,0)
FFT Entrada X[447]: (1,1) FFT analitica Z[447]: (0,0)
FFT Entrada X[448]: (1,1) FFT analitica Z[448]: (0,0)
FFT Entrada X[449]: (1,1) FFT analitica Z[449]: (0,0)
FFT Entrada X[450]: (1,1) FFT analitica Z[450]: (0,0)
FFT Entrada X[451]: (1,1) FFT analitica Z[451]: (0,0)
FFT Entrada X[452]: (1,1) FFT analitica Z[452]: (0,0)
FFT Entrada X[453]: (1,1) FFT analitica Z[453]: (0,0)
FFT Entrada X[454]: (1,1) FFT analitica Z[454]: (0,0)
FFT Entrada X[455]: (1,1) FFT analitica Z[455]: (0,0)
FFT Entrada X[456]: (1,1) FFT analitica Z[456]: (0,0)
FFT Entrada X[457]: (1,1) FFT analitica Z[457]: (0,0)
FFT Entrada X[458]: (1,1) FFT analitica Z[458]: (0,0)
FFT Entrada X[459]: (1,1) FFT analitica Z[459]: (0,0)
FFT Entrada X[460]: (1,1) FFT analitica Z[460]: (0,0)
FFT Entrada X[461]: (1,1) FFT analitica Z[461]: (0,0)
FFT Entrada X[462]: (1,1) FFT analitica Z[462]: (0,0)
FFT Entrada X[463]: (1,1) FFT analitica Z[463]: (0,0)
FFT Entrada X[464]: (1,1) FFT analitica Z[464]: (0,0)
FFT Entrada X[465]: (1,1) FFT analitica Z[465]: (0,0)
FFT Entrada X[466]: (1,1) FFT analitica Z[466]: (0,0)
FFT Entrada X[467]: (1,1) FFT analitica Z[467]: (0,0)
FFT Entrada X[468]: (1,1) FFT analitica Z[468]: (0,0)
FFT Entrada X[469]: (1,1) FFT analitica Z[469]: (0,0)
FFT Entrada X[470]: (1,1) FFT analitica Z[470]: (0,0)
FFT Entrada X[471]: (1,1) FFT analitica Z[471]: (0,0)
FFT Entrada X[472]: (1,1) FFT analitica Z[472]: (0,0)
FFT Entrada X[473]: (1,1) FFT analitica Z[473]: (0,0)
FFT Entrada X[474]: (1,1) FFT analitica Z[474]: (0,0)
FFT Entrada X[475]: (1,1) FFT analitica Z[475]: (0,0)
FFT Entrada X[476]: (1,1) FFT analitica Z[476]: (0,0)
FFT Entrada X[477]: (1,1) FFT analitica Z[477]: (0,0)
FFT Entrada X[478]: (1,1) FFT analitica Z[478]: (0,0)
FFT Entrada X[479]: (1,1) FFT analitica Z[479]: (0,0)
FFT Entrada X[480]: (1,1) FFT analitica Z[480]: (0,0)
FFT Entrada X[481]: (1,1) FFT analitica Z[481]: (0,0)
FFT Entrada X[482]: (1,1) FFT analitica Z[482]: (0,0)
FFT Entrada X[483]: (1,1) FFT analitica Z[483]: (0,0)
FFT Entrada X[484]: (1,1) FFT analitica Z[484]: (0,0)
FFT Entrada X[485]: (1,1) FFT analitica Z[485]: (0,0)
FFT Entrada X[486]: (1,1) FFT analitica Z[486]: (0,0)
FFT Entrada X[487]: (1,1) FFT analitica Z[487]: (0,0)
FFT Entrada X[488]: (1,1) FFT analitica Z[488]: (0,0)
FFT Entrada X[489]: (1,1) FFT analitica Z[489]: (0,0)
FFT Entrada X[490]: (1,1) FFT analitica Z[490]: (0,0)
FFT Entrada X[491]: (1,1) FFT analitica Z[491]: (0,0)
FFT Entrada X[492]: (1,1) FFT analitica Z[492]: (0,0)
FFT Entrada X[493]: (1,1) FFT analitica Z[493]: (0,0)
FFT Entrada X[494]: (1,1) FFT analitica Z[494]: (0,0)
FFT Entrada X[495]: (1,1) FFT analitica Z[495]: (0,0)
FFT Entrada X[496]: (1,1) FFT analitica Z[496]: (0,0)
FFT Entrada X[497]: (1,1) FFT analitica Z[497]: (0,0)
FFT Entrada X[498]: (1,1) FFT analitica Z[498]: (0,0)
FFT Entrada X[499]: (1,1) FFT analitica Z[499]: (0,0)
FFT Entrada X[500]: (1,1) FFT analitica Z[500]: (0,0)
FFT Entrada X[501]: (1,1) FFT analitica Z[501]: (0,0)
FFT Entrada X[502]: (1,1) FFT analitica Z[502]: (0,0)
FFT Entrada X[503]: (1,1) FFT analitica Z[503]: (0,0)
FFT Entrada X[504]: (1,1) FFT analitica Z[504]: (0,0)
FFT Entrada X[505]: (1,1) FFT analitica Z[505]: (0,0)
FFT Entrada X[506]: (1,1) FFT analitica Z[506]: (0,0)
FFT Entrada X[507]: (1,1) FFT analitica Z[507]: (0,0)
FFT Entrada X[508]: (1,1) FFT analitica Z[508]: (0,0)
FFT Entrada X[509]: (1,1) FFT analitica Z[509]: (0,0)
FFT Entrada X[510]: (1,1) FFT analitica Z[510]: (0,0)
FFT Entrada X[511]: (1,1) FFT analitica Z[511]: (0,0)
Testbench exitoso!
The maximum depth reached by any of the 2 hls::stream() instances in the design is 512
INFO: [SIM 1] CSim done with 0 errors.
INFO: [SIM 3] *************** CSIM finish ***************
