#-----------------------------------------------------------
# xsim v2020.2 (64-bit)
# SW Build 3064766 on Wed Nov 18 09:12:47 MST 2020
# IP Build 3064653 on Wed Nov 18 14:17:31 MST 2020
# Start of session at: Fri May 24 10:12:25 2024
# Process ID: 3912
# Current directory: /home/usuario/Escritorio/Tesis/IP_V3/punto_flotante/analytic_signal/AXI_analytic_fft/solution1/sim/vhdl
# Command line: xsim -mode tcl -source {xsim.dir/axi_analytic_fft/xsim_script.tcl}
# Log file: /home/usuario/Escritorio/Tesis/IP_V3/punto_flotante/analytic_signal/AXI_analytic_fft/solution1/sim/vhdl/xsim.log
# Journal file: /home/usuario/Escritorio/Tesis/IP_V3/punto_flotante/analytic_signal/AXI_analytic_fft/solution1/sim/vhdl/xsim.jou
#-----------------------------------------------------------
source xsim.dir/axi_analytic_fft/xsim_script.tcl
# xsim {axi_analytic_fft} -autoloadwcfg -tclbatch {axi_analytic_fft.tcl}
Vivado Simulator 2020.2
Time resolution is 1 ps
source axi_analytic_fft.tcl
## run all
Note: simulation done!
Time: 10475 ns  Iteration: 1  Process: /apatb_axi_analytic_fft_top/generate_sim_done_proc  File: /home/usuario/Escritorio/Tesis/IP_V3/punto_flotante/analytic_signal/AXI_analytic_fft/solution1/sim/vhdl/axi_analytic_fft.autotb.vhd
Failure: NORMAL EXIT (note: failure is to force the simulator to stop)
Time: 10475 ns  Iteration: 1  Process: /apatb_axi_analytic_fft_top/generate_sim_done_proc  File: /home/usuario/Escritorio/Tesis/IP_V3/punto_flotante/analytic_signal/AXI_analytic_fft/solution1/sim/vhdl/axi_analytic_fft.autotb.vhd
$finish called at time : 10475 ns
## quit
INFO: [Common 17-206] Exiting xsim at Fri May 24 10:12:37 2024...
