

================================================================
== Vitis HLS Report for 'sin_or_cos_float_s'
================================================================
* Date:           Sat Jun  1 19:46:31 2024

* Version:        2020.2 (Build 3064766 on Wed Nov 18 09:12:47 MST 2020)
* Project:        axi_amplitude
* Solution:       solution1 (Vivado IP Flow Target)
* Product family: zynq
* Target device:  xc7z020-clg400-1


================================================================
== Performance Estimates
================================================================
+ Timing: 
    * Summary: 
    +--------+----------+----------+------------+
    |  Clock |  Target  | Estimated| Uncertainty|
    +--------+----------+----------+------------+
    |ap_clk  |  10.00 ns|  7.074 ns|     2.70 ns|
    +--------+----------+----------+------------+

+ Latency: 
    * Summary: 
    +---------+---------+----------+----------+-----+-----+---------+
    |  Latency (cycles) |  Latency (absolute) |  Interval | Pipeline|
    |   min   |   max   |    min   |    max   | min | max |   Type  |
    +---------+---------+----------+----------+-----+-----+---------+
    |       19|       19|  0.190 us|  0.190 us|    1|    1|      yes|
    +---------+---------+----------+----------+-----+-----+---------+

    + Detail: 
        * Instance: 
        N/A

        * Loop: 
        N/A



================================================================
== Utilization Estimates
================================================================
* Summary: 
+-----------------+---------+-----+--------+-------+-----+
|       Name      | BRAM_18K| DSP |   FF   |  LUT  | URAM|
+-----------------+---------+-----+--------+-------+-----+
|DSP              |        -|    2|       -|      -|    -|
|Expression       |        -|    -|       0|   1668|    -|
|FIFO             |        -|    -|       -|      -|    -|
|Instance         |        -|    4|     559|    506|    -|
|Memory           |        -|    -|     168|    293|    -|
|Multiplexer      |        -|    -|       -|      -|    -|
|Register         |        -|    -|    1508|    384|    -|
+-----------------+---------+-----+--------+-------+-----+
|Total            |        0|    6|    2235|   2851|    0|
+-----------------+---------+-----+--------+-------+-----+
|Available        |      280|  220|  106400|  53200|    0|
+-----------------+---------+-----+--------+-------+-----+
|Utilization (%)  |        0|    2|       2|      5|    0|
+-----------------+---------+-----+--------+-------+-----+

+ Detail: 
    * Instance: 
    +------------------------+---------------------+---------+----+-----+-----+-----+
    |        Instance        |        Module       | BRAM_18K| DSP|  FF | LUT | URAM|
    +------------------------+---------------------+---------+----+-----+-----+-----+
    |mul_23s_22ns_45_1_1_U5  |mul_23s_22ns_45_1_1  |        0|   1|    0|   31|    0|
    |mul_30s_29ns_58_2_1_U6  |mul_30s_29ns_58_2_1  |        0|   0|  118|   47|    0|
    |mul_80s_24ns_80_5_1_U1  |mul_80s_24ns_80_5_1  |        0|   3|  441|  256|    0|
    |mux_164_1_1_1_U3        |mux_164_1_1_1        |        0|   0|    0|   65|    0|
    |mux_164_1_1_1_U4        |mux_164_1_1_1        |        0|   0|    0|   65|    0|
    |mux_83_1_1_1_U2         |mux_83_1_1_1         |        0|   0|    0|   42|    0|
    +------------------------+---------------------+---------+----+-----+-----+-----+
    |Total                   |                     |        0|   4|  559|  506|    0|
    +------------------------+---------------------+---------+----+-----+-----+-----+

    * DSP: 
    +-----------------------------+--------------------------+-----------+
    |           Instance          |          Module          | Expression|
    +-----------------------------+--------------------------+-----------+
    |mul_mul_15ns_15ns_30_4_1_U7  |mul_mul_15ns_15ns_30_4_1  |    i0 * i0|
    |mul_mul_15ns_15s_30_4_1_U8   |mul_mul_15ns_15s_30_4_1   |    i0 * i1|
    +-----------------------------+--------------------------+-----------+

    * Memory: 
    +-----------------------------------+----------------------------------------------------+---------+-----+-----+-----+------+-----+------+-------------+
    |               Memory              |                       Module                       | BRAM_18K|  FF | LUT | URAM| Words| Bits| Banks| W*Bits*Banks|
    +-----------------------------------+----------------------------------------------------+---------+-----+-----+-----+------+-----+------+-------------+
    |ref_4oPi_table_100_V_U             |sin_or_cos_float_s_ref_4oPi_table_100_V             |        0|  100|   21|    0|    13|  100|     1|         1300|
    |second_order_float_sin_cos_K0_V_U  |sin_or_cos_float_s_second_order_float_sin_cos_K0_V  |        0|   30|  120|    0|   256|   30|     1|         7680|
    |second_order_float_sin_cos_K1_V_U  |sin_or_cos_float_s_second_order_float_sin_cos_K1_V  |        0|   23|   92|    0|   256|   23|     1|         5888|
    |second_order_float_sin_cos_K2_V_U  |sin_or_cos_float_s_second_order_float_sin_cos_K2_V  |        0|   15|   60|    0|   256|   15|     1|         3840|
    +-----------------------------------+----------------------------------------------------+---------+-----+-----+-----+------+-----+------+-------------+
    |Total                              |                                                    |        0|  168|  293|    0|   781|  168|     4|        18708|
    +-----------------------------------+----------------------------------------------------+---------+-----+-----+-----+------+-----+------+-------------+

    * FIFO: 
    N/A

    * Expression: 
    +----------------------------+----------+----+---+-----+------------+------------+
    |        Variable Name       | Operation| DSP| FF| LUT | Bitwidth P0| Bitwidth P1|
    +----------------------------+----------+----+---+-----+------------+------------+
    |Ex_V_fu_578_p2              |         +|   0|  0|   15|           8|           8|
    |add_ln116_fu_264_p2         |         +|   0|  0|   15|           8|           7|
    |add_ln319_fu_917_p2         |         +|   0|  0|   39|          32|           5|
    |add_ln329_fu_931_p2         |         +|   0|  0|   14|           9|           7|
    |ret_V_1_fu_794_p2           |         +|   0|  0|   30|          30|          30|
    |ret_V_fu_784_p2             |         +|   0|  0|   30|          30|          30|
    |Ex_V_3_fu_611_p2            |         -|   0|  0|   15|           8|           8|
    |Mx_bits_V_1_fu_364_p2       |         -|   0|  0|   65|           1|          58|
    |newexp_fu_941_p2            |         -|   0|  0|   39|          32|          32|
    |sub_ln1311_fu_629_p2        |         -|   0|  0|   14|           1|           9|
    |results_sign_V_fu_572_p2    |       and|   0|  0|    2|           1|           1|
    |closepath_fu_258_p2         |      icmp|   0|  0|   11|           8|           7|
    |icmp_ln1452_fu_955_p2       |      icmp|   0|  0|   17|          29|           1|
    |icmp_ln300_1_fu_559_p2      |      icmp|   0|  0|   11|           8|           1|
    |icmp_ln300_2_fu_643_p2      |      icmp|   0|  0|   11|           8|           2|
    |icmp_ln300_fu_554_p2        |      icmp|   0|  0|   11|           8|           2|
    |icmp_ln321_fu_911_p2        |      icmp|   0|  0|   18|          32|           5|
    |icmp_ln824_fu_332_p2        |      icmp|   0|  0|   15|          23|           1|
    |lshr_ln1287_fu_654_p2       |      lshr|   0|  0|  100|          32|          32|
    |or_ln335_fu_960_p2          |        or|   0|  0|    2|           1|           1|
    |Ex_V_4_fu_892_p3            |    select|   0|  0|    8|           1|           8|
    |Mx_V_1_fu_763_p3            |    select|   0|  0|   29|           1|          29|
    |Mx_bits_V_3_fu_382_p3       |    select|   0|  0|   58|           1|          58|
    |addr_fu_270_p3              |    select|   0|  0|    8|           1|           6|
    |out_exp_V_fu_1015_p3        |    select|   0|  0|    8|           1|           1|
    |results_exp_V_fu_1042_p3    |    select|   0|  0|    8|           1|           8|
    |results_sig_V_fu_1056_p3    |    select|   0|  0|   23|           1|          23|
    |results_sign_V_1_fu_541_p3  |    select|   0|  0|    2|           1|           1|
    |select_ln1312_fu_666_p3     |    select|   0|  0|   32|           1|          32|
    |select_ln300_1_fu_1035_p3   |    select|   0|  0|    8|           1|           2|
    |select_ln300_3_fu_1049_p3   |    select|   0|  0|   23|           1|           2|
    |select_ln300_fu_564_p3      |    select|   0|  0|    2|           1|           1|
    |select_ln311_1_fu_1028_p3   |    select|   0|  0|   23|           1|           1|
    |select_ln311_fu_1021_p3     |    select|   0|  0|    8|           1|           7|
    |select_ln321_1_fu_1001_p3   |    select|   0|  0|   23|           1|          23|
    |select_ln321_fu_923_p3      |    select|   0|  0|   32|           1|          32|
    |select_ln482_fu_583_p3      |    select|   0|  0|    8|           1|           8|
    |select_ln520_fu_369_p3      |    select|   0|  0|   58|           1|          58|
    |select_ln832_fu_376_p3      |    select|   0|  0|    3|           1|           1|
    |significand_fu_1008_p3      |    select|   0|  0|   23|           1|           1|
    |ush_fu_635_p3               |    select|   0|  0|    9|           1|           9|
    |r_2_fu_596_p2               |       shl|   0|  0|  169|          58|          58|
    |r_3_fu_300_p2               |       shl|   0|  0|  325|         100|         100|
    |shl_ln1253_2_fu_905_p2      |       shl|   0|  0|  100|          32|          32|
    |shl_ln1253_3_fu_977_p2      |       shl|   0|  0|  100|          32|          32|
    |shl_ln1253_fu_660_p2        |       shl|   0|  0|  100|          32|          32|
    |ap_enable_pp0               |       xor|   0|  0|    2|           1|           2|
    |xor_ln311_fu_549_p2         |       xor|   0|  0|    2|           1|           2|
    +----------------------------+----------+----+---+-----+------------+------------+
    |Total                       |          |   0|  0| 1668|         586|         816|
    +----------------------------+----------+----+---+-----+------------+------------+

    * Multiplexer: 
    N/A

    * Register: 
    +-----------------------------------------------+----+----+-----+-----------+
    |                      Name                     | FF | LUT| Bits| Const Bits|
    +-----------------------------------------------+----+----+-----+-----------+
    |B_reg_1216                                     |  22|   0|   22|          0|
    |Ex_V_3_reg_1195                                |   8|   0|    8|          0|
    |Med_V_reg_1126                                 |  80|   0|   80|          0|
    |Mx_V_1_reg_1272                                |  29|   0|   29|          0|
    |Mx_V_reg_1189                                  |  29|   0|   29|          0|
    |Mx_bits_V_3_reg_1160                           |  58|   0|   58|          0|
    |Mx_bits_V_reg_1148                             |  58|   0|   58|          0|
    |Mx_zeros_reg_1165                              |   6|   0|    6|          0|
    |ap_CS_fsm                                      |   1|   0|    1|          0|
    |ap_enable_reg_pp0_iter1                        |   1|   0|    1|          0|
    |ap_enable_reg_pp0_iter10                       |   1|   0|    1|          0|
    |ap_enable_reg_pp0_iter11                       |   1|   0|    1|          0|
    |ap_enable_reg_pp0_iter12                       |   1|   0|    1|          0|
    |ap_enable_reg_pp0_iter13                       |   1|   0|    1|          0|
    |ap_enable_reg_pp0_iter14                       |   1|   0|    1|          0|
    |ap_enable_reg_pp0_iter15                       |   1|   0|    1|          0|
    |ap_enable_reg_pp0_iter16                       |   1|   0|    1|          0|
    |ap_enable_reg_pp0_iter17                       |   1|   0|    1|          0|
    |ap_enable_reg_pp0_iter18                       |   1|   0|    1|          0|
    |ap_enable_reg_pp0_iter19                       |   1|   0|    1|          0|
    |ap_enable_reg_pp0_iter2                        |   1|   0|    1|          0|
    |ap_enable_reg_pp0_iter3                        |   1|   0|    1|          0|
    |ap_enable_reg_pp0_iter4                        |   1|   0|    1|          0|
    |ap_enable_reg_pp0_iter5                        |   1|   0|    1|          0|
    |ap_enable_reg_pp0_iter6                        |   1|   0|    1|          0|
    |ap_enable_reg_pp0_iter7                        |   1|   0|    1|          0|
    |ap_enable_reg_pp0_iter8                        |   1|   0|    1|          0|
    |ap_enable_reg_pp0_iter9                        |   1|   0|    1|          0|
    |closepath_reg_1109                             |   1|   0|    1|          0|
    |icmp_ln300_1_reg_1178                          |   1|   0|    1|          0|
    |icmp_ln300_2_reg_1210                          |   1|   0|    1|          0|
    |icmp_ln321_reg_1319                            |   1|   0|    1|          0|
    |icmp_ln824_reg_1136                            |   1|   0|    1|          0|
    |isNeg_reg_1200                                 |   1|   0|    1|          0|
    |k_V_reg_1155                                   |   3|   0|    3|          0|
    |or_ln335_reg_1324                              |   1|   0|    1|          0|
    |p_Result_24_reg_1090                           |   1|   0|    1|          0|
    |p_Result_5_reg_1221                            |   7|   0|    7|          0|
    |p_Result_5_reg_1221_pp0_iter10_reg             |   7|   0|    7|          0|
    |p_Result_7_reg_1298                            |  16|   0|   16|          0|
    |p_Result_9_reg_1303                            |  13|   0|   13|          0|
    |result_V_reg_1292                              |  29|   0|   29|          0|
    |results_sign_V_reg_1184                        |   1|   0|    1|          0|
    |ret_5_reg_1143                                 |  80|   0|   80|          0|
    |ret_V_1_reg_1277                               |  30|   0|   30|          0|
    |rhs_1_reg_1267                                 |  22|   0|   22|          0|
    |rhs_1_reg_1267_pp0_iter14_reg                  |  22|   0|   22|          0|
    |second_order_float_sin_cos_K1_V_load_reg_1257  |  23|   0|   23|          0|
    |shl_ln1253_2_reg_1313                          |  32|   0|   32|          0|
    |sin_basis_reg_1171                             |   1|   0|    1|          0|
    |t1_reg_1252                                    |  29|   0|   29|          0|
    |tmp_14_reg_1095                                |   8|   0|    8|          0|
    |tmp_15_reg_1103                                |  23|   0|   23|          0|
    |tmp_15_reg_1103_pp0_iter1_reg                  |  23|   0|   23|          0|
    |tmp_1_reg_1308                                 |  32|   0|   32|          0|
    |trunc_ln255_reg_1330                           |   8|   0|    8|          0|
    |trunc_ln628_reg_1121                           |   4|   0|    4|          0|
    |ush_reg_1205                                   |   9|   0|    9|          0|
    |B_reg_1216                                     |  64|  32|   22|          0|
    |Ex_V_3_reg_1195                                |  64|  32|    8|          0|
    |Mx_V_reg_1189                                  |  64|  32|   29|          0|
    |closepath_reg_1109                             |  64|  32|    1|          0|
    |icmp_ln300_1_reg_1178                          |  64|  32|    1|          0|
    |icmp_ln300_2_reg_1210                          |  64|  32|    1|          0|
    |icmp_ln824_reg_1136                            |  64|  32|    1|          0|
    |p_Result_24_reg_1090                           |  64|  32|    1|          0|
    |results_sign_V_reg_1184                        |  64|  32|    1|          0|
    |sin_basis_reg_1171                             |  64|  32|    1|          0|
    |t1_reg_1252                                    |  64|  32|   29|          0|
    |tmp_14_reg_1095                                |  64|  32|    8|          0|
    +-----------------------------------------------+----+----+-----+-----------+
    |Total                                          |1508| 384|  843|          0|
    +-----------------------------------------------+----+----+-----+-----------+



================================================================
== Interface
================================================================
* Summary: 
+-----------+-----+-----+------------+-------------------+--------------+
| RTL Ports | Dir | Bits|  Protocol  |   Source Object   |    C Type    |
+-----------+-----+-----+------------+-------------------+--------------+
|ap_clk     |   in|    1|  ap_ctrl_hs|  sin_or_cos<float>|  return value|
|ap_rst     |   in|    1|  ap_ctrl_hs|  sin_or_cos<float>|  return value|
|ap_start   |   in|    1|  ap_ctrl_hs|  sin_or_cos<float>|  return value|
|ap_done    |  out|    1|  ap_ctrl_hs|  sin_or_cos<float>|  return value|
|ap_idle    |  out|    1|  ap_ctrl_hs|  sin_or_cos<float>|  return value|
|ap_ready   |  out|    1|  ap_ctrl_hs|  sin_or_cos<float>|  return value|
|ap_ce      |   in|    1|  ap_ctrl_hs|  sin_or_cos<float>|  return value|
|ap_return  |  out|   32|  ap_ctrl_hs|  sin_or_cos<float>|  return value|
|t_in       |   in|   32|     ap_none|               t_in|        scalar|
+-----------+-----+-----+------------+-------------------+--------------+

