#-----------------------------------------------------------
# xsim v2020.2 (64-bit)
# SW Build 3064766 on Wed Nov 18 09:12:47 MST 2020
# IP Build 3064653 on Wed Nov 18 14:17:31 MST 2020
# Start of session at: Sun May 26 10:38:55 2024
# Process ID: 3482
# Current directory: /home/usuario/Escritorio/Tesis/IP_V3/punto_flotante/analytic_signal/AXI_zeros/solution1/sim/vhdl
# Command line: xsim -mode tcl -source {xsim.dir/AXI_zeros/xsim_script.tcl}
# Log file: /home/usuario/Escritorio/Tesis/IP_V3/punto_flotante/analytic_signal/AXI_zeros/solution1/sim/vhdl/xsim.log
# Journal file: /home/usuario/Escritorio/Tesis/IP_V3/punto_flotante/analytic_signal/AXI_zeros/solution1/sim/vhdl/xsim.jou
#-----------------------------------------------------------
source xsim.dir/AXI_zeros/xsim_script.tcl
# xsim {AXI_zeros} -autoloadwcfg -tclbatch {AXI_zeros.tcl}
Vivado Simulator 2020.2
Time resolution is 1 ps
source AXI_zeros.tcl
## run all
Note: simulation done!
Time: 5355 ns  Iteration: 1  Process: /apatb_AXI_zeros_top/generate_sim_done_proc  File: /home/usuario/Escritorio/Tesis/IP_V3/punto_flotante/analytic_signal/AXI_zeros/solution1/sim/vhdl/AXI_zeros.autotb.vhd
Failure: NORMAL EXIT (note: failure is to force the simulator to stop)
Time: 5355 ns  Iteration: 1  Process: /apatb_AXI_zeros_top/generate_sim_done_proc  File: /home/usuario/Escritorio/Tesis/IP_V3/punto_flotante/analytic_signal/AXI_zeros/solution1/sim/vhdl/AXI_zeros.autotb.vhd
$finish called at time : 5355 ns
## quit
INFO: [Common 17-206] Exiting xsim at Sun May 26 10:39:15 2024...
