

================================================================
== Vitis HLS Report for 'axi_polar_translatev2'
================================================================
* Date:           Fri May 31 12:48:02 2024

* Version:        2020.2 (Build 3064766 on Wed Nov 18 09:12:47 MST 2020)
* Project:        axi_polar_translate_v2
* Solution:       solution1 (Vivado IP Flow Target)
* Product family: zynq
* Target device:  xc7z020-clg400-1


================================================================
== Performance Estimates
================================================================
+ Timing: 
    * Summary: 
    +--------+----------+----------+------------+
    |  Clock |  Target  | Estimated| Uncertainty|
    +--------+----------+----------+------------+
    |ap_clk  |  10.00 ns|  7.256 ns|     2.70 ns|
    +--------+----------+----------+------------+

+ Latency: 
    * Summary: 
    +---------+---------+-----------+-----------+------+------+---------+
    |  Latency (cycles) |   Latency (absolute)  |   Interval  | Pipeline|
    |   min   |   max   |    min    |    max    |  min |  max |   Type  |
    +---------+---------+-----------+-----------+------+------+---------+
    |     1089|     1089|  10.890 us|  10.890 us|  1090|  1090|     none|
    +---------+---------+-----------+-----------+------+------+---------+

    + Detail: 
        * Instance: 
        N/A

        * Loop: 
        +----------+---------+---------+----------+-----------+-----------+------+----------+
        |          |  Latency (cycles) | Iteration|  Initiation Interval  | Trip |          |
        | Loop Name|   min   |   max   |  Latency |  achieved |   target  | Count| Pipelined|
        +----------+---------+---------+----------+-----------+-----------+------+----------+
        |- loop    |     1087|     1087|        65|          1|          1|  1024|       yes|
        +----------+---------+---------+----------+-----------+-----------+------+----------+

============================================================
+ Verbose Summary: Synthesis Manager
============================================================
InlineROM: 1
ExposeGlobal: 0
============================================================
+ Verbose Summary: CDFG Model
============================================================
IsTopModel: 1
ResetActiveHigh: 1
IsCombinational: 0
IsDatapathOnly: 0
HasWiredReturn: 1
HasMFsm: 0
HasVarLatency: 1
IsPipeline: 0
IsRtlPipelined: 0
IsInstanceOverlapped: 0
IsDontTouch: 0
HasImplIP: 0
IsGatedGlobalClock: 0

+ Individual pipeline summary: 
  * Pipeline-0: initiation interval (II) = 1, depth = 65


============================================================
+ Verbose Summary: Schedule
============================================================
* Number of FSM states : 67
* Pipeline : 1
  Pipeline-0 : II = 1, D = 65, States = { 2 3 4 5 6 7 8 9 10 11 12 13 14 15 16 17 18 19 20 21 22 23 24 25 26 27 28 29 30 31 32 33 34 35 36 37 38 39 40 41 42 43 44 45 46 47 48 49 50 51 52 53 54 55 56 57 58 59 60 61 62 63 64 65 66 }
* Dataflow Pipeline: 0

* FSM state transitions: 
1 --> 2 
2 --> 3 
3 --> 4 
4 --> 5 
5 --> 6 
6 --> 7 
7 --> 8 
8 --> 9 
9 --> 10 
10 --> 11 
11 --> 12 
12 --> 13 
13 --> 14 
14 --> 15 
15 --> 16 
16 --> 17 
17 --> 18 
18 --> 19 
19 --> 20 
20 --> 21 
21 --> 22 
22 --> 23 
23 --> 24 
24 --> 25 
25 --> 26 
26 --> 27 
27 --> 28 
28 --> 29 
29 --> 30 
30 --> 31 
31 --> 32 
32 --> 33 
33 --> 34 
34 --> 35 
35 --> 36 
36 --> 37 
37 --> 38 
38 --> 39 
39 --> 40 
40 --> 41 
41 --> 42 
42 --> 43 
43 --> 44 
44 --> 45 
45 --> 46 
46 --> 47 
47 --> 48 
48 --> 49 
49 --> 50 
50 --> 51 
51 --> 52 
52 --> 53 
53 --> 54 
54 --> 55 
55 --> 56 
56 --> 57 
57 --> 58 
58 --> 59 
59 --> 60 
60 --> 61 
61 --> 62 
62 --> 63 
63 --> 64 
64 --> 65 
65 --> 66 
66 --> 67 2 
67 --> 

* FSM state operations: 

State 1 <SV = 0> <Delay = 1.58>
ST_1 : Operation 68 [1/1] (0.00ns)   --->   "%spectopmodule_ln0 = spectopmodule void @_ssdm_op_SpecTopModule, void @empty_2"   --->   Operation 68 'spectopmodule' 'spectopmodule_ln0' <Predicate = true> <Delay = 0.00>
ST_1 : Operation 69 [1/1] (0.00ns)   --->   "%specinterface_ln0 = specinterface void @_ssdm_op_SpecInterface, i64 %in_data_V, void @empty, i32 1, i32 1, void @empty_0, i32 0, i32 0, void @empty_1, void @empty_1, void @empty_1, i32 0, i32 0, i32 0, i32 0, void @empty_1, void @empty_1"   --->   Operation 69 'specinterface' 'specinterface_ln0' <Predicate = true> <Delay = 0.00>
ST_1 : Operation 70 [1/1] (0.00ns)   --->   "%specbitsmap_ln0 = specbitsmap void @_ssdm_op_SpecBitsMap, i64 %in_data_V"   --->   Operation 70 'specbitsmap' 'specbitsmap_ln0' <Predicate = true> <Delay = 0.00>
ST_1 : Operation 71 [1/1] (0.00ns)   --->   "%specinterface_ln0 = specinterface void @_ssdm_op_SpecInterface, i32 %out_modulus_V, void @empty, i32 1, i32 1, void @empty_0, i32 0, i32 0, void @empty_1, void @empty_1, void @empty_1, i32 0, i32 0, i32 0, i32 0, void @empty_1, void @empty_1"   --->   Operation 71 'specinterface' 'specinterface_ln0' <Predicate = true> <Delay = 0.00>
ST_1 : Operation 72 [1/1] (0.00ns)   --->   "%specbitsmap_ln0 = specbitsmap void @_ssdm_op_SpecBitsMap, i32 %out_modulus_V"   --->   Operation 72 'specbitsmap' 'specbitsmap_ln0' <Predicate = true> <Delay = 0.00>
ST_1 : Operation 73 [1/1] (0.00ns)   --->   "%specinterface_ln0 = specinterface void @_ssdm_op_SpecInterface, i32 %out_phase_V, void @empty, i32 1, i32 1, void @empty_0, i32 0, i32 0, void @empty_1, void @empty_1, void @empty_1, i32 0, i32 0, i32 0, i32 0, void @empty_1, void @empty_1"   --->   Operation 73 'specinterface' 'specinterface_ln0' <Predicate = true> <Delay = 0.00>
ST_1 : Operation 74 [1/1] (0.00ns)   --->   "%specbitsmap_ln0 = specbitsmap void @_ssdm_op_SpecBitsMap, i32 %out_phase_V"   --->   Operation 74 'specbitsmap' 'specbitsmap_ln0' <Predicate = true> <Delay = 0.00>
ST_1 : Operation 75 [1/1] (1.58ns)   --->   "%br_ln14 = br void" [axi_polar_translate_v2/axi_polar_translate_v2.cpp:14]   --->   Operation 75 'br' 'br_ln14' <Predicate = true> <Delay = 1.58>

State 2 <SV = 1> <Delay = 6.44>
ST_2 : Operation 76 [1/1] (0.00ns)   --->   "%inc9 = phi i10 %add_ln26, void, i10 0, void" [axi_polar_translate_v2/axi_polar_translate_v2.cpp:26]   --->   Operation 76 'phi' 'inc9' <Predicate = true> <Delay = 0.00>
ST_2 : Operation 77 [1/1] (1.73ns)   --->   "%add_ln26 = add i10 %inc9, i10 1" [axi_polar_translate_v2/axi_polar_translate_v2.cpp:26]   --->   Operation 77 'add' 'add_ln26' <Predicate = true> <Delay = 1.73> <CoreInst = "Adder">   --->   Core 1 'Adder' <Latency = 0> <II = 1> <Delay = 1.73> <FuncUnit> <Opcode : 'add' 'sub'> <InPorts = 2> <OutPorts = 1>
ST_2 : Operation 78 [1/1] (0.00ns)   --->   "%in_data_V_read = read i64 @_ssdm_op_Read.axis.volatile.i64P128A, i64 %in_data_V" [/opt/Xilinx/Vitis_HLS/2020.2/common/technology/autopilot/hls_stream_39.h:145]   --->   Operation 78 'read' 'in_data_V_read' <Predicate = true> <Delay = 0.00> <CoreInst = "axis">   --->   Core 115 'axis' <Latency = 0> <II = 1> <Delay = 1.00> <Adapter> <Opcode : >
ST_2 : Operation 79 [1/1] (0.00ns)   --->   "%trunc_ln145 = trunc i64 %in_data_V_read" [/opt/Xilinx/Vitis_HLS/2020.2/common/technology/autopilot/hls_stream_39.h:145]   --->   Operation 79 'trunc' 'trunc_ln145' <Predicate = true> <Delay = 0.00>
ST_2 : Operation 80 [1/1] (0.00ns)   --->   "%tmp_M_value = bitcast i32 %trunc_ln145" [/opt/Xilinx/Vitis_HLS/2020.2/common/technology/autopilot/hls_stream_39.h:145]   --->   Operation 80 'bitcast' 'tmp_M_value' <Predicate = true> <Delay = 0.00>
ST_2 : Operation 81 [1/1] (0.00ns)   --->   "%trunc_ln145_1 = partselect i32 @_ssdm_op_PartSelect.i32.i64.i32.i32, i64 %in_data_V_read, i32 32, i32 63" [/opt/Xilinx/Vitis_HLS/2020.2/common/technology/autopilot/hls_stream_39.h:145]   --->   Operation 81 'partselect' 'trunc_ln145_1' <Predicate = true> <Delay = 0.00>
ST_2 : Operation 82 [1/1] (0.00ns)   --->   "%tmp_M_value_1 = bitcast i32 %trunc_ln145_1" [/opt/Xilinx/Vitis_HLS/2020.2/common/technology/autopilot/hls_stream_39.h:145]   --->   Operation 82 'bitcast' 'tmp_M_value_1' <Predicate = true> <Delay = 0.00>
ST_2 : Operation 83 [4/4] (5.70ns)   --->   "%mul = fmul i32 %tmp_M_value, i32 %tmp_M_value" [axi_polar_translate_v2/axi_polar_translate_v2.cpp:19]   --->   Operation 83 'fmul' 'mul' <Predicate = true> <Delay = 5.70> <CoreInst = "FMul_maxdsp">   --->   Core 30 'FMul_maxdsp' <Latency = 3> <II = 1> <Delay = 5.70> <FuncUnit> <Opcode : 'fmul'> <InPorts = 2> <OutPorts = 1>
ST_2 : Operation 84 [4/4] (5.70ns)   --->   "%mul4 = fmul i32 %tmp_M_value_1, i32 %tmp_M_value_1" [axi_polar_translate_v2/axi_polar_translate_v2.cpp:19]   --->   Operation 84 'fmul' 'mul4' <Predicate = true> <Delay = 5.70> <CoreInst = "FMul_maxdsp">   --->   Core 30 'FMul_maxdsp' <Latency = 3> <II = 1> <Delay = 5.70> <FuncUnit> <Opcode : 'fmul'> <InPorts = 2> <OutPorts = 1>
ST_2 : Operation 85 [64/64] (6.44ns)   --->   "%phase = call i32 @atan2_cordic<float>, i32 %tmp_M_value_1, i32 %tmp_M_value" [/wrk/ci/prod/2020.2/rdi_builds/continuous/2020_11_18_3064766/src/shared/hls/clib/hlsmath/src/c++/atan2float.cpp:7]   --->   Operation 85 'call' 'phase' <Predicate = true> <Delay = 6.44> <CoreType = "Generic">   --->   Core 0 '' <Latency = 0> <II = 1> <Delay = 1.00> <Generic> <Opcode : >
ST_2 : Operation 86 [1/1] (1.77ns)   --->   "%icmp_ln26 = icmp_eq  i10 %inc9, i10 1023" [axi_polar_translate_v2/axi_polar_translate_v2.cpp:26]   --->   Operation 86 'icmp' 'icmp_ln26' <Predicate = true> <Delay = 1.77> <CoreInst = "Cmp">   --->   Core 9 'Cmp' <Latency = 0> <II = 1> <Delay = 1.77> <FuncUnit> <Opcode : 'icmp'> <InPorts = 2> <OutPorts = 1>
ST_2 : Operation 87 [1/1] (0.00ns)   --->   "%br_ln26 = br i1 %icmp_ln26, void, void" [axi_polar_translate_v2/axi_polar_translate_v2.cpp:26]   --->   Operation 87 'br' 'br_ln26' <Predicate = true> <Delay = 0.00>

State 3 <SV = 2> <Delay = 7.25>
ST_3 : Operation 88 [3/4] (5.70ns)   --->   "%mul = fmul i32 %tmp_M_value, i32 %tmp_M_value" [axi_polar_translate_v2/axi_polar_translate_v2.cpp:19]   --->   Operation 88 'fmul' 'mul' <Predicate = true> <Delay = 5.70> <CoreInst = "FMul_maxdsp">   --->   Core 30 'FMul_maxdsp' <Latency = 3> <II = 1> <Delay = 5.70> <FuncUnit> <Opcode : 'fmul'> <InPorts = 2> <OutPorts = 1>
ST_3 : Operation 89 [3/4] (5.70ns)   --->   "%mul4 = fmul i32 %tmp_M_value_1, i32 %tmp_M_value_1" [axi_polar_translate_v2/axi_polar_translate_v2.cpp:19]   --->   Operation 89 'fmul' 'mul4' <Predicate = true> <Delay = 5.70> <CoreInst = "FMul_maxdsp">   --->   Core 30 'FMul_maxdsp' <Latency = 3> <II = 1> <Delay = 5.70> <FuncUnit> <Opcode : 'fmul'> <InPorts = 2> <OutPorts = 1>
ST_3 : Operation 90 [63/64] (7.25ns)   --->   "%phase = call i32 @atan2_cordic<float>, i32 %tmp_M_value_1, i32 %tmp_M_value" [/wrk/ci/prod/2020.2/rdi_builds/continuous/2020_11_18_3064766/src/shared/hls/clib/hlsmath/src/c++/atan2float.cpp:7]   --->   Operation 90 'call' 'phase' <Predicate = true> <Delay = 7.25> <CoreType = "Generic">   --->   Core 0 '' <Latency = 0> <II = 1> <Delay = 1.00> <Generic> <Opcode : >

State 4 <SV = 3> <Delay = 7.25>
ST_4 : Operation 91 [2/4] (5.70ns)   --->   "%mul = fmul i32 %tmp_M_value, i32 %tmp_M_value" [axi_polar_translate_v2/axi_polar_translate_v2.cpp:19]   --->   Operation 91 'fmul' 'mul' <Predicate = true> <Delay = 5.70> <CoreInst = "FMul_maxdsp">   --->   Core 30 'FMul_maxdsp' <Latency = 3> <II = 1> <Delay = 5.70> <FuncUnit> <Opcode : 'fmul'> <InPorts = 2> <OutPorts = 1>
ST_4 : Operation 92 [2/4] (5.70ns)   --->   "%mul4 = fmul i32 %tmp_M_value_1, i32 %tmp_M_value_1" [axi_polar_translate_v2/axi_polar_translate_v2.cpp:19]   --->   Operation 92 'fmul' 'mul4' <Predicate = true> <Delay = 5.70> <CoreInst = "FMul_maxdsp">   --->   Core 30 'FMul_maxdsp' <Latency = 3> <II = 1> <Delay = 5.70> <FuncUnit> <Opcode : 'fmul'> <InPorts = 2> <OutPorts = 1>
ST_4 : Operation 93 [62/64] (7.25ns)   --->   "%phase = call i32 @atan2_cordic<float>, i32 %tmp_M_value_1, i32 %tmp_M_value" [/wrk/ci/prod/2020.2/rdi_builds/continuous/2020_11_18_3064766/src/shared/hls/clib/hlsmath/src/c++/atan2float.cpp:7]   --->   Operation 93 'call' 'phase' <Predicate = true> <Delay = 7.25> <CoreType = "Generic">   --->   Core 0 '' <Latency = 0> <II = 1> <Delay = 1.00> <Generic> <Opcode : >

State 5 <SV = 4> <Delay = 7.25>
ST_5 : Operation 94 [1/4] (5.70ns)   --->   "%mul = fmul i32 %tmp_M_value, i32 %tmp_M_value" [axi_polar_translate_v2/axi_polar_translate_v2.cpp:19]   --->   Operation 94 'fmul' 'mul' <Predicate = true> <Delay = 5.70> <CoreInst = "FMul_maxdsp">   --->   Core 30 'FMul_maxdsp' <Latency = 3> <II = 1> <Delay = 5.70> <FuncUnit> <Opcode : 'fmul'> <InPorts = 2> <OutPorts = 1>
ST_5 : Operation 95 [1/4] (5.70ns)   --->   "%mul4 = fmul i32 %tmp_M_value_1, i32 %tmp_M_value_1" [axi_polar_translate_v2/axi_polar_translate_v2.cpp:19]   --->   Operation 95 'fmul' 'mul4' <Predicate = true> <Delay = 5.70> <CoreInst = "FMul_maxdsp">   --->   Core 30 'FMul_maxdsp' <Latency = 3> <II = 1> <Delay = 5.70> <FuncUnit> <Opcode : 'fmul'> <InPorts = 2> <OutPorts = 1>
ST_5 : Operation 96 [61/64] (7.25ns)   --->   "%phase = call i32 @atan2_cordic<float>, i32 %tmp_M_value_1, i32 %tmp_M_value" [/wrk/ci/prod/2020.2/rdi_builds/continuous/2020_11_18_3064766/src/shared/hls/clib/hlsmath/src/c++/atan2float.cpp:7]   --->   Operation 96 'call' 'phase' <Predicate = true> <Delay = 7.25> <CoreType = "Generic">   --->   Core 0 '' <Latency = 0> <II = 1> <Delay = 1.00> <Generic> <Opcode : >

State 6 <SV = 5> <Delay = 7.25>
ST_6 : Operation 97 [5/5] (7.25ns)   --->   "%x_assign = fadd i32 %mul, i32 %mul4" [axi_polar_translate_v2/axi_polar_translate_v2.cpp:19]   --->   Operation 97 'fadd' 'x_assign' <Predicate = true> <Delay = 7.25> <CoreInst = "FAddSub_fulldsp">   --->   Core 18 'FAddSub_fulldsp' <Latency = 4> <II = 1> <Delay = 7.25> <FuncUnit> <Opcode : 'fadd' 'fsub'> <InPorts = 2> <OutPorts = 1>
ST_6 : Operation 98 [60/64] (7.25ns)   --->   "%phase = call i32 @atan2_cordic<float>, i32 %tmp_M_value_1, i32 %tmp_M_value" [/wrk/ci/prod/2020.2/rdi_builds/continuous/2020_11_18_3064766/src/shared/hls/clib/hlsmath/src/c++/atan2float.cpp:7]   --->   Operation 98 'call' 'phase' <Predicate = true> <Delay = 7.25> <CoreType = "Generic">   --->   Core 0 '' <Latency = 0> <II = 1> <Delay = 1.00> <Generic> <Opcode : >

State 7 <SV = 6> <Delay = 7.25>
ST_7 : Operation 99 [4/5] (7.25ns)   --->   "%x_assign = fadd i32 %mul, i32 %mul4" [axi_polar_translate_v2/axi_polar_translate_v2.cpp:19]   --->   Operation 99 'fadd' 'x_assign' <Predicate = true> <Delay = 7.25> <CoreInst = "FAddSub_fulldsp">   --->   Core 18 'FAddSub_fulldsp' <Latency = 4> <II = 1> <Delay = 7.25> <FuncUnit> <Opcode : 'fadd' 'fsub'> <InPorts = 2> <OutPorts = 1>
ST_7 : Operation 100 [59/64] (7.25ns)   --->   "%phase = call i32 @atan2_cordic<float>, i32 %tmp_M_value_1, i32 %tmp_M_value" [/wrk/ci/prod/2020.2/rdi_builds/continuous/2020_11_18_3064766/src/shared/hls/clib/hlsmath/src/c++/atan2float.cpp:7]   --->   Operation 100 'call' 'phase' <Predicate = true> <Delay = 7.25> <CoreType = "Generic">   --->   Core 0 '' <Latency = 0> <II = 1> <Delay = 1.00> <Generic> <Opcode : >

State 8 <SV = 7> <Delay = 7.25>
ST_8 : Operation 101 [3/5] (7.25ns)   --->   "%x_assign = fadd i32 %mul, i32 %mul4" [axi_polar_translate_v2/axi_polar_translate_v2.cpp:19]   --->   Operation 101 'fadd' 'x_assign' <Predicate = true> <Delay = 7.25> <CoreInst = "FAddSub_fulldsp">   --->   Core 18 'FAddSub_fulldsp' <Latency = 4> <II = 1> <Delay = 7.25> <FuncUnit> <Opcode : 'fadd' 'fsub'> <InPorts = 2> <OutPorts = 1>
ST_8 : Operation 102 [58/64] (7.25ns)   --->   "%phase = call i32 @atan2_cordic<float>, i32 %tmp_M_value_1, i32 %tmp_M_value" [/wrk/ci/prod/2020.2/rdi_builds/continuous/2020_11_18_3064766/src/shared/hls/clib/hlsmath/src/c++/atan2float.cpp:7]   --->   Operation 102 'call' 'phase' <Predicate = true> <Delay = 7.25> <CoreType = "Generic">   --->   Core 0 '' <Latency = 0> <II = 1> <Delay = 1.00> <Generic> <Opcode : >

State 9 <SV = 8> <Delay = 7.25>
ST_9 : Operation 103 [2/5] (7.25ns)   --->   "%x_assign = fadd i32 %mul, i32 %mul4" [axi_polar_translate_v2/axi_polar_translate_v2.cpp:19]   --->   Operation 103 'fadd' 'x_assign' <Predicate = true> <Delay = 7.25> <CoreInst = "FAddSub_fulldsp">   --->   Core 18 'FAddSub_fulldsp' <Latency = 4> <II = 1> <Delay = 7.25> <FuncUnit> <Opcode : 'fadd' 'fsub'> <InPorts = 2> <OutPorts = 1>
ST_9 : Operation 104 [57/64] (7.25ns)   --->   "%phase = call i32 @atan2_cordic<float>, i32 %tmp_M_value_1, i32 %tmp_M_value" [/wrk/ci/prod/2020.2/rdi_builds/continuous/2020_11_18_3064766/src/shared/hls/clib/hlsmath/src/c++/atan2float.cpp:7]   --->   Operation 104 'call' 'phase' <Predicate = true> <Delay = 7.25> <CoreType = "Generic">   --->   Core 0 '' <Latency = 0> <II = 1> <Delay = 1.00> <Generic> <Opcode : >

State 10 <SV = 9> <Delay = 7.25>
ST_10 : Operation 105 [1/5] (7.25ns)   --->   "%x_assign = fadd i32 %mul, i32 %mul4" [axi_polar_translate_v2/axi_polar_translate_v2.cpp:19]   --->   Operation 105 'fadd' 'x_assign' <Predicate = true> <Delay = 7.25> <CoreInst = "FAddSub_fulldsp">   --->   Core 18 'FAddSub_fulldsp' <Latency = 4> <II = 1> <Delay = 7.25> <FuncUnit> <Opcode : 'fadd' 'fsub'> <InPorts = 2> <OutPorts = 1>
ST_10 : Operation 106 [56/64] (7.25ns)   --->   "%phase = call i32 @atan2_cordic<float>, i32 %tmp_M_value_1, i32 %tmp_M_value" [/wrk/ci/prod/2020.2/rdi_builds/continuous/2020_11_18_3064766/src/shared/hls/clib/hlsmath/src/c++/atan2float.cpp:7]   --->   Operation 106 'call' 'phase' <Predicate = true> <Delay = 7.25> <CoreType = "Generic">   --->   Core 0 '' <Latency = 0> <II = 1> <Delay = 1.00> <Generic> <Opcode : >

State 11 <SV = 10> <Delay = 7.25>
ST_11 : Operation 107 [55/64] (7.25ns)   --->   "%phase = call i32 @atan2_cordic<float>, i32 %tmp_M_value_1, i32 %tmp_M_value" [/wrk/ci/prod/2020.2/rdi_builds/continuous/2020_11_18_3064766/src/shared/hls/clib/hlsmath/src/c++/atan2float.cpp:7]   --->   Operation 107 'call' 'phase' <Predicate = true> <Delay = 7.25> <CoreType = "Generic">   --->   Core 0 '' <Latency = 0> <II = 1> <Delay = 1.00> <Generic> <Opcode : >

State 12 <SV = 11> <Delay = 7.25>
ST_12 : Operation 108 [54/64] (7.25ns)   --->   "%phase = call i32 @atan2_cordic<float>, i32 %tmp_M_value_1, i32 %tmp_M_value" [/wrk/ci/prod/2020.2/rdi_builds/continuous/2020_11_18_3064766/src/shared/hls/clib/hlsmath/src/c++/atan2float.cpp:7]   --->   Operation 108 'call' 'phase' <Predicate = true> <Delay = 7.25> <CoreType = "Generic">   --->   Core 0 '' <Latency = 0> <II = 1> <Delay = 1.00> <Generic> <Opcode : >

State 13 <SV = 12> <Delay = 7.25>
ST_13 : Operation 109 [53/64] (7.25ns)   --->   "%phase = call i32 @atan2_cordic<float>, i32 %tmp_M_value_1, i32 %tmp_M_value" [/wrk/ci/prod/2020.2/rdi_builds/continuous/2020_11_18_3064766/src/shared/hls/clib/hlsmath/src/c++/atan2float.cpp:7]   --->   Operation 109 'call' 'phase' <Predicate = true> <Delay = 7.25> <CoreType = "Generic">   --->   Core 0 '' <Latency = 0> <II = 1> <Delay = 1.00> <Generic> <Opcode : >

State 14 <SV = 13> <Delay = 7.25>
ST_14 : Operation 110 [52/64] (7.25ns)   --->   "%phase = call i32 @atan2_cordic<float>, i32 %tmp_M_value_1, i32 %tmp_M_value" [/wrk/ci/prod/2020.2/rdi_builds/continuous/2020_11_18_3064766/src/shared/hls/clib/hlsmath/src/c++/atan2float.cpp:7]   --->   Operation 110 'call' 'phase' <Predicate = true> <Delay = 7.25> <CoreType = "Generic">   --->   Core 0 '' <Latency = 0> <II = 1> <Delay = 1.00> <Generic> <Opcode : >

State 15 <SV = 14> <Delay = 7.25>
ST_15 : Operation 111 [51/64] (7.25ns)   --->   "%phase = call i32 @atan2_cordic<float>, i32 %tmp_M_value_1, i32 %tmp_M_value" [/wrk/ci/prod/2020.2/rdi_builds/continuous/2020_11_18_3064766/src/shared/hls/clib/hlsmath/src/c++/atan2float.cpp:7]   --->   Operation 111 'call' 'phase' <Predicate = true> <Delay = 7.25> <CoreType = "Generic">   --->   Core 0 '' <Latency = 0> <II = 1> <Delay = 1.00> <Generic> <Opcode : >

State 16 <SV = 15> <Delay = 7.25>
ST_16 : Operation 112 [50/64] (7.25ns)   --->   "%phase = call i32 @atan2_cordic<float>, i32 %tmp_M_value_1, i32 %tmp_M_value" [/wrk/ci/prod/2020.2/rdi_builds/continuous/2020_11_18_3064766/src/shared/hls/clib/hlsmath/src/c++/atan2float.cpp:7]   --->   Operation 112 'call' 'phase' <Predicate = true> <Delay = 7.25> <CoreType = "Generic">   --->   Core 0 '' <Latency = 0> <II = 1> <Delay = 1.00> <Generic> <Opcode : >

State 17 <SV = 16> <Delay = 7.25>
ST_17 : Operation 113 [49/64] (7.25ns)   --->   "%phase = call i32 @atan2_cordic<float>, i32 %tmp_M_value_1, i32 %tmp_M_value" [/wrk/ci/prod/2020.2/rdi_builds/continuous/2020_11_18_3064766/src/shared/hls/clib/hlsmath/src/c++/atan2float.cpp:7]   --->   Operation 113 'call' 'phase' <Predicate = true> <Delay = 7.25> <CoreType = "Generic">   --->   Core 0 '' <Latency = 0> <II = 1> <Delay = 1.00> <Generic> <Opcode : >

State 18 <SV = 17> <Delay = 7.25>
ST_18 : Operation 114 [48/64] (7.25ns)   --->   "%phase = call i32 @atan2_cordic<float>, i32 %tmp_M_value_1, i32 %tmp_M_value" [/wrk/ci/prod/2020.2/rdi_builds/continuous/2020_11_18_3064766/src/shared/hls/clib/hlsmath/src/c++/atan2float.cpp:7]   --->   Operation 114 'call' 'phase' <Predicate = true> <Delay = 7.25> <CoreType = "Generic">   --->   Core 0 '' <Latency = 0> <II = 1> <Delay = 1.00> <Generic> <Opcode : >

State 19 <SV = 18> <Delay = 7.25>
ST_19 : Operation 115 [47/64] (7.25ns)   --->   "%phase = call i32 @atan2_cordic<float>, i32 %tmp_M_value_1, i32 %tmp_M_value" [/wrk/ci/prod/2020.2/rdi_builds/continuous/2020_11_18_3064766/src/shared/hls/clib/hlsmath/src/c++/atan2float.cpp:7]   --->   Operation 115 'call' 'phase' <Predicate = true> <Delay = 7.25> <CoreType = "Generic">   --->   Core 0 '' <Latency = 0> <II = 1> <Delay = 1.00> <Generic> <Opcode : >

State 20 <SV = 19> <Delay = 7.25>
ST_20 : Operation 116 [46/64] (7.25ns)   --->   "%phase = call i32 @atan2_cordic<float>, i32 %tmp_M_value_1, i32 %tmp_M_value" [/wrk/ci/prod/2020.2/rdi_builds/continuous/2020_11_18_3064766/src/shared/hls/clib/hlsmath/src/c++/atan2float.cpp:7]   --->   Operation 116 'call' 'phase' <Predicate = true> <Delay = 7.25> <CoreType = "Generic">   --->   Core 0 '' <Latency = 0> <II = 1> <Delay = 1.00> <Generic> <Opcode : >

State 21 <SV = 20> <Delay = 7.25>
ST_21 : Operation 117 [45/64] (7.25ns)   --->   "%phase = call i32 @atan2_cordic<float>, i32 %tmp_M_value_1, i32 %tmp_M_value" [/wrk/ci/prod/2020.2/rdi_builds/continuous/2020_11_18_3064766/src/shared/hls/clib/hlsmath/src/c++/atan2float.cpp:7]   --->   Operation 117 'call' 'phase' <Predicate = true> <Delay = 7.25> <CoreType = "Generic">   --->   Core 0 '' <Latency = 0> <II = 1> <Delay = 1.00> <Generic> <Opcode : >

State 22 <SV = 21> <Delay = 7.25>
ST_22 : Operation 118 [44/64] (7.25ns)   --->   "%phase = call i32 @atan2_cordic<float>, i32 %tmp_M_value_1, i32 %tmp_M_value" [/wrk/ci/prod/2020.2/rdi_builds/continuous/2020_11_18_3064766/src/shared/hls/clib/hlsmath/src/c++/atan2float.cpp:7]   --->   Operation 118 'call' 'phase' <Predicate = true> <Delay = 7.25> <CoreType = "Generic">   --->   Core 0 '' <Latency = 0> <II = 1> <Delay = 1.00> <Generic> <Opcode : >

State 23 <SV = 22> <Delay = 7.25>
ST_23 : Operation 119 [43/64] (7.25ns)   --->   "%phase = call i32 @atan2_cordic<float>, i32 %tmp_M_value_1, i32 %tmp_M_value" [/wrk/ci/prod/2020.2/rdi_builds/continuous/2020_11_18_3064766/src/shared/hls/clib/hlsmath/src/c++/atan2float.cpp:7]   --->   Operation 119 'call' 'phase' <Predicate = true> <Delay = 7.25> <CoreType = "Generic">   --->   Core 0 '' <Latency = 0> <II = 1> <Delay = 1.00> <Generic> <Opcode : >

State 24 <SV = 23> <Delay = 7.25>
ST_24 : Operation 120 [42/64] (7.25ns)   --->   "%phase = call i32 @atan2_cordic<float>, i32 %tmp_M_value_1, i32 %tmp_M_value" [/wrk/ci/prod/2020.2/rdi_builds/continuous/2020_11_18_3064766/src/shared/hls/clib/hlsmath/src/c++/atan2float.cpp:7]   --->   Operation 120 'call' 'phase' <Predicate = true> <Delay = 7.25> <CoreType = "Generic">   --->   Core 0 '' <Latency = 0> <II = 1> <Delay = 1.00> <Generic> <Opcode : >

State 25 <SV = 24> <Delay = 7.25>
ST_25 : Operation 121 [41/64] (7.25ns)   --->   "%phase = call i32 @atan2_cordic<float>, i32 %tmp_M_value_1, i32 %tmp_M_value" [/wrk/ci/prod/2020.2/rdi_builds/continuous/2020_11_18_3064766/src/shared/hls/clib/hlsmath/src/c++/atan2float.cpp:7]   --->   Operation 121 'call' 'phase' <Predicate = true> <Delay = 7.25> <CoreType = "Generic">   --->   Core 0 '' <Latency = 0> <II = 1> <Delay = 1.00> <Generic> <Opcode : >

State 26 <SV = 25> <Delay = 7.25>
ST_26 : Operation 122 [40/64] (7.25ns)   --->   "%phase = call i32 @atan2_cordic<float>, i32 %tmp_M_value_1, i32 %tmp_M_value" [/wrk/ci/prod/2020.2/rdi_builds/continuous/2020_11_18_3064766/src/shared/hls/clib/hlsmath/src/c++/atan2float.cpp:7]   --->   Operation 122 'call' 'phase' <Predicate = true> <Delay = 7.25> <CoreType = "Generic">   --->   Core 0 '' <Latency = 0> <II = 1> <Delay = 1.00> <Generic> <Opcode : >

State 27 <SV = 26> <Delay = 7.25>
ST_27 : Operation 123 [39/64] (7.25ns)   --->   "%phase = call i32 @atan2_cordic<float>, i32 %tmp_M_value_1, i32 %tmp_M_value" [/wrk/ci/prod/2020.2/rdi_builds/continuous/2020_11_18_3064766/src/shared/hls/clib/hlsmath/src/c++/atan2float.cpp:7]   --->   Operation 123 'call' 'phase' <Predicate = true> <Delay = 7.25> <CoreType = "Generic">   --->   Core 0 '' <Latency = 0> <II = 1> <Delay = 1.00> <Generic> <Opcode : >

State 28 <SV = 27> <Delay = 7.25>
ST_28 : Operation 124 [38/64] (7.25ns)   --->   "%phase = call i32 @atan2_cordic<float>, i32 %tmp_M_value_1, i32 %tmp_M_value" [/wrk/ci/prod/2020.2/rdi_builds/continuous/2020_11_18_3064766/src/shared/hls/clib/hlsmath/src/c++/atan2float.cpp:7]   --->   Operation 124 'call' 'phase' <Predicate = true> <Delay = 7.25> <CoreType = "Generic">   --->   Core 0 '' <Latency = 0> <II = 1> <Delay = 1.00> <Generic> <Opcode : >

State 29 <SV = 28> <Delay = 7.25>
ST_29 : Operation 125 [37/64] (7.25ns)   --->   "%phase = call i32 @atan2_cordic<float>, i32 %tmp_M_value_1, i32 %tmp_M_value" [/wrk/ci/prod/2020.2/rdi_builds/continuous/2020_11_18_3064766/src/shared/hls/clib/hlsmath/src/c++/atan2float.cpp:7]   --->   Operation 125 'call' 'phase' <Predicate = true> <Delay = 7.25> <CoreType = "Generic">   --->   Core 0 '' <Latency = 0> <II = 1> <Delay = 1.00> <Generic> <Opcode : >

State 30 <SV = 29> <Delay = 7.25>
ST_30 : Operation 126 [36/64] (7.25ns)   --->   "%phase = call i32 @atan2_cordic<float>, i32 %tmp_M_value_1, i32 %tmp_M_value" [/wrk/ci/prod/2020.2/rdi_builds/continuous/2020_11_18_3064766/src/shared/hls/clib/hlsmath/src/c++/atan2float.cpp:7]   --->   Operation 126 'call' 'phase' <Predicate = true> <Delay = 7.25> <CoreType = "Generic">   --->   Core 0 '' <Latency = 0> <II = 1> <Delay = 1.00> <Generic> <Opcode : >

State 31 <SV = 30> <Delay = 7.25>
ST_31 : Operation 127 [35/64] (7.25ns)   --->   "%phase = call i32 @atan2_cordic<float>, i32 %tmp_M_value_1, i32 %tmp_M_value" [/wrk/ci/prod/2020.2/rdi_builds/continuous/2020_11_18_3064766/src/shared/hls/clib/hlsmath/src/c++/atan2float.cpp:7]   --->   Operation 127 'call' 'phase' <Predicate = true> <Delay = 7.25> <CoreType = "Generic">   --->   Core 0 '' <Latency = 0> <II = 1> <Delay = 1.00> <Generic> <Opcode : >

State 32 <SV = 31> <Delay = 7.25>
ST_32 : Operation 128 [34/64] (7.25ns)   --->   "%phase = call i32 @atan2_cordic<float>, i32 %tmp_M_value_1, i32 %tmp_M_value" [/wrk/ci/prod/2020.2/rdi_builds/continuous/2020_11_18_3064766/src/shared/hls/clib/hlsmath/src/c++/atan2float.cpp:7]   --->   Operation 128 'call' 'phase' <Predicate = true> <Delay = 7.25> <CoreType = "Generic">   --->   Core 0 '' <Latency = 0> <II = 1> <Delay = 1.00> <Generic> <Opcode : >

State 33 <SV = 32> <Delay = 7.25>
ST_33 : Operation 129 [33/64] (7.25ns)   --->   "%phase = call i32 @atan2_cordic<float>, i32 %tmp_M_value_1, i32 %tmp_M_value" [/wrk/ci/prod/2020.2/rdi_builds/continuous/2020_11_18_3064766/src/shared/hls/clib/hlsmath/src/c++/atan2float.cpp:7]   --->   Operation 129 'call' 'phase' <Predicate = true> <Delay = 7.25> <CoreType = "Generic">   --->   Core 0 '' <Latency = 0> <II = 1> <Delay = 1.00> <Generic> <Opcode : >

State 34 <SV = 33> <Delay = 7.25>
ST_34 : Operation 130 [32/64] (7.25ns)   --->   "%phase = call i32 @atan2_cordic<float>, i32 %tmp_M_value_1, i32 %tmp_M_value" [/wrk/ci/prod/2020.2/rdi_builds/continuous/2020_11_18_3064766/src/shared/hls/clib/hlsmath/src/c++/atan2float.cpp:7]   --->   Operation 130 'call' 'phase' <Predicate = true> <Delay = 7.25> <CoreType = "Generic">   --->   Core 0 '' <Latency = 0> <II = 1> <Delay = 1.00> <Generic> <Opcode : >

State 35 <SV = 34> <Delay = 7.25>
ST_35 : Operation 131 [31/64] (7.25ns)   --->   "%phase = call i32 @atan2_cordic<float>, i32 %tmp_M_value_1, i32 %tmp_M_value" [/wrk/ci/prod/2020.2/rdi_builds/continuous/2020_11_18_3064766/src/shared/hls/clib/hlsmath/src/c++/atan2float.cpp:7]   --->   Operation 131 'call' 'phase' <Predicate = true> <Delay = 7.25> <CoreType = "Generic">   --->   Core 0 '' <Latency = 0> <II = 1> <Delay = 1.00> <Generic> <Opcode : >

State 36 <SV = 35> <Delay = 7.25>
ST_36 : Operation 132 [30/64] (7.25ns)   --->   "%phase = call i32 @atan2_cordic<float>, i32 %tmp_M_value_1, i32 %tmp_M_value" [/wrk/ci/prod/2020.2/rdi_builds/continuous/2020_11_18_3064766/src/shared/hls/clib/hlsmath/src/c++/atan2float.cpp:7]   --->   Operation 132 'call' 'phase' <Predicate = true> <Delay = 7.25> <CoreType = "Generic">   --->   Core 0 '' <Latency = 0> <II = 1> <Delay = 1.00> <Generic> <Opcode : >

State 37 <SV = 36> <Delay = 7.25>
ST_37 : Operation 133 [29/64] (7.25ns)   --->   "%phase = call i32 @atan2_cordic<float>, i32 %tmp_M_value_1, i32 %tmp_M_value" [/wrk/ci/prod/2020.2/rdi_builds/continuous/2020_11_18_3064766/src/shared/hls/clib/hlsmath/src/c++/atan2float.cpp:7]   --->   Operation 133 'call' 'phase' <Predicate = true> <Delay = 7.25> <CoreType = "Generic">   --->   Core 0 '' <Latency = 0> <II = 1> <Delay = 1.00> <Generic> <Opcode : >

State 38 <SV = 37> <Delay = 7.25>
ST_38 : Operation 134 [28/64] (7.25ns)   --->   "%phase = call i32 @atan2_cordic<float>, i32 %tmp_M_value_1, i32 %tmp_M_value" [/wrk/ci/prod/2020.2/rdi_builds/continuous/2020_11_18_3064766/src/shared/hls/clib/hlsmath/src/c++/atan2float.cpp:7]   --->   Operation 134 'call' 'phase' <Predicate = true> <Delay = 7.25> <CoreType = "Generic">   --->   Core 0 '' <Latency = 0> <II = 1> <Delay = 1.00> <Generic> <Opcode : >

State 39 <SV = 38> <Delay = 7.25>
ST_39 : Operation 135 [27/64] (7.25ns)   --->   "%phase = call i32 @atan2_cordic<float>, i32 %tmp_M_value_1, i32 %tmp_M_value" [/wrk/ci/prod/2020.2/rdi_builds/continuous/2020_11_18_3064766/src/shared/hls/clib/hlsmath/src/c++/atan2float.cpp:7]   --->   Operation 135 'call' 'phase' <Predicate = true> <Delay = 7.25> <CoreType = "Generic">   --->   Core 0 '' <Latency = 0> <II = 1> <Delay = 1.00> <Generic> <Opcode : >

State 40 <SV = 39> <Delay = 7.25>
ST_40 : Operation 136 [26/64] (7.25ns)   --->   "%phase = call i32 @atan2_cordic<float>, i32 %tmp_M_value_1, i32 %tmp_M_value" [/wrk/ci/prod/2020.2/rdi_builds/continuous/2020_11_18_3064766/src/shared/hls/clib/hlsmath/src/c++/atan2float.cpp:7]   --->   Operation 136 'call' 'phase' <Predicate = true> <Delay = 7.25> <CoreType = "Generic">   --->   Core 0 '' <Latency = 0> <II = 1> <Delay = 1.00> <Generic> <Opcode : >

State 41 <SV = 40> <Delay = 7.25>
ST_41 : Operation 137 [25/64] (7.25ns)   --->   "%phase = call i32 @atan2_cordic<float>, i32 %tmp_M_value_1, i32 %tmp_M_value" [/wrk/ci/prod/2020.2/rdi_builds/continuous/2020_11_18_3064766/src/shared/hls/clib/hlsmath/src/c++/atan2float.cpp:7]   --->   Operation 137 'call' 'phase' <Predicate = true> <Delay = 7.25> <CoreType = "Generic">   --->   Core 0 '' <Latency = 0> <II = 1> <Delay = 1.00> <Generic> <Opcode : >

State 42 <SV = 41> <Delay = 7.25>
ST_42 : Operation 138 [24/64] (7.25ns)   --->   "%phase = call i32 @atan2_cordic<float>, i32 %tmp_M_value_1, i32 %tmp_M_value" [/wrk/ci/prod/2020.2/rdi_builds/continuous/2020_11_18_3064766/src/shared/hls/clib/hlsmath/src/c++/atan2float.cpp:7]   --->   Operation 138 'call' 'phase' <Predicate = true> <Delay = 7.25> <CoreType = "Generic">   --->   Core 0 '' <Latency = 0> <II = 1> <Delay = 1.00> <Generic> <Opcode : >

State 43 <SV = 42> <Delay = 7.25>
ST_43 : Operation 139 [23/64] (7.25ns)   --->   "%phase = call i32 @atan2_cordic<float>, i32 %tmp_M_value_1, i32 %tmp_M_value" [/wrk/ci/prod/2020.2/rdi_builds/continuous/2020_11_18_3064766/src/shared/hls/clib/hlsmath/src/c++/atan2float.cpp:7]   --->   Operation 139 'call' 'phase' <Predicate = true> <Delay = 7.25> <CoreType = "Generic">   --->   Core 0 '' <Latency = 0> <II = 1> <Delay = 1.00> <Generic> <Opcode : >

State 44 <SV = 43> <Delay = 7.25>
ST_44 : Operation 140 [22/64] (7.25ns)   --->   "%phase = call i32 @atan2_cordic<float>, i32 %tmp_M_value_1, i32 %tmp_M_value" [/wrk/ci/prod/2020.2/rdi_builds/continuous/2020_11_18_3064766/src/shared/hls/clib/hlsmath/src/c++/atan2float.cpp:7]   --->   Operation 140 'call' 'phase' <Predicate = true> <Delay = 7.25> <CoreType = "Generic">   --->   Core 0 '' <Latency = 0> <II = 1> <Delay = 1.00> <Generic> <Opcode : >

State 45 <SV = 44> <Delay = 7.25>
ST_45 : Operation 141 [21/64] (7.25ns)   --->   "%phase = call i32 @atan2_cordic<float>, i32 %tmp_M_value_1, i32 %tmp_M_value" [/wrk/ci/prod/2020.2/rdi_builds/continuous/2020_11_18_3064766/src/shared/hls/clib/hlsmath/src/c++/atan2float.cpp:7]   --->   Operation 141 'call' 'phase' <Predicate = true> <Delay = 7.25> <CoreType = "Generic">   --->   Core 0 '' <Latency = 0> <II = 1> <Delay = 1.00> <Generic> <Opcode : >

State 46 <SV = 45> <Delay = 7.25>
ST_46 : Operation 142 [20/64] (7.25ns)   --->   "%phase = call i32 @atan2_cordic<float>, i32 %tmp_M_value_1, i32 %tmp_M_value" [/wrk/ci/prod/2020.2/rdi_builds/continuous/2020_11_18_3064766/src/shared/hls/clib/hlsmath/src/c++/atan2float.cpp:7]   --->   Operation 142 'call' 'phase' <Predicate = true> <Delay = 7.25> <CoreType = "Generic">   --->   Core 0 '' <Latency = 0> <II = 1> <Delay = 1.00> <Generic> <Opcode : >

State 47 <SV = 46> <Delay = 7.25>
ST_47 : Operation 143 [19/64] (7.25ns)   --->   "%phase = call i32 @atan2_cordic<float>, i32 %tmp_M_value_1, i32 %tmp_M_value" [/wrk/ci/prod/2020.2/rdi_builds/continuous/2020_11_18_3064766/src/shared/hls/clib/hlsmath/src/c++/atan2float.cpp:7]   --->   Operation 143 'call' 'phase' <Predicate = true> <Delay = 7.25> <CoreType = "Generic">   --->   Core 0 '' <Latency = 0> <II = 1> <Delay = 1.00> <Generic> <Opcode : >

State 48 <SV = 47> <Delay = 7.25>
ST_48 : Operation 144 [18/64] (7.25ns)   --->   "%phase = call i32 @atan2_cordic<float>, i32 %tmp_M_value_1, i32 %tmp_M_value" [/wrk/ci/prod/2020.2/rdi_builds/continuous/2020_11_18_3064766/src/shared/hls/clib/hlsmath/src/c++/atan2float.cpp:7]   --->   Operation 144 'call' 'phase' <Predicate = true> <Delay = 7.25> <CoreType = "Generic">   --->   Core 0 '' <Latency = 0> <II = 1> <Delay = 1.00> <Generic> <Opcode : >

State 49 <SV = 48> <Delay = 7.25>
ST_49 : Operation 145 [17/64] (7.25ns)   --->   "%phase = call i32 @atan2_cordic<float>, i32 %tmp_M_value_1, i32 %tmp_M_value" [/wrk/ci/prod/2020.2/rdi_builds/continuous/2020_11_18_3064766/src/shared/hls/clib/hlsmath/src/c++/atan2float.cpp:7]   --->   Operation 145 'call' 'phase' <Predicate = true> <Delay = 7.25> <CoreType = "Generic">   --->   Core 0 '' <Latency = 0> <II = 1> <Delay = 1.00> <Generic> <Opcode : >

State 50 <SV = 49> <Delay = 7.25>
ST_50 : Operation 146 [16/16] (6.23ns)   --->   "%modulus = fsqrt i32 @llvm.sqrt.f32, i32 %x_assign" [/wrk/ci/prod/2020.2/rdi_builds/continuous/2020_11_18_3064766/src/shared/hls/clib/hlsmath/src/c++/sqrtfloat.cpp:13]   --->   Operation 146 'fsqrt' 'modulus' <Predicate = true> <Delay = 6.23> <CoreInst = "FSqrt">   --->   Core 35 'FSqrt' <Latency = 15> <II = 1> <Delay = 6.23> <FuncUnit> <Opcode : 'fsqrt'> <InPorts = 1> <OutPorts = 1>
ST_50 : Operation 147 [16/64] (7.25ns)   --->   "%phase = call i32 @atan2_cordic<float>, i32 %tmp_M_value_1, i32 %tmp_M_value" [/wrk/ci/prod/2020.2/rdi_builds/continuous/2020_11_18_3064766/src/shared/hls/clib/hlsmath/src/c++/atan2float.cpp:7]   --->   Operation 147 'call' 'phase' <Predicate = true> <Delay = 7.25> <CoreType = "Generic">   --->   Core 0 '' <Latency = 0> <II = 1> <Delay = 1.00> <Generic> <Opcode : >

State 51 <SV = 50> <Delay = 7.25>
ST_51 : Operation 148 [15/16] (6.23ns)   --->   "%modulus = fsqrt i32 @llvm.sqrt.f32, i32 %x_assign" [/wrk/ci/prod/2020.2/rdi_builds/continuous/2020_11_18_3064766/src/shared/hls/clib/hlsmath/src/c++/sqrtfloat.cpp:13]   --->   Operation 148 'fsqrt' 'modulus' <Predicate = true> <Delay = 6.23> <CoreInst = "FSqrt">   --->   Core 35 'FSqrt' <Latency = 15> <II = 1> <Delay = 6.23> <FuncUnit> <Opcode : 'fsqrt'> <InPorts = 1> <OutPorts = 1>
ST_51 : Operation 149 [15/64] (7.25ns)   --->   "%phase = call i32 @atan2_cordic<float>, i32 %tmp_M_value_1, i32 %tmp_M_value" [/wrk/ci/prod/2020.2/rdi_builds/continuous/2020_11_18_3064766/src/shared/hls/clib/hlsmath/src/c++/atan2float.cpp:7]   --->   Operation 149 'call' 'phase' <Predicate = true> <Delay = 7.25> <CoreType = "Generic">   --->   Core 0 '' <Latency = 0> <II = 1> <Delay = 1.00> <Generic> <Opcode : >

State 52 <SV = 51> <Delay = 7.25>
ST_52 : Operation 150 [14/16] (6.23ns)   --->   "%modulus = fsqrt i32 @llvm.sqrt.f32, i32 %x_assign" [/wrk/ci/prod/2020.2/rdi_builds/continuous/2020_11_18_3064766/src/shared/hls/clib/hlsmath/src/c++/sqrtfloat.cpp:13]   --->   Operation 150 'fsqrt' 'modulus' <Predicate = true> <Delay = 6.23> <CoreInst = "FSqrt">   --->   Core 35 'FSqrt' <Latency = 15> <II = 1> <Delay = 6.23> <FuncUnit> <Opcode : 'fsqrt'> <InPorts = 1> <OutPorts = 1>
ST_52 : Operation 151 [14/64] (7.25ns)   --->   "%phase = call i32 @atan2_cordic<float>, i32 %tmp_M_value_1, i32 %tmp_M_value" [/wrk/ci/prod/2020.2/rdi_builds/continuous/2020_11_18_3064766/src/shared/hls/clib/hlsmath/src/c++/atan2float.cpp:7]   --->   Operation 151 'call' 'phase' <Predicate = true> <Delay = 7.25> <CoreType = "Generic">   --->   Core 0 '' <Latency = 0> <II = 1> <Delay = 1.00> <Generic> <Opcode : >

State 53 <SV = 52> <Delay = 7.25>
ST_53 : Operation 152 [13/16] (6.23ns)   --->   "%modulus = fsqrt i32 @llvm.sqrt.f32, i32 %x_assign" [/wrk/ci/prod/2020.2/rdi_builds/continuous/2020_11_18_3064766/src/shared/hls/clib/hlsmath/src/c++/sqrtfloat.cpp:13]   --->   Operation 152 'fsqrt' 'modulus' <Predicate = true> <Delay = 6.23> <CoreInst = "FSqrt">   --->   Core 35 'FSqrt' <Latency = 15> <II = 1> <Delay = 6.23> <FuncUnit> <Opcode : 'fsqrt'> <InPorts = 1> <OutPorts = 1>
ST_53 : Operation 153 [13/64] (7.25ns)   --->   "%phase = call i32 @atan2_cordic<float>, i32 %tmp_M_value_1, i32 %tmp_M_value" [/wrk/ci/prod/2020.2/rdi_builds/continuous/2020_11_18_3064766/src/shared/hls/clib/hlsmath/src/c++/atan2float.cpp:7]   --->   Operation 153 'call' 'phase' <Predicate = true> <Delay = 7.25> <CoreType = "Generic">   --->   Core 0 '' <Latency = 0> <II = 1> <Delay = 1.00> <Generic> <Opcode : >

State 54 <SV = 53> <Delay = 7.25>
ST_54 : Operation 154 [12/16] (6.23ns)   --->   "%modulus = fsqrt i32 @llvm.sqrt.f32, i32 %x_assign" [/wrk/ci/prod/2020.2/rdi_builds/continuous/2020_11_18_3064766/src/shared/hls/clib/hlsmath/src/c++/sqrtfloat.cpp:13]   --->   Operation 154 'fsqrt' 'modulus' <Predicate = true> <Delay = 6.23> <CoreInst = "FSqrt">   --->   Core 35 'FSqrt' <Latency = 15> <II = 1> <Delay = 6.23> <FuncUnit> <Opcode : 'fsqrt'> <InPorts = 1> <OutPorts = 1>
ST_54 : Operation 155 [12/64] (7.25ns)   --->   "%phase = call i32 @atan2_cordic<float>, i32 %tmp_M_value_1, i32 %tmp_M_value" [/wrk/ci/prod/2020.2/rdi_builds/continuous/2020_11_18_3064766/src/shared/hls/clib/hlsmath/src/c++/atan2float.cpp:7]   --->   Operation 155 'call' 'phase' <Predicate = true> <Delay = 7.25> <CoreType = "Generic">   --->   Core 0 '' <Latency = 0> <II = 1> <Delay = 1.00> <Generic> <Opcode : >

State 55 <SV = 54> <Delay = 7.25>
ST_55 : Operation 156 [11/16] (6.23ns)   --->   "%modulus = fsqrt i32 @llvm.sqrt.f32, i32 %x_assign" [/wrk/ci/prod/2020.2/rdi_builds/continuous/2020_11_18_3064766/src/shared/hls/clib/hlsmath/src/c++/sqrtfloat.cpp:13]   --->   Operation 156 'fsqrt' 'modulus' <Predicate = true> <Delay = 6.23> <CoreInst = "FSqrt">   --->   Core 35 'FSqrt' <Latency = 15> <II = 1> <Delay = 6.23> <FuncUnit> <Opcode : 'fsqrt'> <InPorts = 1> <OutPorts = 1>
ST_55 : Operation 157 [11/64] (7.25ns)   --->   "%phase = call i32 @atan2_cordic<float>, i32 %tmp_M_value_1, i32 %tmp_M_value" [/wrk/ci/prod/2020.2/rdi_builds/continuous/2020_11_18_3064766/src/shared/hls/clib/hlsmath/src/c++/atan2float.cpp:7]   --->   Operation 157 'call' 'phase' <Predicate = true> <Delay = 7.25> <CoreType = "Generic">   --->   Core 0 '' <Latency = 0> <II = 1> <Delay = 1.00> <Generic> <Opcode : >

State 56 <SV = 55> <Delay = 7.25>
ST_56 : Operation 158 [10/16] (6.23ns)   --->   "%modulus = fsqrt i32 @llvm.sqrt.f32, i32 %x_assign" [/wrk/ci/prod/2020.2/rdi_builds/continuous/2020_11_18_3064766/src/shared/hls/clib/hlsmath/src/c++/sqrtfloat.cpp:13]   --->   Operation 158 'fsqrt' 'modulus' <Predicate = true> <Delay = 6.23> <CoreInst = "FSqrt">   --->   Core 35 'FSqrt' <Latency = 15> <II = 1> <Delay = 6.23> <FuncUnit> <Opcode : 'fsqrt'> <InPorts = 1> <OutPorts = 1>
ST_56 : Operation 159 [10/64] (7.25ns)   --->   "%phase = call i32 @atan2_cordic<float>, i32 %tmp_M_value_1, i32 %tmp_M_value" [/wrk/ci/prod/2020.2/rdi_builds/continuous/2020_11_18_3064766/src/shared/hls/clib/hlsmath/src/c++/atan2float.cpp:7]   --->   Operation 159 'call' 'phase' <Predicate = true> <Delay = 7.25> <CoreType = "Generic">   --->   Core 0 '' <Latency = 0> <II = 1> <Delay = 1.00> <Generic> <Opcode : >

State 57 <SV = 56> <Delay = 7.25>
ST_57 : Operation 160 [9/16] (6.23ns)   --->   "%modulus = fsqrt i32 @llvm.sqrt.f32, i32 %x_assign" [/wrk/ci/prod/2020.2/rdi_builds/continuous/2020_11_18_3064766/src/shared/hls/clib/hlsmath/src/c++/sqrtfloat.cpp:13]   --->   Operation 160 'fsqrt' 'modulus' <Predicate = true> <Delay = 6.23> <CoreInst = "FSqrt">   --->   Core 35 'FSqrt' <Latency = 15> <II = 1> <Delay = 6.23> <FuncUnit> <Opcode : 'fsqrt'> <InPorts = 1> <OutPorts = 1>
ST_57 : Operation 161 [9/64] (7.25ns)   --->   "%phase = call i32 @atan2_cordic<float>, i32 %tmp_M_value_1, i32 %tmp_M_value" [/wrk/ci/prod/2020.2/rdi_builds/continuous/2020_11_18_3064766/src/shared/hls/clib/hlsmath/src/c++/atan2float.cpp:7]   --->   Operation 161 'call' 'phase' <Predicate = true> <Delay = 7.25> <CoreType = "Generic">   --->   Core 0 '' <Latency = 0> <II = 1> <Delay = 1.00> <Generic> <Opcode : >

State 58 <SV = 57> <Delay = 7.25>
ST_58 : Operation 162 [8/16] (6.23ns)   --->   "%modulus = fsqrt i32 @llvm.sqrt.f32, i32 %x_assign" [/wrk/ci/prod/2020.2/rdi_builds/continuous/2020_11_18_3064766/src/shared/hls/clib/hlsmath/src/c++/sqrtfloat.cpp:13]   --->   Operation 162 'fsqrt' 'modulus' <Predicate = true> <Delay = 6.23> <CoreInst = "FSqrt">   --->   Core 35 'FSqrt' <Latency = 15> <II = 1> <Delay = 6.23> <FuncUnit> <Opcode : 'fsqrt'> <InPorts = 1> <OutPorts = 1>
ST_58 : Operation 163 [8/64] (7.25ns)   --->   "%phase = call i32 @atan2_cordic<float>, i32 %tmp_M_value_1, i32 %tmp_M_value" [/wrk/ci/prod/2020.2/rdi_builds/continuous/2020_11_18_3064766/src/shared/hls/clib/hlsmath/src/c++/atan2float.cpp:7]   --->   Operation 163 'call' 'phase' <Predicate = true> <Delay = 7.25> <CoreType = "Generic">   --->   Core 0 '' <Latency = 0> <II = 1> <Delay = 1.00> <Generic> <Opcode : >

State 59 <SV = 58> <Delay = 7.25>
ST_59 : Operation 164 [7/16] (6.23ns)   --->   "%modulus = fsqrt i32 @llvm.sqrt.f32, i32 %x_assign" [/wrk/ci/prod/2020.2/rdi_builds/continuous/2020_11_18_3064766/src/shared/hls/clib/hlsmath/src/c++/sqrtfloat.cpp:13]   --->   Operation 164 'fsqrt' 'modulus' <Predicate = true> <Delay = 6.23> <CoreInst = "FSqrt">   --->   Core 35 'FSqrt' <Latency = 15> <II = 1> <Delay = 6.23> <FuncUnit> <Opcode : 'fsqrt'> <InPorts = 1> <OutPorts = 1>
ST_59 : Operation 165 [7/64] (7.25ns)   --->   "%phase = call i32 @atan2_cordic<float>, i32 %tmp_M_value_1, i32 %tmp_M_value" [/wrk/ci/prod/2020.2/rdi_builds/continuous/2020_11_18_3064766/src/shared/hls/clib/hlsmath/src/c++/atan2float.cpp:7]   --->   Operation 165 'call' 'phase' <Predicate = true> <Delay = 7.25> <CoreType = "Generic">   --->   Core 0 '' <Latency = 0> <II = 1> <Delay = 1.00> <Generic> <Opcode : >

State 60 <SV = 59> <Delay = 7.25>
ST_60 : Operation 166 [6/16] (6.23ns)   --->   "%modulus = fsqrt i32 @llvm.sqrt.f32, i32 %x_assign" [/wrk/ci/prod/2020.2/rdi_builds/continuous/2020_11_18_3064766/src/shared/hls/clib/hlsmath/src/c++/sqrtfloat.cpp:13]   --->   Operation 166 'fsqrt' 'modulus' <Predicate = true> <Delay = 6.23> <CoreInst = "FSqrt">   --->   Core 35 'FSqrt' <Latency = 15> <II = 1> <Delay = 6.23> <FuncUnit> <Opcode : 'fsqrt'> <InPorts = 1> <OutPorts = 1>
ST_60 : Operation 167 [6/64] (7.25ns)   --->   "%phase = call i32 @atan2_cordic<float>, i32 %tmp_M_value_1, i32 %tmp_M_value" [/wrk/ci/prod/2020.2/rdi_builds/continuous/2020_11_18_3064766/src/shared/hls/clib/hlsmath/src/c++/atan2float.cpp:7]   --->   Operation 167 'call' 'phase' <Predicate = true> <Delay = 7.25> <CoreType = "Generic">   --->   Core 0 '' <Latency = 0> <II = 1> <Delay = 1.00> <Generic> <Opcode : >

State 61 <SV = 60> <Delay = 7.25>
ST_61 : Operation 168 [5/16] (6.23ns)   --->   "%modulus = fsqrt i32 @llvm.sqrt.f32, i32 %x_assign" [/wrk/ci/prod/2020.2/rdi_builds/continuous/2020_11_18_3064766/src/shared/hls/clib/hlsmath/src/c++/sqrtfloat.cpp:13]   --->   Operation 168 'fsqrt' 'modulus' <Predicate = true> <Delay = 6.23> <CoreInst = "FSqrt">   --->   Core 35 'FSqrt' <Latency = 15> <II = 1> <Delay = 6.23> <FuncUnit> <Opcode : 'fsqrt'> <InPorts = 1> <OutPorts = 1>
ST_61 : Operation 169 [5/64] (7.25ns)   --->   "%phase = call i32 @atan2_cordic<float>, i32 %tmp_M_value_1, i32 %tmp_M_value" [/wrk/ci/prod/2020.2/rdi_builds/continuous/2020_11_18_3064766/src/shared/hls/clib/hlsmath/src/c++/atan2float.cpp:7]   --->   Operation 169 'call' 'phase' <Predicate = true> <Delay = 7.25> <CoreType = "Generic">   --->   Core 0 '' <Latency = 0> <II = 1> <Delay = 1.00> <Generic> <Opcode : >

State 62 <SV = 61> <Delay = 7.25>
ST_62 : Operation 170 [4/16] (6.23ns)   --->   "%modulus = fsqrt i32 @llvm.sqrt.f32, i32 %x_assign" [/wrk/ci/prod/2020.2/rdi_builds/continuous/2020_11_18_3064766/src/shared/hls/clib/hlsmath/src/c++/sqrtfloat.cpp:13]   --->   Operation 170 'fsqrt' 'modulus' <Predicate = true> <Delay = 6.23> <CoreInst = "FSqrt">   --->   Core 35 'FSqrt' <Latency = 15> <II = 1> <Delay = 6.23> <FuncUnit> <Opcode : 'fsqrt'> <InPorts = 1> <OutPorts = 1>
ST_62 : Operation 171 [4/64] (7.25ns)   --->   "%phase = call i32 @atan2_cordic<float>, i32 %tmp_M_value_1, i32 %tmp_M_value" [/wrk/ci/prod/2020.2/rdi_builds/continuous/2020_11_18_3064766/src/shared/hls/clib/hlsmath/src/c++/atan2float.cpp:7]   --->   Operation 171 'call' 'phase' <Predicate = true> <Delay = 7.25> <CoreType = "Generic">   --->   Core 0 '' <Latency = 0> <II = 1> <Delay = 1.00> <Generic> <Opcode : >

State 63 <SV = 62> <Delay = 7.25>
ST_63 : Operation 172 [3/16] (6.23ns)   --->   "%modulus = fsqrt i32 @llvm.sqrt.f32, i32 %x_assign" [/wrk/ci/prod/2020.2/rdi_builds/continuous/2020_11_18_3064766/src/shared/hls/clib/hlsmath/src/c++/sqrtfloat.cpp:13]   --->   Operation 172 'fsqrt' 'modulus' <Predicate = true> <Delay = 6.23> <CoreInst = "FSqrt">   --->   Core 35 'FSqrt' <Latency = 15> <II = 1> <Delay = 6.23> <FuncUnit> <Opcode : 'fsqrt'> <InPorts = 1> <OutPorts = 1>
ST_63 : Operation 173 [3/64] (7.25ns)   --->   "%phase = call i32 @atan2_cordic<float>, i32 %tmp_M_value_1, i32 %tmp_M_value" [/wrk/ci/prod/2020.2/rdi_builds/continuous/2020_11_18_3064766/src/shared/hls/clib/hlsmath/src/c++/atan2float.cpp:7]   --->   Operation 173 'call' 'phase' <Predicate = true> <Delay = 7.25> <CoreType = "Generic">   --->   Core 0 '' <Latency = 0> <II = 1> <Delay = 1.00> <Generic> <Opcode : >

State 64 <SV = 63> <Delay = 7.25>
ST_64 : Operation 174 [2/16] (6.23ns)   --->   "%modulus = fsqrt i32 @llvm.sqrt.f32, i32 %x_assign" [/wrk/ci/prod/2020.2/rdi_builds/continuous/2020_11_18_3064766/src/shared/hls/clib/hlsmath/src/c++/sqrtfloat.cpp:13]   --->   Operation 174 'fsqrt' 'modulus' <Predicate = true> <Delay = 6.23> <CoreInst = "FSqrt">   --->   Core 35 'FSqrt' <Latency = 15> <II = 1> <Delay = 6.23> <FuncUnit> <Opcode : 'fsqrt'> <InPorts = 1> <OutPorts = 1>
ST_64 : Operation 175 [2/64] (7.25ns)   --->   "%phase = call i32 @atan2_cordic<float>, i32 %tmp_M_value_1, i32 %tmp_M_value" [/wrk/ci/prod/2020.2/rdi_builds/continuous/2020_11_18_3064766/src/shared/hls/clib/hlsmath/src/c++/atan2float.cpp:7]   --->   Operation 175 'call' 'phase' <Predicate = true> <Delay = 7.25> <CoreType = "Generic">   --->   Core 0 '' <Latency = 0> <II = 1> <Delay = 1.00> <Generic> <Opcode : >

State 65 <SV = 64> <Delay = 6.23>
ST_65 : Operation 176 [1/16] (6.23ns)   --->   "%modulus = fsqrt i32 @llvm.sqrt.f32, i32 %x_assign" [/wrk/ci/prod/2020.2/rdi_builds/continuous/2020_11_18_3064766/src/shared/hls/clib/hlsmath/src/c++/sqrtfloat.cpp:13]   --->   Operation 176 'fsqrt' 'modulus' <Predicate = true> <Delay = 6.23> <CoreInst = "FSqrt">   --->   Core 35 'FSqrt' <Latency = 15> <II = 1> <Delay = 6.23> <FuncUnit> <Opcode : 'fsqrt'> <InPorts = 1> <OutPorts = 1>
ST_65 : Operation 177 [1/64] (4.01ns)   --->   "%phase = call i32 @atan2_cordic<float>, i32 %tmp_M_value_1, i32 %tmp_M_value" [/wrk/ci/prod/2020.2/rdi_builds/continuous/2020_11_18_3064766/src/shared/hls/clib/hlsmath/src/c++/atan2float.cpp:7]   --->   Operation 177 'call' 'phase' <Predicate = true> <Delay = 4.01> <CoreType = "Generic">   --->   Core 0 '' <Latency = 0> <II = 1> <Delay = 1.00> <Generic> <Opcode : >
ST_65 : Operation 178 [1/1] (0.00ns)   --->   "%bitcast_ln174 = bitcast i32 %modulus" [/opt/Xilinx/Vitis_HLS/2020.2/common/technology/autopilot/hls_stream_39.h:174]   --->   Operation 178 'bitcast' 'bitcast_ln174' <Predicate = true> <Delay = 0.00>
ST_65 : Operation 179 [2/2] (0.00ns)   --->   "%write_ln174 = write void @_ssdm_op_Write.axis.volatile.i32P128A, i32 %out_modulus_V, i32 %bitcast_ln174" [/opt/Xilinx/Vitis_HLS/2020.2/common/technology/autopilot/hls_stream_39.h:174]   --->   Operation 179 'write' 'write_ln174' <Predicate = true> <Delay = 0.00> <CoreInst = "axis">   --->   Core 115 'axis' <Latency = 0> <II = 1> <Delay = 1.00> <Adapter> <Opcode : >
ST_65 : Operation 180 [1/1] (0.00ns)   --->   "%bitcast_ln174_1 = bitcast i32 %phase" [/opt/Xilinx/Vitis_HLS/2020.2/common/technology/autopilot/hls_stream_39.h:174]   --->   Operation 180 'bitcast' 'bitcast_ln174_1' <Predicate = true> <Delay = 0.00>
ST_65 : Operation 181 [2/2] (0.00ns)   --->   "%write_ln174 = write void @_ssdm_op_Write.axis.volatile.i32P128A, i32 %out_phase_V, i32 %bitcast_ln174_1" [/opt/Xilinx/Vitis_HLS/2020.2/common/technology/autopilot/hls_stream_39.h:174]   --->   Operation 181 'write' 'write_ln174' <Predicate = true> <Delay = 0.00> <CoreInst = "axis">   --->   Core 115 'axis' <Latency = 0> <II = 1> <Delay = 1.00> <Adapter> <Opcode : >

State 66 <SV = 65> <Delay = 0.00>
ST_66 : Operation 182 [1/1] (0.00ns)   --->   "%specpipeline_ln0 = specpipeline void @_ssdm_op_SpecPipeline, i32 4294967295, i32 0, i32 1, i32 0, void @p_str"   --->   Operation 182 'specpipeline' 'specpipeline_ln0' <Predicate = true> <Delay = 0.00>
ST_66 : Operation 183 [1/1] (0.00ns)   --->   "%specloopname_ln0 = specloopname void @_ssdm_op_SpecLoopName, void @empty_3" [/opt/Xilinx/Vitis_HLS/2020.2/common/technology/autopilot/hls_stream_39.h:0]   --->   Operation 183 'specloopname' 'specloopname_ln0' <Predicate = true> <Delay = 0.00>
ST_66 : Operation 184 [1/2] (0.00ns)   --->   "%write_ln174 = write void @_ssdm_op_Write.axis.volatile.i32P128A, i32 %out_modulus_V, i32 %bitcast_ln174" [/opt/Xilinx/Vitis_HLS/2020.2/common/technology/autopilot/hls_stream_39.h:174]   --->   Operation 184 'write' 'write_ln174' <Predicate = true> <Delay = 0.00> <CoreInst = "axis">   --->   Core 115 'axis' <Latency = 0> <II = 1> <Delay = 1.00> <Adapter> <Opcode : >
ST_66 : Operation 185 [1/2] (0.00ns)   --->   "%write_ln174 = write void @_ssdm_op_Write.axis.volatile.i32P128A, i32 %out_phase_V, i32 %bitcast_ln174_1" [/opt/Xilinx/Vitis_HLS/2020.2/common/technology/autopilot/hls_stream_39.h:174]   --->   Operation 185 'write' 'write_ln174' <Predicate = true> <Delay = 0.00> <CoreInst = "axis">   --->   Core 115 'axis' <Latency = 0> <II = 1> <Delay = 1.00> <Adapter> <Opcode : >
ST_66 : Operation 186 [1/1] (0.00ns)   --->   "%empty = speclooptripcount i32 @_ssdm_op_SpecLoopTripCount, i64 1024, i64 1024, i64 1024"   --->   Operation 186 'speclooptripcount' 'empty' <Predicate = true> <Delay = 0.00>

State 67 <SV = 66> <Delay = 0.00>
ST_67 : Operation 187 [1/1] (0.00ns)   --->   "%ret_ln29 = ret" [axi_polar_translate_v2/axi_polar_translate_v2.cpp:29]   --->   Operation 187 'ret' 'ret_ln29' <Predicate = true> <Delay = 0.00>


============================================================
+ Verbose Summary: Timing violations
============================================================
Target clock period: 10ns, clock uncertainty: 2.7ns.

 <State 1>: 1.59ns
The critical path consists of the following:
	multiplexor before 'phi' operation ('inc9', axi_polar_translate_v2/axi_polar_translate_v2.cpp:26) with incoming values : ('add_ln26', axi_polar_translate_v2/axi_polar_translate_v2.cpp:26) [13]  (1.59 ns)

 <State 2>: 6.45ns
The critical path consists of the following:
	axis read on port 'in_data_V' (/opt/Xilinx/Vitis_HLS/2020.2/common/technology/autopilot/hls_stream_39.h:145) [17]  (0 ns)
	'call' operation ('phase', /wrk/ci/prod/2020.2/rdi_builds/continuous/2020_11_18_3064766/src/shared/hls/clib/hlsmath/src/c++/atan2float.cpp:7) to 'atan2_cordic<float>' [26]  (6.45 ns)

 <State 3>: 7.26ns
The critical path consists of the following:
	'call' operation ('phase', /wrk/ci/prod/2020.2/rdi_builds/continuous/2020_11_18_3064766/src/shared/hls/clib/hlsmath/src/c++/atan2float.cpp:7) to 'atan2_cordic<float>' [26]  (7.26 ns)

 <State 4>: 7.26ns
The critical path consists of the following:
	'call' operation ('phase', /wrk/ci/prod/2020.2/rdi_builds/continuous/2020_11_18_3064766/src/shared/hls/clib/hlsmath/src/c++/atan2float.cpp:7) to 'atan2_cordic<float>' [26]  (7.26 ns)

 <State 5>: 7.26ns
The critical path consists of the following:
	'call' operation ('phase', /wrk/ci/prod/2020.2/rdi_builds/continuous/2020_11_18_3064766/src/shared/hls/clib/hlsmath/src/c++/atan2float.cpp:7) to 'atan2_cordic<float>' [26]  (7.26 ns)

 <State 6>: 7.26ns
The critical path consists of the following:
	'fadd' operation ('x', axi_polar_translate_v2/axi_polar_translate_v2.cpp:19) [24]  (7.26 ns)

 <State 7>: 7.26ns
The critical path consists of the following:
	'fadd' operation ('x', axi_polar_translate_v2/axi_polar_translate_v2.cpp:19) [24]  (7.26 ns)

 <State 8>: 7.26ns
The critical path consists of the following:
	'fadd' operation ('x', axi_polar_translate_v2/axi_polar_translate_v2.cpp:19) [24]  (7.26 ns)

 <State 9>: 7.26ns
The critical path consists of the following:
	'fadd' operation ('x', axi_polar_translate_v2/axi_polar_translate_v2.cpp:19) [24]  (7.26 ns)

 <State 10>: 7.26ns
The critical path consists of the following:
	'fadd' operation ('x', axi_polar_translate_v2/axi_polar_translate_v2.cpp:19) [24]  (7.26 ns)

 <State 11>: 7.26ns
The critical path consists of the following:
	'call' operation ('phase', /wrk/ci/prod/2020.2/rdi_builds/continuous/2020_11_18_3064766/src/shared/hls/clib/hlsmath/src/c++/atan2float.cpp:7) to 'atan2_cordic<float>' [26]  (7.26 ns)

 <State 12>: 7.26ns
The critical path consists of the following:
	'call' operation ('phase', /wrk/ci/prod/2020.2/rdi_builds/continuous/2020_11_18_3064766/src/shared/hls/clib/hlsmath/src/c++/atan2float.cpp:7) to 'atan2_cordic<float>' [26]  (7.26 ns)

 <State 13>: 7.26ns
The critical path consists of the following:
	'call' operation ('phase', /wrk/ci/prod/2020.2/rdi_builds/continuous/2020_11_18_3064766/src/shared/hls/clib/hlsmath/src/c++/atan2float.cpp:7) to 'atan2_cordic<float>' [26]  (7.26 ns)

 <State 14>: 7.26ns
The critical path consists of the following:
	'call' operation ('phase', /wrk/ci/prod/2020.2/rdi_builds/continuous/2020_11_18_3064766/src/shared/hls/clib/hlsmath/src/c++/atan2float.cpp:7) to 'atan2_cordic<float>' [26]  (7.26 ns)

 <State 15>: 7.26ns
The critical path consists of the following:
	'call' operation ('phase', /wrk/ci/prod/2020.2/rdi_builds/continuous/2020_11_18_3064766/src/shared/hls/clib/hlsmath/src/c++/atan2float.cpp:7) to 'atan2_cordic<float>' [26]  (7.26 ns)

 <State 16>: 7.26ns
The critical path consists of the following:
	'call' operation ('phase', /wrk/ci/prod/2020.2/rdi_builds/continuous/2020_11_18_3064766/src/shared/hls/clib/hlsmath/src/c++/atan2float.cpp:7) to 'atan2_cordic<float>' [26]  (7.26 ns)

 <State 17>: 7.26ns
The critical path consists of the following:
	'call' operation ('phase', /wrk/ci/prod/2020.2/rdi_builds/continuous/2020_11_18_3064766/src/shared/hls/clib/hlsmath/src/c++/atan2float.cpp:7) to 'atan2_cordic<float>' [26]  (7.26 ns)

 <State 18>: 7.26ns
The critical path consists of the following:
	'call' operation ('phase', /wrk/ci/prod/2020.2/rdi_builds/continuous/2020_11_18_3064766/src/shared/hls/clib/hlsmath/src/c++/atan2float.cpp:7) to 'atan2_cordic<float>' [26]  (7.26 ns)

 <State 19>: 7.26ns
The critical path consists of the following:
	'call' operation ('phase', /wrk/ci/prod/2020.2/rdi_builds/continuous/2020_11_18_3064766/src/shared/hls/clib/hlsmath/src/c++/atan2float.cpp:7) to 'atan2_cordic<float>' [26]  (7.26 ns)

 <State 20>: 7.26ns
The critical path consists of the following:
	'call' operation ('phase', /wrk/ci/prod/2020.2/rdi_builds/continuous/2020_11_18_3064766/src/shared/hls/clib/hlsmath/src/c++/atan2float.cpp:7) to 'atan2_cordic<float>' [26]  (7.26 ns)

 <State 21>: 7.26ns
The critical path consists of the following:
	'call' operation ('phase', /wrk/ci/prod/2020.2/rdi_builds/continuous/2020_11_18_3064766/src/shared/hls/clib/hlsmath/src/c++/atan2float.cpp:7) to 'atan2_cordic<float>' [26]  (7.26 ns)

 <State 22>: 7.26ns
The critical path consists of the following:
	'call' operation ('phase', /wrk/ci/prod/2020.2/rdi_builds/continuous/2020_11_18_3064766/src/shared/hls/clib/hlsmath/src/c++/atan2float.cpp:7) to 'atan2_cordic<float>' [26]  (7.26 ns)

 <State 23>: 7.26ns
The critical path consists of the following:
	'call' operation ('phase', /wrk/ci/prod/2020.2/rdi_builds/continuous/2020_11_18_3064766/src/shared/hls/clib/hlsmath/src/c++/atan2float.cpp:7) to 'atan2_cordic<float>' [26]  (7.26 ns)

 <State 24>: 7.26ns
The critical path consists of the following:
	'call' operation ('phase', /wrk/ci/prod/2020.2/rdi_builds/continuous/2020_11_18_3064766/src/shared/hls/clib/hlsmath/src/c++/atan2float.cpp:7) to 'atan2_cordic<float>' [26]  (7.26 ns)

 <State 25>: 7.26ns
The critical path consists of the following:
	'call' operation ('phase', /wrk/ci/prod/2020.2/rdi_builds/continuous/2020_11_18_3064766/src/shared/hls/clib/hlsmath/src/c++/atan2float.cpp:7) to 'atan2_cordic<float>' [26]  (7.26 ns)

 <State 26>: 7.26ns
The critical path consists of the following:
	'call' operation ('phase', /wrk/ci/prod/2020.2/rdi_builds/continuous/2020_11_18_3064766/src/shared/hls/clib/hlsmath/src/c++/atan2float.cpp:7) to 'atan2_cordic<float>' [26]  (7.26 ns)

 <State 27>: 7.26ns
The critical path consists of the following:
	'call' operation ('phase', /wrk/ci/prod/2020.2/rdi_builds/continuous/2020_11_18_3064766/src/shared/hls/clib/hlsmath/src/c++/atan2float.cpp:7) to 'atan2_cordic<float>' [26]  (7.26 ns)

 <State 28>: 7.26ns
The critical path consists of the following:
	'call' operation ('phase', /wrk/ci/prod/2020.2/rdi_builds/continuous/2020_11_18_3064766/src/shared/hls/clib/hlsmath/src/c++/atan2float.cpp:7) to 'atan2_cordic<float>' [26]  (7.26 ns)

 <State 29>: 7.26ns
The critical path consists of the following:
	'call' operation ('phase', /wrk/ci/prod/2020.2/rdi_builds/continuous/2020_11_18_3064766/src/shared/hls/clib/hlsmath/src/c++/atan2float.cpp:7) to 'atan2_cordic<float>' [26]  (7.26 ns)

 <State 30>: 7.26ns
The critical path consists of the following:
	'call' operation ('phase', /wrk/ci/prod/2020.2/rdi_builds/continuous/2020_11_18_3064766/src/shared/hls/clib/hlsmath/src/c++/atan2float.cpp:7) to 'atan2_cordic<float>' [26]  (7.26 ns)

 <State 31>: 7.26ns
The critical path consists of the following:
	'call' operation ('phase', /wrk/ci/prod/2020.2/rdi_builds/continuous/2020_11_18_3064766/src/shared/hls/clib/hlsmath/src/c++/atan2float.cpp:7) to 'atan2_cordic<float>' [26]  (7.26 ns)

 <State 32>: 7.26ns
The critical path consists of the following:
	'call' operation ('phase', /wrk/ci/prod/2020.2/rdi_builds/continuous/2020_11_18_3064766/src/shared/hls/clib/hlsmath/src/c++/atan2float.cpp:7) to 'atan2_cordic<float>' [26]  (7.26 ns)

 <State 33>: 7.26ns
The critical path consists of the following:
	'call' operation ('phase', /wrk/ci/prod/2020.2/rdi_builds/continuous/2020_11_18_3064766/src/shared/hls/clib/hlsmath/src/c++/atan2float.cpp:7) to 'atan2_cordic<float>' [26]  (7.26 ns)

 <State 34>: 7.26ns
The critical path consists of the following:
	'call' operation ('phase', /wrk/ci/prod/2020.2/rdi_builds/continuous/2020_11_18_3064766/src/shared/hls/clib/hlsmath/src/c++/atan2float.cpp:7) to 'atan2_cordic<float>' [26]  (7.26 ns)

 <State 35>: 7.26ns
The critical path consists of the following:
	'call' operation ('phase', /wrk/ci/prod/2020.2/rdi_builds/continuous/2020_11_18_3064766/src/shared/hls/clib/hlsmath/src/c++/atan2float.cpp:7) to 'atan2_cordic<float>' [26]  (7.26 ns)

 <State 36>: 7.26ns
The critical path consists of the following:
	'call' operation ('phase', /wrk/ci/prod/2020.2/rdi_builds/continuous/2020_11_18_3064766/src/shared/hls/clib/hlsmath/src/c++/atan2float.cpp:7) to 'atan2_cordic<float>' [26]  (7.26 ns)

 <State 37>: 7.26ns
The critical path consists of the following:
	'call' operation ('phase', /wrk/ci/prod/2020.2/rdi_builds/continuous/2020_11_18_3064766/src/shared/hls/clib/hlsmath/src/c++/atan2float.cpp:7) to 'atan2_cordic<float>' [26]  (7.26 ns)

 <State 38>: 7.26ns
The critical path consists of the following:
	'call' operation ('phase', /wrk/ci/prod/2020.2/rdi_builds/continuous/2020_11_18_3064766/src/shared/hls/clib/hlsmath/src/c++/atan2float.cpp:7) to 'atan2_cordic<float>' [26]  (7.26 ns)

 <State 39>: 7.26ns
The critical path consists of the following:
	'call' operation ('phase', /wrk/ci/prod/2020.2/rdi_builds/continuous/2020_11_18_3064766/src/shared/hls/clib/hlsmath/src/c++/atan2float.cpp:7) to 'atan2_cordic<float>' [26]  (7.26 ns)

 <State 40>: 7.26ns
The critical path consists of the following:
	'call' operation ('phase', /wrk/ci/prod/2020.2/rdi_builds/continuous/2020_11_18_3064766/src/shared/hls/clib/hlsmath/src/c++/atan2float.cpp:7) to 'atan2_cordic<float>' [26]  (7.26 ns)

 <State 41>: 7.26ns
The critical path consists of the following:
	'call' operation ('phase', /wrk/ci/prod/2020.2/rdi_builds/continuous/2020_11_18_3064766/src/shared/hls/clib/hlsmath/src/c++/atan2float.cpp:7) to 'atan2_cordic<float>' [26]  (7.26 ns)

 <State 42>: 7.26ns
The critical path consists of the following:
	'call' operation ('phase', /wrk/ci/prod/2020.2/rdi_builds/continuous/2020_11_18_3064766/src/shared/hls/clib/hlsmath/src/c++/atan2float.cpp:7) to 'atan2_cordic<float>' [26]  (7.26 ns)

 <State 43>: 7.26ns
The critical path consists of the following:
	'call' operation ('phase', /wrk/ci/prod/2020.2/rdi_builds/continuous/2020_11_18_3064766/src/shared/hls/clib/hlsmath/src/c++/atan2float.cpp:7) to 'atan2_cordic<float>' [26]  (7.26 ns)

 <State 44>: 7.26ns
The critical path consists of the following:
	'call' operation ('phase', /wrk/ci/prod/2020.2/rdi_builds/continuous/2020_11_18_3064766/src/shared/hls/clib/hlsmath/src/c++/atan2float.cpp:7) to 'atan2_cordic<float>' [26]  (7.26 ns)

 <State 45>: 7.26ns
The critical path consists of the following:
	'call' operation ('phase', /wrk/ci/prod/2020.2/rdi_builds/continuous/2020_11_18_3064766/src/shared/hls/clib/hlsmath/src/c++/atan2float.cpp:7) to 'atan2_cordic<float>' [26]  (7.26 ns)

 <State 46>: 7.26ns
The critical path consists of the following:
	'call' operation ('phase', /wrk/ci/prod/2020.2/rdi_builds/continuous/2020_11_18_3064766/src/shared/hls/clib/hlsmath/src/c++/atan2float.cpp:7) to 'atan2_cordic<float>' [26]  (7.26 ns)

 <State 47>: 7.26ns
The critical path consists of the following:
	'call' operation ('phase', /wrk/ci/prod/2020.2/rdi_builds/continuous/2020_11_18_3064766/src/shared/hls/clib/hlsmath/src/c++/atan2float.cpp:7) to 'atan2_cordic<float>' [26]  (7.26 ns)

 <State 48>: 7.26ns
The critical path consists of the following:
	'call' operation ('phase', /wrk/ci/prod/2020.2/rdi_builds/continuous/2020_11_18_3064766/src/shared/hls/clib/hlsmath/src/c++/atan2float.cpp:7) to 'atan2_cordic<float>' [26]  (7.26 ns)

 <State 49>: 7.26ns
The critical path consists of the following:
	'call' operation ('phase', /wrk/ci/prod/2020.2/rdi_builds/continuous/2020_11_18_3064766/src/shared/hls/clib/hlsmath/src/c++/atan2float.cpp:7) to 'atan2_cordic<float>' [26]  (7.26 ns)

 <State 50>: 7.26ns
The critical path consists of the following:
	'call' operation ('phase', /wrk/ci/prod/2020.2/rdi_builds/continuous/2020_11_18_3064766/src/shared/hls/clib/hlsmath/src/c++/atan2float.cpp:7) to 'atan2_cordic<float>' [26]  (7.26 ns)

 <State 51>: 7.26ns
The critical path consists of the following:
	'call' operation ('phase', /wrk/ci/prod/2020.2/rdi_builds/continuous/2020_11_18_3064766/src/shared/hls/clib/hlsmath/src/c++/atan2float.cpp:7) to 'atan2_cordic<float>' [26]  (7.26 ns)

 <State 52>: 7.26ns
The critical path consists of the following:
	'call' operation ('phase', /wrk/ci/prod/2020.2/rdi_builds/continuous/2020_11_18_3064766/src/shared/hls/clib/hlsmath/src/c++/atan2float.cpp:7) to 'atan2_cordic<float>' [26]  (7.26 ns)

 <State 53>: 7.26ns
The critical path consists of the following:
	'call' operation ('phase', /wrk/ci/prod/2020.2/rdi_builds/continuous/2020_11_18_3064766/src/shared/hls/clib/hlsmath/src/c++/atan2float.cpp:7) to 'atan2_cordic<float>' [26]  (7.26 ns)

 <State 54>: 7.26ns
The critical path consists of the following:
	'call' operation ('phase', /wrk/ci/prod/2020.2/rdi_builds/continuous/2020_11_18_3064766/src/shared/hls/clib/hlsmath/src/c++/atan2float.cpp:7) to 'atan2_cordic<float>' [26]  (7.26 ns)

 <State 55>: 7.26ns
The critical path consists of the following:
	'call' operation ('phase', /wrk/ci/prod/2020.2/rdi_builds/continuous/2020_11_18_3064766/src/shared/hls/clib/hlsmath/src/c++/atan2float.cpp:7) to 'atan2_cordic<float>' [26]  (7.26 ns)

 <State 56>: 7.26ns
The critical path consists of the following:
	'call' operation ('phase', /wrk/ci/prod/2020.2/rdi_builds/continuous/2020_11_18_3064766/src/shared/hls/clib/hlsmath/src/c++/atan2float.cpp:7) to 'atan2_cordic<float>' [26]  (7.26 ns)

 <State 57>: 7.26ns
The critical path consists of the following:
	'call' operation ('phase', /wrk/ci/prod/2020.2/rdi_builds/continuous/2020_11_18_3064766/src/shared/hls/clib/hlsmath/src/c++/atan2float.cpp:7) to 'atan2_cordic<float>' [26]  (7.26 ns)

 <State 58>: 7.26ns
The critical path consists of the following:
	'call' operation ('phase', /wrk/ci/prod/2020.2/rdi_builds/continuous/2020_11_18_3064766/src/shared/hls/clib/hlsmath/src/c++/atan2float.cpp:7) to 'atan2_cordic<float>' [26]  (7.26 ns)

 <State 59>: 7.26ns
The critical path consists of the following:
	'call' operation ('phase', /wrk/ci/prod/2020.2/rdi_builds/continuous/2020_11_18_3064766/src/shared/hls/clib/hlsmath/src/c++/atan2float.cpp:7) to 'atan2_cordic<float>' [26]  (7.26 ns)

 <State 60>: 7.26ns
The critical path consists of the following:
	'call' operation ('phase', /wrk/ci/prod/2020.2/rdi_builds/continuous/2020_11_18_3064766/src/shared/hls/clib/hlsmath/src/c++/atan2float.cpp:7) to 'atan2_cordic<float>' [26]  (7.26 ns)

 <State 61>: 7.26ns
The critical path consists of the following:
	'call' operation ('phase', /wrk/ci/prod/2020.2/rdi_builds/continuous/2020_11_18_3064766/src/shared/hls/clib/hlsmath/src/c++/atan2float.cpp:7) to 'atan2_cordic<float>' [26]  (7.26 ns)

 <State 62>: 7.26ns
The critical path consists of the following:
	'call' operation ('phase', /wrk/ci/prod/2020.2/rdi_builds/continuous/2020_11_18_3064766/src/shared/hls/clib/hlsmath/src/c++/atan2float.cpp:7) to 'atan2_cordic<float>' [26]  (7.26 ns)

 <State 63>: 7.26ns
The critical path consists of the following:
	'call' operation ('phase', /wrk/ci/prod/2020.2/rdi_builds/continuous/2020_11_18_3064766/src/shared/hls/clib/hlsmath/src/c++/atan2float.cpp:7) to 'atan2_cordic<float>' [26]  (7.26 ns)

 <State 64>: 7.26ns
The critical path consists of the following:
	'call' operation ('phase', /wrk/ci/prod/2020.2/rdi_builds/continuous/2020_11_18_3064766/src/shared/hls/clib/hlsmath/src/c++/atan2float.cpp:7) to 'atan2_cordic<float>' [26]  (7.26 ns)

 <State 65>: 6.24ns
The critical path consists of the following:
	'fsqrt' operation ('modulus', /wrk/ci/prod/2020.2/rdi_builds/continuous/2020_11_18_3064766/src/shared/hls/clib/hlsmath/src/c++/sqrtfloat.cpp:13) [25]  (6.24 ns)

 <State 66>: 0ns
The critical path consists of the following:

 <State 67>: 0ns
The critical path consists of the following:


============================================================
+ Verbose Summary: Binding
============================================================
N/A
* FSMD analyzer results:
  - Output states:
 - Input state : 
  - Chain level:
	State 1
	State 2
	State 3
	State 4
	State 5
	State 6
	State 7
	State 8
	State 9
	State 10
	State 11
	State 12
	State 13
	State 14
	State 15
	State 16
	State 17
	State 18
	State 19
	State 20
	State 21
	State 22
	State 23
	State 24
	State 25
	State 26
	State 27
	State 28
	State 29
	State 30
	State 31
	State 32
	State 33
	State 34
	State 35
	State 36
	State 37
	State 38
	State 39
	State 40
	State 41
	State 42
	State 43
	State 44
	State 45
	State 46
	State 47
	State 48
	State 49
	State 50
	State 51
	State 52
	State 53
	State 54
	State 55
	State 56
	State 57
	State 58
	State 59
	State 60
	State 61
	State 62
	State 63
	State 64
	State 65
	State 66
	State 67


============================================================
+ Verbose Summary: Datapath Resource usage 
============================================================
N/A
