#-----------------------------------------------------------
# xsim v2020.2 (64-bit)
# SW Build 3064766 on Wed Nov 18 09:12:47 MST 2020
# IP Build 3064653 on Wed Nov 18 14:17:31 MST 2020
# Start of session at: Tue May 28 00:01:04 2024
# Process ID: 12853
# Current directory: /home/usuario/Escritorio/Tesis/IP_V3/punto_flotante/analytic_signal/complex_concatenate/solution1/sim/vhdl
# Command line: xsim -mode tcl -source {xsim.dir/complex_concatenate/xsim_script.tcl}
# Log file: /home/usuario/Escritorio/Tesis/IP_V3/punto_flotante/analytic_signal/complex_concatenate/solution1/sim/vhdl/xsim.log
# Journal file: /home/usuario/Escritorio/Tesis/IP_V3/punto_flotante/analytic_signal/complex_concatenate/solution1/sim/vhdl/xsim.jou
#-----------------------------------------------------------
source xsim.dir/complex_concatenate/xsim_script.tcl
# xsim {complex_concatenate} -autoloadwcfg -tclbatch {complex_concatenate.tcl}
Vivado Simulator 2020.2
Time resolution is 1 ps
source complex_concatenate.tcl
## run all
Note: simulation done!
Time: 10505 ns  Iteration: 1  Process: /apatb_complex_concatenate_top/generate_sim_done_proc  File: /home/usuario/Escritorio/Tesis/IP_V3/punto_flotante/analytic_signal/complex_concatenate/solution1/sim/vhdl/complex_concatenate.autotb.vhd
Failure: NORMAL EXIT (note: failure is to force the simulator to stop)
Time: 10505 ns  Iteration: 1  Process: /apatb_complex_concatenate_top/generate_sim_done_proc  File: /home/usuario/Escritorio/Tesis/IP_V3/punto_flotante/analytic_signal/complex_concatenate/solution1/sim/vhdl/complex_concatenate.autotb.vhd
$finish called at time : 10505 ns
## quit
INFO: [Common 17-206] Exiting xsim at Tue May 28 00:01:23 2024...
