#-----------------------------------------------------------
# xsim v2020.2 (64-bit)
# SW Build 3064766 on Wed Nov 18 09:12:47 MST 2020
# IP Build 3064653 on Wed Nov 18 14:17:31 MST 2020
# Start of session at: Tue Apr 30 14:03:18 2024
# Process ID: 5561
# Current directory: /home/usuario/Escritorio/Tesis/IP_V3/punto_flotante/convertion_mv/mv_float/solution1/sim/vhdl
# Command line: xsim -mode tcl -source {xsim.dir/mv_float/xsim_script.tcl}
# Log file: /home/usuario/Escritorio/Tesis/IP_V3/punto_flotante/convertion_mv/mv_float/solution1/sim/vhdl/xsim.log
# Journal file: /home/usuario/Escritorio/Tesis/IP_V3/punto_flotante/convertion_mv/mv_float/solution1/sim/vhdl/xsim.jou
#-----------------------------------------------------------
source xsim.dir/mv_float/xsim_script.tcl
# xsim {mv_float} -autoloadwcfg -tclbatch {mv_float.tcl}
Vivado Simulator 2020.2
Time resolution is 1 ps
source mv_float.tcl
## run all
Note: simulation done!
Time: 585 ns  Iteration: 1  Process: /apatb_mv_float_top/generate_sim_done_proc  File: /home/usuario/Escritorio/Tesis/IP_V3/punto_flotante/convertion_mv/mv_float/solution1/sim/vhdl/mv_float.autotb.vhd
Failure: NORMAL EXIT (note: failure is to force the simulator to stop)
Time: 585 ns  Iteration: 1  Process: /apatb_mv_float_top/generate_sim_done_proc  File: /home/usuario/Escritorio/Tesis/IP_V3/punto_flotante/convertion_mv/mv_float/solution1/sim/vhdl/mv_float.autotb.vhd
$finish called at time : 585 ns
## quit
INFO: [Common 17-206] Exiting xsim at Tue Apr 30 14:03:31 2024...
