

================================================================
== Vitis HLS Report for 'AXI_zeros'
================================================================
* Date:           Mon Jun 10 18:42:52 2024

* Version:        2020.2 (Build 3064766 on Wed Nov 18 09:12:47 MST 2020)
* Project:        AXI_zeros
* Solution:       solution1 (Vivado IP Flow Target)
* Product family: zynq
* Target device:  xc7z020-clg400-1


================================================================
== Performance Estimates
================================================================
+ Timing: 
    * Summary: 
    +--------+----------+----------+------------+
    |  Clock |  Target  | Estimated| Uncertainty|
    +--------+----------+----------+------------+
    |ap_clk  |  10.00 ns|  2.552 ns|     2.70 ns|
    +--------+----------+----------+------------+

+ Latency: 
    * Summary: 
    +---------+---------+----------+----------+-----+-----+---------+
    |  Latency (cycles) |  Latency (absolute) |  Interval | Pipeline|
    |   min   |   max   |    min   |    max   | min | max |   Type  |
    +---------+---------+----------+----------+-----+-----+---------+
    |      259|      259|  2.590 us|  2.590 us|  260|  260|     none|
    +---------+---------+----------+----------+-----+-----+---------+

    + Detail: 
        * Instance: 
        N/A

        * Loop: 
        +---------------+---------+---------+----------+-----------+-----------+------+----------+
        |               |  Latency (cycles) | Iteration|  Initiation Interval  | Trip |          |
        |   Loop Name   |   min   |   max   |  Latency |  achieved |   target  | Count| Pipelined|
        +---------------+---------+---------+----------+-----------+-----------+------+----------+
        |- loop_stream  |      257|      257|         3|          1|          1|   256|       yes|
        +---------------+---------+---------+----------+-----------+-----------+------+----------+

============================================================
+ Verbose Summary: Synthesis Manager
============================================================
InlineROM: 1
ExposeGlobal: 0
============================================================
+ Verbose Summary: CDFG Model
============================================================
IsTopModel: 1
ResetActiveHigh: 1
IsCombinational: 0
IsDatapathOnly: 0
HasWiredReturn: 1
HasMFsm: 0
HasVarLatency: 1
IsPipeline: 0
IsRtlPipelined: 0
IsInstanceOverlapped: 0
IsDontTouch: 0
HasImplIP: 0
IsGatedGlobalClock: 0

+ Individual pipeline summary: 
  * Pipeline-0: initiation interval (II) = 1, depth = 3


============================================================
+ Verbose Summary: Schedule
============================================================
* Number of FSM states : 5
* Pipeline : 1
  Pipeline-0 : II = 1, D = 3, States = { 2 3 4 }
* Dataflow Pipeline: 0

* FSM state transitions: 
1 --> 2 
2 --> 5 3 
3 --> 4 
4 --> 2 
5 --> 

* FSM state operations: 

State 1 <SV = 0> <Delay = 1.58>
ST_1 : Operation 6 [1/1] (0.00ns)   --->   "%spectopmodule_ln0 = spectopmodule void @_ssdm_op_SpecTopModule, void @empty_3"   --->   Operation 6 'spectopmodule' 'spectopmodule_ln0' <Predicate = true> <Delay = 0.00>
ST_1 : Operation 7 [1/1] (0.00ns)   --->   "%specbitsmap_ln0 = specbitsmap void @_ssdm_op_SpecBitsMap, i64 %in_zeros"   --->   Operation 7 'specbitsmap' 'specbitsmap_ln0' <Predicate = true> <Delay = 0.00>
ST_1 : Operation 8 [1/1] (0.00ns)   --->   "%specinterface_ln0 = specinterface void @_ssdm_op_SpecInterface, i64 %in_zeros, void @empty, i32 0, i32 0, void @empty_0, i32 0, i32 0, void @empty_0, void @empty_0, void @empty_0, i32 0, i32 0, i32 0, i32 0, void @empty_0, void @empty_0"   --->   Operation 8 'specinterface' 'specinterface_ln0' <Predicate = true> <Delay = 0.00>
ST_1 : Operation 9 [1/1] (0.00ns)   --->   "%specinterface_ln0 = specinterface void @_ssdm_op_SpecInterface, i64 %out_stream_V_data_V, i8 %out_stream_V_keep_V, i8 %out_stream_V_strb_V, i1 %out_stream_V_last_V, void @empty_1, i32 1, i32 1, void @empty_2, i32 0, i32 0, void @empty_0, void @empty_0, void @empty_0, i32 0, i32 0, i32 0, i32 0, void @empty_0, void @empty_0"   --->   Operation 9 'specinterface' 'specinterface_ln0' <Predicate = true> <Delay = 0.00>
ST_1 : Operation 10 [1/1] (0.00ns)   --->   "%specbitsmap_ln0 = specbitsmap void @_ssdm_op_SpecBitsMap, i64 %out_stream_V_data_V"   --->   Operation 10 'specbitsmap' 'specbitsmap_ln0' <Predicate = true> <Delay = 0.00>
ST_1 : Operation 11 [1/1] (0.00ns)   --->   "%specbitsmap_ln0 = specbitsmap void @_ssdm_op_SpecBitsMap, i8 %out_stream_V_keep_V"   --->   Operation 11 'specbitsmap' 'specbitsmap_ln0' <Predicate = true> <Delay = 0.00>
ST_1 : Operation 12 [1/1] (0.00ns)   --->   "%specbitsmap_ln0 = specbitsmap void @_ssdm_op_SpecBitsMap, i8 %out_stream_V_strb_V"   --->   Operation 12 'specbitsmap' 'specbitsmap_ln0' <Predicate = true> <Delay = 0.00>
ST_1 : Operation 13 [1/1] (0.00ns)   --->   "%specbitsmap_ln0 = specbitsmap void @_ssdm_op_SpecBitsMap, i1 %out_stream_V_last_V"   --->   Operation 13 'specbitsmap' 'specbitsmap_ln0' <Predicate = true> <Delay = 0.00>
ST_1 : Operation 14 [1/1] (0.00ns)   --->   "%in_zeros_read = read i64 @_ssdm_op_Read.ap_auto.i64, i64 %in_zeros"   --->   Operation 14 'read' 'in_zeros_read' <Predicate = true> <Delay = 0.00>
ST_1 : Operation 15 [1/1] (0.00ns)   --->   "%counter_load = load i32 %counter" [AXI_zeros/AXI_zeros.cpp:21]   --->   Operation 15 'load' 'counter_load' <Predicate = true> <Delay = 0.00>
ST_1 : Operation 16 [1/1] (1.58ns)   --->   "%br_ln9 = br void" [AXI_zeros/AXI_zeros.cpp:9]   --->   Operation 16 'br' 'br_ln9' <Predicate = true> <Delay = 1.58>

State 2 <SV = 1> <Delay = 1.82>
ST_2 : Operation 17 [1/1] (0.00ns)   --->   "%j = phi i9 0, void, i9 %j_1, void %.split"   --->   Operation 17 'phi' 'j' <Predicate = true> <Delay = 0.00>
ST_2 : Operation 18 [1/1] (1.82ns)   --->   "%j_1 = add i9 %j, i9 1" [AXI_zeros/AXI_zeros.cpp:9]   --->   Operation 18 'add' 'j_1' <Predicate = true> <Delay = 1.82> <CoreInst = "Adder">   --->   Core 1 'Adder' <Latency = 0> <II = 1> <Delay = 2.55> <FuncUnit> <Opcode : 'add' 'sub'> <InPorts = 2> <OutPorts = 1>
ST_2 : Operation 19 [1/1] (1.66ns)   --->   "%icmp_ln9 = icmp_eq  i9 %j, i9 256" [AXI_zeros/AXI_zeros.cpp:9]   --->   Operation 19 'icmp' 'icmp_ln9' <Predicate = true> <Delay = 1.66> <CoreInst = "Cmp">   --->   Core 9 'Cmp' <Latency = 0> <II = 1> <Delay = 1.66> <FuncUnit> <Opcode : 'icmp'> <InPorts = 2> <OutPorts = 1>
ST_2 : Operation 20 [1/1] (0.00ns)   --->   "%empty = speclooptripcount i32 @_ssdm_op_SpecLoopTripCount, i64 256, i64 256, i64 256"   --->   Operation 20 'speclooptripcount' 'empty' <Predicate = true> <Delay = 0.00>
ST_2 : Operation 21 [1/1] (0.00ns)   --->   "%br_ln9 = br i1 %icmp_ln9, void %.split, void" [AXI_zeros/AXI_zeros.cpp:9]   --->   Operation 21 'br' 'br_ln9' <Predicate = true> <Delay = 0.00>
ST_2 : Operation 22 [1/1] (1.66ns)   --->   "%tmp_last_V = icmp_eq  i9 %j, i9 255" [AXI_zeros/AXI_zeros.cpp:12]   --->   Operation 22 'icmp' 'tmp_last_V' <Predicate = (!icmp_ln9)> <Delay = 1.66> <CoreInst = "Cmp">   --->   Core 9 'Cmp' <Latency = 0> <II = 1> <Delay = 1.66> <FuncUnit> <Opcode : 'icmp'> <InPorts = 2> <OutPorts = 1>

State 3 <SV = 2> <Delay = 0.00>
ST_3 : Operation 23 [2/2] (0.00ns)   --->   "%write_ln304 = write void @_ssdm_op_Write.axis.volatile.i64P0A.i8P0A.i8P0A.i1P0A, i64 %out_stream_V_data_V, i8 %out_stream_V_keep_V, i8 %out_stream_V_strb_V, i1 %out_stream_V_last_V, i64 %in_zeros_read, i8 255, i8 0, i1 %tmp_last_V"   --->   Operation 23 'write' 'write_ln304' <Predicate = (!icmp_ln9)> <Delay = 0.00> <CoreInst = "axis">   --->   Core 115 'axis' <Latency = 0> <II = 1> <Delay = 1.00> <Adapter> <Opcode : >

State 4 <SV = 3> <Delay = 0.00>
ST_4 : Operation 24 [1/1] (0.00ns)   --->   "%specpipeline_ln9 = specpipeline void @_ssdm_op_SpecPipeline, i32 1, i32 0, i32 0, i32 0, void @empty_0" [AXI_zeros/AXI_zeros.cpp:9]   --->   Operation 24 'specpipeline' 'specpipeline_ln9' <Predicate = (!icmp_ln9)> <Delay = 0.00>
ST_4 : Operation 25 [1/1] (0.00ns)   --->   "%specloopname_ln9 = specloopname void @_ssdm_op_SpecLoopName, void @empty_4" [AXI_zeros/AXI_zeros.cpp:9]   --->   Operation 25 'specloopname' 'specloopname_ln9' <Predicate = (!icmp_ln9)> <Delay = 0.00>
ST_4 : Operation 26 [1/2] (0.00ns)   --->   "%write_ln304 = write void @_ssdm_op_Write.axis.volatile.i64P0A.i8P0A.i8P0A.i1P0A, i64 %out_stream_V_data_V, i8 %out_stream_V_keep_V, i8 %out_stream_V_strb_V, i1 %out_stream_V_last_V, i64 %in_zeros_read, i8 255, i8 0, i1 %tmp_last_V"   --->   Operation 26 'write' 'write_ln304' <Predicate = (!icmp_ln9)> <Delay = 0.00> <CoreInst = "axis">   --->   Core 115 'axis' <Latency = 0> <II = 1> <Delay = 1.00> <Adapter> <Opcode : >
ST_4 : Operation 27 [1/1] (0.00ns)   --->   "%br_ln0 = br void"   --->   Operation 27 'br' 'br_ln0' <Predicate = (!icmp_ln9)> <Delay = 0.00>

State 5 <SV = 2> <Delay = 2.55>
ST_5 : Operation 28 [1/1] (2.55ns)   --->   "%add_ln9 = add i32 %counter_load, i32 256" [AXI_zeros/AXI_zeros.cpp:9]   --->   Operation 28 'add' 'add_ln9' <Predicate = true> <Delay = 2.55> <CoreInst = "Adder">   --->   Core 1 'Adder' <Latency = 0> <II = 1> <Delay = 2.55> <FuncUnit> <Opcode : 'add' 'sub'> <InPorts = 2> <OutPorts = 1>
ST_5 : Operation 29 [1/1] (0.00ns)   --->   "%store_ln21 = store i32 %add_ln9, i32 %counter" [AXI_zeros/AXI_zeros.cpp:21]   --->   Operation 29 'store' 'store_ln21' <Predicate = true> <Delay = 0.00>
ST_5 : Operation 30 [1/1] (0.00ns)   --->   "%ret_ln26 = ret" [AXI_zeros/AXI_zeros.cpp:26]   --->   Operation 30 'ret' 'ret_ln26' <Predicate = true> <Delay = 0.00>


============================================================
+ Verbose Summary: Timing violations
============================================================
Target clock period: 10ns, clock uncertainty: 2.7ns.

 <State 1>: 1.59ns
The critical path consists of the following:
	multiplexor before 'phi' operation ('j') with incoming values : ('j', AXI_zeros/AXI_zeros.cpp:9) [20]  (1.59 ns)

 <State 2>: 1.82ns
The critical path consists of the following:
	'phi' operation ('j') with incoming values : ('j', AXI_zeros/AXI_zeros.cpp:9) [20]  (0 ns)
	'add' operation ('j', AXI_zeros/AXI_zeros.cpp:9) [21]  (1.82 ns)

 <State 3>: 0ns
The critical path consists of the following:

 <State 4>: 0ns
The critical path consists of the following:

 <State 5>: 2.55ns
The critical path consists of the following:
	'add' operation ('add_ln9', AXI_zeros/AXI_zeros.cpp:9) [32]  (2.55 ns)


============================================================
+ Verbose Summary: Binding
============================================================
N/A
* FSMD analyzer results:
  - Output states:
 - Input state : 
  - Chain level:
	State 1
	State 2
	State 3
	State 4
	State 5


============================================================
+ Verbose Summary: Datapath Resource usage 
============================================================
N/A
