INFO: [SIM 2] *************** CSIM start ***************
INFO: [SIM 4] CSIM will launch GCC as the compiler.
   Compiling ../../../tb_rect_float.cpp in debug mode
   Compiling ../../../rect_float.cpp in debug mode
   Generating csim.exe
Entrada: -0.568504, Resultado esperado: 0.568504, Resultado obtenido: 0.568504
Entrada: -0.82227, Resultado esperado: 0.82227, Resultado obtenido: 0.82227
Entrada: -0.638139, Resultado esperado: 0.638139, Resultado obtenido: 0.638139
Entrada: -0.970196, Resultado esperado: 0.970196, Resultado obtenido: 0.970196
Entrada: -0.853849, Resultado esperado: 0.853849, Resultado obtenido: 0.853849
Entrada: -0.780668, Resultado esperado: 0.780668, Resultado obtenido: 0.780668
Entrada: -0.982403, Resultado esperado: 0.982403, Resultado obtenido: 0.982403
Entrada: -0.944841, Resultado esperado: 0.944841, Resultado obtenido: 0.944841
Entrada: -0.636307, Resultado esperado: 0.636307, Resultado obtenido: 0.636307
Entrada: -0.640963, Resultado esperado: 0.640963, Resultado obtenido: 0.640963
Entrada: -0.822055, Resultado esperado: 0.822055, Resultado obtenido: 0.822055
Entrada: -0.862674, Resultado esperado: 0.862674, Resultado obtenido: 0.862674
Entrada: -0.632586, Resultado esperado: 0.632586, Resultado obtenido: 0.632586
Entrada: -0.707137, Resultado esperado: 0.707137, Resultado obtenido: 0.707137
Entrada: -0.96403, Resultado esperado: 0.96403, Resultado obtenido: 0.96403
Entrada: -0.975036, Resultado esperado: 0.975036, Resultado obtenido: 0.975036
Entrada: -0.9352, Resultado esperado: 0.9352, Resultado obtenido: 0.9352
Entrada: -0.874655, Resultado esperado: 0.874655, Resultado obtenido: 0.874655
Entrada: -0.931762, Resultado esperado: 0.931762, Resultado obtenido: 0.931762
Entrada: -0.962165, Resultado esperado: 0.962165, Resultado obtenido: 0.962165
Entrada: -0.511731, Resultado esperado: 0.511731, Resultado obtenido: 0.511731
Entrada: -0.530247, Resultado esperado: 0.530247, Resultado obtenido: 0.530247
Entrada: -0.787341, Resultado esperado: 0.787341, Resultado obtenido: 0.787341
Entrada: -0.629212, Resultado esperado: 0.629212, Resultado obtenido: 0.629212
Entrada: -0.849162, Resultado esperado: 0.849162, Resultado obtenido: 0.849162
Entrada: -0.512448, Resultado esperado: 0.512448, Resultado obtenido: 0.512448
Entrada: -0.901056, Resultado esperado: 0.901056, Resultado obtenido: 0.901056
Entrada: -0.861503, Resultado esperado: 0.861503, Resultado obtenido: 0.861503
Entrada: -0.785831, Resultado esperado: 0.785831, Resultado obtenido: 0.785831
Entrada: -0.954211, Resultado esperado: 0.954211, Resultado obtenido: 0.954211
Entrada: -0.526916, Resultado esperado: 0.526916, Resultado obtenido: 0.526916
Entrada: -0.985779, Resultado esperado: 0.985779, Resultado obtenido: 0.985779
Entrada: -0.593819, Resultado esperado: 0.593819, Resultado obtenido: 0.593819
Entrada: -0.710871, Resultado esperado: 0.710871, Resultado obtenido: 0.710871
Entrada: -0.682974, Resultado esperado: 0.682974, Resultado obtenido: 0.682974
Entrada: -0.623166, Resultado esperado: 0.623166, Resultado obtenido: 0.623166
Entrada: -0.635615, Resultado esperado: 0.635615, Resultado obtenido: 0.635615
Entrada: -0.906863, Resultado esperado: 0.906863, Resultado obtenido: 0.906863
Entrada: -0.576046, Resultado esperado: 0.576046, Resultado obtenido: 0.576046
Entrada: -0.525975, Resultado esperado: 0.525975, Resultado obtenido: 0.525975
Entrada: -0.713259, Resultado esperado: 0.713259, Resultado obtenido: 0.713259
Entrada: -0.550343, Resultado esperado: 0.550343, Resultado obtenido: 0.550343
Entrada: -0.821258, Resultado esperado: 0.821258, Resultado obtenido: 0.821258
Entrada: -0.760549, Resultado esperado: 0.760549, Resultado obtenido: 0.760549
Entrada: -0.788986, Resultado esperado: 0.788986, Resultado obtenido: 0.788986
Entrada: -0.802049, Resultado esperado: 0.802049, Resultado obtenido: 0.802049
Entrada: -0.570881, Resultado esperado: 0.570881, Resultado obtenido: 0.570881
Entrada: -0.838889, Resultado esperado: 0.838889, Resultado obtenido: 0.838889
Entrada: -0.856081, Resultado esperado: 0.856081, Resultado obtenido: 0.856081
Entrada: -0.683565, Resultado esperado: 0.683565, Resultado obtenido: 0.683565
Entrada: -0.873145, Resultado esperado: 0.873145, Resultado obtenido: 0.873145
Entrada: -0.934632, Resultado esperado: 0.934632, Resultado obtenido: 0.934632
Entrada: -0.968998, Resultado esperado: 0.968998, Resultado obtenido: 0.968998
Entrada: -0.584674, Resultado esperado: 0.584674, Resultado obtenido: 0.584674
Entrada: -0.667672, Resultado esperado: 0.667672, Resultado obtenido: 0.667672
Entrada: -0.947494, Resultado esperado: 0.947494, Resultado obtenido: 0.947494
Entrada: -0.741081, Resultado esperado: 0.741081, Resultado obtenido: 0.741081
Entrada: -0.950766, Resultado esperado: 0.950766, Resultado obtenido: 0.950766
Entrada: -0.578961, Resultado esperado: 0.578961, Resultado obtenido: 0.578961
Entrada: -0.712205, Resultado esperado: 0.712205, Resultado obtenido: 0.712205
Entrada: -0.972225, Resultado esperado: 0.972225, Resultado obtenido: 0.972225
Entrada: -0.735551, Resultado esperado: 0.735551, Resultado obtenido: 0.735551
Entrada: -0.92682, Resultado esperado: 0.92682, Resultado obtenido: 0.92682
Entrada: -0.68628, Resultado esperado: 0.68628, Resultado obtenido: 0.68628
Entrada: -0.913977, Resultado esperado: 0.913977, Resultado obtenido: 0.913977
Entrada: -0.544063, Resultado esperado: 0.544063, Resultado obtenido: 0.544063
Entrada: -0.998688, Resultado esperado: 0.998688, Resultado obtenido: 0.998688
Entrada: -0.715427, Resultado esperado: 0.715427, Resultado obtenido: 0.715427
Entrada: -0.928726, Resultado esperado: 0.928726, Resultado obtenido: 0.928726
Entrada: -0.909243, Resultado esperado: 0.909243, Resultado obtenido: 0.909243
Entrada: -0.931437, Resultado esperado: 0.931437, Resultado obtenido: 0.931437
Entrada: -0.54111, Resultado esperado: 0.54111, Resultado obtenido: 0.54111
Entrada: -0.727245, Resultado esperado: 0.727245, Resultado obtenido: 0.727245
Entrada: -0.914329, Resultado esperado: 0.914329, Resultado obtenido: 0.914329
Entrada: -0.802065, Resultado esperado: 0.802065, Resultado obtenido: 0.802065
Entrada: -0.885097, Resultado esperado: 0.885097, Resultado obtenido: 0.885097
Entrada: -0.93247, Resultado esperado: 0.93247, Resultado obtenido: 0.93247
Entrada: -0.519208, Resultado esperado: 0.519208, Resultado obtenido: 0.519208
Entrada: -0.685465, Resultado esperado: 0.685465, Resultado obtenido: 0.685465
Entrada: -0.676839, Resultado esperado: 0.676839, Resultado obtenido: 0.676839
Entrada: -0.758186, Resultado esperado: 0.758186, Resultado obtenido: 0.758186
Entrada: -0.588678, Resultado esperado: 0.588678, Resultado obtenido: 0.588678
Entrada: -0.951886, Resultado esperado: 0.951886, Resultado obtenido: 0.951886
Entrada: -0.708371, Resultado esperado: 0.708371, Resultado obtenido: 0.708371
Entrada: -0.925597, Resultado esperado: 0.925597, Resultado obtenido: 0.925597
Entrada: -0.642112, Resultado esperado: 0.642112, Resultado obtenido: 0.642112
Entrada: -0.760286, Resultado esperado: 0.760286, Resultado obtenido: 0.760286
Entrada: -0.721551, Resultado esperado: 0.721551, Resultado obtenido: 0.721551
Entrada: -0.646126, Resultado esperado: 0.646126, Resultado obtenido: 0.646126
Entrada: -0.788707, Resultado esperado: 0.788707, Resultado obtenido: 0.788707
Entrada: -0.933423, Resultado esperado: 0.933423, Resultado obtenido: 0.933423
Entrada: -0.779794, Resultado esperado: 0.779794, Resultado obtenido: 0.779794
Entrada: -0.556628, Resultado esperado: 0.556628, Resultado obtenido: 0.556628
Entrada: -0.561166, Resultado esperado: 0.561166, Resultado obtenido: 0.561166
Entrada: -0.803944, Resultado esperado: 0.803944, Resultado obtenido: 0.803944
Entrada: -0.814435, Resultado esperado: 0.814435, Resultado obtenido: 0.814435
Entrada: -0.670925, Resultado esperado: 0.670925, Resultado obtenido: 0.670925
Entrada: -0.747133, Resultado esperado: 0.747133, Resultado obtenido: 0.747133
Entrada: -0.781143, Resultado esperado: 0.781143, Resultado obtenido: 0.781143
Entrada: -0.775378, Resultado esperado: 0.775378, Resultado obtenido: 0.775378
Entrada: -0.875714, Resultado esperado: 0.875714, Resultado obtenido: 0.875714
Entrada: -0.941567, Resultado esperado: 0.941567, Resultado obtenido: 0.941567
Entrada: -0.61058, Resultado esperado: 0.61058, Resultado obtenido: 0.61058
Entrada: -0.857369, Resultado esperado: 0.857369, Resultado obtenido: 0.857369
Entrada: -0.548228, Resultado esperado: 0.548228, Resultado obtenido: 0.548228
Entrada: -0.72929, Resultado esperado: 0.72929, Resultado obtenido: 0.72929
Entrada: -0.722105, Resultado esperado: 0.722105, Resultado obtenido: 0.722105
Entrada: -0.944428, Resultado esperado: 0.944428, Resultado obtenido: 0.944428
Entrada: -0.987827, Resultado esperado: 0.987827, Resultado obtenido: 0.987827
Entrada: -0.910272, Resultado esperado: 0.910272, Resultado obtenido: 0.910272
Entrada: -0.52053, Resultado esperado: 0.52053, Resultado obtenido: 0.52053
Entrada: -0.982988, Resultado esperado: 0.982988, Resultado obtenido: 0.982988
Entrada: -0.719244, Resultado esperado: 0.719244, Resultado obtenido: 0.719244
Entrada: -0.691902, Resultado esperado: 0.691902, Resultado obtenido: 0.691902
Entrada: -0.69171, Resultado esperado: 0.69171, Resultado obtenido: 0.69171
Entrada: -0.533964, Resultado esperado: 0.533964, Resultado obtenido: 0.533964
Entrada: -0.894391, Resultado esperado: 0.894391, Resultado obtenido: 0.894391
Entrada: -0.766867, Resultado esperado: 0.766867, Resultado obtenido: 0.766867
Entrada: -0.893476, Resultado esperado: 0.893476, Resultado obtenido: 0.893476
Entrada: -0.901281, Resultado esperado: 0.901281, Resultado obtenido: 0.901281
Entrada: -0.666021, Resultado esperado: 0.666021, Resultado obtenido: 0.666021
Entrada: -0.529675, Resultado esperado: 0.529675, Resultado obtenido: 0.529675
Entrada: -0.941766, Resultado esperado: 0.941766, Resultado obtenido: 0.941766
Entrada: -0.934613, Resultado esperado: 0.934613, Resultado obtenido: 0.934613
Entrada: -0.763016, Resultado esperado: 0.763016, Resultado obtenido: 0.763016
Entrada: -0.708163, Resultado esperado: 0.708163, Resultado obtenido: 0.708163
Entrada: -0.686316, Resultado esperado: 0.686316, Resultado obtenido: 0.686316
Entrada: -0.65656, Resultado esperado: 0.65656, Resultado obtenido: 0.65656
Entrada: -0.650312, Resultado esperado: 0.650312, Resultado obtenido: 0.650312
Entrada: -0.965691, Resultado esperado: 0.965691, Resultado obtenido: 0.965691
Entrada: -0.652702, Resultado esperado: 0.652702, Resultado obtenido: 0.652702
Entrada: -0.551748, Resultado esperado: 0.551748, Resultado obtenido: 0.551748
Entrada: -0.732546, Resultado esperado: 0.732546, Resultado obtenido: 0.732546
Entrada: -0.76456, Resultado esperado: 0.76456, Resultado obtenido: 0.76456
Entrada: -0.651201, Resultado esperado: 0.651201, Resultado obtenido: 0.651201
Entrada: -0.94301, Resultado esperado: 0.94301, Resultado obtenido: 0.94301
Entrada: -0.52675, Resultado esperado: 0.52675, Resultado obtenido: 0.52675
Entrada: -0.988078, Resultado esperado: 0.988078, Resultado obtenido: 0.988078
Entrada: -0.554086, Resultado esperado: 0.554086, Resultado obtenido: 0.554086
Entrada: -0.988749, Resultado esperado: 0.988749, Resultado obtenido: 0.988749
Entrada: -0.618192, Resultado esperado: 0.618192, Resultado obtenido: 0.618192
Entrada: -0.773237, Resultado esperado: 0.773237, Resultado obtenido: 0.773237
Entrada: -0.627799, Resultado esperado: 0.627799, Resultado obtenido: 0.627799
Entrada: -0.969369, Resultado esperado: 0.969369, Resultado obtenido: 0.969369
Entrada: -0.798366, Resultado esperado: 0.798366, Resultado obtenido: 0.798366
Entrada: -0.866216, Resultado esperado: 0.866216, Resultado obtenido: 0.866216
Entrada: -0.940088, Resultado esperado: 0.940088, Resultado obtenido: 0.940088
Entrada: -0.831104, Resultado esperado: 0.831104, Resultado obtenido: 0.831104
Entrada: -0.925691, Resultado esperado: 0.925691, Resultado obtenido: 0.925691
Entrada: -0.662923, Resultado esperado: 0.662923, Resultado obtenido: 0.662923
Entrada: -0.679764, Resultado esperado: 0.679764, Resultado obtenido: 0.679764
Entrada: -0.5666, Resultado esperado: 0.5666, Resultado obtenido: 0.5666
Entrada: -0.800608, Resultado esperado: 0.800608, Resultado obtenido: 0.800608
Entrada: -0.985559, Resultado esperado: 0.985559, Resultado obtenido: 0.985559
Entrada: -0.601102, Resultado esperado: 0.601102, Resultado obtenido: 0.601102
Entrada: -0.712326, Resultado esperado: 0.712326, Resultado obtenido: 0.712326
Entrada: -0.565996, Resultado esperado: 0.565996, Resultado obtenido: 0.565996
Entrada: -0.96065, Resultado esperado: 0.96065, Resultado obtenido: 0.96065
Entrada: -0.675939, Resultado esperado: 0.675939, Resultado obtenido: 0.675939
Entrada: -0.97937, Resultado esperado: 0.97937, Resultado obtenido: 0.97937
Entrada: -0.806046, Resultado esperado: 0.806046, Resultado obtenido: 0.806046
Entrada: -0.639865, Resultado esperado: 0.639865, Resultado obtenido: 0.639865
Entrada: -0.820469, Resultado esperado: 0.820469, Resultado obtenido: 0.820469
Entrada: -0.986524, Resultado esperado: 0.986524, Resultado obtenido: 0.986524
Entrada: -0.779472, Resultado esperado: 0.779472, Resultado obtenido: 0.779472
Entrada: -0.709386, Resultado esperado: 0.709386, Resultado obtenido: 0.709386
Entrada: -0.92174, Resultado esperado: 0.92174, Resultado obtenido: 0.92174
Entrada: -0.527277, Resultado esperado: 0.527277, Resultado obtenido: 0.527277
Entrada: -0.512176, Resultado esperado: 0.512176, Resultado obtenido: 0.512176
Entrada: -0.607102, Resultado esperado: 0.607102, Resultado obtenido: 0.607102
Entrada: -0.60307, Resultado esperado: 0.60307, Resultado obtenido: 0.60307
Entrada: -0.965065, Resultado esperado: 0.965065, Resultado obtenido: 0.965065
Entrada: -0.923363, Resultado esperado: 0.923363, Resultado obtenido: 0.923363
Entrada: -0.809112, Resultado esperado: 0.809112, Resultado obtenido: 0.809112
Entrada: -0.604138, Resultado esperado: 0.604138, Resultado obtenido: 0.604138
Entrada: -0.986763, Resultado esperado: 0.986763, Resultado obtenido: 0.986763
Entrada: -0.610879, Resultado esperado: 0.610879, Resultado obtenido: 0.610879
Entrada: -0.778624, Resultado esperado: 0.778624, Resultado obtenido: 0.778624
Entrada: -0.509284, Resultado esperado: 0.509284, Resultado obtenido: 0.509284
Entrada: -0.595605, Resultado esperado: 0.595605, Resultado obtenido: 0.595605
Entrada: -0.552189, Resultado esperado: 0.552189, Resultado obtenido: 0.552189
Entrada: -0.972269, Resultado esperado: 0.972269, Resultado obtenido: 0.972269
Entrada: -0.987992, Resultado esperado: 0.987992, Resultado obtenido: 0.987992
Entrada: -0.702116, Resultado esperado: 0.702116, Resultado obtenido: 0.702116
Entrada: -0.519749, Resultado esperado: 0.519749, Resultado obtenido: 0.519749
Entrada: -0.916153, Resultado esperado: 0.916153, Resultado obtenido: 0.916153
Entrada: -0.720484, Resultado esperado: 0.720484, Resultado obtenido: 0.720484
Entrada: -0.716636, Resultado esperado: 0.716636, Resultado obtenido: 0.716636
Entrada: -0.562733, Resultado esperado: 0.562733, Resultado obtenido: 0.562733
Entrada: -0.792807, Resultado esperado: 0.792807, Resultado obtenido: 0.792807
Entrada: -0.754255, Resultado esperado: 0.754255, Resultado obtenido: 0.754255
Entrada: -0.607514, Resultado esperado: 0.607514, Resultado obtenido: 0.607514
Entrada: -0.581584, Resultado esperado: 0.581584, Resultado obtenido: 0.581584
Entrada: -0.55238, Resultado esperado: 0.55238, Resultado obtenido: 0.55238
Entrada: -0.88983, Resultado esperado: 0.88983, Resultado obtenido: 0.88983
Entrada: -0.976299, Resultado esperado: 0.976299, Resultado obtenido: 0.976299
Entrada: -0.923093, Resultado esperado: 0.923093, Resultado obtenido: 0.923093
Entrada: -0.65905, Resultado esperado: 0.65905, Resultado obtenido: 0.65905
Entrada: -0.849181, Resultado esperado: 0.849181, Resultado obtenido: 0.849181
Entrada: -0.633901, Resultado esperado: 0.633901, Resultado obtenido: 0.633901
Entrada: -0.577186, Resultado esperado: 0.577186, Resultado obtenido: 0.577186
Entrada: -0.735487, Resultado esperado: 0.735487, Resultado obtenido: 0.735487
Entrada: -0.958595, Resultado esperado: 0.958595, Resultado obtenido: 0.958595
Entrada: -0.782611, Resultado esperado: 0.782611, Resultado obtenido: 0.782611
Entrada: -0.708403, Resultado esperado: 0.708403, Resultado obtenido: 0.708403
Entrada: -0.904331, Resultado esperado: 0.904331, Resultado obtenido: 0.904331
Entrada: -0.554434, Resultado esperado: 0.554434, Resultado obtenido: 0.554434
Entrada: -0.974937, Resultado esperado: 0.974937, Resultado obtenido: 0.974937
Entrada: -0.501378, Resultado esperado: 0.501378, Resultado obtenido: 0.501378
Entrada: -0.524771, Resultado esperado: 0.524771, Resultado obtenido: 0.524771
Entrada: -0.784326, Resultado esperado: 0.784326, Resultado obtenido: 0.784326
Entrada: -0.786829, Resultado esperado: 0.786829, Resultado obtenido: 0.786829
Entrada: -0.657216, Resultado esperado: 0.657216, Resultado obtenido: 0.657216
Entrada: -0.991486, Resultado esperado: 0.991486, Resultado obtenido: 0.991486
Entrada: -0.905176, Resultado esperado: 0.905176, Resultado obtenido: 0.905176
Entrada: -0.815352, Resultado esperado: 0.815352, Resultado obtenido: 0.815352
Entrada: -0.901582, Resultado esperado: 0.901582, Resultado obtenido: 0.901582
Entrada: -0.593052, Resultado esperado: 0.593052, Resultado obtenido: 0.593052
Entrada: -0.862812, Resultado esperado: 0.862812, Resultado obtenido: 0.862812
Entrada: -0.84441, Resultado esperado: 0.84441, Resultado obtenido: 0.84441
Entrada: -0.662256, Resultado esperado: 0.662256, Resultado obtenido: 0.662256
Entrada: -0.641798, Resultado esperado: 0.641798, Resultado obtenido: 0.641798
Entrada: -0.755281, Resultado esperado: 0.755281, Resultado obtenido: 0.755281
Entrada: -0.748053, Resultado esperado: 0.748053, Resultado obtenido: 0.748053
Entrada: -0.53557, Resultado esperado: 0.53557, Resultado obtenido: 0.53557
Entrada: -0.589839, Resultado esperado: 0.589839, Resultado obtenido: 0.589839
Entrada: -0.989747, Resultado esperado: 0.989747, Resultado obtenido: 0.989747
Entrada: -0.684646, Resultado esperado: 0.684646, Resultado obtenido: 0.684646
Entrada: -0.867505, Resultado esperado: 0.867505, Resultado obtenido: 0.867505
Entrada: -0.88207, Resultado esperado: 0.88207, Resultado obtenido: 0.88207
Entrada: -0.88375, Resultado esperado: 0.88375, Resultado obtenido: 0.88375
Entrada: -0.546281, Resultado esperado: 0.546281, Resultado obtenido: 0.546281
Entrada: -0.752836, Resultado esperado: 0.752836, Resultado obtenido: 0.752836
Entrada: -0.817335, Resultado esperado: 0.817335, Resultado obtenido: 0.817335
Entrada: -0.866666, Resultado esperado: 0.866666, Resultado obtenido: 0.866666
Entrada: -0.719311, Resultado esperado: 0.719311, Resultado obtenido: 0.719311
Entrada: -0.522829, Resultado esperado: 0.522829, Resultado obtenido: 0.522829
Entrada: -0.627103, Resultado esperado: 0.627103, Resultado obtenido: 0.627103
Entrada: -0.502586, Resultado esperado: 0.502586, Resultado obtenido: 0.502586
Entrada: -0.765367, Resultado esperado: 0.765367, Resultado obtenido: 0.765367
Entrada: -0.85028, Resultado esperado: 0.85028, Resultado obtenido: 0.85028
Entrada: -0.974083, Resultado esperado: 0.974083, Resultado obtenido: 0.974083
Entrada: -0.670703, Resultado esperado: 0.670703, Resultado obtenido: 0.670703
Entrada: -0.721851, Resultado esperado: 0.721851, Resultado obtenido: 0.721851
Entrada: -0.846373, Resultado esperado: 0.846373, Resultado obtenido: 0.846373
Entrada: -0.926689, Resultado esperado: 0.926689, Resultado obtenido: 0.926689
Entrada: -0.992162, Resultado esperado: 0.992162, Resultado obtenido: 0.992162
Entrada: -0.783785, Resultado esperado: 0.783785, Resultado obtenido: 0.783785
Entrada: -0.573305, Resultado esperado: 0.573305, Resultado obtenido: 0.573305
Entrada: -0.630735, Resultado esperado: 0.630735, Resultado obtenido: 0.630735
Entrada: -0.568724, Resultado esperado: 0.568724, Resultado obtenido: 0.568724
Entrada: -0.816168, Resultado esperado: 0.816168, Resultado obtenido: 0.816168
Entrada: -0.931114, Resultado esperado: 0.931114, Resultado obtenido: 0.931114
Entrada: -0.661855, Resultado esperado: 0.661855, Resultado obtenido: 0.661855
Entrada: -0.919768, Resultado esperado: 0.919768, Resultado obtenido: 0.919768
Entrada: -0.660269, Resultado esperado: 0.660269, Resultado obtenido: 0.660269
Entrada: -0.577198, Resultado esperado: 0.577198, Resultado obtenido: 0.577198
Entrada: -0.523108, Resultado esperado: 0.523108, Resultado obtenido: 0.523108
Entrada: -0.850135, Resultado esperado: 0.850135, Resultado obtenido: 0.850135
Entrada: -0.89701, Resultado esperado: 0.89701, Resultado obtenido: 0.89701
Entrada: -0.813238, Resultado esperado: 0.813238, Resultado obtenido: 0.813238
Entrada: -0.758427, Resultado esperado: 0.758427, Resultado obtenido: 0.758427
Entrada: -0.766841, Resultado esperado: 0.766841, Resultado obtenido: 0.766841
Entrada: -0.8213, Resultado esperado: 0.8213, Resultado obtenido: 0.8213
Entrada: -0.692492, Resultado esperado: 0.692492, Resultado obtenido: 0.692492
Entrada: -0.867256, Resultado esperado: 0.867256, Resultado obtenido: 0.867256
Entrada: -0.790844, Resultado esperado: 0.790844, Resultado obtenido: 0.790844
Entrada: -0.780029, Resultado esperado: 0.780029, Resultado obtenido: 0.780029
Entrada: -0.677707, Resultado esperado: 0.677707, Resultado obtenido: 0.677707
Entrada: -0.519655, Resultado esperado: 0.519655, Resultado obtenido: 0.519655
Entrada: -0.796992, Resultado esperado: 0.796992, Resultado obtenido: 0.796992
Entrada: -0.772579, Resultado esperado: 0.772579, Resultado obtenido: 0.772579
Entrada: -0.901826, Resultado esperado: 0.901826, Resultado obtenido: 0.901826
Entrada: -0.859168, Resultado esperado: 0.859168, Resultado obtenido: 0.859168
Entrada: -0.712272, Resultado esperado: 0.712272, Resultado obtenido: 0.712272
Entrada: -0.630535, Resultado esperado: 0.630535, Resultado obtenido: 0.630535
Entrada: -0.579574, Resultado esperado: 0.579574, Resultado obtenido: 0.579574
Entrada: -0.649749, Resultado esperado: 0.649749, Resultado obtenido: 0.649749
Entrada: -0.51999, Resultado esperado: 0.51999, Resultado obtenido: 0.51999
Entrada: -0.666678, Resultado esperado: 0.666678, Resultado obtenido: 0.666678
Entrada: -0.955299, Resultado esperado: 0.955299, Resultado obtenido: 0.955299
Entrada: -0.677787, Resultado esperado: 0.677787, Resultado obtenido: 0.677787
Entrada: -0.841865, Resultado esperado: 0.841865, Resultado obtenido: 0.841865
Entrada: -0.936288, Resultado esperado: 0.936288, Resultado obtenido: 0.936288
Entrada: -0.557175, Resultado esperado: 0.557175, Resultado obtenido: 0.557175
Entrada: -0.969622, Resultado esperado: 0.969622, Resultado obtenido: 0.969622
Entrada: -0.504901, Resultado esperado: 0.504901, Resultado obtenido: 0.504901
Entrada: -0.873234, Resultado esperado: 0.873234, Resultado obtenido: 0.873234
Entrada: -0.739654, Resultado esperado: 0.739654, Resultado obtenido: 0.739654
Entrada: -0.765165, Resultado esperado: 0.765165, Resultado obtenido: 0.765165
Entrada: -0.697356, Resultado esperado: 0.697356, Resultado obtenido: 0.697356
Entrada: -0.616018, Resultado esperado: 0.616018, Resultado obtenido: 0.616018
Entrada: -0.793462, Resultado esperado: 0.793462, Resultado obtenido: 0.793462
Entrada: -0.590944, Resultado esperado: 0.590944, Resultado obtenido: 0.590944
Entrada: -0.526842, Resultado esperado: 0.526842, Resultado obtenido: 0.526842
Entrada: -0.541401, Resultado esperado: 0.541401, Resultado obtenido: 0.541401
Entrada: -0.946752, Resultado esperado: 0.946752, Resultado obtenido: 0.946752
Entrada: -0.960109, Resultado esperado: 0.960109, Resultado obtenido: 0.960109
Entrada: -0.592726, Resultado esperado: 0.592726, Resultado obtenido: 0.592726
Entrada: -0.657118, Resultado esperado: 0.657118, Resultado obtenido: 0.657118
Entrada: -0.744766, Resultado esperado: 0.744766, Resultado obtenido: 0.744766
Entrada: -0.703727, Resultado esperado: 0.703727, Resultado obtenido: 0.703727
Entrada: -0.937408, Resultado esperado: 0.937408, Resultado obtenido: 0.937408
Entrada: -0.795614, Resultado esperado: 0.795614, Resultado obtenido: 0.795614
Entrada: -0.676632, Resultado esperado: 0.676632, Resultado obtenido: 0.676632
Entrada: -0.806714, Resultado esperado: 0.806714, Resultado obtenido: 0.806714
Entrada: -0.604982, Resultado esperado: 0.604982, Resultado obtenido: 0.604982
Entrada: -0.538114, Resultado esperado: 0.538114, Resultado obtenido: 0.538114
Entrada: -0.69179, Resultado esperado: 0.69179, Resultado obtenido: 0.69179
Entrada: -0.751182, Resultado esperado: 0.751182, Resultado obtenido: 0.751182
Entrada: -0.96389, Resultado esperado: 0.96389, Resultado obtenido: 0.96389
Entrada: -0.95088, Resultado esperado: 0.95088, Resultado obtenido: 0.95088
Entrada: -0.566819, Resultado esperado: 0.566819, Resultado obtenido: 0.566819
Entrada: -0.634707, Resultado esperado: 0.634707, Resultado obtenido: 0.634707
Entrada: -0.918993, Resultado esperado: 0.918993, Resultado obtenido: 0.918993
Entrada: -0.631799, Resultado esperado: 0.631799, Resultado obtenido: 0.631799
Entrada: -0.847998, Resultado esperado: 0.847998, Resultado obtenido: 0.847998
Entrada: -0.924751, Resultado esperado: 0.924751, Resultado obtenido: 0.924751
Entrada: -0.79559, Resultado esperado: 0.79559, Resultado obtenido: 0.79559
Entrada: -0.687367, Resultado esperado: 0.687367, Resultado obtenido: 0.687367
Entrada: -0.507359, Resultado esperado: 0.507359, Resultado obtenido: 0.507359
Entrada: -0.790895, Resultado esperado: 0.790895, Resultado obtenido: 0.790895
Entrada: -0.832258, Resultado esperado: 0.832258, Resultado obtenido: 0.832258
Entrada: -0.618553, Resultado esperado: 0.618553, Resultado obtenido: 0.618553
Entrada: -0.856828, Resultado esperado: 0.856828, Resultado obtenido: 0.856828
Entrada: -0.714556, Resultado esperado: 0.714556, Resultado obtenido: 0.714556
Entrada: -0.771213, Resultado esperado: 0.771213, Resultado obtenido: 0.771213
Entrada: -0.683177, Resultado esperado: 0.683177, Resultado obtenido: 0.683177
Entrada: -0.781484, Resultado esperado: 0.781484, Resultado obtenido: 0.781484
Entrada: -0.516149, Resultado esperado: 0.516149, Resultado obtenido: 0.516149
Entrada: -0.57589, Resultado esperado: 0.57589, Resultado obtenido: 0.57589
Entrada: -0.68238, Resultado esperado: 0.68238, Resultado obtenido: 0.68238
Entrada: -0.998296, Resultado esperado: 0.998296, Resultado obtenido: 0.998296
Entrada: -0.737216, Resultado esperado: 0.737216, Resultado obtenido: 0.737216
Entrada: -0.580316, Resultado esperado: 0.580316, Resultado obtenido: 0.580316
Entrada: -0.694575, Resultado esperado: 0.694575, Resultado obtenido: 0.694575
Entrada: -0.861262, Resultado esperado: 0.861262, Resultado obtenido: 0.861262
Entrada: -0.734246, Resultado esperado: 0.734246, Resultado obtenido: 0.734246
Entrada: -0.531708, Resultado esperado: 0.531708, Resultado obtenido: 0.531708
Entrada: -0.961418, Resultado esperado: 0.961418, Resultado obtenido: 0.961418
Entrada: -0.742848, Resultado esperado: 0.742848, Resultado obtenido: 0.742848
Entrada: -0.758214, Resultado esperado: 0.758214, Resultado obtenido: 0.758214
Entrada: -0.855875, Resultado esperado: 0.855875, Resultado obtenido: 0.855875
Entrada: -0.979994, Resultado esperado: 0.979994, Resultado obtenido: 0.979994
Entrada: -0.822053, Resultado esperado: 0.822053, Resultado obtenido: 0.822053
Entrada: -0.996238, Resultado esperado: 0.996238, Resultado obtenido: 0.996238
Entrada: -0.867625, Resultado esperado: 0.867625, Resultado obtenido: 0.867625
Entrada: -0.925217, Resultado esperado: 0.925217, Resultado obtenido: 0.925217
Entrada: -0.515319, Resultado esperado: 0.515319, Resultado obtenido: 0.515319
Entrada: -0.944173, Resultado esperado: 0.944173, Resultado obtenido: 0.944173
Entrada: -0.812522, Resultado esperado: 0.812522, Resultado obtenido: 0.812522
Entrada: -0.850731, Resultado esperado: 0.850731, Resultado obtenido: 0.850731
Entrada: -0.529709, Resultado esperado: 0.529709, Resultado obtenido: 0.529709
Entrada: -0.600219, Resultado esperado: 0.600219, Resultado obtenido: 0.600219
Entrada: -0.735733, Resultado esperado: 0.735733, Resultado obtenido: 0.735733
Entrada: -0.808534, Resultado esperado: 0.808534, Resultado obtenido: 0.808534
Entrada: -0.744623, Resultado esperado: 0.744623, Resultado obtenido: 0.744623
Entrada: -0.814927, Resultado esperado: 0.814927, Resultado obtenido: 0.814927
Entrada: -0.530332, Resultado esperado: 0.530332, Resultado obtenido: 0.530332
Entrada: -0.717982, Resultado esperado: 0.717982, Resultado obtenido: 0.717982
Entrada: -0.686042, Resultado esperado: 0.686042, Resultado obtenido: 0.686042
Entrada: -0.532539, Resultado esperado: 0.532539, Resultado obtenido: 0.532539
Entrada: -0.703019, Resultado esperado: 0.703019, Resultado obtenido: 0.703019
Entrada: -0.638266, Resultado esperado: 0.638266, Resultado obtenido: 0.638266
Entrada: -0.521016, Resultado esperado: 0.521016, Resultado obtenido: 0.521016
Entrada: -0.919563, Resultado esperado: 0.919563, Resultado obtenido: 0.919563
Entrada: -0.540271, Resultado esperado: 0.540271, Resultado obtenido: 0.540271
Entrada: -0.651339, Resultado esperado: 0.651339, Resultado obtenido: 0.651339
Entrada: -0.818728, Resultado esperado: 0.818728, Resultado obtenido: 0.818728
Entrada: -0.582729, Resultado esperado: 0.582729, Resultado obtenido: 0.582729
Entrada: -0.91272, Resultado esperado: 0.91272, Resultado obtenido: 0.91272
Entrada: -0.512061, Resultado esperado: 0.512061, Resultado obtenido: 0.512061
Entrada: -0.738589, Resultado esperado: 0.738589, Resultado obtenido: 0.738589
Entrada: -0.823227, Resultado esperado: 0.823227, Resultado obtenido: 0.823227
Entrada: -0.899251, Resultado esperado: 0.899251, Resultado obtenido: 0.899251
Entrada: -0.792171, Resultado esperado: 0.792171, Resultado obtenido: 0.792171
Entrada: -0.697268, Resultado esperado: 0.697268, Resultado obtenido: 0.697268
Entrada: -0.824755, Resultado esperado: 0.824755, Resultado obtenido: 0.824755
Entrada: -0.787746, Resultado esperado: 0.787746, Resultado obtenido: 0.787746
Entrada: -0.742439, Resultado esperado: 0.742439, Resultado obtenido: 0.742439
Entrada: -0.953263, Resultado esperado: 0.953263, Resultado obtenido: 0.953263
Entrada: -0.87828, Resultado esperado: 0.87828, Resultado obtenido: 0.87828
Entrada: -0.73654, Resultado esperado: 0.73654, Resultado obtenido: 0.73654
Entrada: -0.71991, Resultado esperado: 0.71991, Resultado obtenido: 0.71991
Entrada: -0.782014, Resultado esperado: 0.782014, Resultado obtenido: 0.782014
Entrada: -0.746314, Resultado esperado: 0.746314, Resultado obtenido: 0.746314
Entrada: -0.894041, Resultado esperado: 0.894041, Resultado obtenido: 0.894041
Entrada: -0.950591, Resultado esperado: 0.950591, Resultado obtenido: 0.950591
Entrada: -0.983684, Resultado esperado: 0.983684, Resultado obtenido: 0.983684
Entrada: -0.8469, Resultado esperado: 0.8469, Resultado obtenido: 0.8469
Entrada: -0.60915, Resultado esperado: 0.60915, Resultado obtenido: 0.60915
Entrada: -0.50297, Resultado esperado: 0.50297, Resultado obtenido: 0.50297
Entrada: -0.844219, Resultado esperado: 0.844219, Resultado obtenido: 0.844219
Entrada: -0.785068, Resultado esperado: 0.785068, Resultado obtenido: 0.785068
Entrada: -0.557512, Resultado esperado: 0.557512, Resultado obtenido: 0.557512
Entrada: -0.579347, Resultado esperado: 0.579347, Resultado obtenido: 0.579347
Entrada: -0.685243, Resultado esperado: 0.685243, Resultado obtenido: 0.685243
Entrada: -0.855325, Resultado esperado: 0.855325, Resultado obtenido: 0.855325
Entrada: -0.928121, Resultado esperado: 0.928121, Resultado obtenido: 0.928121
Entrada: -0.575903, Resultado esperado: 0.575903, Resultado obtenido: 0.575903
Entrada: -0.810418, Resultado esperado: 0.810418, Resultado obtenido: 0.810418
Entrada: -0.604949, Resultado esperado: 0.604949, Resultado obtenido: 0.604949
Entrada: -0.752176, Resultado esperado: 0.752176, Resultado obtenido: 0.752176
Entrada: -0.790916, Resultado esperado: 0.790916, Resultado obtenido: 0.790916
Entrada: -0.870275, Resultado esperado: 0.870275, Resultado obtenido: 0.870275
Entrada: -0.69107, Resultado esperado: 0.69107, Resultado obtenido: 0.69107
Entrada: -0.634023, Resultado esperado: 0.634023, Resultado obtenido: 0.634023
Entrada: -0.62136, Resultado esperado: 0.62136, Resultado obtenido: 0.62136
Entrada: -0.890394, Resultado esperado: 0.890394, Resultado obtenido: 0.890394
Entrada: -0.795537, Resultado esperado: 0.795537, Resultado obtenido: 0.795537
Entrada: -0.771942, Resultado esperado: 0.771942, Resultado obtenido: 0.771942
Entrada: -0.738411, Resultado esperado: 0.738411, Resultado obtenido: 0.738411
Entrada: -0.833374, Resultado esperado: 0.833374, Resultado obtenido: 0.833374
Entrada: -0.963246, Resultado esperado: 0.963246, Resultado obtenido: 0.963246
Entrada: -0.877415, Resultado esperado: 0.877415, Resultado obtenido: 0.877415
Entrada: -0.61157, Resultado esperado: 0.61157, Resultado obtenido: 0.61157
Entrada: -0.899308, Resultado esperado: 0.899308, Resultado obtenido: 0.899308
Entrada: -0.891926, Resultado esperado: 0.891926, Resultado obtenido: 0.891926
Entrada: -0.704682, Resultado esperado: 0.704682, Resultado obtenido: 0.704682
Entrada: -0.703763, Resultado esperado: 0.703763, Resultado obtenido: 0.703763
Entrada: -0.724796, Resultado esperado: 0.724796, Resultado obtenido: 0.724796
Entrada: -0.660466, Resultado esperado: 0.660466, Resultado obtenido: 0.660466
Entrada: -0.850518, Resultado esperado: 0.850518, Resultado obtenido: 0.850518
Entrada: -0.502564, Resultado esperado: 0.502564, Resultado obtenido: 0.502564
Entrada: -0.53463, Resultado esperado: 0.53463, Resultado obtenido: 0.53463
Entrada: -0.739632, Resultado esperado: 0.739632, Resultado obtenido: 0.739632
Entrada: -0.917156, Resultado esperado: 0.917156, Resultado obtenido: 0.917156
Entrada: -0.735024, Resultado esperado: 0.735024, Resultado obtenido: 0.735024
Entrada: -0.535252, Resultado esperado: 0.535252, Resultado obtenido: 0.535252
Entrada: -0.722163, Resultado esperado: 0.722163, Resultado obtenido: 0.722163
Entrada: -0.514011, Resultado esperado: 0.514011, Resultado obtenido: 0.514011
Entrada: -0.624493, Resultado esperado: 0.624493, Resultado obtenido: 0.624493
Entrada: -0.762968, Resultado esperado: 0.762968, Resultado obtenido: 0.762968
Entrada: -0.67698, Resultado esperado: 0.67698, Resultado obtenido: 0.67698
Entrada: -0.565744, Resultado esperado: 0.565744, Resultado obtenido: 0.565744
Entrada: -0.502984, Resultado esperado: 0.502984, Resultado obtenido: 0.502984
Entrada: -0.56221, Resultado esperado: 0.56221, Resultado obtenido: 0.56221
Entrada: -0.882127, Resultado esperado: 0.882127, Resultado obtenido: 0.882127
Entrada: -0.689552, Resultado esperado: 0.689552, Resultado obtenido: 0.689552
Entrada: -0.646224, Resultado esperado: 0.646224, Resultado obtenido: 0.646224
Entrada: -0.7924, Resultado esperado: 0.7924, Resultado obtenido: 0.7924
Entrada: -0.668561, Resultado esperado: 0.668561, Resultado obtenido: 0.668561
Entrada: -0.855847, Resultado esperado: 0.855847, Resultado obtenido: 0.855847
Entrada: -0.939921, Resultado esperado: 0.939921, Resultado obtenido: 0.939921
Entrada: -0.744316, Resultado esperado: 0.744316, Resultado obtenido: 0.744316
Entrada: -0.543387, Resultado esperado: 0.543387, Resultado obtenido: 0.543387
Entrada: -0.949551, Resultado esperado: 0.949551, Resultado obtenido: 0.949551
Entrada: -0.827722, Resultado esperado: 0.827722, Resultado obtenido: 0.827722
Entrada: -0.513069, Resultado esperado: 0.513069, Resultado obtenido: 0.513069
Entrada: -0.90913, Resultado esperado: 0.90913, Resultado obtenido: 0.90913
Entrada: -0.642911, Resultado esperado: 0.642911, Resultado obtenido: 0.642911
Entrada: -0.807477, Resultado esperado: 0.807477, Resultado obtenido: 0.807477
Entrada: -0.994944, Resultado esperado: 0.994944, Resultado obtenido: 0.994944
Entrada: -0.553113, Resultado esperado: 0.553113, Resultado obtenido: 0.553113
Entrada: -0.761815, Resultado esperado: 0.761815, Resultado obtenido: 0.761815
Entrada: -0.620409, Resultado esperado: 0.620409, Resultado obtenido: 0.620409
Entrada: -0.59014, Resultado esperado: 0.59014, Resultado obtenido: 0.59014
Entrada: -0.768022, Resultado esperado: 0.768022, Resultado obtenido: 0.768022
Entrada: -0.757368, Resultado esperado: 0.757368, Resultado obtenido: 0.757368
Entrada: -0.758023, Resultado esperado: 0.758023, Resultado obtenido: 0.758023
Entrada: -0.935847, Resultado esperado: 0.935847, Resultado obtenido: 0.935847
Entrada: -0.862759, Resultado esperado: 0.862759, Resultado obtenido: 0.862759
Entrada: -0.63254, Resultado esperado: 0.63254, Resultado obtenido: 0.63254
Entrada: -0.522594, Resultado esperado: 0.522594, Resultado obtenido: 0.522594
Entrada: -0.613109, Resultado esperado: 0.613109, Resultado obtenido: 0.613109
Entrada: -0.91285, Resultado esperado: 0.91285, Resultado obtenido: 0.91285
Entrada: -0.694236, Resultado esperado: 0.694236, Resultado obtenido: 0.694236
Entrada: -0.710564, Resultado esperado: 0.710564, Resultado obtenido: 0.710564
Entrada: -0.673947, Resultado esperado: 0.673947, Resultado obtenido: 0.673947
Entrada: -0.870925, Resultado esperado: 0.870925, Resultado obtenido: 0.870925
Entrada: -0.695696, Resultado esperado: 0.695696, Resultado obtenido: 0.695696
Entrada: -0.916627, Resultado esperado: 0.916627, Resultado obtenido: 0.916627
Entrada: -0.971327, Resultado esperado: 0.971327, Resultado obtenido: 0.971327
Entrada: -0.710152, Resultado esperado: 0.710152, Resultado obtenido: 0.710152
Entrada: -0.996281, Resultado esperado: 0.996281, Resultado obtenido: 0.996281
Entrada: -0.747838, Resultado esperado: 0.747838, Resultado obtenido: 0.747838
Entrada: -0.618997, Resultado esperado: 0.618997, Resultado obtenido: 0.618997
Entrada: -0.862357, Resultado esperado: 0.862357, Resultado obtenido: 0.862357
Entrada: -0.969833, Resultado esperado: 0.969833, Resultado obtenido: 0.969833
Entrada: -0.688297, Resultado esperado: 0.688297, Resultado obtenido: 0.688297
Entrada: -0.785099, Resultado esperado: 0.785099, Resultado obtenido: 0.785099
Entrada: -0.92263, Resultado esperado: 0.92263, Resultado obtenido: 0.92263
Entrada: -0.701749, Resultado esperado: 0.701749, Resultado obtenido: 0.701749
Entrada: -0.521721, Resultado esperado: 0.521721, Resultado obtenido: 0.521721
Entrada: -0.888968, Resultado esperado: 0.888968, Resultado obtenido: 0.888968
Entrada: -0.876379, Resultado esperado: 0.876379, Resultado obtenido: 0.876379
Entrada: -0.539584, Resultado esperado: 0.539584, Resultado obtenido: 0.539584
Entrada: -0.86617, Resultado esperado: 0.86617, Resultado obtenido: 0.86617
Entrada: -0.607405, Resultado esperado: 0.607405, Resultado obtenido: 0.607405
Entrada: -0.989542, Resultado esperado: 0.989542, Resultado obtenido: 0.989542
Entrada: -0.893596, Resultado esperado: 0.893596, Resultado obtenido: 0.893596
Entrada: -0.540466, Resultado esperado: 0.540466, Resultado obtenido: 0.540466
Entrada: -0.841131, Resultado esperado: 0.841131, Resultado obtenido: 0.841131
Entrada: -0.75625, Resultado esperado: 0.75625, Resultado obtenido: 0.75625
Entrada: -0.844449, Resultado esperado: 0.844449, Resultado obtenido: 0.844449
Entrada: -0.989571, Resultado esperado: 0.989571, Resultado obtenido: 0.989571
Entrada: -0.796282, Resultado esperado: 0.796282, Resultado obtenido: 0.796282
Entrada: -0.916952, Resultado esperado: 0.916952, Resultado obtenido: 0.916952
Entrada: -0.876789, Resultado esperado: 0.876789, Resultado obtenido: 0.876789
Entrada: -0.76101, Resultado esperado: 0.76101, Resultado obtenido: 0.76101
Entrada: -0.710885, Resultado esperado: 0.710885, Resultado obtenido: 0.710885
Entrada: -0.629776, Resultado esperado: 0.629776, Resultado obtenido: 0.629776
Entrada: -0.698165, Resultado esperado: 0.698165, Resultado obtenido: 0.698165
Entrada: -0.923075, Resultado esperado: 0.923075, Resultado obtenido: 0.923075
Entrada: -0.716024, Resultado esperado: 0.716024, Resultado obtenido: 0.716024
Entrada: -0.825853, Resultado esperado: 0.825853, Resultado obtenido: 0.825853
Entrada: -0.943737, Resultado esperado: 0.943737, Resultado obtenido: 0.943737
Entrada: -0.546147, Resultado esperado: 0.546147, Resultado obtenido: 0.546147
Entrada: -0.530377, Resultado esperado: 0.530377, Resultado obtenido: 0.530377
Entrada: -0.97933, Resultado esperado: 0.97933, Resultado obtenido: 0.97933
Entrada: -0.625001, Resultado esperado: 0.625001, Resultado obtenido: 0.625001
Entrada: -0.84187, Resultado esperado: 0.84187, Resultado obtenido: 0.84187
Testbench Completado con exito
INFO: [SIM 1] CSim done with 0 errors.
INFO: [SIM 3] *************** CSIM finish ***************
