

================================================================
== Vitis HLS Report for 'mean_float'
================================================================
* Date:           Tue Apr 30 11:51:00 2024

* Version:        2020.2 (Build 3064766 on Wed Nov 18 09:12:47 MST 2020)
* Project:        mean_float
* Solution:       solution1 (Vivado IP Flow Target)
* Product family: zynq
* Target device:  xc7z020-clg400-1


================================================================
== Performance Estimates
================================================================
+ Timing: 
    * Summary: 
    +--------+----------+----------+------------+
    |  Clock |  Target  | Estimated| Uncertainty|
    +--------+----------+----------+------------+
    |ap_clk  |  10.00 ns|  7.256 ns|     2.70 ns|
    +--------+----------+----------+------------+

+ Latency: 
    * Summary: 
    +---------+---------+-----------+-----------+-----+-----+---------+
    |  Latency (cycles) |   Latency (absolute)  |  Interval | Pipeline|
    |   min   |   max   |    min    |    max    | min | max |   Type  |
    +---------+---------+-----------+-----------+-----+-----+---------+
    |        8|        8|  80.000 ns|  80.000 ns|    9|    9|     none|
    +---------+---------+-----------+-----------+-----+-----+---------+

    + Detail: 
        * Instance: 
        N/A

        * Loop: 
        N/A



================================================================
== Utilization Estimates
================================================================
* Summary: 
+-----------------+---------+-----+--------+-------+-----+
|       Name      | BRAM_18K| DSP |   FF   |  LUT  | URAM|
+-----------------+---------+-----+--------+-------+-----+
|DSP              |        -|    -|       -|      -|    -|
|Expression       |        -|    -|       0|     34|    -|
|FIFO             |        -|    -|       -|      -|    -|
|Instance         |        -|    5|     348|    711|    -|
|Memory           |        -|    -|       -|      -|    -|
|Multiplexer      |        -|    -|       -|     71|    -|
|Register         |        -|    -|     106|      -|    -|
+-----------------+---------+-----+--------+-------+-----+
|Total            |        0|    5|     454|    816|    0|
+-----------------+---------+-----+--------+-------+-----+
|Available        |      280|  220|  106400|  53200|    0|
+-----------------+---------+-----+--------+-------+-----+
|Utilization (%)  |        0|    2|      ~0|      1|    0|
+-----------------+---------+-----+--------+-------+-----+

+ Detail: 
    * Instance: 
    +-----------------------------------+--------------------------------+---------+----+-----+-----+-----+
    |              Instance             |             Module             | BRAM_18K| DSP|  FF | LUT | URAM|
    +-----------------------------------+--------------------------------+---------+----+-----+-----+-----+
    |fadd_32ns_32ns_32_5_full_dsp_1_U1  |fadd_32ns_32ns_32_5_full_dsp_1  |        0|   2|  205|  390|    0|
    |fmul_32ns_32ns_32_4_max_dsp_1_U2   |fmul_32ns_32ns_32_4_max_dsp_1   |        0|   3|  143|  321|    0|
    +-----------------------------------+--------------------------------+---------+----+-----+-----+-----+
    |Total                              |                                |        0|   5|  348|  711|    0|
    +-----------------------------------+--------------------------------+---------+----+-----+-----+-----+

    * DSP: 
    N/A

    * Memory: 
    N/A

    * FIFO: 
    N/A

    * Expression: 
    +----------------------+----------+----+---+----+------------+------------+
    |     Variable Name    | Operation| DSP| FF| LUT| Bitwidth P0| Bitwidth P1|
    +----------------------+----------+----+---+----+------------+------------+
    |ap_block_state1       |        or|   0|  0|   2|           1|           1|
    |select_ln30_fu_76_p3  |    select|   0|  0|  32|           1|          32|
    +----------------------+----------+----+---+----+------------+------------+
    |Total                 |          |   0|  0|  34|           2|          33|
    +----------------------+----------+----+---+----+------------+------------+

    * Multiplexer: 
    +-----------+----+-----------+-----+-----------+
    |    Name   | LUT| Input Size| Bits| Total Bits|
    +-----------+----+-----------+-----+-----------+
    |ap_NS_fsm  |  53|         10|    1|         10|
    |ap_done    |   9|          2|    1|          2|
    |out_mean   |   9|          2|   32|         64|
    +-----------+----+-----------+-----+-----------+
    |Total      |  71|         14|   34|         76|
    +-----------+----+-----------+-----+-----------+

    * Register: 
    +---------------+----+----+-----+-----------+
    |      Name     | FF | LUT| Bits| Const Bits|
    +---------------+----+----+-----+-----------+
    |add_reg_97     |  32|   0|   32|          0|
    |ap_CS_fsm      |   9|   0|    9|          0|
    |ap_done_reg    |   1|   0|    1|          0|
    |out_mean_preg  |  32|   0|   32|          0|
    |sum            |  32|   0|   32|          0|
    +---------------+----+----+-----+-----------+
    |Total          | 106|   0|  106|          0|
    +---------------+----+----+-----+-----------+



================================================================
== Interface
================================================================
* Summary: 
+------------------+-----+-----+---------------+------------------+--------------+
|     RTL Ports    | Dir | Bits|    Protocol   |   Source Object  |    C Type    |
+------------------+-----+-----+---------------+------------------+--------------+
|ap_clk            |   in|    1|  ap_ctrl_chain|        mean_float|  return value|
|ap_rst            |   in|    1|  ap_ctrl_chain|        mean_float|  return value|
|ap_start          |   in|    1|  ap_ctrl_chain|        mean_float|  return value|
|ap_done           |  out|    1|  ap_ctrl_chain|        mean_float|  return value|
|ap_continue       |   in|    1|  ap_ctrl_chain|        mean_float|  return value|
|ap_idle           |  out|    1|  ap_ctrl_chain|        mean_float|  return value|
|ap_ready          |  out|    1|  ap_ctrl_chain|        mean_float|  return value|
|in_data           |   in|   32|        ap_none|           in_data|        scalar|
|in_samples_ready  |   in|    1|        ap_none|  in_samples_ready|        scalar|
|out_mean          |  out|   32|        ap_none|          out_mean|       pointer|
+------------------+-----+-----+---------------+------------------+--------------+

