

================================================================
== Vitis HLS Report for 'axi_cut_zeroes'
================================================================
* Date:           Mon Jun 10 20:53:10 2024

* Version:        2020.2 (Build 3064766 on Wed Nov 18 09:12:47 MST 2020)
* Project:        axi_cut_zeroes
* Solution:       solution1 (Vivado IP Flow Target)
* Product family: zynq
* Target device:  xc7z020-clg400-1


================================================================
== Performance Estimates
================================================================
+ Timing: 
    * Summary: 
    +--------+----------+----------+------------+
    |  Clock |  Target  | Estimated| Uncertainty|
    +--------+----------+----------+------------+
    |ap_clk  |  10.00 ns|  2.598 ns|     2.70 ns|
    +--------+----------+----------+------------+

+ Latency: 
    * Summary: 
    +---------+---------+-----------+-----------+------+------+---------+
    |  Latency (cycles) |   Latency (absolute)  |   Interval  | Pipeline|
    |   min   |   max   |    min    |    max    |  min |  max |   Type  |
    +---------+---------+-----------+-----------+------+------+---------+
    |     1027|     1027|  10.270 us|  10.270 us|  1028|  1028|     none|
    +---------+---------+-----------+-----------+------+------+---------+

    + Detail: 
        * Instance: 
        N/A

        * Loop: 
        +---------------+---------+---------+----------+-----------+-----------+------+----------+
        |               |  Latency (cycles) | Iteration|  Initiation Interval  | Trip |          |
        |   Loop Name   |   min   |   max   |  Latency |  achieved |   target  | Count| Pipelined|
        +---------------+---------+---------+----------+-----------+-----------+------+----------+
        |- loop_stream  |     1025|     1025|         3|          1|          1|  1024|       yes|
        +---------------+---------+---------+----------+-----------+-----------+------+----------+



================================================================
== Utilization Estimates
================================================================
* Summary: 
+-----------------+---------+-----+--------+-------+-----+
|       Name      | BRAM_18K| DSP |   FF   |  LUT  | URAM|
+-----------------+---------+-----+--------+-------+-----+
|DSP              |        -|    -|       -|      -|    -|
|Expression       |        -|    -|       0|     58|    -|
|FIFO             |        -|    -|       -|      -|    -|
|Instance         |        -|    -|       -|      -|    -|
|Memory           |        -|    -|       -|      -|    -|
|Multiplexer      |        -|    -|       -|     65|    -|
|Register         |        -|    -|      51|      -|    -|
+-----------------+---------+-----+--------+-------+-----+
|Total            |        0|    0|      51|    123|    0|
+-----------------+---------+-----+--------+-------+-----+
|Available        |      280|  220|  106400|  53200|    0|
+-----------------+---------+-----+--------+-------+-----+
|Utilization (%)  |        0|    0|      ~0|     ~0|    0|
+-----------------+---------+-----+--------+-------+-----+

+ Detail: 
    * Instance: 
    N/A

    * DSP: 
    N/A

    * Memory: 
    N/A

    * FIFO: 
    N/A

    * Expression: 
    +----------------------------------+----------+----+---+----+------------+------------+
    |           Variable Name          | Operation| DSP| FF| LUT| Bitwidth P0| Bitwidth P1|
    +----------------------------------+----------+----+---+----+------------+------------+
    |add_ln14_fu_92_p2                 |         +|   0|  0|  12|          11|          10|
    |j_1_fu_80_p2                      |         +|   0|  0|  12|          11|           1|
    |ap_block_state2_pp0_stage0_iter0  |       and|   0|  0|   2|           1|           1|
    |ap_block_state3_io                |       and|   0|  0|   2|           1|           1|
    |ap_block_state4_io                |       and|   0|  0|   2|           1|           1|
    |icmp_ln11_fu_86_p2                |      icmp|   0|  0|  12|          11|          12|
    |icmp_ln14_fu_108_p2               |      icmp|   0|  0|   8|           2|           1|
    |ap_block_pp0_stage0_01001         |        or|   0|  0|   2|           1|           1|
    |ap_block_pp0_stage0_11001         |        or|   0|  0|   2|           1|           1|
    |ap_enable_pp0                     |       xor|   0|  0|   2|           1|           2|
    |ap_enable_reg_pp0_iter1           |       xor|   0|  0|   2|           2|           1|
    +----------------------------------+----------+----+---+----+------------+------------+
    |Total                             |          |   0|  0|  58|          43|          32|
    +----------------------------------+----------+----+---+----+------------+------------+

    * Multiplexer: 
    +----------------------------+----+-----------+-----+-----------+
    |            Name            | LUT| Input Size| Bits| Total Bits|
    +----------------------------+----+-----------+-----+-----------+
    |ap_NS_fsm                   |  20|          4|    1|          4|
    |ap_enable_reg_pp0_iter1     |   9|          2|    1|          2|
    |ap_enable_reg_pp0_iter2     |   9|          2|    1|          2|
    |in_data_V_TDATA_blk_n       |   9|          2|    1|          2|
    |j_reg_69                    |   9|          2|   11|         22|
    |out_cut_data_V_TDATA_blk_n  |   9|          2|    1|          2|
    +----------------------------+----+-----------+-----+-----------+
    |Total                       |  65|         14|   16|         34|
    +----------------------------+----+-----------+-----+-----------+

    * Register: 
    +---------------------------------+----+----+-----+-----------+
    |               Name              | FF | LUT| Bits| Const Bits|
    +---------------------------------+----+----+-----+-----------+
    |ap_CS_fsm                        |   3|   0|    3|          0|
    |ap_enable_reg_pp0_iter0          |   1|   0|    1|          0|
    |ap_enable_reg_pp0_iter1          |   1|   0|    1|          0|
    |ap_enable_reg_pp0_iter2          |   1|   0|    1|          0|
    |icmp_ln14_reg_128                |   1|   0|    1|          0|
    |icmp_ln14_reg_128_pp0_iter1_reg  |   1|   0|    1|          0|
    |j_reg_69                         |  11|   0|   11|          0|
    |tmp_reg_123                      |  32|   0|   32|          0|
    +---------------------------------+----+----+-----+-----------+
    |Total                            |  51|   0|   51|          0|
    +---------------------------------+----+----+-----+-----------+



================================================================
== Interface
================================================================
* Summary: 
+-----------------------+-----+-----+------------+----------------+--------------+
|       RTL Ports       | Dir | Bits|  Protocol  |  Source Object |    C Type    |
+-----------------------+-----+-----+------------+----------------+--------------+
|ap_clk                 |   in|    1|  ap_ctrl_hs|  axi_cut_zeroes|  return value|
|ap_rst_n               |   in|    1|  ap_ctrl_hs|  axi_cut_zeroes|  return value|
|ap_start               |   in|    1|  ap_ctrl_hs|  axi_cut_zeroes|  return value|
|ap_done                |  out|    1|  ap_ctrl_hs|  axi_cut_zeroes|  return value|
|ap_idle                |  out|    1|  ap_ctrl_hs|  axi_cut_zeroes|  return value|
|ap_ready               |  out|    1|  ap_ctrl_hs|  axi_cut_zeroes|  return value|
|in_data_V_TDATA        |   in|   32|        axis|       in_data_V|       pointer|
|in_data_V_TVALID       |   in|    1|        axis|       in_data_V|       pointer|
|in_data_V_TREADY       |  out|    1|        axis|       in_data_V|       pointer|
|out_cut_data_V_TDATA   |  out|   32|        axis|  out_cut_data_V|       pointer|
|out_cut_data_V_TVALID  |  out|    1|        axis|  out_cut_data_V|       pointer|
|out_cut_data_V_TREADY  |   in|    1|        axis|  out_cut_data_V|       pointer|
+-----------------------+-----+-----+------------+----------------+--------------+

============================================================
+ Verbose Summary: Synthesis Manager
============================================================
InlineROM: 1
ExposeGlobal: 0
============================================================
+ Verbose Summary: CDFG Model
============================================================
IsTopModel: 1
ResetActiveHigh: 1
IsCombinational: 2
IsDatapathOnly: 2
HasWiredReturn: 1
HasMFsm: 0
HasVarLatency: 1
IsPipeline: 0
IsRtlPipelined: 0
IsInstanceOverlapped: 0
IsDontTouch: 0
HasImplIP: 0
IsGatedGlobalClock: 0

+ Individual pipeline summary: 
  * Pipeline-0: initiation interval (II) = 1, depth = 3


============================================================
+ Verbose Summary: Schedule
============================================================
* Number of FSM states : 5
* Pipeline : 1
  Pipeline-0 : II = 1, D = 3, States = { 2 3 4 }
* Dataflow Pipeline: 0

* FSM state transitions: 
1 --> 2 
2 --> 5 3 
3 --> 4 
4 --> 2 
5 --> 

* FSM state operations: 

State 1 <SV = 0> <Delay = 1.58>
ST_1 : Operation 6 [1/1] (0.00ns)   --->   "%spectopmodule_ln0 = spectopmodule void @_ssdm_op_SpecTopModule, void @empty_2"   --->   Operation 6 'spectopmodule' 'spectopmodule_ln0' <Predicate = true> <Delay = 0.00>
ST_1 : Operation 7 [1/1] (0.00ns)   --->   "%specinterface_ln0 = specinterface void @_ssdm_op_SpecInterface, i32 %in_data_V, void @empty, i32 1, i32 1, void @empty_0, i32 0, i32 0, void @empty_1, void @empty_1, void @empty_1, i32 0, i32 0, i32 0, i32 0, void @empty_1, void @empty_1"   --->   Operation 7 'specinterface' 'specinterface_ln0' <Predicate = true> <Delay = 0.00>
ST_1 : Operation 8 [1/1] (0.00ns)   --->   "%specbitsmap_ln0 = specbitsmap void @_ssdm_op_SpecBitsMap, i32 %in_data_V"   --->   Operation 8 'specbitsmap' 'specbitsmap_ln0' <Predicate = true> <Delay = 0.00>
ST_1 : Operation 9 [1/1] (0.00ns)   --->   "%specinterface_ln0 = specinterface void @_ssdm_op_SpecInterface, i32 %out_cut_data_V, void @empty, i32 1, i32 1, void @empty_0, i32 0, i32 0, void @empty_1, void @empty_1, void @empty_1, i32 0, i32 0, i32 0, i32 0, void @empty_1, void @empty_1"   --->   Operation 9 'specinterface' 'specinterface_ln0' <Predicate = true> <Delay = 0.00>
ST_1 : Operation 10 [1/1] (0.00ns)   --->   "%specbitsmap_ln0 = specbitsmap void @_ssdm_op_SpecBitsMap, i32 %out_cut_data_V"   --->   Operation 10 'specbitsmap' 'specbitsmap_ln0' <Predicate = true> <Delay = 0.00>
ST_1 : Operation 11 [1/1] (1.58ns)   --->   "%br_ln11 = br void" [axi_cut_zeroes/axi_cut_zeroes.cpp:11]   --->   Operation 11 'br' 'br_ln11' <Predicate = true> <Delay = 1.58>

State 2 <SV = 1> <Delay = 2.59>
ST_2 : Operation 12 [1/1] (0.00ns)   --->   "%j = phi i11 0, void, i11 %j_1, void %.split._crit_edge"   --->   Operation 12 'phi' 'j' <Predicate = true> <Delay = 0.00>
ST_2 : Operation 13 [1/1] (1.63ns)   --->   "%j_1 = add i11 %j, i11 1" [axi_cut_zeroes/axi_cut_zeroes.cpp:11]   --->   Operation 13 'add' 'j_1' <Predicate = true> <Delay = 1.63> <CoreInst = "Adder">   --->   Core 1 'Adder' <Latency = 0> <II = 1> <Delay = 1.63> <FuncUnit> <Opcode : 'add' 'sub'> <InPorts = 2> <OutPorts = 1>
ST_2 : Operation 14 [1/1] (0.00ns)   --->   "%specpipeline_ln0 = specpipeline void @_ssdm_op_SpecPipeline, i32 4294967295, i32 0, i32 1, i32 0, void @p_str"   --->   Operation 14 'specpipeline' 'specpipeline_ln0' <Predicate = true> <Delay = 0.00>
ST_2 : Operation 15 [1/1] (1.88ns)   --->   "%icmp_ln11 = icmp_eq  i11 %j, i11 1024" [axi_cut_zeroes/axi_cut_zeroes.cpp:11]   --->   Operation 15 'icmp' 'icmp_ln11' <Predicate = true> <Delay = 1.88> <CoreInst = "Cmp">   --->   Core 9 'Cmp' <Latency = 0> <II = 1> <Delay = 0.95> <FuncUnit> <Opcode : 'icmp'> <InPorts = 2> <OutPorts = 1>
ST_2 : Operation 16 [1/1] (0.00ns)   --->   "%empty = speclooptripcount i32 @_ssdm_op_SpecLoopTripCount, i64 1024, i64 1024, i64 1024"   --->   Operation 16 'speclooptripcount' 'empty' <Predicate = true> <Delay = 0.00>
ST_2 : Operation 17 [1/1] (0.00ns)   --->   "%br_ln11 = br i1 %icmp_ln11, void %.split, void" [axi_cut_zeroes/axi_cut_zeroes.cpp:11]   --->   Operation 17 'br' 'br_ln11' <Predicate = true> <Delay = 0.00>
ST_2 : Operation 18 [1/1] (0.00ns)   --->   "%specloopname_ln0 = specloopname void @_ssdm_op_SpecLoopName, void @empty_3" [/opt/Xilinx/Vitis_HLS/2020.2/common/technology/autopilot/hls_stream_39.h:0]   --->   Operation 18 'specloopname' 'specloopname_ln0' <Predicate = (!icmp_ln11)> <Delay = 0.00>
ST_2 : Operation 19 [1/1] (0.00ns)   --->   "%tmp = read i32 @_ssdm_op_Read.axis.volatile.i32P128A, i32 %in_data_V" [/opt/Xilinx/Vitis_HLS/2020.2/common/technology/autopilot/hls_stream_39.h:145]   --->   Operation 19 'read' 'tmp' <Predicate = (!icmp_ln11)> <Delay = 0.00> <CoreInst = "axis">   --->   Core 115 'axis' <Latency = 0> <II = 1> <Delay = 1.00> <Adapter> <Opcode : >
ST_2 : Operation 20 [1/1] (1.63ns)   --->   "%add_ln14 = add i11 %j, i11 1792" [axi_cut_zeroes/axi_cut_zeroes.cpp:14]   --->   Operation 20 'add' 'add_ln14' <Predicate = (!icmp_ln11)> <Delay = 1.63> <CoreInst = "Adder">   --->   Core 1 'Adder' <Latency = 0> <II = 1> <Delay = 1.63> <FuncUnit> <Opcode : 'add' 'sub'> <InPorts = 2> <OutPorts = 1>
ST_2 : Operation 21 [1/1] (0.00ns)   --->   "%tmp_1 = partselect i2 @_ssdm_op_PartSelect.i2.i11.i32.i32, i11 %add_ln14, i32 9, i32 10" [axi_cut_zeroes/axi_cut_zeroes.cpp:14]   --->   Operation 21 'partselect' 'tmp_1' <Predicate = (!icmp_ln11)> <Delay = 0.00>
ST_2 : Operation 22 [1/1] (0.95ns)   --->   "%icmp_ln14 = icmp_eq  i2 %tmp_1, i2 0" [axi_cut_zeroes/axi_cut_zeroes.cpp:14]   --->   Operation 22 'icmp' 'icmp_ln14' <Predicate = (!icmp_ln11)> <Delay = 0.95> <CoreInst = "Cmp">   --->   Core 9 'Cmp' <Latency = 0> <II = 1> <Delay = 0.95> <FuncUnit> <Opcode : 'icmp'> <InPorts = 2> <OutPorts = 1>
ST_2 : Operation 23 [1/1] (0.00ns)   --->   "%br_ln14 = br i1 %icmp_ln14, void %.split._crit_edge, void" [axi_cut_zeroes/axi_cut_zeroes.cpp:14]   --->   Operation 23 'br' 'br_ln14' <Predicate = (!icmp_ln11)> <Delay = 0.00>
ST_2 : Operation 24 [1/1] (0.00ns)   --->   "%br_ln0 = br void"   --->   Operation 24 'br' 'br_ln0' <Predicate = (!icmp_ln11)> <Delay = 0.00>

State 3 <SV = 2> <Delay = 0.00>
ST_3 : Operation 25 [2/2] (0.00ns)   --->   "%write_ln174 = write void @_ssdm_op_Write.axis.volatile.i32P128A, i32 %out_cut_data_V, i32 %tmp" [/opt/Xilinx/Vitis_HLS/2020.2/common/technology/autopilot/hls_stream_39.h:174]   --->   Operation 25 'write' 'write_ln174' <Predicate = (icmp_ln14)> <Delay = 0.00> <CoreInst = "axis">   --->   Core 115 'axis' <Latency = 0> <II = 1> <Delay = 1.00> <Adapter> <Opcode : >

State 4 <SV = 3> <Delay = 0.00>
ST_4 : Operation 26 [1/2] (0.00ns)   --->   "%write_ln174 = write void @_ssdm_op_Write.axis.volatile.i32P128A, i32 %out_cut_data_V, i32 %tmp" [/opt/Xilinx/Vitis_HLS/2020.2/common/technology/autopilot/hls_stream_39.h:174]   --->   Operation 26 'write' 'write_ln174' <Predicate = (icmp_ln14)> <Delay = 0.00> <CoreInst = "axis">   --->   Core 115 'axis' <Latency = 0> <II = 1> <Delay = 1.00> <Adapter> <Opcode : >
ST_4 : Operation 27 [1/1] (0.00ns)   --->   "%br_ln19 = br void %.split._crit_edge" [axi_cut_zeroes/axi_cut_zeroes.cpp:19]   --->   Operation 27 'br' 'br_ln19' <Predicate = (icmp_ln14)> <Delay = 0.00>

State 5 <SV = 2> <Delay = 0.00>
ST_5 : Operation 28 [1/1] (0.00ns)   --->   "%ret_ln21 = ret" [axi_cut_zeroes/axi_cut_zeroes.cpp:21]   --->   Operation 28 'ret' 'ret_ln21' <Predicate = true> <Delay = 0.00>


============================================================
+ Verbose Summary: Binding
============================================================
STG Binding: 
---------------- STG Properties BEGIN ----------------
- Is combinational: 0
- Is one-state seq: 0
- Is datapath-only: 0
- Is pipelined: 0
- Is top level: 1
Port [ Return ] is wired: 1; IO mode=ap_ctrl_hs:ce=0
Port [ in_data_V]:  wired=1; compound=1; hidden=0; nouse=0; global=0; static=0; extern=0; dir=0; type=0; pingpong=0; private_global=0; IO mode=axis:ce=0
Port [ out_cut_data_V]:  wired=1; compound=1; hidden=0; nouse=0; global=0; static=0; extern=0; dir=1; type=0; pingpong=0; private_global=0; IO mode=axis:ce=0
---------------- STG Properties END ------------------

---------------- Datapath Model BEGIN ----------------

<LifeTime>
<method=bitvector/>
spectopmodule_ln0 (spectopmodule    ) [ 000000]
specinterface_ln0 (specinterface    ) [ 000000]
specbitsmap_ln0   (specbitsmap      ) [ 000000]
specinterface_ln0 (specinterface    ) [ 000000]
specbitsmap_ln0   (specbitsmap      ) [ 000000]
br_ln11           (br               ) [ 011110]
j                 (phi              ) [ 001110]
j_1               (add              ) [ 011110]
specpipeline_ln0  (specpipeline     ) [ 000000]
icmp_ln11         (icmp             ) [ 001110]
empty             (speclooptripcount) [ 000000]
br_ln11           (br               ) [ 000000]
specloopname_ln0  (specloopname     ) [ 000000]
tmp               (read             ) [ 001110]
add_ln14          (add              ) [ 000000]
tmp_1             (partselect       ) [ 000000]
icmp_ln14         (icmp             ) [ 001110]
br_ln14           (br               ) [ 000000]
br_ln0            (br               ) [ 011110]
write_ln174       (write            ) [ 000000]
br_ln19           (br               ) [ 000000]
ret_ln21          (ret              ) [ 000000]
</LifeTime>

<model>

<comp_list>
<comp id="0" class="1000" name="in_data_V">
<pin_list>
<pin id="1" dir="1" index="0" bw="1" slack="0"/>
</pin_list>
<bind>
<StgValue><ssdm name="in_data_V"/></StgValue>
</bind>
</comp>

<comp id="2" class="1000" name="out_cut_data_V">
<pin_list>
<pin id="3" dir="1" index="0" bw="1" slack="0"/>
</pin_list>
<bind>
<StgValue><ssdm name="out_cut_data_V"/></StgValue>
</bind>
</comp>

<comp id="4" class="1001" name="const_4">
<pin_list>
<pin id="5" dir="1" index="0" bw="1" slack="2147483647"/>
</pin_list>
<bind>
<StgValue><ssdm name="_ssdm_op_SpecTopModule"/></StgValue>
</bind>
</comp>

<comp id="6" class="1001" name="const_6">
<pin_list>
<pin id="7" dir="1" index="0" bw="1" slack="2147483647"/>
</pin_list>
<bind>
<StgValue><ssdm name="empty_2"/></StgValue>
</bind>
</comp>

<comp id="8" class="1001" name="const_8">
<pin_list>
<pin id="9" dir="1" index="0" bw="1" slack="2147483647"/>
</pin_list>
<bind>
<StgValue><ssdm name="_ssdm_op_SpecInterface"/></StgValue>
</bind>
</comp>

<comp id="10" class="1001" name="const_10">
<pin_list>
<pin id="11" dir="1" index="0" bw="1" slack="2147483647"/>
</pin_list>
<bind>
<StgValue><ssdm name="empty"/></StgValue>
</bind>
</comp>

<comp id="12" class="1001" name="const_12">
<pin_list>
<pin id="13" dir="1" index="0" bw="1" slack="2147483647"/>
</pin_list>
<bind>
<StgValue><ssdm name=""/></StgValue>
</bind>
</comp>

<comp id="14" class="1001" name="const_14">
<pin_list>
<pin id="15" dir="1" index="0" bw="1" slack="2147483647"/>
</pin_list>
<bind>
<StgValue><ssdm name="empty_0"/></StgValue>
</bind>
</comp>

<comp id="16" class="1001" name="const_16">
<pin_list>
<pin id="17" dir="1" index="0" bw="1" slack="2147483647"/>
</pin_list>
<bind>
<StgValue><ssdm name=""/></StgValue>
</bind>
</comp>

<comp id="18" class="1001" name="const_18">
<pin_list>
<pin id="19" dir="1" index="0" bw="1" slack="2147483647"/>
</pin_list>
<bind>
<StgValue><ssdm name="empty_1"/></StgValue>
</bind>
</comp>

<comp id="20" class="1001" name="const_20">
<pin_list>
<pin id="21" dir="1" index="0" bw="1" slack="2147483647"/>
</pin_list>
<bind>
<StgValue><ssdm name="_ssdm_op_SpecBitsMap"/></StgValue>
</bind>
</comp>

<comp id="22" class="1001" name="const_22">
<pin_list>
<pin id="23" dir="1" index="0" bw="1" slack="1"/>
</pin_list>
<bind>
<StgValue><ssdm name=""/></StgValue>
</bind>
</comp>

<comp id="24" class="1001" name="const_24">
<pin_list>
<pin id="25" dir="1" index="0" bw="1" slack="0"/>
</pin_list>
<bind>
<StgValue><ssdm name=""/></StgValue>
</bind>
</comp>

<comp id="26" class="1001" name="const_26">
<pin_list>
<pin id="27" dir="1" index="0" bw="1" slack="2147483647"/>
</pin_list>
<bind>
<StgValue><ssdm name="_ssdm_op_SpecPipeline"/></StgValue>
</bind>
</comp>

<comp id="28" class="1001" name="const_28">
<pin_list>
<pin id="29" dir="1" index="0" bw="1" slack="2147483647"/>
</pin_list>
<bind>
<StgValue><ssdm name=""/></StgValue>
</bind>
</comp>

<comp id="30" class="1001" name="const_30">
<pin_list>
<pin id="31" dir="1" index="0" bw="1" slack="2147483647"/>
</pin_list>
<bind>
<StgValue><ssdm name="p_str"/></StgValue>
</bind>
</comp>

<comp id="32" class="1001" name="const_32">
<pin_list>
<pin id="33" dir="1" index="0" bw="1" slack="0"/>
</pin_list>
<bind>
<StgValue><ssdm name=""/></StgValue>
</bind>
</comp>

<comp id="34" class="1001" name="const_34">
<pin_list>
<pin id="35" dir="1" index="0" bw="1" slack="2147483647"/>
</pin_list>
<bind>
<StgValue><ssdm name="_ssdm_op_SpecLoopTripCount"/></StgValue>
</bind>
</comp>

<comp id="36" class="1001" name="const_36">
<pin_list>
<pin id="37" dir="1" index="0" bw="1" slack="2147483647"/>
</pin_list>
<bind>
<StgValue><ssdm name=""/></StgValue>
</bind>
</comp>

<comp id="38" class="1001" name="const_38">
<pin_list>
<pin id="39" dir="1" index="0" bw="1" slack="2147483647"/>
</pin_list>
<bind>
<StgValue><ssdm name="_ssdm_op_SpecLoopName"/></StgValue>
</bind>
</comp>

<comp id="40" class="1001" name="const_40">
<pin_list>
<pin id="41" dir="1" index="0" bw="1" slack="2147483647"/>
</pin_list>
<bind>
<StgValue><ssdm name="empty_3"/></StgValue>
</bind>
</comp>

<comp id="42" class="1001" name="const_42">
<pin_list>
<pin id="43" dir="1" index="0" bw="1" slack="0"/>
</pin_list>
<bind>
<StgValue><ssdm name="_ssdm_op_Read.axis.volatile.i32P128A"/></StgValue>
</bind>
</comp>

<comp id="44" class="1001" name="const_44">
<pin_list>
<pin id="45" dir="1" index="0" bw="1" slack="0"/>
</pin_list>
<bind>
<StgValue><ssdm name=""/></StgValue>
</bind>
</comp>

<comp id="46" class="1001" name="const_46">
<pin_list>
<pin id="47" dir="1" index="0" bw="1" slack="0"/>
</pin_list>
<bind>
<StgValue><ssdm name="_ssdm_op_PartSelect.i2.i11.i32.i32"/></StgValue>
</bind>
</comp>

<comp id="48" class="1001" name="const_48">
<pin_list>
<pin id="49" dir="1" index="0" bw="1" slack="0"/>
</pin_list>
<bind>
<StgValue><ssdm name=""/></StgValue>
</bind>
</comp>

<comp id="50" class="1001" name="const_50">
<pin_list>
<pin id="51" dir="1" index="0" bw="1" slack="0"/>
</pin_list>
<bind>
<StgValue><ssdm name=""/></StgValue>
</bind>
</comp>

<comp id="52" class="1001" name="const_52">
<pin_list>
<pin id="53" dir="1" index="0" bw="1" slack="0"/>
</pin_list>
<bind>
<StgValue><ssdm name=""/></StgValue>
</bind>
</comp>

<comp id="54" class="1001" name="const_54">
<pin_list>
<pin id="55" dir="1" index="0" bw="1" slack="0"/>
</pin_list>
<bind>
<StgValue><ssdm name="_ssdm_op_Write.axis.volatile.i32P128A"/></StgValue>
</bind>
</comp>

<comp id="56" class="1004" name="tmp_read_fu_56">
<pin_list>
<pin id="57" dir="0" index="0" bw="32" slack="0"/>
<pin id="58" dir="0" index="1" bw="32" slack="0"/>
<pin id="59" dir="1" index="2" bw="32" slack="1"/>
</pin_list>
<bind>
<opcode="read(1150) " fcode="read"/>
<opset="tmp/2 "/>
</bind>
</comp>

<comp id="62" class="1004" name="grp_write_fu_62">
<pin_list>
<pin id="63" dir="0" index="0" bw="0" slack="0"/>
<pin id="64" dir="0" index="1" bw="32" slack="0"/>
<pin id="65" dir="0" index="2" bw="32" slack="1"/>
<pin id="66" dir="1" index="3" bw="0" slack="2147483647"/>
</pin_list>
<bind>
<opcode="write(1151) " fcode="write"/>
<opset="write_ln174/3 "/>
</bind>
</comp>

<comp id="69" class="1005" name="j_reg_69">
<pin_list>
<pin id="70" dir="0" index="0" bw="11" slack="1"/>
<pin id="71" dir="1" index="1" bw="11" slack="1"/>
</pin_list>
<bind>
<opset="j (phireg) "/>
</bind>
</comp>

<comp id="73" class="1004" name="j_phi_fu_73">
<pin_list>
<pin id="74" dir="0" index="0" bw="1" slack="1"/>
<pin id="75" dir="0" index="1" bw="0" slack="2147483647"/>
<pin id="76" dir="0" index="2" bw="11" slack="0"/>
<pin id="77" dir="0" index="3" bw="0" slack="2147483647"/>
<pin id="78" dir="1" index="4" bw="11" slack="0"/>
</pin_list>
<bind>
<opcode="phi(47) " fcode="phi"/>
<opset="j/2 "/>
</bind>
</comp>

<comp id="80" class="1004" name="j_1_fu_80">
<pin_list>
<pin id="81" dir="0" index="0" bw="11" slack="0"/>
<pin id="82" dir="0" index="1" bw="1" slack="0"/>
<pin id="83" dir="1" index="2" bw="11" slack="0"/>
</pin_list>
<bind>
<opcode="add(8) " fcode="add"/>
<opset="j_1/2 "/>
</bind>
</comp>

<comp id="86" class="1004" name="icmp_ln11_fu_86">
<pin_list>
<pin id="87" dir="0" index="0" bw="11" slack="0"/>
<pin id="88" dir="0" index="1" bw="11" slack="0"/>
<pin id="89" dir="1" index="2" bw="1" slack="1"/>
</pin_list>
<bind>
<opcode="icmp(45) " fcode="icmp"/>
<opset="icmp_ln11/2 "/>
</bind>
</comp>

<comp id="92" class="1004" name="add_ln14_fu_92">
<pin_list>
<pin id="93" dir="0" index="0" bw="11" slack="0"/>
<pin id="94" dir="0" index="1" bw="9" slack="0"/>
<pin id="95" dir="1" index="2" bw="11" slack="0"/>
</pin_list>
<bind>
<opcode="add(8) " fcode="add"/>
<opset="add_ln14/2 "/>
</bind>
</comp>

<comp id="98" class="1004" name="tmp_1_fu_98">
<pin_list>
<pin id="99" dir="0" index="0" bw="2" slack="0"/>
<pin id="100" dir="0" index="1" bw="11" slack="0"/>
<pin id="101" dir="0" index="2" bw="5" slack="0"/>
<pin id="102" dir="0" index="3" bw="5" slack="0"/>
<pin id="103" dir="1" index="4" bw="2" slack="0"/>
</pin_list>
<bind>
<opcode="partselect(1002) " fcode="partselect"/>
<opset="tmp_1/2 "/>
</bind>
</comp>

<comp id="108" class="1004" name="icmp_ln14_fu_108">
<pin_list>
<pin id="109" dir="0" index="0" bw="2" slack="0"/>
<pin id="110" dir="0" index="1" bw="2" slack="0"/>
<pin id="111" dir="1" index="2" bw="1" slack="1"/>
</pin_list>
<bind>
<opcode="icmp(45) " fcode="icmp"/>
<opset="icmp_ln14/2 "/>
</bind>
</comp>

<comp id="114" class="1005" name="j_1_reg_114">
<pin_list>
<pin id="115" dir="0" index="0" bw="11" slack="0"/>
<pin id="116" dir="1" index="1" bw="11" slack="0"/>
</pin_list>
<bind>
<opset="j_1 "/>
</bind>
</comp>

<comp id="119" class="1005" name="icmp_ln11_reg_119">
<pin_list>
<pin id="120" dir="0" index="0" bw="1" slack="1"/>
<pin id="121" dir="1" index="1" bw="1" slack="2147483647"/>
</pin_list>
<bind>
<opset="icmp_ln11 "/>
</bind>
</comp>

<comp id="123" class="1005" name="tmp_reg_123">
<pin_list>
<pin id="124" dir="0" index="0" bw="32" slack="1"/>
<pin id="125" dir="1" index="1" bw="32" slack="1"/>
</pin_list>
<bind>
<opset="tmp "/>
</bind>
</comp>

<comp id="128" class="1005" name="icmp_ln14_reg_128">
<pin_list>
<pin id="129" dir="0" index="0" bw="1" slack="1"/>
<pin id="130" dir="1" index="1" bw="1" slack="2147483647"/>
</pin_list>
<bind>
<opset="icmp_ln14 "/>
</bind>
</comp>

</comp_list>

<net_list>
<net id="60"><net_src comp="42" pin="0"/><net_sink comp="56" pin=0"/></net>

<net id="61"><net_src comp="0" pin="0"/><net_sink comp="56" pin=1"/></net>

<net id="67"><net_src comp="54" pin="0"/><net_sink comp="62" pin=0"/></net>

<net id="68"><net_src comp="2" pin="0"/><net_sink comp="62" pin=1"/></net>

<net id="72"><net_src comp="22" pin="0"/><net_sink comp="69" pin=0"/></net>

<net id="79"><net_src comp="69" pin="1"/><net_sink comp="73" pin=0"/></net>

<net id="84"><net_src comp="73" pin="4"/><net_sink comp="80" pin=0"/></net>

<net id="85"><net_src comp="24" pin="0"/><net_sink comp="80" pin=1"/></net>

<net id="90"><net_src comp="73" pin="4"/><net_sink comp="86" pin=0"/></net>

<net id="91"><net_src comp="32" pin="0"/><net_sink comp="86" pin=1"/></net>

<net id="96"><net_src comp="73" pin="4"/><net_sink comp="92" pin=0"/></net>

<net id="97"><net_src comp="44" pin="0"/><net_sink comp="92" pin=1"/></net>

<net id="104"><net_src comp="46" pin="0"/><net_sink comp="98" pin=0"/></net>

<net id="105"><net_src comp="92" pin="2"/><net_sink comp="98" pin=1"/></net>

<net id="106"><net_src comp="48" pin="0"/><net_sink comp="98" pin=2"/></net>

<net id="107"><net_src comp="50" pin="0"/><net_sink comp="98" pin=3"/></net>

<net id="112"><net_src comp="98" pin="4"/><net_sink comp="108" pin=0"/></net>

<net id="113"><net_src comp="52" pin="0"/><net_sink comp="108" pin=1"/></net>

<net id="117"><net_src comp="80" pin="2"/><net_sink comp="114" pin=0"/></net>

<net id="118"><net_src comp="114" pin="1"/><net_sink comp="73" pin=2"/></net>

<net id="122"><net_src comp="86" pin="2"/><net_sink comp="119" pin=0"/></net>

<net id="126"><net_src comp="56" pin="2"/><net_sink comp="123" pin=0"/></net>

<net id="127"><net_src comp="123" pin="1"/><net_sink comp="62" pin=2"/></net>

<net id="131"><net_src comp="108" pin="2"/><net_sink comp="128" pin=0"/></net>

</net_list>

</model> 
---------------- Datapath Model END ------------------

* FSMD analyzer results:
  - Output states:
	Port: out_cut_data_V | {4 }
 - Input state : 
	Port: axi_cut_zeroes : in_data_V | {2 }
  - Chain level:
	State 1
	State 2
		j_1 : 1
		icmp_ln11 : 1
		br_ln11 : 2
		add_ln14 : 1
		tmp_1 : 2
		icmp_ln14 : 3
		br_ln14 : 4
	State 3
	State 4
	State 5


============================================================
+ Verbose Summary: Datapath Resource usage 
============================================================

* Functional unit list:
|----------|------------------|---------|---------|
| Operation|  Functional Unit |    FF   |   LUT   |
|----------|------------------|---------|---------|
|    add   |     j_1_fu_80    |    0    |    12   |
|          |  add_ln14_fu_92  |    0    |    12   |
|----------|------------------|---------|---------|
|   icmp   |  icmp_ln11_fu_86 |    0    |    11   |
|          | icmp_ln14_fu_108 |    0    |    8    |
|----------|------------------|---------|---------|
|   read   |  tmp_read_fu_56  |    0    |    0    |
|----------|------------------|---------|---------|
|   write  |  grp_write_fu_62 |    0    |    0    |
|----------|------------------|---------|---------|
|partselect|    tmp_1_fu_98   |    0    |    0    |
|----------|------------------|---------|---------|
|   Total  |                  |    0    |    43   |
|----------|------------------|---------|---------|

Memories:
N/A

* Register list:
+-----------------+--------+
|                 |   FF   |
+-----------------+--------+
|icmp_ln11_reg_119|    1   |
|icmp_ln14_reg_128|    1   |
|   j_1_reg_114   |   11   |
|     j_reg_69    |   11   |
|   tmp_reg_123   |   32   |
+-----------------+--------+
|      Total      |   56   |
+-----------------+--------+

* Multiplexer (MUX) list: 
|--------|------|------|------|--------|
|  Comp  |  Pin | Size |  BW  | S x BW |
|--------|------|------|------|--------|
|  Total |      |      |      |    0   |
|--------|------|------|------|--------|



* Summary:
+-----------+--------+--------+
|           |   FF   |   LUT  |
+-----------+--------+--------+
|  Function |    0   |   43   |
|   Memory  |    -   |    -   |
|Multiplexer|    -   |    -   |
|  Register |   56   |    -   |
+-----------+--------+--------+
|   Total   |   56   |   43   |
+-----------+--------+--------+
