#-----------------------------------------------------------
# xsim v2020.2 (64-bit)
# SW Build 3064766 on Wed Nov 18 09:12:47 MST 2020
# IP Build 3064653 on Wed Nov 18 14:17:31 MST 2020
# Start of session at: Sat Apr 27 17:21:45 2024
# Process ID: 32089
# Current directory: /home/usuario/Escritorio/Tesis/IP_V3/punto_flotante/Rectification_mean/rect_float/solution1/sim/vhdl
# Command line: xsim -mode tcl -source {xsim.dir/rect_float/xsim_script.tcl}
# Log file: /home/usuario/Escritorio/Tesis/IP_V3/punto_flotante/Rectification_mean/rect_float/solution1/sim/vhdl/xsim.log
# Journal file: /home/usuario/Escritorio/Tesis/IP_V3/punto_flotante/Rectification_mean/rect_float/solution1/sim/vhdl/xsim.jou
#-----------------------------------------------------------
source xsim.dir/rect_float/xsim_script.tcl
# xsim {rect_float} -autoloadwcfg -tclbatch {rect_float.tcl}
Vivado Simulator 2020.2
Time resolution is 1 ps
source rect_float.tcl
## run all
Note: simulation done!
Time: 10415 ns  Iteration: 1  Process: /apatb_rect_float_top/generate_sim_done_proc  File: /home/usuario/Escritorio/Tesis/IP_V3/punto_flotante/Rectification_mean/rect_float/solution1/sim/vhdl/rect_float.autotb.vhd
Failure: NORMAL EXIT (note: failure is to force the simulator to stop)
Time: 10415 ns  Iteration: 1  Process: /apatb_rect_float_top/generate_sim_done_proc  File: /home/usuario/Escritorio/Tesis/IP_V3/punto_flotante/Rectification_mean/rect_float/solution1/sim/vhdl/rect_float.autotb.vhd
$finish called at time : 10415 ns
## quit
INFO: [Common 17-206] Exiting xsim at Sat Apr 27 17:21:59 2024...
