#-----------------------------------------------------------
# Vivado v2020.2 (64-bit)
# SW Build 3064766 on Wed Nov 18 09:12:47 MST 2020
# IP Build 3064653 on Wed Nov 18 14:17:31 MST 2020
# Start of session at: Tue Apr 30 14:01:51 2024
# Process ID: 5290
# Current directory: /home/usuario/Escritorio/Tesis/IP_V3/punto_flotante/convertion_mv/mv_float/solution1/.autopilot/db/ip_tmp
# Command line: vivado  -notrace -log vivado.log -mode batch -source run_vivado_gen_ip.tcl
# Log file: /home/usuario/Escritorio/Tesis/IP_V3/punto_flotante/convertion_mv/mv_float/solution1/.autopilot/db/ip_tmp/vivado.log
# Journal file: /home/usuario/Escritorio/Tesis/IP_V3/punto_flotante/convertion_mv/mv_float/solution1/.autopilot/db/ip_tmp/vivado.jou
#-----------------------------------------------------------
source run_vivado_gen_ip.tcl -notrace
INFO: [IP_Flow 19-234] Refreshing IP repositories
INFO: [IP_Flow 19-1704] No user IP repositories specified
INFO: [IP_Flow 19-2313] Loaded Vivado IP repository '/opt/Xilinx/Vivado/2020.2/data/ip'.
WARNING: [IP_Flow 19-4832] The IP name 'mv_float_ap_uitofp_4_no_dsp_32' you have specified is long. The Windows operating system has path length limitations. It is recommended you use shorter names to reduce the likelihood of issues.
create_ip: Time (s): cpu = 00:00:09 ; elapsed = 00:00:09 . Memory (MB): peak = 2357.582 ; gain = 43.016 ; free physical = 815 ; free virtual = 4872
INFO: [IP_Flow 19-1686] Generating 'Synthesis' target for IP 'mv_float_ap_uitofp_4_no_dsp_32'...
INFO: [IP_Flow 19-1686] Generating 'Simulation' target for IP 'mv_float_ap_uitofp_4_no_dsp_32'...
WARNING: [IP_Flow 19-4832] The IP name 'mv_float_ap_fdiv_14_no_dsp_32' you have specified is long. The Windows operating system has path length limitations. It is recommended you use shorter names to reduce the likelihood of issues.
create_ip: Time (s): cpu = 00:00:06 ; elapsed = 00:00:06 . Memory (MB): peak = 2357.586 ; gain = 0.004 ; free physical = 791 ; free virtual = 4864
INFO: [IP_Flow 19-1686] Generating 'Synthesis' target for IP 'mv_float_ap_fdiv_14_no_dsp_32'...
INFO: [IP_Flow 19-1686] Generating 'Simulation' target for IP 'mv_float_ap_fdiv_14_no_dsp_32'...
WARNING: [IP_Flow 19-4832] The IP name 'mv_float_ap_fadd_3_full_dsp_32' you have specified is long. The Windows operating system has path length limitations. It is recommended you use shorter names to reduce the likelihood of issues.
create_ip: Time (s): cpu = 00:00:06 ; elapsed = 00:00:06 . Memory (MB): peak = 2357.586 ; gain = 0.000 ; free physical = 777 ; free virtual = 4858
INFO: [IP_Flow 19-1686] Generating 'Synthesis' target for IP 'mv_float_ap_fadd_3_full_dsp_32'...
INFO: [IP_Flow 19-1686] Generating 'Simulation' target for IP 'mv_float_ap_fadd_3_full_dsp_32'...
WARNING: [IP_Flow 19-4832] The IP name 'mv_float_ap_fmul_2_max_dsp_32' you have specified is long. The Windows operating system has path length limitations. It is recommended you use shorter names to reduce the likelihood of issues.
create_ip: Time (s): cpu = 00:00:06 ; elapsed = 00:00:06 . Memory (MB): peak = 2357.586 ; gain = 0.000 ; free physical = 763 ; free virtual = 4852
INFO: [IP_Flow 19-1686] Generating 'Synthesis' target for IP 'mv_float_ap_fmul_2_max_dsp_32'...
INFO: [IP_Flow 19-1686] Generating 'Simulation' target for IP 'mv_float_ap_fmul_2_max_dsp_32'...
INFO: [Common 17-206] Exiting Vivado at Tue Apr 30 14:02:39 2024...
