#-----------------------------------------------------------
# Vivado v2020.2 (64-bit)
# SW Build 3064766 on Wed Nov 18 09:12:47 MST 2020
# IP Build 3064653 on Wed Nov 18 14:17:31 MST 2020
# Start of session at: Sat Apr 27 17:22:54 2024
# Process ID: 32288
# Current directory: /home/usuario/Escritorio/Tesis/IP_V3/punto_flotante/Rectification_mean/rect_float/solution1/impl/ip
# Command line: vivado -notrace -mode batch -source run_ippack.tcl
# Log file: /home/usuario/Escritorio/Tesis/IP_V3/punto_flotante/Rectification_mean/rect_float/solution1/impl/ip/vivado.log
# Journal file: /home/usuario/Escritorio/Tesis/IP_V3/punto_flotante/Rectification_mean/rect_float/solution1/impl/ip/vivado.jou
#-----------------------------------------------------------
source run_ippack.tcl -notrace
INFO: [IP_Flow 19-234] Refreshing IP repositories
INFO: [IP_Flow 19-1704] No user IP repositories specified
INFO: [IP_Flow 19-2313] Loaded Vivado IP repository '/opt/Xilinx/Vivado/2020.2/data/ip'.
WARNING: [IP_Flow 19-4832] The IP name 'rect_float_ap_fcmp_0_no_dsp_32' you have specified is long. The Windows operating system has path length limitations. It is recommended you use shorter names to reduce the likelihood of issues.
create_ip: Time (s): cpu = 00:00:10 ; elapsed = 00:00:10 . Memory (MB): peak = 2357.582 ; gain = 43.016 ; free physical = 1712 ; free virtual = 7033
INFO: [IP_Flow 19-1686] Generating 'Synthesis' target for IP 'rect_float_ap_fcmp_0_no_dsp_32'...
INFO: [IP_Flow 19-1686] Generating 'Simulation' target for IP 'rect_float_ap_fcmp_0_no_dsp_32'...
INFO: [IP_Flow 19-234] Refreshing IP repositories
INFO: [IP_Flow 19-1704] No user IP repositories specified
INFO: [IP_Flow 19-2313] Loaded Vivado IP repository '/opt/Xilinx/Vivado/2020.2/data/ip'.
INFO: [Common 17-206] Exiting Vivado at Sat Apr 27 17:23:21 2024...
