Copyright 1986-2020 Xilinx, Inc. All Rights Reserved.
-------------------------------------------------------------------------------------------------------
| Tool Version : Vivado v.2020.2 (lin64) Build 3064766 Wed Nov 18 09:12:47 MST 2020
| Date         : Mon Jun 10 10:32:15 2024
| Host         : vitis-VBox running 64-bit Ubuntu 18.04.6 LTS
| Command      : report_timing -max_paths 10 -file ./report/butterworth_double_timing_paths_routed.rpt
| Design       : bd_0_wrapper
| Device       : 7z020-clg400
| Speed File   : -1  PRODUCTION 1.12 2019-11-22
-------------------------------------------------------------------------------------------------------

Timing Report

Slack (MET) :             1.545ns  (required time - arrival time)
  Source:                 bd_0_i/hls_inst/U0/dmul_64ns_64ns_64_7_max_dsp_1_U5/din0_buf1_reg[13]/C
                            (rising edge-triggered cell FDRE clocked by ap_clk  {rise@0.000ns fall@5.000ns period=10.000ns})
  Destination:            bd_0_i/hls_inst/U0/dmul_64ns_64ns_64_7_max_dsp_1_U5/butterworth_double_ap_dmul_5_max_dsp_64_u/inst/i_synth/MULT.OP/i_non_prim.MULT/DSP48E1_SPD_DBL_VARIANT.FIX_MULT/ZD0_DEL/i_pipe/opt_has_pipe.first_q_reg[0]/D
                            (rising edge-triggered cell FDRE clocked by ap_clk  {rise@0.000ns fall@5.000ns period=10.000ns})
  Path Group:             ap_clk
  Path Type:              Setup (Max at Slow Process Corner)
  Requirement:            10.000ns  (ap_clk rise@10.000ns - ap_clk rise@0.000ns)
  Data Path Delay:        8.355ns  (logic 4.924ns (58.936%)  route 3.431ns (41.064%))
  Logic Levels:           1  (DSP48E1=1)
  Clock Path Skew:        -0.049ns (DCD - SCD + CPR)
    Destination Clock Delay (DCD):    0.924ns = ( 10.924 - 10.000 ) 
    Source Clock Delay      (SCD):    0.973ns
    Clock Pessimism Removal (CPR):    0.000ns
  Clock Uncertainty:      0.035ns  ((TSJ^2 + TIJ^2)^1/2 + DJ) / 2 + PE
    Total System Jitter     (TSJ):    0.071ns
    Total Input Jitter      (TIJ):    0.000ns
    Discrete Jitter          (DJ):    0.000ns
    Phase Error              (PE):    0.000ns

    Location             Delay type                Incr(ns)  Path(ns)    Netlist Resource(s)
  -------------------------------------------------------------------    -------------------
                         (clock ap_clk rise edge)     0.000     0.000 r  
                                                      0.000     0.000 r  ap_clk (IN)
                         net (fo=3705, unset)         0.973     0.973    bd_0_i/hls_inst/U0/dmul_64ns_64ns_64_7_max_dsp_1_U5/ap_clk
    SLICE_X36Y61         FDRE                                         r  bd_0_i/hls_inst/U0/dmul_64ns_64ns_64_7_max_dsp_1_U5/din0_buf1_reg[13]/C
  -------------------------------------------------------------------    -------------------
    SLICE_X36Y61         FDRE (Prop_fdre_C_Q)         0.518     1.491 r  bd_0_i/hls_inst/U0/dmul_64ns_64ns_64_7_max_dsp_1_U5/din0_buf1_reg[13]/Q
                         net (fo=4, routed)           2.067     3.558    bd_0_i/hls_inst/U0/dmul_64ns_64ns_64_7_max_dsp_1_U5/butterworth_double_ap_dmul_5_max_dsp_64_u/inst/i_synth/MULT.OP/i_non_prim.MULT/DSP48E1_SPD_DBL_VARIANT.FIX_MULT/DSP0/s_axis_a_tdata[13]
    DSP48_X2Y9           DSP48E1 (Prop_dsp48e1_A[13]_PATTERNDETECT)
                                                      4.406     7.964 r  bd_0_i/hls_inst/U0/dmul_64ns_64ns_64_7_max_dsp_1_U5/butterworth_double_ap_dmul_5_max_dsp_64_u/inst/i_synth/MULT.OP/i_non_prim.MULT/DSP48E1_SPD_DBL_VARIANT.FIX_MULT/DSP0/i_no_versal_es1_workaround.DSP/PATTERNDETECT
                         net (fo=1, routed)           1.364     9.328    bd_0_i/hls_inst/U0/dmul_64ns_64ns_64_7_max_dsp_1_U5/butterworth_double_ap_dmul_5_max_dsp_64_u/inst/i_synth/MULT.OP/i_non_prim.MULT/DSP48E1_SPD_DBL_VARIANT.FIX_MULT/ZD0_DEL/i_pipe/dsp0_pd_p3
    SLICE_X36Y47         FDRE                                         r  bd_0_i/hls_inst/U0/dmul_64ns_64ns_64_7_max_dsp_1_U5/butterworth_double_ap_dmul_5_max_dsp_64_u/inst/i_synth/MULT.OP/i_non_prim.MULT/DSP48E1_SPD_DBL_VARIANT.FIX_MULT/ZD0_DEL/i_pipe/opt_has_pipe.first_q_reg[0]/D
  -------------------------------------------------------------------    -------------------

                         (clock ap_clk rise edge)    10.000    10.000 r  
                                                      0.000    10.000 r  ap_clk (IN)
                         net (fo=3705, unset)         0.924    10.924    bd_0_i/hls_inst/U0/dmul_64ns_64ns_64_7_max_dsp_1_U5/butterworth_double_ap_dmul_5_max_dsp_64_u/inst/i_synth/MULT.OP/i_non_prim.MULT/DSP48E1_SPD_DBL_VARIANT.FIX_MULT/ZD0_DEL/i_pipe/aclk
    SLICE_X36Y47         FDRE                                         r  bd_0_i/hls_inst/U0/dmul_64ns_64ns_64_7_max_dsp_1_U5/butterworth_double_ap_dmul_5_max_dsp_64_u/inst/i_synth/MULT.OP/i_non_prim.MULT/DSP48E1_SPD_DBL_VARIANT.FIX_MULT/ZD0_DEL/i_pipe/opt_has_pipe.first_q_reg[0]/C
                         clock pessimism              0.000    10.924    
                         clock uncertainty           -0.035    10.889    
    SLICE_X36Y47         FDRE (Setup_fdre_C_D)       -0.016    10.873    bd_0_i/hls_inst/U0/dmul_64ns_64ns_64_7_max_dsp_1_U5/butterworth_double_ap_dmul_5_max_dsp_64_u/inst/i_synth/MULT.OP/i_non_prim.MULT/DSP48E1_SPD_DBL_VARIANT.FIX_MULT/ZD0_DEL/i_pipe/opt_has_pipe.first_q_reg[0]
  -------------------------------------------------------------------
                         required time                         10.873    
                         arrival time                          -9.328    
  -------------------------------------------------------------------
                         slack                                  1.545    

Slack (MET) :             1.744ns  (required time - arrival time)
  Source:                 bd_0_i/hls_inst/U0/dadddsub_64ns_64ns_64_7_full_dsp_1_U3/butterworth_double_ap_dadddsub_5_full_dsp_64_u/inst/i_synth/ADDSUB_OP.ADDSUB/LOGIC_SPEED.OP/NORM/ZEROS_DELAY/i_pipe/opt_has_pipe.i_pipe[2].pipe_reg[2][0]/C
                            (rising edge-triggered cell FDRE clocked by ap_clk  {rise@0.000ns fall@5.000ns period=10.000ns})
  Destination:            bd_0_i/hls_inst/U0/dadddsub_64ns_64ns_64_7_full_dsp_1_U3/butterworth_double_ap_dadddsub_5_full_dsp_64_u/inst/i_synth/ADDSUB_OP.ADDSUB/LOGIC_SPEED.OP/OP/RESULT_REG.NORMAL.exp_op_reg[9]/D
                            (rising edge-triggered cell FDRE clocked by ap_clk  {rise@0.000ns fall@5.000ns period=10.000ns})
  Path Group:             ap_clk
  Path Type:              Setup (Max at Slow Process Corner)
  Requirement:            10.000ns  (ap_clk rise@10.000ns - ap_clk rise@0.000ns)
  Data Path Delay:        8.234ns  (logic 4.788ns (58.149%)  route 3.446ns (41.851%))
  Logic Levels:           8  (CARRY4=4 DSP48E1=1 LUT3=2 LUT6=1)
  Clock Path Skew:        -0.049ns (DCD - SCD + CPR)
    Destination Clock Delay (DCD):    0.924ns = ( 10.924 - 10.000 ) 
    Source Clock Delay      (SCD):    0.973ns
    Clock Pessimism Removal (CPR):    0.000ns
  Clock Uncertainty:      0.035ns  ((TSJ^2 + TIJ^2)^1/2 + DJ) / 2 + PE
    Total System Jitter     (TSJ):    0.071ns
    Total Input Jitter      (TIJ):    0.000ns
    Discrete Jitter          (DJ):    0.000ns
    Phase Error              (PE):    0.000ns

    Location             Delay type                Incr(ns)  Path(ns)    Netlist Resource(s)
  -------------------------------------------------------------------    -------------------
                         (clock ap_clk rise edge)     0.000     0.000 r  
                                                      0.000     0.000 r  ap_clk (IN)
                         net (fo=3705, unset)         0.973     0.973    bd_0_i/hls_inst/U0/dadddsub_64ns_64ns_64_7_full_dsp_1_U3/butterworth_double_ap_dadddsub_5_full_dsp_64_u/inst/i_synth/ADDSUB_OP.ADDSUB/LOGIC_SPEED.OP/NORM/ZEROS_DELAY/i_pipe/aclk
    SLICE_X56Y65         FDRE                                         r  bd_0_i/hls_inst/U0/dadddsub_64ns_64ns_64_7_full_dsp_1_U3/butterworth_double_ap_dadddsub_5_full_dsp_64_u/inst/i_synth/ADDSUB_OP.ADDSUB/LOGIC_SPEED.OP/NORM/ZEROS_DELAY/i_pipe/opt_has_pipe.i_pipe[2].pipe_reg[2][0]/C
  -------------------------------------------------------------------    -------------------
    SLICE_X56Y65         FDRE (Prop_fdre_C_Q)         0.419     1.392 f  bd_0_i/hls_inst/U0/dadddsub_64ns_64ns_64_7_full_dsp_1_U3/butterworth_double_ap_dadddsub_5_full_dsp_64_u/inst/i_synth/ADDSUB_OP.ADDSUB/LOGIC_SPEED.OP/NORM/ZEROS_DELAY/i_pipe/opt_has_pipe.i_pipe[2].pipe_reg[2][0]/Q
                         net (fo=1, routed)           0.538     1.930    bd_0_i/hls_inst/U0/dadddsub_64ns_64ns_64_7_full_dsp_1_U3/butterworth_double_ap_dadddsub_5_full_dsp_64_u/inst/i_synth/ADDSUB_OP.ADDSUB/LOGIC_SPEED.OP/NORM/NORM_SHIFT/MUX_LOOP[2].DEL_SHIFT/i_pipe/zeros_del
    SLICE_X53Y65         LUT3 (Prop_lut3_I2_O)        0.299     2.229 r  bd_0_i/hls_inst/U0/dadddsub_64ns_64ns_64_7_full_dsp_1_U3/butterworth_double_ap_dadddsub_5_full_dsp_64_u/inst/i_synth/ADDSUB_OP.ADDSUB/LOGIC_SPEED.OP/NORM/NORM_SHIFT/MUX_LOOP[2].DEL_SHIFT/i_pipe/CHAIN_GEN[0].C_MUX.CARRY_MUX_i_3__0/O
                         net (fo=1, routed)           0.940     3.169    bd_0_i/hls_inst/U0/dadddsub_64ns_64ns_64_7_full_dsp_1_U3/butterworth_double_ap_dadddsub_5_full_dsp_64_u/inst/i_synth/ADDSUB_OP.ADDSUB/LOGIC_SPEED.OP/NORM/ROUND/RND_BIT_GEN/NORM_1_OR_0.STRUCT_REQ.SPECIAL.RND_CHAIN/i_no_versal_es1_workaround.DSP
    SLICE_X37Y65         CARRY4 (Prop_carry4_CYINIT_CO[0])
                                                      0.536     3.705 r  bd_0_i/hls_inst/U0/dadddsub_64ns_64ns_64_7_full_dsp_1_U3/butterworth_double_ap_dadddsub_5_full_dsp_64_u/inst/i_synth/ADDSUB_OP.ADDSUB/LOGIC_SPEED.OP/NORM/ROUND/RND_BIT_GEN/NORM_1_OR_0.STRUCT_REQ.SPECIAL.RND_CHAIN/CHAIN_GEN[0].C_MUX.CARRY_MUX_CARRY4/CO[0]
                         net (fo=1, routed)           0.405     4.110    bd_0_i/hls_inst/U0/dadddsub_64ns_64ns_64_7_full_dsp_1_U3/butterworth_double_ap_dadddsub_5_full_dsp_64_u/inst/i_synth/ADDSUB_OP.ADDSUB/LOGIC_SPEED.OP/NORM/ROUND/DSP48_E1.DSP48E1_ADD.DSP48E1_ADD/B[0]
    DSP48_X2Y26          DSP48E1 (Prop_dsp48e1_B[1]_P[47])
                                                      2.306     6.416 r  bd_0_i/hls_inst/U0/dadddsub_64ns_64ns_64_7_full_dsp_1_U3/butterworth_double_ap_dadddsub_5_full_dsp_64_u/inst/i_synth/ADDSUB_OP.ADDSUB/LOGIC_SPEED.OP/NORM/ROUND/DSP48_E1.DSP48E1_ADD.DSP48E1_ADD/i_no_versal_es1_workaround.DSP/P[47]
                         net (fo=7, routed)           0.988     7.404    bd_0_i/hls_inst/U0/dadddsub_64ns_64ns_64_7_full_dsp_1_U3/butterworth_double_ap_dadddsub_5_full_dsp_64_u/inst/i_synth/ADDSUB_OP.ADDSUB/LOGIC_SPEED.OP/NORM/ROUND/DSP48_E1.DSP_LOGIC_ADDERS.RND_1/P[0]
    SLICE_X47Y72         LUT3 (Prop_lut3_I1_O)        0.124     7.528 r  bd_0_i/hls_inst/U0/dadddsub_64ns_64ns_64_7_full_dsp_1_U3/butterworth_double_ap_dadddsub_5_full_dsp_64_u/inst/i_synth/ADDSUB_OP.ADDSUB/LOGIC_SPEED.OP/NORM/ROUND/DSP48_E1.DSP_LOGIC_ADDERS.RND_1/RESULT_REG.NORMAL.exp_op[3]_i_7/O
                         net (fo=1, routed)           0.575     8.103    bd_0_i/hls_inst/U0/dadddsub_64ns_64ns_64_7_full_dsp_1_U3/butterworth_double_ap_dadddsub_5_full_dsp_64_u/inst/i_synth/ADDSUB_OP.ADDSUB/LOGIC_SPEED.OP/EXP/STATE_DELAY/i_pipe/RESULT_REG.NORMAL.exp_op_reg[3]
    SLICE_X40Y72         LUT6 (Prop_lut6_I3_O)        0.124     8.227 r  bd_0_i/hls_inst/U0/dadddsub_64ns_64ns_64_7_full_dsp_1_U3/butterworth_double_ap_dadddsub_5_full_dsp_64_u/inst/i_synth/ADDSUB_OP.ADDSUB/LOGIC_SPEED.OP/EXP/STATE_DELAY/i_pipe/RESULT_REG.NORMAL.exp_op[3]_i_6/O
                         net (fo=1, routed)           0.000     8.227    bd_0_i/hls_inst/U0/dadddsub_64ns_64ns_64_7_full_dsp_1_U3/butterworth_double_ap_dadddsub_5_full_dsp_64_u/inst/i_synth/ADDSUB_OP.ADDSUB/LOGIC_SPEED.OP/EXP/EXP_OFF.LRG_EXP_DELAY/i_pipe/RESULT_REG.NORMAL.exp_op_reg[3][0]
    SLICE_X40Y72         CARRY4 (Prop_carry4_S[0]_CO[3])
                                                      0.532     8.759 r  bd_0_i/hls_inst/U0/dadddsub_64ns_64ns_64_7_full_dsp_1_U3/butterworth_double_ap_dadddsub_5_full_dsp_64_u/inst/i_synth/ADDSUB_OP.ADDSUB/LOGIC_SPEED.OP/EXP/EXP_OFF.LRG_EXP_DELAY/i_pipe/RESULT_REG.NORMAL.exp_op_reg[3]_i_1/CO[3]
                         net (fo=1, routed)           0.000     8.759    bd_0_i/hls_inst/U0/dadddsub_64ns_64ns_64_7_full_dsp_1_U3/butterworth_double_ap_dadddsub_5_full_dsp_64_u/inst/i_synth/ADDSUB_OP.ADDSUB/LOGIC_SPEED.OP/EXP/EXP_OFF.LRG_EXP_DELAY/i_pipe/RESULT_REG.NORMAL.exp_op_reg[3]_i_1_n_0
    SLICE_X40Y73         CARRY4 (Prop_carry4_CI_CO[3])
                                                      0.114     8.873 r  bd_0_i/hls_inst/U0/dadddsub_64ns_64ns_64_7_full_dsp_1_U3/butterworth_double_ap_dadddsub_5_full_dsp_64_u/inst/i_synth/ADDSUB_OP.ADDSUB/LOGIC_SPEED.OP/EXP/EXP_OFF.LRG_EXP_DELAY/i_pipe/RESULT_REG.NORMAL.exp_op_reg[7]_i_1/CO[3]
                         net (fo=1, routed)           0.000     8.873    bd_0_i/hls_inst/U0/dadddsub_64ns_64ns_64_7_full_dsp_1_U3/butterworth_double_ap_dadddsub_5_full_dsp_64_u/inst/i_synth/ADDSUB_OP.ADDSUB/LOGIC_SPEED.OP/EXP/EXP_OFF.LRG_EXP_DELAY/i_pipe/RESULT_REG.NORMAL.exp_op_reg[7]_i_1_n_0
    SLICE_X40Y74         CARRY4 (Prop_carry4_CI_O[1])
                                                      0.334     9.207 r  bd_0_i/hls_inst/U0/dadddsub_64ns_64ns_64_7_full_dsp_1_U3/butterworth_double_ap_dadddsub_5_full_dsp_64_u/inst/i_synth/ADDSUB_OP.ADDSUB/LOGIC_SPEED.OP/EXP/EXP_OFF.LRG_EXP_DELAY/i_pipe/RESULT_REG.NORMAL.exp_op_reg[10]_i_1/O[1]
                         net (fo=1, routed)           0.000     9.207    bd_0_i/hls_inst/U0/dadddsub_64ns_64ns_64_7_full_dsp_1_U3/butterworth_double_ap_dadddsub_5_full_dsp_64_u/inst/i_synth/ADDSUB_OP.ADDSUB/LOGIC_SPEED.OP/OP/D[9]
    SLICE_X40Y74         FDRE                                         r  bd_0_i/hls_inst/U0/dadddsub_64ns_64ns_64_7_full_dsp_1_U3/butterworth_double_ap_dadddsub_5_full_dsp_64_u/inst/i_synth/ADDSUB_OP.ADDSUB/LOGIC_SPEED.OP/OP/RESULT_REG.NORMAL.exp_op_reg[9]/D
  -------------------------------------------------------------------    -------------------

                         (clock ap_clk rise edge)    10.000    10.000 r  
                                                      0.000    10.000 r  ap_clk (IN)
                         net (fo=3705, unset)         0.924    10.924    bd_0_i/hls_inst/U0/dadddsub_64ns_64ns_64_7_full_dsp_1_U3/butterworth_double_ap_dadddsub_5_full_dsp_64_u/inst/i_synth/ADDSUB_OP.ADDSUB/LOGIC_SPEED.OP/OP/aclk
    SLICE_X40Y74         FDRE                                         r  bd_0_i/hls_inst/U0/dadddsub_64ns_64ns_64_7_full_dsp_1_U3/butterworth_double_ap_dadddsub_5_full_dsp_64_u/inst/i_synth/ADDSUB_OP.ADDSUB/LOGIC_SPEED.OP/OP/RESULT_REG.NORMAL.exp_op_reg[9]/C
                         clock pessimism              0.000    10.924    
                         clock uncertainty           -0.035    10.889    
    SLICE_X40Y74         FDRE (Setup_fdre_C_D)        0.062    10.951    bd_0_i/hls_inst/U0/dadddsub_64ns_64ns_64_7_full_dsp_1_U3/butterworth_double_ap_dadddsub_5_full_dsp_64_u/inst/i_synth/ADDSUB_OP.ADDSUB/LOGIC_SPEED.OP/OP/RESULT_REG.NORMAL.exp_op_reg[9]
  -------------------------------------------------------------------
                         required time                         10.951    
                         arrival time                          -9.207    
  -------------------------------------------------------------------
                         slack                                  1.744    

Slack (MET) :             1.792ns  (required time - arrival time)
  Source:                 bd_0_i/hls_inst/U0/dadddsub_64ns_64ns_64_7_full_dsp_1_U4/butterworth_double_ap_dadddsub_5_full_dsp_64_u/inst/i_synth/ADDSUB_OP.ADDSUB/LOGIC_SPEED.OP/NORM/ZEROS_DELAY/i_pipe/opt_has_pipe.i_pipe[2].pipe_reg[2][0]/C
                            (rising edge-triggered cell FDRE clocked by ap_clk  {rise@0.000ns fall@5.000ns period=10.000ns})
  Destination:            bd_0_i/hls_inst/U0/dadddsub_64ns_64ns_64_7_full_dsp_1_U4/butterworth_double_ap_dadddsub_5_full_dsp_64_u/inst/i_synth/ADDSUB_OP.ADDSUB/LOGIC_SPEED.OP/OP/RESULT_REG.NORMAL.exp_op_reg[9]/D
                            (rising edge-triggered cell FDRE clocked by ap_clk  {rise@0.000ns fall@5.000ns period=10.000ns})
  Path Group:             ap_clk
  Path Type:              Setup (Max at Slow Process Corner)
  Requirement:            10.000ns  (ap_clk rise@10.000ns - ap_clk rise@0.000ns)
  Data Path Delay:        8.186ns  (logic 4.650ns (56.807%)  route 3.536ns (43.193%))
  Logic Levels:           8  (CARRY4=4 DSP48E1=1 LUT3=2 LUT6=1)
  Clock Path Skew:        -0.049ns (DCD - SCD + CPR)
    Destination Clock Delay (DCD):    0.924ns = ( 10.924 - 10.000 ) 
    Source Clock Delay      (SCD):    0.973ns
    Clock Pessimism Removal (CPR):    0.000ns
  Clock Uncertainty:      0.035ns  ((TSJ^2 + TIJ^2)^1/2 + DJ) / 2 + PE
    Total System Jitter     (TSJ):    0.071ns
    Total Input Jitter      (TIJ):    0.000ns
    Discrete Jitter          (DJ):    0.000ns
    Phase Error              (PE):    0.000ns

    Location             Delay type                Incr(ns)  Path(ns)    Netlist Resource(s)
  -------------------------------------------------------------------    -------------------
                         (clock ap_clk rise edge)     0.000     0.000 r  
                                                      0.000     0.000 r  ap_clk (IN)
                         net (fo=3705, unset)         0.973     0.973    bd_0_i/hls_inst/U0/dadddsub_64ns_64ns_64_7_full_dsp_1_U4/butterworth_double_ap_dadddsub_5_full_dsp_64_u/inst/i_synth/ADDSUB_OP.ADDSUB/LOGIC_SPEED.OP/NORM/ZEROS_DELAY/i_pipe/aclk
    SLICE_X39Y83         FDRE                                         r  bd_0_i/hls_inst/U0/dadddsub_64ns_64ns_64_7_full_dsp_1_U4/butterworth_double_ap_dadddsub_5_full_dsp_64_u/inst/i_synth/ADDSUB_OP.ADDSUB/LOGIC_SPEED.OP/NORM/ZEROS_DELAY/i_pipe/opt_has_pipe.i_pipe[2].pipe_reg[2][0]/C
  -------------------------------------------------------------------    -------------------
    SLICE_X39Y83         FDRE (Prop_fdre_C_Q)         0.456     1.429 f  bd_0_i/hls_inst/U0/dadddsub_64ns_64ns_64_7_full_dsp_1_U4/butterworth_double_ap_dadddsub_5_full_dsp_64_u/inst/i_synth/ADDSUB_OP.ADDSUB/LOGIC_SPEED.OP/NORM/ZEROS_DELAY/i_pipe/opt_has_pipe.i_pipe[2].pipe_reg[2][0]/Q
                         net (fo=1, routed)           0.626     2.055    bd_0_i/hls_inst/U0/dadddsub_64ns_64ns_64_7_full_dsp_1_U4/butterworth_double_ap_dadddsub_5_full_dsp_64_u/inst/i_synth/ADDSUB_OP.ADDSUB/LOGIC_SPEED.OP/NORM/NORM_SHIFT/MUX_LOOP[2].DEL_SHIFT/i_pipe/zeros_del
    SLICE_X35Y78         LUT3 (Prop_lut3_I2_O)        0.124     2.179 r  bd_0_i/hls_inst/U0/dadddsub_64ns_64ns_64_7_full_dsp_1_U4/butterworth_double_ap_dadddsub_5_full_dsp_64_u/inst/i_synth/ADDSUB_OP.ADDSUB/LOGIC_SPEED.OP/NORM/NORM_SHIFT/MUX_LOOP[2].DEL_SHIFT/i_pipe/CHAIN_GEN[0].C_MUX.CARRY_MUX_i_3__0/O
                         net (fo=1, routed)           0.473     2.652    bd_0_i/hls_inst/U0/dadddsub_64ns_64ns_64_7_full_dsp_1_U4/butterworth_double_ap_dadddsub_5_full_dsp_64_u/inst/i_synth/ADDSUB_OP.ADDSUB/LOGIC_SPEED.OP/NORM/ROUND/RND_BIT_GEN/NORM_1_OR_0.STRUCT_REQ.SPECIAL.RND_CHAIN/i_no_versal_es1_workaround.DSP
    SLICE_X35Y77         CARRY4 (Prop_carry4_CYINIT_CO[0])
                                                      0.536     3.188 r  bd_0_i/hls_inst/U0/dadddsub_64ns_64ns_64_7_full_dsp_1_U4/butterworth_double_ap_dadddsub_5_full_dsp_64_u/inst/i_synth/ADDSUB_OP.ADDSUB/LOGIC_SPEED.OP/NORM/ROUND/RND_BIT_GEN/NORM_1_OR_0.STRUCT_REQ.SPECIAL.RND_CHAIN/CHAIN_GEN[0].C_MUX.CARRY_MUX_CARRY4/CO[0]
                         net (fo=1, routed)           0.665     3.853    bd_0_i/hls_inst/U0/dadddsub_64ns_64ns_64_7_full_dsp_1_U4/butterworth_double_ap_dadddsub_5_full_dsp_64_u/inst/i_synth/ADDSUB_OP.ADDSUB/LOGIC_SPEED.OP/NORM/ROUND/DSP48_E1.DSP48E1_ADD.DSP48E1_ADD/B[0]
    DSP48_X2Y33          DSP48E1 (Prop_dsp48e1_B[1]_P[47])
                                                      2.306     6.159 r  bd_0_i/hls_inst/U0/dadddsub_64ns_64ns_64_7_full_dsp_1_U4/butterworth_double_ap_dadddsub_5_full_dsp_64_u/inst/i_synth/ADDSUB_OP.ADDSUB/LOGIC_SPEED.OP/NORM/ROUND/DSP48_E1.DSP48E1_ADD.DSP48E1_ADD/i_no_versal_es1_workaround.DSP/P[47]
                         net (fo=7, routed)           0.869     7.028    bd_0_i/hls_inst/U0/dadddsub_64ns_64ns_64_7_full_dsp_1_U4/butterworth_double_ap_dadddsub_5_full_dsp_64_u/inst/i_synth/ADDSUB_OP.ADDSUB/LOGIC_SPEED.OP/NORM/ROUND/DSP48_E1.DSP_LOGIC_ADDERS.RND_1/P[0]
    SLICE_X31Y86         LUT3 (Prop_lut3_I1_O)        0.124     7.152 r  bd_0_i/hls_inst/U0/dadddsub_64ns_64ns_64_7_full_dsp_1_U4/butterworth_double_ap_dadddsub_5_full_dsp_64_u/inst/i_synth/ADDSUB_OP.ADDSUB/LOGIC_SPEED.OP/NORM/ROUND/DSP48_E1.DSP_LOGIC_ADDERS.RND_1/RESULT_REG.NORMAL.exp_op[3]_i_7/O
                         net (fo=1, routed)           0.902     8.055    bd_0_i/hls_inst/U0/dadddsub_64ns_64ns_64_7_full_dsp_1_U4/butterworth_double_ap_dadddsub_5_full_dsp_64_u/inst/i_synth/ADDSUB_OP.ADDSUB/LOGIC_SPEED.OP/EXP/STATE_DELAY/i_pipe/RESULT_REG.NORMAL.exp_op_reg[3]
    SLICE_X47Y87         LUT6 (Prop_lut6_I3_O)        0.124     8.179 r  bd_0_i/hls_inst/U0/dadddsub_64ns_64ns_64_7_full_dsp_1_U4/butterworth_double_ap_dadddsub_5_full_dsp_64_u/inst/i_synth/ADDSUB_OP.ADDSUB/LOGIC_SPEED.OP/EXP/STATE_DELAY/i_pipe/RESULT_REG.NORMAL.exp_op[3]_i_6/O
                         net (fo=1, routed)           0.000     8.179    bd_0_i/hls_inst/U0/dadddsub_64ns_64ns_64_7_full_dsp_1_U4/butterworth_double_ap_dadddsub_5_full_dsp_64_u/inst/i_synth/ADDSUB_OP.ADDSUB/LOGIC_SPEED.OP/EXP/EXP_OFF.LRG_EXP_DELAY/i_pipe/RESULT_REG.NORMAL.exp_op_reg[3][0]
    SLICE_X47Y87         CARRY4 (Prop_carry4_S[0]_CO[3])
                                                      0.532     8.711 r  bd_0_i/hls_inst/U0/dadddsub_64ns_64ns_64_7_full_dsp_1_U4/butterworth_double_ap_dadddsub_5_full_dsp_64_u/inst/i_synth/ADDSUB_OP.ADDSUB/LOGIC_SPEED.OP/EXP/EXP_OFF.LRG_EXP_DELAY/i_pipe/RESULT_REG.NORMAL.exp_op_reg[3]_i_1/CO[3]
                         net (fo=1, routed)           0.000     8.711    bd_0_i/hls_inst/U0/dadddsub_64ns_64ns_64_7_full_dsp_1_U4/butterworth_double_ap_dadddsub_5_full_dsp_64_u/inst/i_synth/ADDSUB_OP.ADDSUB/LOGIC_SPEED.OP/EXP/EXP_OFF.LRG_EXP_DELAY/i_pipe/RESULT_REG.NORMAL.exp_op_reg[3]_i_1_n_0
    SLICE_X47Y88         CARRY4 (Prop_carry4_CI_CO[3])
                                                      0.114     8.825 r  bd_0_i/hls_inst/U0/dadddsub_64ns_64ns_64_7_full_dsp_1_U4/butterworth_double_ap_dadddsub_5_full_dsp_64_u/inst/i_synth/ADDSUB_OP.ADDSUB/LOGIC_SPEED.OP/EXP/EXP_OFF.LRG_EXP_DELAY/i_pipe/RESULT_REG.NORMAL.exp_op_reg[7]_i_1/CO[3]
                         net (fo=1, routed)           0.000     8.825    bd_0_i/hls_inst/U0/dadddsub_64ns_64ns_64_7_full_dsp_1_U4/butterworth_double_ap_dadddsub_5_full_dsp_64_u/inst/i_synth/ADDSUB_OP.ADDSUB/LOGIC_SPEED.OP/EXP/EXP_OFF.LRG_EXP_DELAY/i_pipe/RESULT_REG.NORMAL.exp_op_reg[7]_i_1_n_0
    SLICE_X47Y89         CARRY4 (Prop_carry4_CI_O[1])
                                                      0.334     9.159 r  bd_0_i/hls_inst/U0/dadddsub_64ns_64ns_64_7_full_dsp_1_U4/butterworth_double_ap_dadddsub_5_full_dsp_64_u/inst/i_synth/ADDSUB_OP.ADDSUB/LOGIC_SPEED.OP/EXP/EXP_OFF.LRG_EXP_DELAY/i_pipe/RESULT_REG.NORMAL.exp_op_reg[10]_i_1/O[1]
                         net (fo=1, routed)           0.000     9.159    bd_0_i/hls_inst/U0/dadddsub_64ns_64ns_64_7_full_dsp_1_U4/butterworth_double_ap_dadddsub_5_full_dsp_64_u/inst/i_synth/ADDSUB_OP.ADDSUB/LOGIC_SPEED.OP/OP/D[9]
    SLICE_X47Y89         FDRE                                         r  bd_0_i/hls_inst/U0/dadddsub_64ns_64ns_64_7_full_dsp_1_U4/butterworth_double_ap_dadddsub_5_full_dsp_64_u/inst/i_synth/ADDSUB_OP.ADDSUB/LOGIC_SPEED.OP/OP/RESULT_REG.NORMAL.exp_op_reg[9]/D
  -------------------------------------------------------------------    -------------------

                         (clock ap_clk rise edge)    10.000    10.000 r  
                                                      0.000    10.000 r  ap_clk (IN)
                         net (fo=3705, unset)         0.924    10.924    bd_0_i/hls_inst/U0/dadddsub_64ns_64ns_64_7_full_dsp_1_U4/butterworth_double_ap_dadddsub_5_full_dsp_64_u/inst/i_synth/ADDSUB_OP.ADDSUB/LOGIC_SPEED.OP/OP/aclk
    SLICE_X47Y89         FDRE                                         r  bd_0_i/hls_inst/U0/dadddsub_64ns_64ns_64_7_full_dsp_1_U4/butterworth_double_ap_dadddsub_5_full_dsp_64_u/inst/i_synth/ADDSUB_OP.ADDSUB/LOGIC_SPEED.OP/OP/RESULT_REG.NORMAL.exp_op_reg[9]/C
                         clock pessimism              0.000    10.924    
                         clock uncertainty           -0.035    10.889    
    SLICE_X47Y89         FDRE (Setup_fdre_C_D)        0.062    10.951    bd_0_i/hls_inst/U0/dadddsub_64ns_64ns_64_7_full_dsp_1_U4/butterworth_double_ap_dadddsub_5_full_dsp_64_u/inst/i_synth/ADDSUB_OP.ADDSUB/LOGIC_SPEED.OP/OP/RESULT_REG.NORMAL.exp_op_reg[9]
  -------------------------------------------------------------------
                         required time                         10.951    
                         arrival time                          -9.159    
  -------------------------------------------------------------------
                         slack                                  1.792    

Slack (MET) :             1.819ns  (required time - arrival time)
  Source:                 bd_0_i/hls_inst/U0/ap_CS_fsm_reg[1]/C
                            (rising edge-triggered cell FDRE clocked by ap_clk  {rise@0.000ns fall@5.000ns period=10.000ns})
  Destination:            bd_0_i/hls_inst/U0/sub24_reg_83_reg[0]/D
                            (rising edge-triggered cell FDRE clocked by ap_clk  {rise@0.000ns fall@5.000ns period=10.000ns})
  Path Group:             ap_clk
  Path Type:              Setup (Max at Slow Process Corner)
  Requirement:            10.000ns  (ap_clk rise@10.000ns - ap_clk rise@0.000ns)
  Data Path Delay:        8.128ns  (logic 0.642ns (7.898%)  route 7.486ns (92.102%))
  Logic Levels:           1  (LUT5=1)
  Clock Path Skew:        -0.049ns (DCD - SCD + CPR)
    Destination Clock Delay (DCD):    0.924ns = ( 10.924 - 10.000 ) 
    Source Clock Delay      (SCD):    0.973ns
    Clock Pessimism Removal (CPR):    0.000ns
  Clock Uncertainty:      0.035ns  ((TSJ^2 + TIJ^2)^1/2 + DJ) / 2 + PE
    Total System Jitter     (TSJ):    0.071ns
    Total Input Jitter      (TIJ):    0.000ns
    Discrete Jitter          (DJ):    0.000ns
    Phase Error              (PE):    0.000ns

    Location             Delay type                Incr(ns)  Path(ns)    Netlist Resource(s)
  -------------------------------------------------------------------    -------------------
                         (clock ap_clk rise edge)     0.000     0.000 r  
                                                      0.000     0.000 r  ap_clk (IN)
                         net (fo=3705, unset)         0.973     0.973    bd_0_i/hls_inst/U0/ap_clk
    SLICE_X34Y93         FDRE                                         r  bd_0_i/hls_inst/U0/ap_CS_fsm_reg[1]/C
  -------------------------------------------------------------------    -------------------
    SLICE_X34Y93         FDRE (Prop_fdre_C_Q)         0.518     1.491 r  bd_0_i/hls_inst/U0/ap_CS_fsm_reg[1]/Q
                         net (fo=143, routed)         7.486     8.977    bd_0_i/hls_inst/U0/ap_CS_fsm_pp0_stage0
    SLICE_X47Y64         LUT5 (Prop_lut5_I2_O)        0.124     9.101 r  bd_0_i/hls_inst/U0/sub24_reg_83[0]_i_1/O
                         net (fo=1, routed)           0.000     9.101    bd_0_i/hls_inst/U0/sub24_reg_83[0]_i_1_n_0
    SLICE_X47Y64         FDRE                                         r  bd_0_i/hls_inst/U0/sub24_reg_83_reg[0]/D
  -------------------------------------------------------------------    -------------------

                         (clock ap_clk rise edge)    10.000    10.000 r  
                                                      0.000    10.000 r  ap_clk (IN)
                         net (fo=3705, unset)         0.924    10.924    bd_0_i/hls_inst/U0/ap_clk
    SLICE_X47Y64         FDRE                                         r  bd_0_i/hls_inst/U0/sub24_reg_83_reg[0]/C
                         clock pessimism              0.000    10.924    
                         clock uncertainty           -0.035    10.889    
    SLICE_X47Y64         FDRE (Setup_fdre_C_D)        0.031    10.920    bd_0_i/hls_inst/U0/sub24_reg_83_reg[0]
  -------------------------------------------------------------------
                         required time                         10.920    
                         arrival time                          -9.101    
  -------------------------------------------------------------------
                         slack                                  1.819    

Slack (MET) :             1.839ns  (required time - arrival time)
  Source:                 bd_0_i/hls_inst/U0/dadddsub_64ns_64ns_64_7_full_dsp_1_U3/butterworth_double_ap_dadddsub_5_full_dsp_64_u/inst/i_synth/ADDSUB_OP.ADDSUB/LOGIC_SPEED.OP/NORM/ZEROS_DELAY/i_pipe/opt_has_pipe.i_pipe[2].pipe_reg[2][0]/C
                            (rising edge-triggered cell FDRE clocked by ap_clk  {rise@0.000ns fall@5.000ns period=10.000ns})
  Destination:            bd_0_i/hls_inst/U0/dadddsub_64ns_64ns_64_7_full_dsp_1_U3/butterworth_double_ap_dadddsub_5_full_dsp_64_u/inst/i_synth/ADDSUB_OP.ADDSUB/LOGIC_SPEED.OP/OP/RESULT_REG.NORMAL.exp_op_reg[10]/D
                            (rising edge-triggered cell FDRE clocked by ap_clk  {rise@0.000ns fall@5.000ns period=10.000ns})
  Path Group:             ap_clk
  Path Type:              Setup (Max at Slow Process Corner)
  Requirement:            10.000ns  (ap_clk rise@10.000ns - ap_clk rise@0.000ns)
  Data Path Delay:        8.139ns  (logic 4.693ns (57.661%)  route 3.446ns (42.339%))
  Logic Levels:           8  (CARRY4=4 DSP48E1=1 LUT3=2 LUT6=1)
  Clock Path Skew:        -0.049ns (DCD - SCD + CPR)
    Destination Clock Delay (DCD):    0.924ns = ( 10.924 - 10.000 ) 
    Source Clock Delay      (SCD):    0.973ns
    Clock Pessimism Removal (CPR):    0.000ns
  Clock Uncertainty:      0.035ns  ((TSJ^2 + TIJ^2)^1/2 + DJ) / 2 + PE
    Total System Jitter     (TSJ):    0.071ns
    Total Input Jitter      (TIJ):    0.000ns
    Discrete Jitter          (DJ):    0.000ns
    Phase Error              (PE):    0.000ns

    Location             Delay type                Incr(ns)  Path(ns)    Netlist Resource(s)
  -------------------------------------------------------------------    -------------------
                         (clock ap_clk rise edge)     0.000     0.000 r  
                                                      0.000     0.000 r  ap_clk (IN)
                         net (fo=3705, unset)         0.973     0.973    bd_0_i/hls_inst/U0/dadddsub_64ns_64ns_64_7_full_dsp_1_U3/butterworth_double_ap_dadddsub_5_full_dsp_64_u/inst/i_synth/ADDSUB_OP.ADDSUB/LOGIC_SPEED.OP/NORM/ZEROS_DELAY/i_pipe/aclk
    SLICE_X56Y65         FDRE                                         r  bd_0_i/hls_inst/U0/dadddsub_64ns_64ns_64_7_full_dsp_1_U3/butterworth_double_ap_dadddsub_5_full_dsp_64_u/inst/i_synth/ADDSUB_OP.ADDSUB/LOGIC_SPEED.OP/NORM/ZEROS_DELAY/i_pipe/opt_has_pipe.i_pipe[2].pipe_reg[2][0]/C
  -------------------------------------------------------------------    -------------------
    SLICE_X56Y65         FDRE (Prop_fdre_C_Q)         0.419     1.392 f  bd_0_i/hls_inst/U0/dadddsub_64ns_64ns_64_7_full_dsp_1_U3/butterworth_double_ap_dadddsub_5_full_dsp_64_u/inst/i_synth/ADDSUB_OP.ADDSUB/LOGIC_SPEED.OP/NORM/ZEROS_DELAY/i_pipe/opt_has_pipe.i_pipe[2].pipe_reg[2][0]/Q
                         net (fo=1, routed)           0.538     1.930    bd_0_i/hls_inst/U0/dadddsub_64ns_64ns_64_7_full_dsp_1_U3/butterworth_double_ap_dadddsub_5_full_dsp_64_u/inst/i_synth/ADDSUB_OP.ADDSUB/LOGIC_SPEED.OP/NORM/NORM_SHIFT/MUX_LOOP[2].DEL_SHIFT/i_pipe/zeros_del
    SLICE_X53Y65         LUT3 (Prop_lut3_I2_O)        0.299     2.229 r  bd_0_i/hls_inst/U0/dadddsub_64ns_64ns_64_7_full_dsp_1_U3/butterworth_double_ap_dadddsub_5_full_dsp_64_u/inst/i_synth/ADDSUB_OP.ADDSUB/LOGIC_SPEED.OP/NORM/NORM_SHIFT/MUX_LOOP[2].DEL_SHIFT/i_pipe/CHAIN_GEN[0].C_MUX.CARRY_MUX_i_3__0/O
                         net (fo=1, routed)           0.940     3.169    bd_0_i/hls_inst/U0/dadddsub_64ns_64ns_64_7_full_dsp_1_U3/butterworth_double_ap_dadddsub_5_full_dsp_64_u/inst/i_synth/ADDSUB_OP.ADDSUB/LOGIC_SPEED.OP/NORM/ROUND/RND_BIT_GEN/NORM_1_OR_0.STRUCT_REQ.SPECIAL.RND_CHAIN/i_no_versal_es1_workaround.DSP
    SLICE_X37Y65         CARRY4 (Prop_carry4_CYINIT_CO[0])
                                                      0.536     3.705 r  bd_0_i/hls_inst/U0/dadddsub_64ns_64ns_64_7_full_dsp_1_U3/butterworth_double_ap_dadddsub_5_full_dsp_64_u/inst/i_synth/ADDSUB_OP.ADDSUB/LOGIC_SPEED.OP/NORM/ROUND/RND_BIT_GEN/NORM_1_OR_0.STRUCT_REQ.SPECIAL.RND_CHAIN/CHAIN_GEN[0].C_MUX.CARRY_MUX_CARRY4/CO[0]
                         net (fo=1, routed)           0.405     4.110    bd_0_i/hls_inst/U0/dadddsub_64ns_64ns_64_7_full_dsp_1_U3/butterworth_double_ap_dadddsub_5_full_dsp_64_u/inst/i_synth/ADDSUB_OP.ADDSUB/LOGIC_SPEED.OP/NORM/ROUND/DSP48_E1.DSP48E1_ADD.DSP48E1_ADD/B[0]
    DSP48_X2Y26          DSP48E1 (Prop_dsp48e1_B[1]_P[47])
                                                      2.306     6.416 r  bd_0_i/hls_inst/U0/dadddsub_64ns_64ns_64_7_full_dsp_1_U3/butterworth_double_ap_dadddsub_5_full_dsp_64_u/inst/i_synth/ADDSUB_OP.ADDSUB/LOGIC_SPEED.OP/NORM/ROUND/DSP48_E1.DSP48E1_ADD.DSP48E1_ADD/i_no_versal_es1_workaround.DSP/P[47]
                         net (fo=7, routed)           0.988     7.404    bd_0_i/hls_inst/U0/dadddsub_64ns_64ns_64_7_full_dsp_1_U3/butterworth_double_ap_dadddsub_5_full_dsp_64_u/inst/i_synth/ADDSUB_OP.ADDSUB/LOGIC_SPEED.OP/NORM/ROUND/DSP48_E1.DSP_LOGIC_ADDERS.RND_1/P[0]
    SLICE_X47Y72         LUT3 (Prop_lut3_I1_O)        0.124     7.528 r  bd_0_i/hls_inst/U0/dadddsub_64ns_64ns_64_7_full_dsp_1_U3/butterworth_double_ap_dadddsub_5_full_dsp_64_u/inst/i_synth/ADDSUB_OP.ADDSUB/LOGIC_SPEED.OP/NORM/ROUND/DSP48_E1.DSP_LOGIC_ADDERS.RND_1/RESULT_REG.NORMAL.exp_op[3]_i_7/O
                         net (fo=1, routed)           0.575     8.103    bd_0_i/hls_inst/U0/dadddsub_64ns_64ns_64_7_full_dsp_1_U3/butterworth_double_ap_dadddsub_5_full_dsp_64_u/inst/i_synth/ADDSUB_OP.ADDSUB/LOGIC_SPEED.OP/EXP/STATE_DELAY/i_pipe/RESULT_REG.NORMAL.exp_op_reg[3]
    SLICE_X40Y72         LUT6 (Prop_lut6_I3_O)        0.124     8.227 r  bd_0_i/hls_inst/U0/dadddsub_64ns_64ns_64_7_full_dsp_1_U3/butterworth_double_ap_dadddsub_5_full_dsp_64_u/inst/i_synth/ADDSUB_OP.ADDSUB/LOGIC_SPEED.OP/EXP/STATE_DELAY/i_pipe/RESULT_REG.NORMAL.exp_op[3]_i_6/O
                         net (fo=1, routed)           0.000     8.227    bd_0_i/hls_inst/U0/dadddsub_64ns_64ns_64_7_full_dsp_1_U3/butterworth_double_ap_dadddsub_5_full_dsp_64_u/inst/i_synth/ADDSUB_OP.ADDSUB/LOGIC_SPEED.OP/EXP/EXP_OFF.LRG_EXP_DELAY/i_pipe/RESULT_REG.NORMAL.exp_op_reg[3][0]
    SLICE_X40Y72         CARRY4 (Prop_carry4_S[0]_CO[3])
                                                      0.532     8.759 r  bd_0_i/hls_inst/U0/dadddsub_64ns_64ns_64_7_full_dsp_1_U3/butterworth_double_ap_dadddsub_5_full_dsp_64_u/inst/i_synth/ADDSUB_OP.ADDSUB/LOGIC_SPEED.OP/EXP/EXP_OFF.LRG_EXP_DELAY/i_pipe/RESULT_REG.NORMAL.exp_op_reg[3]_i_1/CO[3]
                         net (fo=1, routed)           0.000     8.759    bd_0_i/hls_inst/U0/dadddsub_64ns_64ns_64_7_full_dsp_1_U3/butterworth_double_ap_dadddsub_5_full_dsp_64_u/inst/i_synth/ADDSUB_OP.ADDSUB/LOGIC_SPEED.OP/EXP/EXP_OFF.LRG_EXP_DELAY/i_pipe/RESULT_REG.NORMAL.exp_op_reg[3]_i_1_n_0
    SLICE_X40Y73         CARRY4 (Prop_carry4_CI_CO[3])
                                                      0.114     8.873 r  bd_0_i/hls_inst/U0/dadddsub_64ns_64ns_64_7_full_dsp_1_U3/butterworth_double_ap_dadddsub_5_full_dsp_64_u/inst/i_synth/ADDSUB_OP.ADDSUB/LOGIC_SPEED.OP/EXP/EXP_OFF.LRG_EXP_DELAY/i_pipe/RESULT_REG.NORMAL.exp_op_reg[7]_i_1/CO[3]
                         net (fo=1, routed)           0.000     8.873    bd_0_i/hls_inst/U0/dadddsub_64ns_64ns_64_7_full_dsp_1_U3/butterworth_double_ap_dadddsub_5_full_dsp_64_u/inst/i_synth/ADDSUB_OP.ADDSUB/LOGIC_SPEED.OP/EXP/EXP_OFF.LRG_EXP_DELAY/i_pipe/RESULT_REG.NORMAL.exp_op_reg[7]_i_1_n_0
    SLICE_X40Y74         CARRY4 (Prop_carry4_CI_O[2])
                                                      0.239     9.112 r  bd_0_i/hls_inst/U0/dadddsub_64ns_64ns_64_7_full_dsp_1_U3/butterworth_double_ap_dadddsub_5_full_dsp_64_u/inst/i_synth/ADDSUB_OP.ADDSUB/LOGIC_SPEED.OP/EXP/EXP_OFF.LRG_EXP_DELAY/i_pipe/RESULT_REG.NORMAL.exp_op_reg[10]_i_1/O[2]
                         net (fo=1, routed)           0.000     9.112    bd_0_i/hls_inst/U0/dadddsub_64ns_64ns_64_7_full_dsp_1_U3/butterworth_double_ap_dadddsub_5_full_dsp_64_u/inst/i_synth/ADDSUB_OP.ADDSUB/LOGIC_SPEED.OP/OP/D[10]
    SLICE_X40Y74         FDRE                                         r  bd_0_i/hls_inst/U0/dadddsub_64ns_64ns_64_7_full_dsp_1_U3/butterworth_double_ap_dadddsub_5_full_dsp_64_u/inst/i_synth/ADDSUB_OP.ADDSUB/LOGIC_SPEED.OP/OP/RESULT_REG.NORMAL.exp_op_reg[10]/D
  -------------------------------------------------------------------    -------------------

                         (clock ap_clk rise edge)    10.000    10.000 r  
                                                      0.000    10.000 r  ap_clk (IN)
                         net (fo=3705, unset)         0.924    10.924    bd_0_i/hls_inst/U0/dadddsub_64ns_64ns_64_7_full_dsp_1_U3/butterworth_double_ap_dadddsub_5_full_dsp_64_u/inst/i_synth/ADDSUB_OP.ADDSUB/LOGIC_SPEED.OP/OP/aclk
    SLICE_X40Y74         FDRE                                         r  bd_0_i/hls_inst/U0/dadddsub_64ns_64ns_64_7_full_dsp_1_U3/butterworth_double_ap_dadddsub_5_full_dsp_64_u/inst/i_synth/ADDSUB_OP.ADDSUB/LOGIC_SPEED.OP/OP/RESULT_REG.NORMAL.exp_op_reg[10]/C
                         clock pessimism              0.000    10.924    
                         clock uncertainty           -0.035    10.889    
    SLICE_X40Y74         FDRE (Setup_fdre_C_D)        0.062    10.951    bd_0_i/hls_inst/U0/dadddsub_64ns_64ns_64_7_full_dsp_1_U3/butterworth_double_ap_dadddsub_5_full_dsp_64_u/inst/i_synth/ADDSUB_OP.ADDSUB/LOGIC_SPEED.OP/OP/RESULT_REG.NORMAL.exp_op_reg[10]
  -------------------------------------------------------------------
                         required time                         10.951    
                         arrival time                          -9.112    
  -------------------------------------------------------------------
                         slack                                  1.839    

Slack (MET) :             1.839ns  (required time - arrival time)
  Source:                 bd_0_i/hls_inst/U0/dmul_64ns_64ns_64_7_max_dsp_1_U5/din0_buf1_reg[13]/C
                            (rising edge-triggered cell FDRE clocked by ap_clk  {rise@0.000ns fall@5.000ns period=10.000ns})
  Destination:            bd_0_i/hls_inst/U0/dmul_64ns_64ns_64_7_max_dsp_1_U5/butterworth_double_ap_dmul_5_max_dsp_64_u/inst/i_synth/MULT.OP/i_non_prim.MULT/DSP48E1_SPD_DBL_VARIANT.FIX_MULT/DSP1/i_no_versal_es1_workaround.DSP/PCIN[0]
                            (rising edge-triggered cell DSP48E1 clocked by ap_clk  {rise@0.000ns fall@5.000ns period=10.000ns})
  Path Group:             ap_clk
  Path Type:              Setup (Max at Slow Process Corner)
  Requirement:            10.000ns  (ap_clk rise@10.000ns - ap_clk rise@0.000ns)
  Data Path Delay:        6.677ns  (logic 4.554ns (68.207%)  route 2.123ns (31.793%))
  Logic Levels:           1  (DSP48E1=1)
  Clock Path Skew:        -0.049ns (DCD - SCD + CPR)
    Destination Clock Delay (DCD):    0.924ns = ( 10.924 - 10.000 ) 
    Source Clock Delay      (SCD):    0.973ns
    Clock Pessimism Removal (CPR):    0.000ns
  Clock Uncertainty:      0.035ns  ((TSJ^2 + TIJ^2)^1/2 + DJ) / 2 + PE
    Total System Jitter     (TSJ):    0.071ns
    Total Input Jitter      (TIJ):    0.000ns
    Discrete Jitter          (DJ):    0.000ns
    Phase Error              (PE):    0.000ns

    Location             Delay type                Incr(ns)  Path(ns)    Netlist Resource(s)
  -------------------------------------------------------------------    -------------------
                         (clock ap_clk rise edge)     0.000     0.000 r  
                                                      0.000     0.000 r  ap_clk (IN)
                         net (fo=3705, unset)         0.973     0.973    bd_0_i/hls_inst/U0/dmul_64ns_64ns_64_7_max_dsp_1_U5/ap_clk
    SLICE_X36Y61         FDRE                                         r  bd_0_i/hls_inst/U0/dmul_64ns_64ns_64_7_max_dsp_1_U5/din0_buf1_reg[13]/C
  -------------------------------------------------------------------    -------------------
    SLICE_X36Y61         FDRE (Prop_fdre_C_Q)         0.518     1.491 r  bd_0_i/hls_inst/U0/dmul_64ns_64ns_64_7_max_dsp_1_U5/din0_buf1_reg[13]/Q
                         net (fo=4, routed)           2.067     3.558    bd_0_i/hls_inst/U0/dmul_64ns_64ns_64_7_max_dsp_1_U5/butterworth_double_ap_dmul_5_max_dsp_64_u/inst/i_synth/MULT.OP/i_non_prim.MULT/DSP48E1_SPD_DBL_VARIANT.FIX_MULT/DSP0/s_axis_a_tdata[13]
    DSP48_X2Y9           DSP48E1 (Prop_dsp48e1_A[13]_PCOUT[0])
                                                      4.036     7.594 r  bd_0_i/hls_inst/U0/dmul_64ns_64ns_64_7_max_dsp_1_U5/butterworth_double_ap_dmul_5_max_dsp_64_u/inst/i_synth/MULT.OP/i_non_prim.MULT/DSP48E1_SPD_DBL_VARIANT.FIX_MULT/DSP0/i_no_versal_es1_workaround.DSP/PCOUT[0]
                         net (fo=1, routed)           0.056     7.650    bd_0_i/hls_inst/U0/dmul_64ns_64ns_64_7_max_dsp_1_U5/butterworth_double_ap_dmul_5_max_dsp_64_u/inst/i_synth/MULT.OP/i_non_prim.MULT/DSP48E1_SPD_DBL_VARIANT.FIX_MULT/DSP1/i_no_versal_es1_workaround.DSP_0[0]
    DSP48_X2Y10          DSP48E1                                      r  bd_0_i/hls_inst/U0/dmul_64ns_64ns_64_7_max_dsp_1_U5/butterworth_double_ap_dmul_5_max_dsp_64_u/inst/i_synth/MULT.OP/i_non_prim.MULT/DSP48E1_SPD_DBL_VARIANT.FIX_MULT/DSP1/i_no_versal_es1_workaround.DSP/PCIN[0]
  -------------------------------------------------------------------    -------------------

                         (clock ap_clk rise edge)    10.000    10.000 r  
                                                      0.000    10.000 r  ap_clk (IN)
                         net (fo=3705, unset)         0.924    10.924    bd_0_i/hls_inst/U0/dmul_64ns_64ns_64_7_max_dsp_1_U5/butterworth_double_ap_dmul_5_max_dsp_64_u/inst/i_synth/MULT.OP/i_non_prim.MULT/DSP48E1_SPD_DBL_VARIANT.FIX_MULT/DSP1/aclk
    DSP48_X2Y10          DSP48E1                                      r  bd_0_i/hls_inst/U0/dmul_64ns_64ns_64_7_max_dsp_1_U5/butterworth_double_ap_dmul_5_max_dsp_64_u/inst/i_synth/MULT.OP/i_non_prim.MULT/DSP48E1_SPD_DBL_VARIANT.FIX_MULT/DSP1/i_no_versal_es1_workaround.DSP/CLK
                         clock pessimism              0.000    10.924    
                         clock uncertainty           -0.035    10.889    
    DSP48_X2Y10          DSP48E1 (Setup_dsp48e1_CLK_PCIN[0])
                                                     -1.400     9.489    bd_0_i/hls_inst/U0/dmul_64ns_64ns_64_7_max_dsp_1_U5/butterworth_double_ap_dmul_5_max_dsp_64_u/inst/i_synth/MULT.OP/i_non_prim.MULT/DSP48E1_SPD_DBL_VARIANT.FIX_MULT/DSP1/i_no_versal_es1_workaround.DSP
  -------------------------------------------------------------------
                         required time                          9.489    
                         arrival time                          -7.650    
  -------------------------------------------------------------------
                         slack                                  1.839    

Slack (MET) :             1.839ns  (required time - arrival time)
  Source:                 bd_0_i/hls_inst/U0/dmul_64ns_64ns_64_7_max_dsp_1_U5/din0_buf1_reg[13]/C
                            (rising edge-triggered cell FDRE clocked by ap_clk  {rise@0.000ns fall@5.000ns period=10.000ns})
  Destination:            bd_0_i/hls_inst/U0/dmul_64ns_64ns_64_7_max_dsp_1_U5/butterworth_double_ap_dmul_5_max_dsp_64_u/inst/i_synth/MULT.OP/i_non_prim.MULT/DSP48E1_SPD_DBL_VARIANT.FIX_MULT/DSP1/i_no_versal_es1_workaround.DSP/PCIN[10]
                            (rising edge-triggered cell DSP48E1 clocked by ap_clk  {rise@0.000ns fall@5.000ns period=10.000ns})
  Path Group:             ap_clk
  Path Type:              Setup (Max at Slow Process Corner)
  Requirement:            10.000ns  (ap_clk rise@10.000ns - ap_clk rise@0.000ns)
  Data Path Delay:        6.677ns  (logic 4.554ns (68.207%)  route 2.123ns (31.793%))
  Logic Levels:           1  (DSP48E1=1)
  Clock Path Skew:        -0.049ns (DCD - SCD + CPR)
    Destination Clock Delay (DCD):    0.924ns = ( 10.924 - 10.000 ) 
    Source Clock Delay      (SCD):    0.973ns
    Clock Pessimism Removal (CPR):    0.000ns
  Clock Uncertainty:      0.035ns  ((TSJ^2 + TIJ^2)^1/2 + DJ) / 2 + PE
    Total System Jitter     (TSJ):    0.071ns
    Total Input Jitter      (TIJ):    0.000ns
    Discrete Jitter          (DJ):    0.000ns
    Phase Error              (PE):    0.000ns

    Location             Delay type                Incr(ns)  Path(ns)    Netlist Resource(s)
  -------------------------------------------------------------------    -------------------
                         (clock ap_clk rise edge)     0.000     0.000 r  
                                                      0.000     0.000 r  ap_clk (IN)
                         net (fo=3705, unset)         0.973     0.973    bd_0_i/hls_inst/U0/dmul_64ns_64ns_64_7_max_dsp_1_U5/ap_clk
    SLICE_X36Y61         FDRE                                         r  bd_0_i/hls_inst/U0/dmul_64ns_64ns_64_7_max_dsp_1_U5/din0_buf1_reg[13]/C
  -------------------------------------------------------------------    -------------------
    SLICE_X36Y61         FDRE (Prop_fdre_C_Q)         0.518     1.491 r  bd_0_i/hls_inst/U0/dmul_64ns_64ns_64_7_max_dsp_1_U5/din0_buf1_reg[13]/Q
                         net (fo=4, routed)           2.067     3.558    bd_0_i/hls_inst/U0/dmul_64ns_64ns_64_7_max_dsp_1_U5/butterworth_double_ap_dmul_5_max_dsp_64_u/inst/i_synth/MULT.OP/i_non_prim.MULT/DSP48E1_SPD_DBL_VARIANT.FIX_MULT/DSP0/s_axis_a_tdata[13]
    DSP48_X2Y9           DSP48E1 (Prop_dsp48e1_A[13]_PCOUT[10])
                                                      4.036     7.594 r  bd_0_i/hls_inst/U0/dmul_64ns_64ns_64_7_max_dsp_1_U5/butterworth_double_ap_dmul_5_max_dsp_64_u/inst/i_synth/MULT.OP/i_non_prim.MULT/DSP48E1_SPD_DBL_VARIANT.FIX_MULT/DSP0/i_no_versal_es1_workaround.DSP/PCOUT[10]
                         net (fo=1, routed)           0.056     7.650    bd_0_i/hls_inst/U0/dmul_64ns_64ns_64_7_max_dsp_1_U5/butterworth_double_ap_dmul_5_max_dsp_64_u/inst/i_synth/MULT.OP/i_non_prim.MULT/DSP48E1_SPD_DBL_VARIANT.FIX_MULT/DSP1/i_no_versal_es1_workaround.DSP_0[10]
    DSP48_X2Y10          DSP48E1                                      r  bd_0_i/hls_inst/U0/dmul_64ns_64ns_64_7_max_dsp_1_U5/butterworth_double_ap_dmul_5_max_dsp_64_u/inst/i_synth/MULT.OP/i_non_prim.MULT/DSP48E1_SPD_DBL_VARIANT.FIX_MULT/DSP1/i_no_versal_es1_workaround.DSP/PCIN[10]
  -------------------------------------------------------------------    -------------------

                         (clock ap_clk rise edge)    10.000    10.000 r  
                                                      0.000    10.000 r  ap_clk (IN)
                         net (fo=3705, unset)         0.924    10.924    bd_0_i/hls_inst/U0/dmul_64ns_64ns_64_7_max_dsp_1_U5/butterworth_double_ap_dmul_5_max_dsp_64_u/inst/i_synth/MULT.OP/i_non_prim.MULT/DSP48E1_SPD_DBL_VARIANT.FIX_MULT/DSP1/aclk
    DSP48_X2Y10          DSP48E1                                      r  bd_0_i/hls_inst/U0/dmul_64ns_64ns_64_7_max_dsp_1_U5/butterworth_double_ap_dmul_5_max_dsp_64_u/inst/i_synth/MULT.OP/i_non_prim.MULT/DSP48E1_SPD_DBL_VARIANT.FIX_MULT/DSP1/i_no_versal_es1_workaround.DSP/CLK
                         clock pessimism              0.000    10.924    
                         clock uncertainty           -0.035    10.889    
    DSP48_X2Y10          DSP48E1 (Setup_dsp48e1_CLK_PCIN[10])
                                                     -1.400     9.489    bd_0_i/hls_inst/U0/dmul_64ns_64ns_64_7_max_dsp_1_U5/butterworth_double_ap_dmul_5_max_dsp_64_u/inst/i_synth/MULT.OP/i_non_prim.MULT/DSP48E1_SPD_DBL_VARIANT.FIX_MULT/DSP1/i_no_versal_es1_workaround.DSP
  -------------------------------------------------------------------
                         required time                          9.489    
                         arrival time                          -7.650    
  -------------------------------------------------------------------
                         slack                                  1.839    

Slack (MET) :             1.839ns  (required time - arrival time)
  Source:                 bd_0_i/hls_inst/U0/dmul_64ns_64ns_64_7_max_dsp_1_U5/din0_buf1_reg[13]/C
                            (rising edge-triggered cell FDRE clocked by ap_clk  {rise@0.000ns fall@5.000ns period=10.000ns})
  Destination:            bd_0_i/hls_inst/U0/dmul_64ns_64ns_64_7_max_dsp_1_U5/butterworth_double_ap_dmul_5_max_dsp_64_u/inst/i_synth/MULT.OP/i_non_prim.MULT/DSP48E1_SPD_DBL_VARIANT.FIX_MULT/DSP1/i_no_versal_es1_workaround.DSP/PCIN[11]
                            (rising edge-triggered cell DSP48E1 clocked by ap_clk  {rise@0.000ns fall@5.000ns period=10.000ns})
  Path Group:             ap_clk
  Path Type:              Setup (Max at Slow Process Corner)
  Requirement:            10.000ns  (ap_clk rise@10.000ns - ap_clk rise@0.000ns)
  Data Path Delay:        6.677ns  (logic 4.554ns (68.207%)  route 2.123ns (31.793%))
  Logic Levels:           1  (DSP48E1=1)
  Clock Path Skew:        -0.049ns (DCD - SCD + CPR)
    Destination Clock Delay (DCD):    0.924ns = ( 10.924 - 10.000 ) 
    Source Clock Delay      (SCD):    0.973ns
    Clock Pessimism Removal (CPR):    0.000ns
  Clock Uncertainty:      0.035ns  ((TSJ^2 + TIJ^2)^1/2 + DJ) / 2 + PE
    Total System Jitter     (TSJ):    0.071ns
    Total Input Jitter      (TIJ):    0.000ns
    Discrete Jitter          (DJ):    0.000ns
    Phase Error              (PE):    0.000ns

    Location             Delay type                Incr(ns)  Path(ns)    Netlist Resource(s)
  -------------------------------------------------------------------    -------------------
                         (clock ap_clk rise edge)     0.000     0.000 r  
                                                      0.000     0.000 r  ap_clk (IN)
                         net (fo=3705, unset)         0.973     0.973    bd_0_i/hls_inst/U0/dmul_64ns_64ns_64_7_max_dsp_1_U5/ap_clk
    SLICE_X36Y61         FDRE                                         r  bd_0_i/hls_inst/U0/dmul_64ns_64ns_64_7_max_dsp_1_U5/din0_buf1_reg[13]/C
  -------------------------------------------------------------------    -------------------
    SLICE_X36Y61         FDRE (Prop_fdre_C_Q)         0.518     1.491 r  bd_0_i/hls_inst/U0/dmul_64ns_64ns_64_7_max_dsp_1_U5/din0_buf1_reg[13]/Q
                         net (fo=4, routed)           2.067     3.558    bd_0_i/hls_inst/U0/dmul_64ns_64ns_64_7_max_dsp_1_U5/butterworth_double_ap_dmul_5_max_dsp_64_u/inst/i_synth/MULT.OP/i_non_prim.MULT/DSP48E1_SPD_DBL_VARIANT.FIX_MULT/DSP0/s_axis_a_tdata[13]
    DSP48_X2Y9           DSP48E1 (Prop_dsp48e1_A[13]_PCOUT[11])
                                                      4.036     7.594 r  bd_0_i/hls_inst/U0/dmul_64ns_64ns_64_7_max_dsp_1_U5/butterworth_double_ap_dmul_5_max_dsp_64_u/inst/i_synth/MULT.OP/i_non_prim.MULT/DSP48E1_SPD_DBL_VARIANT.FIX_MULT/DSP0/i_no_versal_es1_workaround.DSP/PCOUT[11]
                         net (fo=1, routed)           0.056     7.650    bd_0_i/hls_inst/U0/dmul_64ns_64ns_64_7_max_dsp_1_U5/butterworth_double_ap_dmul_5_max_dsp_64_u/inst/i_synth/MULT.OP/i_non_prim.MULT/DSP48E1_SPD_DBL_VARIANT.FIX_MULT/DSP1/i_no_versal_es1_workaround.DSP_0[11]
    DSP48_X2Y10          DSP48E1                                      r  bd_0_i/hls_inst/U0/dmul_64ns_64ns_64_7_max_dsp_1_U5/butterworth_double_ap_dmul_5_max_dsp_64_u/inst/i_synth/MULT.OP/i_non_prim.MULT/DSP48E1_SPD_DBL_VARIANT.FIX_MULT/DSP1/i_no_versal_es1_workaround.DSP/PCIN[11]
  -------------------------------------------------------------------    -------------------

                         (clock ap_clk rise edge)    10.000    10.000 r  
                                                      0.000    10.000 r  ap_clk (IN)
                         net (fo=3705, unset)         0.924    10.924    bd_0_i/hls_inst/U0/dmul_64ns_64ns_64_7_max_dsp_1_U5/butterworth_double_ap_dmul_5_max_dsp_64_u/inst/i_synth/MULT.OP/i_non_prim.MULT/DSP48E1_SPD_DBL_VARIANT.FIX_MULT/DSP1/aclk
    DSP48_X2Y10          DSP48E1                                      r  bd_0_i/hls_inst/U0/dmul_64ns_64ns_64_7_max_dsp_1_U5/butterworth_double_ap_dmul_5_max_dsp_64_u/inst/i_synth/MULT.OP/i_non_prim.MULT/DSP48E1_SPD_DBL_VARIANT.FIX_MULT/DSP1/i_no_versal_es1_workaround.DSP/CLK
                         clock pessimism              0.000    10.924    
                         clock uncertainty           -0.035    10.889    
    DSP48_X2Y10          DSP48E1 (Setup_dsp48e1_CLK_PCIN[11])
                                                     -1.400     9.489    bd_0_i/hls_inst/U0/dmul_64ns_64ns_64_7_max_dsp_1_U5/butterworth_double_ap_dmul_5_max_dsp_64_u/inst/i_synth/MULT.OP/i_non_prim.MULT/DSP48E1_SPD_DBL_VARIANT.FIX_MULT/DSP1/i_no_versal_es1_workaround.DSP
  -------------------------------------------------------------------
                         required time                          9.489    
                         arrival time                          -7.650    
  -------------------------------------------------------------------
                         slack                                  1.839    

Slack (MET) :             1.839ns  (required time - arrival time)
  Source:                 bd_0_i/hls_inst/U0/dmul_64ns_64ns_64_7_max_dsp_1_U5/din0_buf1_reg[13]/C
                            (rising edge-triggered cell FDRE clocked by ap_clk  {rise@0.000ns fall@5.000ns period=10.000ns})
  Destination:            bd_0_i/hls_inst/U0/dmul_64ns_64ns_64_7_max_dsp_1_U5/butterworth_double_ap_dmul_5_max_dsp_64_u/inst/i_synth/MULT.OP/i_non_prim.MULT/DSP48E1_SPD_DBL_VARIANT.FIX_MULT/DSP1/i_no_versal_es1_workaround.DSP/PCIN[12]
                            (rising edge-triggered cell DSP48E1 clocked by ap_clk  {rise@0.000ns fall@5.000ns period=10.000ns})
  Path Group:             ap_clk
  Path Type:              Setup (Max at Slow Process Corner)
  Requirement:            10.000ns  (ap_clk rise@10.000ns - ap_clk rise@0.000ns)
  Data Path Delay:        6.677ns  (logic 4.554ns (68.207%)  route 2.123ns (31.793%))
  Logic Levels:           1  (DSP48E1=1)
  Clock Path Skew:        -0.049ns (DCD - SCD + CPR)
    Destination Clock Delay (DCD):    0.924ns = ( 10.924 - 10.000 ) 
    Source Clock Delay      (SCD):    0.973ns
    Clock Pessimism Removal (CPR):    0.000ns
  Clock Uncertainty:      0.035ns  ((TSJ^2 + TIJ^2)^1/2 + DJ) / 2 + PE
    Total System Jitter     (TSJ):    0.071ns
    Total Input Jitter      (TIJ):    0.000ns
    Discrete Jitter          (DJ):    0.000ns
    Phase Error              (PE):    0.000ns

    Location             Delay type                Incr(ns)  Path(ns)    Netlist Resource(s)
  -------------------------------------------------------------------    -------------------
                         (clock ap_clk rise edge)     0.000     0.000 r  
                                                      0.000     0.000 r  ap_clk (IN)
                         net (fo=3705, unset)         0.973     0.973    bd_0_i/hls_inst/U0/dmul_64ns_64ns_64_7_max_dsp_1_U5/ap_clk
    SLICE_X36Y61         FDRE                                         r  bd_0_i/hls_inst/U0/dmul_64ns_64ns_64_7_max_dsp_1_U5/din0_buf1_reg[13]/C
  -------------------------------------------------------------------    -------------------
    SLICE_X36Y61         FDRE (Prop_fdre_C_Q)         0.518     1.491 r  bd_0_i/hls_inst/U0/dmul_64ns_64ns_64_7_max_dsp_1_U5/din0_buf1_reg[13]/Q
                         net (fo=4, routed)           2.067     3.558    bd_0_i/hls_inst/U0/dmul_64ns_64ns_64_7_max_dsp_1_U5/butterworth_double_ap_dmul_5_max_dsp_64_u/inst/i_synth/MULT.OP/i_non_prim.MULT/DSP48E1_SPD_DBL_VARIANT.FIX_MULT/DSP0/s_axis_a_tdata[13]
    DSP48_X2Y9           DSP48E1 (Prop_dsp48e1_A[13]_PCOUT[12])
                                                      4.036     7.594 r  bd_0_i/hls_inst/U0/dmul_64ns_64ns_64_7_max_dsp_1_U5/butterworth_double_ap_dmul_5_max_dsp_64_u/inst/i_synth/MULT.OP/i_non_prim.MULT/DSP48E1_SPD_DBL_VARIANT.FIX_MULT/DSP0/i_no_versal_es1_workaround.DSP/PCOUT[12]
                         net (fo=1, routed)           0.056     7.650    bd_0_i/hls_inst/U0/dmul_64ns_64ns_64_7_max_dsp_1_U5/butterworth_double_ap_dmul_5_max_dsp_64_u/inst/i_synth/MULT.OP/i_non_prim.MULT/DSP48E1_SPD_DBL_VARIANT.FIX_MULT/DSP1/i_no_versal_es1_workaround.DSP_0[12]
    DSP48_X2Y10          DSP48E1                                      r  bd_0_i/hls_inst/U0/dmul_64ns_64ns_64_7_max_dsp_1_U5/butterworth_double_ap_dmul_5_max_dsp_64_u/inst/i_synth/MULT.OP/i_non_prim.MULT/DSP48E1_SPD_DBL_VARIANT.FIX_MULT/DSP1/i_no_versal_es1_workaround.DSP/PCIN[12]
  -------------------------------------------------------------------    -------------------

                         (clock ap_clk rise edge)    10.000    10.000 r  
                                                      0.000    10.000 r  ap_clk (IN)
                         net (fo=3705, unset)         0.924    10.924    bd_0_i/hls_inst/U0/dmul_64ns_64ns_64_7_max_dsp_1_U5/butterworth_double_ap_dmul_5_max_dsp_64_u/inst/i_synth/MULT.OP/i_non_prim.MULT/DSP48E1_SPD_DBL_VARIANT.FIX_MULT/DSP1/aclk
    DSP48_X2Y10          DSP48E1                                      r  bd_0_i/hls_inst/U0/dmul_64ns_64ns_64_7_max_dsp_1_U5/butterworth_double_ap_dmul_5_max_dsp_64_u/inst/i_synth/MULT.OP/i_non_prim.MULT/DSP48E1_SPD_DBL_VARIANT.FIX_MULT/DSP1/i_no_versal_es1_workaround.DSP/CLK
                         clock pessimism              0.000    10.924    
                         clock uncertainty           -0.035    10.889    
    DSP48_X2Y10          DSP48E1 (Setup_dsp48e1_CLK_PCIN[12])
                                                     -1.400     9.489    bd_0_i/hls_inst/U0/dmul_64ns_64ns_64_7_max_dsp_1_U5/butterworth_double_ap_dmul_5_max_dsp_64_u/inst/i_synth/MULT.OP/i_non_prim.MULT/DSP48E1_SPD_DBL_VARIANT.FIX_MULT/DSP1/i_no_versal_es1_workaround.DSP
  -------------------------------------------------------------------
                         required time                          9.489    
                         arrival time                          -7.650    
  -------------------------------------------------------------------
                         slack                                  1.839    

Slack (MET) :             1.839ns  (required time - arrival time)
  Source:                 bd_0_i/hls_inst/U0/dmul_64ns_64ns_64_7_max_dsp_1_U5/din0_buf1_reg[13]/C
                            (rising edge-triggered cell FDRE clocked by ap_clk  {rise@0.000ns fall@5.000ns period=10.000ns})
  Destination:            bd_0_i/hls_inst/U0/dmul_64ns_64ns_64_7_max_dsp_1_U5/butterworth_double_ap_dmul_5_max_dsp_64_u/inst/i_synth/MULT.OP/i_non_prim.MULT/DSP48E1_SPD_DBL_VARIANT.FIX_MULT/DSP1/i_no_versal_es1_workaround.DSP/PCIN[13]
                            (rising edge-triggered cell DSP48E1 clocked by ap_clk  {rise@0.000ns fall@5.000ns period=10.000ns})
  Path Group:             ap_clk
  Path Type:              Setup (Max at Slow Process Corner)
  Requirement:            10.000ns  (ap_clk rise@10.000ns - ap_clk rise@0.000ns)
  Data Path Delay:        6.677ns  (logic 4.554ns (68.207%)  route 2.123ns (31.793%))
  Logic Levels:           1  (DSP48E1=1)
  Clock Path Skew:        -0.049ns (DCD - SCD + CPR)
    Destination Clock Delay (DCD):    0.924ns = ( 10.924 - 10.000 ) 
    Source Clock Delay      (SCD):    0.973ns
    Clock Pessimism Removal (CPR):    0.000ns
  Clock Uncertainty:      0.035ns  ((TSJ^2 + TIJ^2)^1/2 + DJ) / 2 + PE
    Total System Jitter     (TSJ):    0.071ns
    Total Input Jitter      (TIJ):    0.000ns
    Discrete Jitter          (DJ):    0.000ns
    Phase Error              (PE):    0.000ns

    Location             Delay type                Incr(ns)  Path(ns)    Netlist Resource(s)
  -------------------------------------------------------------------    -------------------
                         (clock ap_clk rise edge)     0.000     0.000 r  
                                                      0.000     0.000 r  ap_clk (IN)
                         net (fo=3705, unset)         0.973     0.973    bd_0_i/hls_inst/U0/dmul_64ns_64ns_64_7_max_dsp_1_U5/ap_clk
    SLICE_X36Y61         FDRE                                         r  bd_0_i/hls_inst/U0/dmul_64ns_64ns_64_7_max_dsp_1_U5/din0_buf1_reg[13]/C
  -------------------------------------------------------------------    -------------------
    SLICE_X36Y61         FDRE (Prop_fdre_C_Q)         0.518     1.491 r  bd_0_i/hls_inst/U0/dmul_64ns_64ns_64_7_max_dsp_1_U5/din0_buf1_reg[13]/Q
                         net (fo=4, routed)           2.067     3.558    bd_0_i/hls_inst/U0/dmul_64ns_64ns_64_7_max_dsp_1_U5/butterworth_double_ap_dmul_5_max_dsp_64_u/inst/i_synth/MULT.OP/i_non_prim.MULT/DSP48E1_SPD_DBL_VARIANT.FIX_MULT/DSP0/s_axis_a_tdata[13]
    DSP48_X2Y9           DSP48E1 (Prop_dsp48e1_A[13]_PCOUT[13])
                                                      4.036     7.594 r  bd_0_i/hls_inst/U0/dmul_64ns_64ns_64_7_max_dsp_1_U5/butterworth_double_ap_dmul_5_max_dsp_64_u/inst/i_synth/MULT.OP/i_non_prim.MULT/DSP48E1_SPD_DBL_VARIANT.FIX_MULT/DSP0/i_no_versal_es1_workaround.DSP/PCOUT[13]
                         net (fo=1, routed)           0.056     7.650    bd_0_i/hls_inst/U0/dmul_64ns_64ns_64_7_max_dsp_1_U5/butterworth_double_ap_dmul_5_max_dsp_64_u/inst/i_synth/MULT.OP/i_non_prim.MULT/DSP48E1_SPD_DBL_VARIANT.FIX_MULT/DSP1/i_no_versal_es1_workaround.DSP_0[13]
    DSP48_X2Y10          DSP48E1                                      r  bd_0_i/hls_inst/U0/dmul_64ns_64ns_64_7_max_dsp_1_U5/butterworth_double_ap_dmul_5_max_dsp_64_u/inst/i_synth/MULT.OP/i_non_prim.MULT/DSP48E1_SPD_DBL_VARIANT.FIX_MULT/DSP1/i_no_versal_es1_workaround.DSP/PCIN[13]
  -------------------------------------------------------------------    -------------------

                         (clock ap_clk rise edge)    10.000    10.000 r  
                                                      0.000    10.000 r  ap_clk (IN)
                         net (fo=3705, unset)         0.924    10.924    bd_0_i/hls_inst/U0/dmul_64ns_64ns_64_7_max_dsp_1_U5/butterworth_double_ap_dmul_5_max_dsp_64_u/inst/i_synth/MULT.OP/i_non_prim.MULT/DSP48E1_SPD_DBL_VARIANT.FIX_MULT/DSP1/aclk
    DSP48_X2Y10          DSP48E1                                      r  bd_0_i/hls_inst/U0/dmul_64ns_64ns_64_7_max_dsp_1_U5/butterworth_double_ap_dmul_5_max_dsp_64_u/inst/i_synth/MULT.OP/i_non_prim.MULT/DSP48E1_SPD_DBL_VARIANT.FIX_MULT/DSP1/i_no_versal_es1_workaround.DSP/CLK
                         clock pessimism              0.000    10.924    
                         clock uncertainty           -0.035    10.889    
    DSP48_X2Y10          DSP48E1 (Setup_dsp48e1_CLK_PCIN[13])
                                                     -1.400     9.489    bd_0_i/hls_inst/U0/dmul_64ns_64ns_64_7_max_dsp_1_U5/butterworth_double_ap_dmul_5_max_dsp_64_u/inst/i_synth/MULT.OP/i_non_prim.MULT/DSP48E1_SPD_DBL_VARIANT.FIX_MULT/DSP1/i_no_versal_es1_workaround.DSP
  -------------------------------------------------------------------
                         required time                          9.489    
                         arrival time                          -7.650    
  -------------------------------------------------------------------
                         slack                                  1.839    




