Copyright 1986-2020 Xilinx, Inc. All Rights Reserved.
-------------------------------------------------------------------------------------------
| Tool Version : Vivado v.2020.2 (lin64) Build 3064766 Wed Nov 18 09:12:47 MST 2020
| Date         : Mon Jun 10 10:32:16 2024
| Host         : vitis-VBox running 64-bit Ubuntu 18.04.6 LTS
| Command      : report_timing_summary -file ./report/butterworth_double_timing_routed.rpt
| Design       : bd_0_wrapper
| Device       : 7z020-clg400
| Speed File   : -1  PRODUCTION 1.12 2019-11-22
-------------------------------------------------------------------------------------------

Timing Summary Report

------------------------------------------------------------------------------------------------
| Timer Settings
| --------------
------------------------------------------------------------------------------------------------

  Enable Multi Corner Analysis               :  Yes
  Enable Pessimism Removal                   :  Yes
  Pessimism Removal Resolution               :  Nearest Common Node
  Enable Input Delay Default Clock           :  No
  Enable Preset / Clear Arcs                 :  No
  Disable Flight Delays                      :  No
  Ignore I/O Paths                           :  No
  Timing Early Launch at Borrowing Latches   :  No
  Borrow Time for Max Delay Exceptions       :  Yes
  Merge Timing Exceptions                    :  Yes

  Corner  Analyze    Analyze    
  Name    Max Paths  Min Paths  
  ------  ---------  ---------  
  Slow    Yes        Yes        
  Fast    Yes        Yes        



check_timing report

Table of Contents
-----------------
1. checking no_clock (0)
2. checking constant_clock (0)
3. checking pulse_width_clock (0)
4. checking unconstrained_internal_endpoints (0)
5. checking no_input_delay (36)
6. checking no_output_delay (37)
7. checking multiple_clock (0)
8. checking generated_clocks (0)
9. checking loops (0)
10. checking partial_input_delay (0)
11. checking partial_output_delay (0)
12. checking latch_loops (0)

1. checking no_clock (0)
------------------------
 There are 0 register/latch pins with no clock.


2. checking constant_clock (0)
------------------------------
 There are 0 register/latch pins with constant_clock.


3. checking pulse_width_clock (0)
---------------------------------
 There are 0 register/latch pins which need pulse_width check


4. checking unconstrained_internal_endpoints (0)
------------------------------------------------
 There are 0 pins that are not constrained for maximum delay.

 There are 0 pins that are not constrained for maximum delay due to constant clock.


5. checking no_input_delay (36)
-------------------------------
 There are 36 input ports with no input delay specified. (HIGH)

 There are 0 input ports with no input delay but user has a false path constraint.


6. checking no_output_delay (37)
--------------------------------
 There are 37 ports with no output delay specified. (HIGH)

 There are 0 ports with no output delay but user has a false path constraint

 There are 0 ports with no output delay but with a timing clock defined on it or propagating through it


7. checking multiple_clock (0)
------------------------------
 There are 0 register/latch pins with multiple clocks.


8. checking generated_clocks (0)
--------------------------------
 There are 0 generated clocks that are not connected to a clock source.


9. checking loops (0)
---------------------
 There are 0 combinational loops in the design.


10. checking partial_input_delay (0)
------------------------------------
 There are 0 input ports with partial input delay specified.


11. checking partial_output_delay (0)
-------------------------------------
 There are 0 ports with partial output delay specified.


12. checking latch_loops (0)
----------------------------
 There are 0 combinational latch loops in the design through latch input



------------------------------------------------------------------------------------------------
| Design Timing Summary
| ---------------------
------------------------------------------------------------------------------------------------

    WNS(ns)      TNS(ns)  TNS Failing Endpoints  TNS Total Endpoints      WHS(ns)      THS(ns)  THS Failing Endpoints  THS Total Endpoints     WPWS(ns)     TPWS(ns)  TPWS Failing Endpoints  TPWS Total Endpoints  
    -------      -------  ---------------------  -------------------      -------      -------  ---------------------  -------------------     --------     --------  ----------------------  --------------------  
      1.545        0.000                      0                 7912        0.096        0.000                      0                 7912        4.020        0.000                       0                  3696  


All user specified timing constraints are met.


------------------------------------------------------------------------------------------------
| Clock Summary
| -------------
------------------------------------------------------------------------------------------------

Clock   Waveform(ns)       Period(ns)      Frequency(MHz)
-----   ------------       ----------      --------------
ap_clk  {0.000 5.000}      10.000          100.000         


------------------------------------------------------------------------------------------------
| Intra Clock Table
| -----------------
------------------------------------------------------------------------------------------------

Clock             WNS(ns)      TNS(ns)  TNS Failing Endpoints  TNS Total Endpoints      WHS(ns)      THS(ns)  THS Failing Endpoints  THS Total Endpoints     WPWS(ns)     TPWS(ns)  TPWS Failing Endpoints  TPWS Total Endpoints  
-----             -------      -------  ---------------------  -------------------      -------      -------  ---------------------  -------------------     --------     --------  ----------------------  --------------------  
ap_clk              1.545        0.000                      0                 7912        0.096        0.000                      0                 7912        4.020        0.000                       0                  3696  


------------------------------------------------------------------------------------------------
| Inter Clock Table
| -----------------
------------------------------------------------------------------------------------------------

From Clock    To Clock          WNS(ns)      TNS(ns)  TNS Failing Endpoints  TNS Total Endpoints      WHS(ns)      THS(ns)  THS Failing Endpoints  THS Total Endpoints  
----------    --------          -------      -------  ---------------------  -------------------      -------      -------  ---------------------  -------------------  


------------------------------------------------------------------------------------------------
| Other Path Groups Table
| -----------------------
------------------------------------------------------------------------------------------------

Path Group    From Clock    To Clock          WNS(ns)      TNS(ns)  TNS Failing Endpoints  TNS Total Endpoints      WHS(ns)      THS(ns)  THS Failing Endpoints  THS Total Endpoints  
----------    ----------    --------          -------      -------  ---------------------  -------------------      -------      -------  ---------------------  -------------------  


------------------------------------------------------------------------------------------------
| Timing Details
| --------------
------------------------------------------------------------------------------------------------


---------------------------------------------------------------------------------------------------
From Clock:  ap_clk
  To Clock:  ap_clk

Setup :            0  Failing Endpoints,  Worst Slack        1.545ns,  Total Violation        0.000ns
Hold  :            0  Failing Endpoints,  Worst Slack        0.096ns,  Total Violation        0.000ns
PW    :            0  Failing Endpoints,  Worst Slack        4.020ns,  Total Violation        0.000ns
---------------------------------------------------------------------------------------------------


Max Delay Paths
--------------------------------------------------------------------------------------
Slack (MET) :             1.545ns  (required time - arrival time)
  Source:                 bd_0_i/hls_inst/U0/dmul_64ns_64ns_64_7_max_dsp_1_U5/din0_buf1_reg[13]/C
                            (rising edge-triggered cell FDRE clocked by ap_clk  {rise@0.000ns fall@5.000ns period=10.000ns})
  Destination:            bd_0_i/hls_inst/U0/dmul_64ns_64ns_64_7_max_dsp_1_U5/butterworth_double_ap_dmul_5_max_dsp_64_u/inst/i_synth/MULT.OP/i_non_prim.MULT/DSP48E1_SPD_DBL_VARIANT.FIX_MULT/ZD0_DEL/i_pipe/opt_has_pipe.first_q_reg[0]/D
                            (rising edge-triggered cell FDRE clocked by ap_clk  {rise@0.000ns fall@5.000ns period=10.000ns})
  Path Group:             ap_clk
  Path Type:              Setup (Max at Slow Process Corner)
  Requirement:            10.000ns  (ap_clk rise@10.000ns - ap_clk rise@0.000ns)
  Data Path Delay:        8.355ns  (logic 4.924ns (58.936%)  route 3.431ns (41.064%))
  Logic Levels:           1  (DSP48E1=1)
  Clock Path Skew:        -0.049ns (DCD - SCD + CPR)
    Destination Clock Delay (DCD):    0.924ns = ( 10.924 - 10.000 ) 
    Source Clock Delay      (SCD):    0.973ns
    Clock Pessimism Removal (CPR):    0.000ns
  Clock Uncertainty:      0.035ns  ((TSJ^2 + TIJ^2)^1/2 + DJ) / 2 + PE
    Total System Jitter     (TSJ):    0.071ns
    Total Input Jitter      (TIJ):    0.000ns
    Discrete Jitter          (DJ):    0.000ns
    Phase Error              (PE):    0.000ns

    Location             Delay type                Incr(ns)  Path(ns)    Netlist Resource(s)
  -------------------------------------------------------------------    -------------------
                         (clock ap_clk rise edge)     0.000     0.000 r  
                                                      0.000     0.000 r  ap_clk (IN)
                         net (fo=3705, unset)         0.973     0.973    bd_0_i/hls_inst/U0/dmul_64ns_64ns_64_7_max_dsp_1_U5/ap_clk
    SLICE_X36Y61         FDRE                                         r  bd_0_i/hls_inst/U0/dmul_64ns_64ns_64_7_max_dsp_1_U5/din0_buf1_reg[13]/C
  -------------------------------------------------------------------    -------------------
    SLICE_X36Y61         FDRE (Prop_fdre_C_Q)         0.518     1.491 r  bd_0_i/hls_inst/U0/dmul_64ns_64ns_64_7_max_dsp_1_U5/din0_buf1_reg[13]/Q
                         net (fo=4, routed)           2.067     3.558    bd_0_i/hls_inst/U0/dmul_64ns_64ns_64_7_max_dsp_1_U5/butterworth_double_ap_dmul_5_max_dsp_64_u/inst/i_synth/MULT.OP/i_non_prim.MULT/DSP48E1_SPD_DBL_VARIANT.FIX_MULT/DSP0/s_axis_a_tdata[13]
    DSP48_X2Y9           DSP48E1 (Prop_dsp48e1_A[13]_PATTERNDETECT)
                                                      4.406     7.964 r  bd_0_i/hls_inst/U0/dmul_64ns_64ns_64_7_max_dsp_1_U5/butterworth_double_ap_dmul_5_max_dsp_64_u/inst/i_synth/MULT.OP/i_non_prim.MULT/DSP48E1_SPD_DBL_VARIANT.FIX_MULT/DSP0/i_no_versal_es1_workaround.DSP/PATTERNDETECT
                         net (fo=1, routed)           1.364     9.328    bd_0_i/hls_inst/U0/dmul_64ns_64ns_64_7_max_dsp_1_U5/butterworth_double_ap_dmul_5_max_dsp_64_u/inst/i_synth/MULT.OP/i_non_prim.MULT/DSP48E1_SPD_DBL_VARIANT.FIX_MULT/ZD0_DEL/i_pipe/dsp0_pd_p3
    SLICE_X36Y47         FDRE                                         r  bd_0_i/hls_inst/U0/dmul_64ns_64ns_64_7_max_dsp_1_U5/butterworth_double_ap_dmul_5_max_dsp_64_u/inst/i_synth/MULT.OP/i_non_prim.MULT/DSP48E1_SPD_DBL_VARIANT.FIX_MULT/ZD0_DEL/i_pipe/opt_has_pipe.first_q_reg[0]/D
  -------------------------------------------------------------------    -------------------

                         (clock ap_clk rise edge)    10.000    10.000 r  
                                                      0.000    10.000 r  ap_clk (IN)
                         net (fo=3705, unset)         0.924    10.924    bd_0_i/hls_inst/U0/dmul_64ns_64ns_64_7_max_dsp_1_U5/butterworth_double_ap_dmul_5_max_dsp_64_u/inst/i_synth/MULT.OP/i_non_prim.MULT/DSP48E1_SPD_DBL_VARIANT.FIX_MULT/ZD0_DEL/i_pipe/aclk
    SLICE_X36Y47         FDRE                                         r  bd_0_i/hls_inst/U0/dmul_64ns_64ns_64_7_max_dsp_1_U5/butterworth_double_ap_dmul_5_max_dsp_64_u/inst/i_synth/MULT.OP/i_non_prim.MULT/DSP48E1_SPD_DBL_VARIANT.FIX_MULT/ZD0_DEL/i_pipe/opt_has_pipe.first_q_reg[0]/C
                         clock pessimism              0.000    10.924    
                         clock uncertainty           -0.035    10.889    
    SLICE_X36Y47         FDRE (Setup_fdre_C_D)       -0.016    10.873    bd_0_i/hls_inst/U0/dmul_64ns_64ns_64_7_max_dsp_1_U5/butterworth_double_ap_dmul_5_max_dsp_64_u/inst/i_synth/MULT.OP/i_non_prim.MULT/DSP48E1_SPD_DBL_VARIANT.FIX_MULT/ZD0_DEL/i_pipe/opt_has_pipe.first_q_reg[0]
  -------------------------------------------------------------------
                         required time                         10.873    
                         arrival time                          -9.328    
  -------------------------------------------------------------------
                         slack                                  1.545    





Min Delay Paths
--------------------------------------------------------------------------------------
Slack (MET) :             0.096ns  (arrival time - required time)
  Source:                 bd_0_i/hls_inst/U0/mul1_reg_295_reg[37]/C
                            (rising edge-triggered cell FDRE clocked by ap_clk  {rise@0.000ns fall@5.000ns period=10.000ns})
  Destination:            bd_0_i/hls_inst/U0/dadddsub_64ns_64ns_64_7_full_dsp_1_U3/din1_buf1_reg[37]/D
                            (rising edge-triggered cell FDRE clocked by ap_clk  {rise@0.000ns fall@5.000ns period=10.000ns})
  Path Group:             ap_clk
  Path Type:              Hold (Min at Fast Process Corner)
  Requirement:            0.000ns  (ap_clk rise@0.000ns - ap_clk rise@0.000ns)
  Data Path Delay:        0.238ns  (logic 0.186ns (78.117%)  route 0.052ns (21.883%))
  Logic Levels:           1  (LUT5=1)
  Clock Path Skew:        0.022ns (DCD - SCD - CPR)
    Destination Clock Delay (DCD):    0.432ns
    Source Clock Delay      (SCD):    0.410ns
    Clock Pessimism Removal (CPR):    -0.000ns

    Location             Delay type                Incr(ns)  Path(ns)    Netlist Resource(s)
  -------------------------------------------------------------------    -------------------
                         (clock ap_clk rise edge)     0.000     0.000 r  
                                                      0.000     0.000 r  ap_clk (IN)
                         net (fo=3705, unset)         0.410     0.410    bd_0_i/hls_inst/U0/ap_clk
    SLICE_X63Y79         FDRE                                         r  bd_0_i/hls_inst/U0/mul1_reg_295_reg[37]/C
  -------------------------------------------------------------------    -------------------
    SLICE_X63Y79         FDRE (Prop_fdre_C_Q)         0.141     0.551 r  bd_0_i/hls_inst/U0/mul1_reg_295_reg[37]/Q
                         net (fo=1, routed)           0.052     0.603    bd_0_i/hls_inst/U0/dadddsub_64ns_64ns_64_7_full_dsp_1_U3/din1_buf1_reg[63]_1[37]
    SLICE_X62Y79         LUT5 (Prop_lut5_I4_O)        0.045     0.648 r  bd_0_i/hls_inst/U0/dadddsub_64ns_64ns_64_7_full_dsp_1_U3/din1_buf1[37]_i_1__1/O
                         net (fo=1, routed)           0.000     0.648    bd_0_i/hls_inst/U0/dadddsub_64ns_64ns_64_7_full_dsp_1_U3/din1_buf1[37]_i_1__1_n_0
    SLICE_X62Y79         FDRE                                         r  bd_0_i/hls_inst/U0/dadddsub_64ns_64ns_64_7_full_dsp_1_U3/din1_buf1_reg[37]/D
  -------------------------------------------------------------------    -------------------

                         (clock ap_clk rise edge)     0.000     0.000 r  
                                                      0.000     0.000 r  ap_clk (IN)
                         net (fo=3705, unset)         0.432     0.432    bd_0_i/hls_inst/U0/dadddsub_64ns_64ns_64_7_full_dsp_1_U3/ap_clk
    SLICE_X62Y79         FDRE                                         r  bd_0_i/hls_inst/U0/dadddsub_64ns_64ns_64_7_full_dsp_1_U3/din1_buf1_reg[37]/C
                         clock pessimism              0.000     0.432    
    SLICE_X62Y79         FDRE (Hold_fdre_C_D)         0.121     0.553    bd_0_i/hls_inst/U0/dadddsub_64ns_64ns_64_7_full_dsp_1_U3/din1_buf1_reg[37]
  -------------------------------------------------------------------
                         required time                         -0.553    
                         arrival time                           0.648    
  -------------------------------------------------------------------
                         slack                                  0.096    





Pulse Width Checks
--------------------------------------------------------------------------------------
Clock Name:         ap_clk
Waveform(ns):       { 0.000 5.000 }
Period(ns):         10.000
Sources:            { ap_clk }

Check Type        Corner  Lib Pin      Reference Pin  Required(ns)  Actual(ns)  Slack(ns)  Location      Pin
Min Period        n/a     DSP48E1/CLK  n/a            3.884         10.000      6.116      DSP48_X2Y13   bd_0_i/hls_inst/U0/dmul_64ns_64ns_64_7_max_dsp_1_U5/butterworth_double_ap_dmul_5_max_dsp_64_u/inst/i_synth/MULT.OP/i_non_prim.MULT/DSP48E1_SPD_DBL_VARIANT.FIX_MULT/DSP4/i_no_versal_es1_workaround.DSP/CLK
Low Pulse Width   Fast    SRL16E/CLK   n/a            0.980         5.000       4.020      SLICE_X36Y88  bd_0_i/hls_inst/U0/dmul_64ns_64ns_64_7_max_dsp_1_U5/butterworth_double_ap_dmul_5_max_dsp_64_u/inst/i_synth/MULT.OP/i_non_prim.EXP/EXP_PRE_RND_DEL/i_pipe/opt_has_pipe.i_pipe[3].pipe_reg[3][0]_srl3/CLK
High Pulse Width  Slow    SRL16E/CLK   n/a            0.980         5.000       4.020      SLICE_X36Y88  bd_0_i/hls_inst/U0/dmul_64ns_64ns_64_7_max_dsp_1_U5/butterworth_double_ap_dmul_5_max_dsp_64_u/inst/i_synth/MULT.OP/i_non_prim.EXP/EXP_PRE_RND_DEL/i_pipe/opt_has_pipe.i_pipe[3].pipe_reg[3][0]_srl3/CLK



