INFO: [SIM 2] *************** CSIM start ***************
INFO: [SIM 4] CSIM will launch GCC as the compiler.
   Compiling ../../../AXI_zeros_tb.cpp in debug mode
   Generating csim.exe
 Salida [0]: 0TLAST :0
 Salida [1]: 0TLAST :0
 Salida [2]: 0TLAST :0
 Salida [3]: 0TLAST :0
 Salida [4]: 0TLAST :0
 Salida [5]: 0TLAST :0
 Salida [6]: 0TLAST :0
 Salida [7]: 0TLAST :0
 Salida [8]: 0TLAST :0
 Salida [9]: 0TLAST :0
 Salida [10]: 0TLAST :0
 Salida [11]: 0TLAST :0
 Salida [12]: 0TLAST :0
 Salida [13]: 0TLAST :0
 Salida [14]: 0TLAST :0
 Salida [15]: 0TLAST :0
 Salida [16]: 0TLAST :0
 Salida [17]: 0TLAST :0
 Salida [18]: 0TLAST :0
 Salida [19]: 0TLAST :0
 Salida [20]: 0TLAST :0
 Salida [21]: 0TLAST :0
 Salida [22]: 0TLAST :0
 Salida [23]: 0TLAST :0
 Salida [24]: 0TLAST :0
 Salida [25]: 0TLAST :0
 Salida [26]: 0TLAST :0
 Salida [27]: 0TLAST :0
 Salida [28]: 0TLAST :0
 Salida [29]: 0TLAST :0
 Salida [30]: 0TLAST :0
 Salida [31]: 0TLAST :0
 Salida [32]: 0TLAST :0
 Salida [33]: 0TLAST :0
 Salida [34]: 0TLAST :0
 Salida [35]: 0TLAST :0
 Salida [36]: 0TLAST :0
 Salida [37]: 0TLAST :0
 Salida [38]: 0TLAST :0
 Salida [39]: 0TLAST :0
 Salida [40]: 0TLAST :0
 Salida [41]: 0TLAST :0
 Salida [42]: 0TLAST :0
 Salida [43]: 0TLAST :0
 Salida [44]: 0TLAST :0
 Salida [45]: 0TLAST :0
 Salida [46]: 0TLAST :0
 Salida [47]: 0TLAST :0
 Salida [48]: 0TLAST :0
 Salida [49]: 0TLAST :0
 Salida [50]: 0TLAST :0
 Salida [51]: 0TLAST :0
 Salida [52]: 0TLAST :0
 Salida [53]: 0TLAST :0
 Salida [54]: 0TLAST :0
 Salida [55]: 0TLAST :0
 Salida [56]: 0TLAST :0
 Salida [57]: 0TLAST :0
 Salida [58]: 0TLAST :0
 Salida [59]: 0TLAST :0
 Salida [60]: 0TLAST :0
 Salida [61]: 0TLAST :0
 Salida [62]: 0TLAST :0
 Salida [63]: 0TLAST :0
 Salida [64]: 0TLAST :0
 Salida [65]: 0TLAST :0
 Salida [66]: 0TLAST :0
 Salida [67]: 0TLAST :0
 Salida [68]: 0TLAST :0
 Salida [69]: 0TLAST :0
 Salida [70]: 0TLAST :0
 Salida [71]: 0TLAST :0
 Salida [72]: 0TLAST :0
 Salida [73]: 0TLAST :0
 Salida [74]: 0TLAST :0
 Salida [75]: 0TLAST :0
 Salida [76]: 0TLAST :0
 Salida [77]: 0TLAST :0
 Salida [78]: 0TLAST :0
 Salida [79]: 0TLAST :0
 Salida [80]: 0TLAST :0
 Salida [81]: 0TLAST :0
 Salida [82]: 0TLAST :0
 Salida [83]: 0TLAST :0
 Salida [84]: 0TLAST :0
 Salida [85]: 0TLAST :0
 Salida [86]: 0TLAST :0
 Salida [87]: 0TLAST :0
 Salida [88]: 0TLAST :0
 Salida [89]: 0TLAST :0
 Salida [90]: 0TLAST :0
 Salida [91]: 0TLAST :0
 Salida [92]: 0TLAST :0
 Salida [93]: 0TLAST :0
 Salida [94]: 0TLAST :0
 Salida [95]: 0TLAST :0
 Salida [96]: 0TLAST :0
 Salida [97]: 0TLAST :0
 Salida [98]: 0TLAST :0
 Salida [99]: 0TLAST :0
 Salida [100]: 0TLAST :0
 Salida [101]: 0TLAST :0
 Salida [102]: 0TLAST :0
 Salida [103]: 0TLAST :0
 Salida [104]: 0TLAST :0
 Salida [105]: 0TLAST :0
 Salida [106]: 0TLAST :0
 Salida [107]: 0TLAST :0
 Salida [108]: 0TLAST :0
 Salida [109]: 0TLAST :0
 Salida [110]: 0TLAST :0
 Salida [111]: 0TLAST :0
 Salida [112]: 0TLAST :0
 Salida [113]: 0TLAST :0
 Salida [114]: 0TLAST :0
 Salida [115]: 0TLAST :0
 Salida [116]: 0TLAST :0
 Salida [117]: 0TLAST :0
 Salida [118]: 0TLAST :0
 Salida [119]: 0TLAST :0
 Salida [120]: 0TLAST :0
 Salida [121]: 0TLAST :0
 Salida [122]: 0TLAST :0
 Salida [123]: 0TLAST :0
 Salida [124]: 0TLAST :0
 Salida [125]: 0TLAST :0
 Salida [126]: 0TLAST :0
 Salida [127]: 0TLAST :0
 Salida [128]: 0TLAST :0
 Salida [129]: 0TLAST :0
 Salida [130]: 0TLAST :0
 Salida [131]: 0TLAST :0
 Salida [132]: 0TLAST :0
 Salida [133]: 0TLAST :0
 Salida [134]: 0TLAST :0
 Salida [135]: 0TLAST :0
 Salida [136]: 0TLAST :0
 Salida [137]: 0TLAST :0
 Salida [138]: 0TLAST :0
 Salida [139]: 0TLAST :0
 Salida [140]: 0TLAST :0
 Salida [141]: 0TLAST :0
 Salida [142]: 0TLAST :0
 Salida [143]: 0TLAST :0
 Salida [144]: 0TLAST :0
 Salida [145]: 0TLAST :0
 Salida [146]: 0TLAST :0
 Salida [147]: 0TLAST :0
 Salida [148]: 0TLAST :0
 Salida [149]: 0TLAST :0
 Salida [150]: 0TLAST :0
 Salida [151]: 0TLAST :0
 Salida [152]: 0TLAST :0
 Salida [153]: 0TLAST :0
 Salida [154]: 0TLAST :0
 Salida [155]: 0TLAST :0
 Salida [156]: 0TLAST :0
 Salida [157]: 0TLAST :0
 Salida [158]: 0TLAST :0
 Salida [159]: 0TLAST :0
 Salida [160]: 0TLAST :0
 Salida [161]: 0TLAST :0
 Salida [162]: 0TLAST :0
 Salida [163]: 0TLAST :0
 Salida [164]: 0TLAST :0
 Salida [165]: 0TLAST :0
 Salida [166]: 0TLAST :0
 Salida [167]: 0TLAST :0
 Salida [168]: 0TLAST :0
 Salida [169]: 0TLAST :0
 Salida [170]: 0TLAST :0
 Salida [171]: 0TLAST :0
 Salida [172]: 0TLAST :0
 Salida [173]: 0TLAST :0
 Salida [174]: 0TLAST :0
 Salida [175]: 0TLAST :0
 Salida [176]: 0TLAST :0
 Salida [177]: 0TLAST :0
 Salida [178]: 0TLAST :0
 Salida [179]: 0TLAST :0
 Salida [180]: 0TLAST :0
 Salida [181]: 0TLAST :0
 Salida [182]: 0TLAST :0
 Salida [183]: 0TLAST :0
 Salida [184]: 0TLAST :0
 Salida [185]: 0TLAST :0
 Salida [186]: 0TLAST :0
 Salida [187]: 0TLAST :0
 Salida [188]: 0TLAST :0
 Salida [189]: 0TLAST :0
 Salida [190]: 0TLAST :0
 Salida [191]: 0TLAST :0
 Salida [192]: 0TLAST :0
 Salida [193]: 0TLAST :0
 Salida [194]: 0TLAST :0
 Salida [195]: 0TLAST :0
 Salida [196]: 0TLAST :0
 Salida [197]: 0TLAST :0
 Salida [198]: 0TLAST :0
 Salida [199]: 0TLAST :0
 Salida [200]: 0TLAST :0
 Salida [201]: 0TLAST :0
 Salida [202]: 0TLAST :0
 Salida [203]: 0TLAST :0
 Salida [204]: 0TLAST :0
 Salida [205]: 0TLAST :0
 Salida [206]: 0TLAST :0
 Salida [207]: 0TLAST :0
 Salida [208]: 0TLAST :0
 Salida [209]: 0TLAST :0
 Salida [210]: 0TLAST :0
 Salida [211]: 0TLAST :0
 Salida [212]: 0TLAST :0
 Salida [213]: 0TLAST :0
 Salida [214]: 0TLAST :0
 Salida [215]: 0TLAST :0
 Salida [216]: 0TLAST :0
 Salida [217]: 0TLAST :0
 Salida [218]: 0TLAST :0
 Salida [219]: 0TLAST :0
 Salida [220]: 0TLAST :0
 Salida [221]: 0TLAST :0
 Salida [222]: 0TLAST :0
 Salida [223]: 0TLAST :0
 Salida [224]: 0TLAST :0
 Salida [225]: 0TLAST :0
 Salida [226]: 0TLAST :0
 Salida [227]: 0TLAST :0
 Salida [228]: 0TLAST :0
 Salida [229]: 0TLAST :0
 Salida [230]: 0TLAST :0
 Salida [231]: 0TLAST :0
 Salida [232]: 0TLAST :0
 Salida [233]: 0TLAST :0
 Salida [234]: 0TLAST :0
 Salida [235]: 0TLAST :0
 Salida [236]: 0TLAST :0
 Salida [237]: 0TLAST :0
 Salida [238]: 0TLAST :0
 Salida [239]: 0TLAST :0
 Salida [240]: 0TLAST :0
 Salida [241]: 0TLAST :0
 Salida [242]: 0TLAST :0
 Salida [243]: 0TLAST :0
 Salida [244]: 0TLAST :0
 Salida [245]: 0TLAST :0
 Salida [246]: 0TLAST :0
 Salida [247]: 0TLAST :0
 Salida [248]: 0TLAST :0
 Salida [249]: 0TLAST :0
 Salida [250]: 0TLAST :0
 Salida [251]: 0TLAST :0
 Salida [252]: 0TLAST :0
 Salida [253]: 0TLAST :0
 Salida [254]: 0TLAST :0
 Salida [255]: 0TLAST :1
Testbench exitoso!
The maximum depth reached by any of the 2 hls::stream() instances in the design is 0
INFO: [SIM 1] CSim done with 0 errors.
INFO: [SIM 3] *************** CSIM finish ***************
