                            latency            interval
transaction        0            8            9
transaction        1            8            9
transaction        2            8            9
transaction        3            8            9
transaction        4            8            9
transaction        5            8            9
transaction        6            8            9
transaction        7            8            9
transaction        8            8            9
transaction        9            8            9
transaction        10            8            9
transaction        11            8            9
transaction        12            8            9
transaction        13            8            9
transaction        14            8            9
transaction        15            8            9
transaction        16            8            9
transaction        17            8            9
transaction        18            8            9
transaction        19            8            9
transaction        20            8            9
transaction        21            8            9
transaction        22            8            9
transaction        23            8            9
transaction        24            8            9
transaction        25            8            9
transaction        26            8            9
transaction        27            8            9
transaction        28            8            9
transaction        29            8            9
transaction        30            8            9
transaction        31            8            9
transaction        32            8            9
transaction        33            8            9
transaction        34            8            9
transaction        35            8            9
transaction        36            8            9
transaction        37            8            9
transaction        38            8            9
transaction        39            8            9
transaction        40            8            9
transaction        41            8            9
transaction        42            8            9
transaction        43            8            9
transaction        44            8            9
transaction        45            8            9
transaction        46            8            9
transaction        47            8            9
transaction        48            8            9
transaction        49            8            9
transaction        50            8            9
transaction        51            8            9
transaction        52            8            9
transaction        53            8            9
transaction        54            8            9
transaction        55            8            9
transaction        56            8            9
transaction        57            8            9
transaction        58            8            9
transaction        59            8            9
transaction        60            8            9
transaction        61            8            9
transaction        62            8            9
transaction        63            8            9
transaction        64            8            9
transaction        65            8            9
transaction        66            8            9
transaction        67            8            9
transaction        68            8            9
transaction        69            8            9
transaction        70            8            9
transaction        71            8            9
transaction        72            8            9
transaction        73            8            9
transaction        74            8            9
transaction        75            8            9
transaction        76            8            9
transaction        77            8            9
transaction        78            8            9
transaction        79            8            9
transaction        80            8            9
transaction        81            8            9
transaction        82            8            9
transaction        83            8            9
transaction        84            8            9
transaction        85            8            9
transaction        86            8            9
transaction        87            8            9
transaction        88            8            9
transaction        89            8            9
transaction        90            8            9
transaction        91            8            9
transaction        92            8            9
transaction        93            8            9
transaction        94            8            9
transaction        95            8            9
transaction        96            8            9
transaction        97            8            9
transaction        98            8            9
transaction        99            8            9
transaction        100            8            9
transaction        101            8            9
transaction        102            8            9
transaction        103            8            9
transaction        104            8            9
transaction        105            8            9
transaction        106            8            9
transaction        107            8            9
transaction        108            8            9
transaction        109            8            9
transaction        110            8            9
transaction        111            8            9
transaction        112            8            9
transaction        113            8            9
transaction        114            8            9
transaction        115            8            9
transaction        116            8            9
transaction        117            8            9
transaction        118            8            9
transaction        119            8            9
transaction        120            8            9
transaction        121            8            9
transaction        122            8            9
transaction        123            8            9
transaction        124            8            9
transaction        125            8            9
transaction        126            8            9
transaction        127            8            9
transaction        128            8            9
transaction        129            8            9
transaction        130            8            9
transaction        131            8            9
transaction        132            8            9
transaction        133            8            9
transaction        134            8            9
transaction        135            8            9
transaction        136            8            9
transaction        137            8            9
transaction        138            8            9
transaction        139            8            9
transaction        140            8            9
transaction        141            8            9
transaction        142            8            9
transaction        143            8            9
transaction        144            8            9
transaction        145            8            9
transaction        146            8            9
transaction        147            8            9
transaction        148            8            9
transaction        149            8            9
transaction        150            8            9
transaction        151            8            9
transaction        152            8            9
transaction        153            8            9
transaction        154            8            9
transaction        155            8            9
transaction        156            8            9
transaction        157            8            9
transaction        158            8            9
transaction        159            8            9
transaction        160            8            9
transaction        161            8            9
transaction        162            8            9
transaction        163            8            9
transaction        164            8            9
transaction        165            8            9
transaction        166            8            9
transaction        167            8            9
transaction        168            8            9
transaction        169            8            9
transaction        170            8            9
transaction        171            8            9
transaction        172            8            9
transaction        173            8            9
transaction        174            8            9
transaction        175            8            9
transaction        176            8            9
transaction        177            8            9
transaction        178            8            9
transaction        179            8            9
transaction        180            8            9
transaction        181            8            9
transaction        182            8            9
transaction        183            8            9
transaction        184            8            9
transaction        185            8            9
transaction        186            8            9
transaction        187            8            9
transaction        188            8            9
transaction        189            8            9
transaction        190            8            9
transaction        191            8            9
transaction        192            8            9
transaction        193            8            9
transaction        194            8            9
transaction        195            8            9
transaction        196            8            9
transaction        197            8            9
transaction        198            8            9
transaction        199            8            9
transaction        200            8            9
transaction        201            8            9
transaction        202            8            9
transaction        203            8            9
transaction        204            8            9
transaction        205            8            9
transaction        206            8            9
transaction        207            8            9
transaction        208            8            9
transaction        209            8            9
transaction        210            8            9
transaction        211            8            9
transaction        212            8            9
transaction        213            8            9
transaction        214            8            9
transaction        215            8            9
transaction        216            8            9
transaction        217            8            9
transaction        218            8            9
transaction        219            8            9
transaction        220            8            9
transaction        221            8            9
transaction        222            8            9
transaction        223            8            9
transaction        224            8            9
transaction        225            8            9
transaction        226            8            9
transaction        227            8            9
transaction        228            8            9
transaction        229            8            9
transaction        230            8            9
transaction        231            8            9
transaction        232            8            9
transaction        233            8            9
transaction        234            8            9
transaction        235            8            9
transaction        236            8            9
transaction        237            8            9
transaction        238            8            9
transaction        239            8            9
transaction        240            8            9
transaction        241            8            9
transaction        242            8            9
transaction        243            8            9
transaction        244            8            9
transaction        245            8            9
transaction        246            8            9
transaction        247            8            9
transaction        248            8            9
transaction        249            8            9
transaction        250            8            9
transaction        251            8            9
transaction        252            8            9
transaction        253            8            9
transaction        254            8            9
transaction        255            8            9
transaction        256            8            9
transaction        257            8            9
transaction        258            8            9
transaction        259            8            9
transaction        260            8            9
transaction        261            8            9
transaction        262            8            9
transaction        263            8            9
transaction        264            8            9
transaction        265            8            9
transaction        266            8            9
transaction        267            8            9
transaction        268            8            9
transaction        269            8            9
transaction        270            8            9
transaction        271            8            9
transaction        272            8            9
transaction        273            8            9
transaction        274            8            9
transaction        275            8            9
transaction        276            8            9
transaction        277            8            9
transaction        278            8            9
transaction        279            8            9
transaction        280            8            9
transaction        281            8            9
transaction        282            8            9
transaction        283            8            9
transaction        284            8            9
transaction        285            8            9
transaction        286            8            9
transaction        287            8            9
transaction        288            8            9
transaction        289            8            9
transaction        290            8            9
transaction        291            8            9
transaction        292            8            9
transaction        293            8            9
transaction        294            8            9
transaction        295            8            9
transaction        296            8            9
transaction        297            8            9
transaction        298            8            9
transaction        299            8            9
transaction        300            8            9
transaction        301            8            9
transaction        302            8            9
transaction        303            8            9
transaction        304            8            9
transaction        305            8            9
transaction        306            8            9
transaction        307            8            9
transaction        308            8            9
transaction        309            8            9
transaction        310            8            9
transaction        311            8            9
transaction        312            8            9
transaction        313            8            9
transaction        314            8            9
transaction        315            8            9
transaction        316            8            9
transaction        317            8            9
transaction        318            8            9
transaction        319            8            9
transaction        320            8            9
transaction        321            8            9
transaction        322            8            9
transaction        323            8            9
transaction        324            8            9
transaction        325            8            9
transaction        326            8            9
transaction        327            8            9
transaction        328            8            9
transaction        329            8            9
transaction        330            8            9
transaction        331            8            9
transaction        332            8            9
transaction        333            8            9
transaction        334            8            9
transaction        335            8            9
transaction        336            8            9
transaction        337            8            9
transaction        338            8            9
transaction        339            8            9
transaction        340            8            9
transaction        341            8            9
transaction        342            8            9
transaction        343            8            9
transaction        344            8            9
transaction        345            8            9
transaction        346            8            9
transaction        347            8            9
transaction        348            8            9
transaction        349            8            9
transaction        350            8            9
transaction        351            8            9
transaction        352            8            9
transaction        353            8            9
transaction        354            8            9
transaction        355            8            9
transaction        356            8            9
transaction        357            8            9
transaction        358            8            9
transaction        359            8            9
transaction        360            8            9
transaction        361            8            9
transaction        362            8            9
transaction        363            8            9
transaction        364            8            9
transaction        365            8            9
transaction        366            8            9
transaction        367            8            9
transaction        368            8            9
transaction        369            8            9
transaction        370            8            9
transaction        371            8            9
transaction        372            8            9
transaction        373            8            9
transaction        374            8            9
transaction        375            8            9
transaction        376            8            9
transaction        377            8            9
transaction        378            8            9
transaction        379            8            9
transaction        380            8            9
transaction        381            8            9
transaction        382            8            9
transaction        383            8            9
transaction        384            8            9
transaction        385            8            9
transaction        386            8            9
transaction        387            8            9
transaction        388            8            9
transaction        389            8            9
transaction        390            8            9
transaction        391            8            9
transaction        392            8            9
transaction        393            8            9
transaction        394            8            9
transaction        395            8            9
transaction        396            8            9
transaction        397            8            9
transaction        398            8            9
transaction        399            8            9
transaction        400            8            9
transaction        401            8            9
transaction        402            8            9
transaction        403            8            9
transaction        404            8            9
transaction        405            8            9
transaction        406            8            9
transaction        407            8            9
transaction        408            8            9
transaction        409            8            9
transaction        410            8            9
transaction        411            8            9
transaction        412            8            9
transaction        413            8            9
transaction        414            8            9
transaction        415            8            9
transaction        416            8            9
transaction        417            8            9
transaction        418            8            9
transaction        419            8            9
transaction        420            8            9
transaction        421            8            9
transaction        422            8            9
transaction        423            8            9
transaction        424            8            9
transaction        425            8            9
transaction        426            8            9
transaction        427            8            9
transaction        428            8            9
transaction        429            8            9
transaction        430            8            9
transaction        431            8            9
transaction        432            8            9
transaction        433            8            9
transaction        434            8            9
transaction        435            8            9
transaction        436            8            9
transaction        437            8            9
transaction        438            8            9
transaction        439            8            9
transaction        440            8            9
transaction        441            8            9
transaction        442            8            9
transaction        443            8            9
transaction        444            8            9
transaction        445            8            9
transaction        446            8            9
transaction        447            8            9
transaction        448            8            9
transaction        449            8            9
transaction        450            8            9
transaction        451            8            9
transaction        452            8            9
transaction        453            8            9
transaction        454            8            9
transaction        455            8            9
transaction        456            8            9
transaction        457            8            9
transaction        458            8            9
transaction        459            8            9
transaction        460            8            9
transaction        461            8            9
transaction        462            8            9
transaction        463            8            9
transaction        464            8            9
transaction        465            8            9
transaction        466            8            9
transaction        467            8            9
transaction        468            8            9
transaction        469            8            9
transaction        470            8            9
transaction        471            8            9
transaction        472            8            9
transaction        473            8            9
transaction        474            8            9
transaction        475            8            9
transaction        476            8            9
transaction        477            8            9
transaction        478            8            9
transaction        479            8            9
transaction        480            8            9
transaction        481            8            9
transaction        482            8            9
transaction        483            8            9
transaction        484            8            9
transaction        485            8            9
transaction        486            8            9
transaction        487            8            9
transaction        488            8            9
transaction        489            8            9
transaction        490            8            9
transaction        491            8            9
transaction        492            8            9
transaction        493            8            9
transaction        494            8            9
transaction        495            8            9
transaction        496            8            9
transaction        497            8            9
transaction        498            8            9
transaction        499            8            9
transaction        500            8            9
transaction        501            8            9
transaction        502            8            9
transaction        503            8            9
transaction        504            8            9
transaction        505            8            9
transaction        506            8            9
transaction        507            8            9
transaction        508            8            9
transaction        509            8            9
transaction        510            8            9
transaction        511            8            -2147483648
