

================================================================
== Vitis HLS Report for 'axi_config'
================================================================
* Date:           Sun May 26 11:19:42 2024

* Version:        2020.2 (Build 3064766 on Wed Nov 18 09:12:47 MST 2020)
* Project:        axi_config
* Solution:       solution1 (Vivado IP Flow Target)
* Product family: zynq
* Target device:  xc7z020-clg400-1


================================================================
== Performance Estimates
================================================================
+ Timing: 
    * Summary: 
    +--------+----------+----------+------------+
    |  Clock |  Target  | Estimated| Uncertainty|
    +--------+----------+----------+------------+
    |ap_clk  |  10.00 ns|      0 ns|     2.70 ns|
    +--------+----------+----------+------------+

+ Latency: 
    * Summary: 
    +---------+---------+-----------+-----------+-----+-----+---------+
    |  Latency (cycles) |   Latency (absolute)  |  Interval | Pipeline|
    |   min   |   max   |    min    |    max    | min | max |   Type  |
    +---------+---------+-----------+-----------+-----+-----+---------+
    |        1|        1|  10.000 ns|  10.000 ns|    2|    2|     none|
    +---------+---------+-----------+-----------+-----+-----+---------+

    + Detail: 
        * Instance: 
        N/A

        * Loop: 
        N/A



================================================================
== Utilization Estimates
================================================================
* Summary: 
+-----------------+---------+-----+--------+-------+-----+
|       Name      | BRAM_18K| DSP |   FF   |  LUT  | URAM|
+-----------------+---------+-----+--------+-------+-----+
|DSP              |        -|    -|       -|      -|    -|
|Expression       |        -|    -|       0|      4|    -|
|FIFO             |        -|    -|       -|      -|    -|
|Instance         |        -|    -|       -|      -|    -|
|Memory           |        -|    -|       -|      -|    -|
|Multiplexer      |        -|    -|       -|     23|    -|
|Register         |        -|    -|       2|      -|    -|
+-----------------+---------+-----+--------+-------+-----+
|Total            |        0|    0|       2|     27|    0|
+-----------------+---------+-----+--------+-------+-----+
|Available        |      280|  220|  106400|  53200|    0|
+-----------------+---------+-----+--------+-------+-----+
|Utilization (%)  |        0|    0|      ~0|     ~0|    0|
+-----------------+---------+-----+--------+-------+-----+

+ Detail: 
    * Instance: 
    N/A

    * DSP: 
    N/A

    * Memory: 
    N/A

    * FIFO: 
    N/A

    * Expression: 
    +-----------------+----------+----+---+----+------------+------------+
    |  Variable Name  | Operation| DSP| FF| LUT| Bitwidth P0| Bitwidth P1|
    +-----------------+----------+----+---+----+------------+------------+
    |ap_block_state1  |        or|   0|  0|   2|           1|           1|
    |ap_block_state2  |        or|   0|  0|   2|           1|           1|
    +-----------------+----------+----+---+----+------------+------------+
    |Total            |          |   0|  0|   4|           2|           2|
    +-----------------+----------+----+---+----+------------+------------+

    * Multiplexer: 
    +------------------------+----+-----------+-----+-----------+
    |          Name          | LUT| Input Size| Bits| Total Bits|
    +------------------------+----+-----------+-----+-----------+
    |ap_NS_fsm               |  14|          3|    1|          3|
    |out_stream_TDATA_blk_n  |   9|          2|    1|          2|
    +------------------------+----+-----------+-----+-----------+
    |Total                   |  23|          5|    2|          5|
    +------------------------+----+-----------+-----+-----------+

    * Register: 
    +-----------+---+----+-----+-----------+
    |    Name   | FF| LUT| Bits| Const Bits|
    +-----------+---+----+-----+-----------+
    |ap_CS_fsm  |  2|   0|    2|          0|
    +-----------+---+----+-----+-----------+
    |Total      |  2|   0|    2|          0|
    +-----------+---+----+-----+-----------+



================================================================
== Interface
================================================================
* Summary: 
+-------------------+-----+-----+------------+---------------------+--------------+
|     RTL Ports     | Dir | Bits|  Protocol  |    Source Object    |    C Type    |
+-------------------+-----+-----+------------+---------------------+--------------+
|ap_clk             |   in|    1|  ap_ctrl_hs|           axi_config|  return value|
|ap_rst_n           |   in|    1|  ap_ctrl_hs|           axi_config|  return value|
|ap_start           |   in|    1|  ap_ctrl_hs|           axi_config|  return value|
|ap_done            |  out|    1|  ap_ctrl_hs|           axi_config|  return value|
|ap_idle            |  out|    1|  ap_ctrl_hs|           axi_config|  return value|
|ap_ready           |  out|    1|  ap_ctrl_hs|           axi_config|  return value|
|in_config          |   in|   16|     ap_none|            in_config|        scalar|
|out_stream_TDATA   |  out|   16|        axis|  out_stream_V_data_V|       pointer|
|out_stream_TVALID  |  out|    1|        axis|  out_stream_V_last_V|       pointer|
|out_stream_TREADY  |   in|    1|        axis|  out_stream_V_last_V|       pointer|
|out_stream_TLAST   |  out|    1|        axis|  out_stream_V_last_V|       pointer|
|out_stream_TKEEP   |  out|    2|        axis|  out_stream_V_keep_V|       pointer|
|out_stream_TSTRB   |  out|    2|        axis|  out_stream_V_strb_V|       pointer|
+-------------------+-----+-----+------------+---------------------+--------------+

