#-----------------------------------------------------------
# Vivado v2020.2 (64-bit)
# SW Build 3064766 on Wed Nov 18 09:12:47 MST 2020
# IP Build 3064653 on Wed Nov 18 14:17:31 MST 2020
# Start of session at: Sat Apr 27 17:20:46 2024
# Process ID: 31921
# Current directory: /home/usuario/Escritorio/Tesis/IP_V3/punto_flotante/Rectification_mean/rect_float/solution1/.autopilot/db/ip_tmp
# Command line: vivado  -notrace -log vivado.log -mode batch -source run_vivado_gen_ip.tcl
# Log file: /home/usuario/Escritorio/Tesis/IP_V3/punto_flotante/Rectification_mean/rect_float/solution1/.autopilot/db/ip_tmp/vivado.log
# Journal file: /home/usuario/Escritorio/Tesis/IP_V3/punto_flotante/Rectification_mean/rect_float/solution1/.autopilot/db/ip_tmp/vivado.jou
#-----------------------------------------------------------
source run_vivado_gen_ip.tcl -notrace
INFO: [IP_Flow 19-234] Refreshing IP repositories
INFO: [IP_Flow 19-1704] No user IP repositories specified
INFO: [IP_Flow 19-2313] Loaded Vivado IP repository '/opt/Xilinx/Vivado/2020.2/data/ip'.
WARNING: [IP_Flow 19-4832] The IP name 'rect_float_ap_fcmp_0_no_dsp_32' you have specified is long. The Windows operating system has path length limitations. It is recommended you use shorter names to reduce the likelihood of issues.
create_ip: Time (s): cpu = 00:00:11 ; elapsed = 00:00:11 . Memory (MB): peak = 2358.582 ; gain = 43.016 ; free physical = 1737 ; free virtual = 7048
INFO: [IP_Flow 19-1686] Generating 'Synthesis' target for IP 'rect_float_ap_fcmp_0_no_dsp_32'...
INFO: [IP_Flow 19-1686] Generating 'Simulation' target for IP 'rect_float_ap_fcmp_0_no_dsp_32'...
INFO: [Common 17-206] Exiting Vivado at Sat Apr 27 17:21:13 2024...
