

================================================================
== Vitis HLS Report for 'axi_phase'
================================================================
* Date:           Tue Jun 11 13:38:07 2024

* Version:        2020.2 (Build 3064766 on Wed Nov 18 09:12:47 MST 2020)
* Project:        axi_phase
* Solution:       solution1 (Vivado IP Flow Target)
* Product family: zynq
* Target device:  xc7z020-clg400-1


================================================================
== Performance Estimates
================================================================
+ Timing: 
    * Summary: 
    +--------+----------+----------+------------+
    |  Clock |  Target  | Estimated| Uncertainty|
    +--------+----------+----------+------------+
    |ap_clk  |  10.00 ns|  7.256 ns|     2.70 ns|
    +--------+----------+----------+------------+

+ Latency: 
    * Summary: 
    +---------+---------+-----------+-----------+------+------+---------+
    |  Latency (cycles) |   Latency (absolute)  |   Interval  | Pipeline|
    |   min   |   max   |    min    |    max    |  min |  max |   Type  |
    +---------+---------+-----------+-----------+------+------+---------+
    |     1090|     1090|  10.900 us|  10.900 us|  1091|  1091|     none|
    +---------+---------+-----------+-----------+------+------+---------+

    + Detail: 
        * Instance: 
        +--------------------------------+----------------------+---------+---------+----------+----------+-----+-----+---------+
        |                                |                      |  Latency (cycles) |  Latency (absolute) |  Interval | Pipeline|
        |            Instance            |        Module        |   min   |   max   |    min   |    max   | min | max |   Type  |
        +--------------------------------+----------------------+---------+---------+----------+----------+-----+-----+---------+
        |grp_atan2_cordic_float_s_fu_78  |atan2_cordic_float_s  |       62|       62|  0.620 us|  0.620 us|    1|    1|      yes|
        +--------------------------------+----------------------+---------+---------+----------+----------+-----+-----+---------+

        * Loop: 
        +-------------------+---------+---------+----------+-----------+-----------+------+----------+
        |                   |  Latency (cycles) | Iteration|  Initiation Interval  | Trip |          |
        |     Loop Name     |   min   |   max   |  Latency |  achieved |   target  | Count| Pipelined|
        +-------------------+---------+---------+----------+-----------+-----------+------+----------+
        |- VITIS_LOOP_12_1  |     1088|     1088|        66|          1|          1|  1024|       yes|
        +-------------------+---------+---------+----------+-----------+-----------+------+----------+

============================================================
+ Verbose Summary: Synthesis Manager
============================================================
InlineROM: 1
ExposeGlobal: 0
============================================================
+ Verbose Summary: CDFG Model
============================================================
IsTopModel: 1
ResetActiveHigh: 1
IsCombinational: 0
IsDatapathOnly: 0
HasWiredReturn: 1
HasMFsm: 0
HasVarLatency: 1
IsPipeline: 0
IsRtlPipelined: 0
IsInstanceOverlapped: 0
IsDontTouch: 0
HasImplIP: 0
IsGatedGlobalClock: 0

+ Individual pipeline summary: 
  * Pipeline-0: initiation interval (II) = 1, depth = 66


============================================================
+ Verbose Summary: Schedule
============================================================
* Number of FSM states : 68
* Pipeline : 1
  Pipeline-0 : II = 1, D = 66, States = { 2 3 4 5 6 7 8 9 10 11 12 13 14 15 16 17 18 19 20 21 22 23 24 25 26 27 28 29 30 31 32 33 34 35 36 37 38 39 40 41 42 43 44 45 46 47 48 49 50 51 52 53 54 55 56 57 58 59 60 61 62 63 64 65 66 67 }
* Dataflow Pipeline: 0

* FSM state transitions: 
1 --> 2 
2 --> 68 3 
3 --> 4 
4 --> 5 
5 --> 6 
6 --> 7 
7 --> 8 
8 --> 9 
9 --> 10 
10 --> 11 
11 --> 12 
12 --> 13 
13 --> 14 
14 --> 15 
15 --> 16 
16 --> 17 
17 --> 18 
18 --> 19 
19 --> 20 
20 --> 21 
21 --> 22 
22 --> 23 
23 --> 24 
24 --> 25 
25 --> 26 
26 --> 27 
27 --> 28 
28 --> 29 
29 --> 30 
30 --> 31 
31 --> 32 
32 --> 33 
33 --> 34 
34 --> 35 
35 --> 36 
36 --> 37 
37 --> 38 
38 --> 39 
39 --> 40 
40 --> 41 
41 --> 42 
42 --> 43 
43 --> 44 
44 --> 45 
45 --> 46 
46 --> 47 
47 --> 48 
48 --> 49 
49 --> 50 
50 --> 51 
51 --> 52 
52 --> 53 
53 --> 54 
54 --> 55 
55 --> 56 
56 --> 57 
57 --> 58 
58 --> 59 
59 --> 60 
60 --> 61 
61 --> 62 
62 --> 63 
63 --> 64 
64 --> 65 
65 --> 66 
66 --> 67 
67 --> 2 
68 --> 

* FSM state operations: 

State 1 <SV = 0> <Delay = 1.58>
ST_1 : Operation 69 [1/1] (0.00ns)   --->   "%spectopmodule_ln0 = spectopmodule void @_ssdm_op_SpecTopModule, void @empty_2"   --->   Operation 69 'spectopmodule' 'spectopmodule_ln0' <Predicate = true> <Delay = 0.00>
ST_1 : Operation 70 [1/1] (0.00ns)   --->   "%specinterface_ln0 = specinterface void @_ssdm_op_SpecInterface, i64 %in_complex_data_V, void @empty, i32 1, i32 1, void @empty_0, i32 0, i32 0, void @empty_1, void @empty_1, void @empty_1, i32 0, i32 0, i32 0, i32 0, void @empty_1, void @empty_1"   --->   Operation 70 'specinterface' 'specinterface_ln0' <Predicate = true> <Delay = 0.00>
ST_1 : Operation 71 [1/1] (0.00ns)   --->   "%specbitsmap_ln0 = specbitsmap void @_ssdm_op_SpecBitsMap, i64 %in_complex_data_V"   --->   Operation 71 'specbitsmap' 'specbitsmap_ln0' <Predicate = true> <Delay = 0.00>
ST_1 : Operation 72 [1/1] (0.00ns)   --->   "%specinterface_ln0 = specinterface void @_ssdm_op_SpecInterface, i32 %out_phase_V, void @empty, i32 1, i32 1, void @empty_0, i32 0, i32 0, void @empty_1, void @empty_1, void @empty_1, i32 0, i32 0, i32 0, i32 0, void @empty_1, void @empty_1"   --->   Operation 72 'specinterface' 'specinterface_ln0' <Predicate = true> <Delay = 0.00>
ST_1 : Operation 73 [1/1] (0.00ns)   --->   "%specbitsmap_ln0 = specbitsmap void @_ssdm_op_SpecBitsMap, i32 %out_phase_V"   --->   Operation 73 'specbitsmap' 'specbitsmap_ln0' <Predicate = true> <Delay = 0.00>
ST_1 : Operation 74 [1/1] (1.58ns)   --->   "%br_ln12 = br void" [axi_phase/axi_phase.cpp:12]   --->   Operation 74 'br' 'br_ln12' <Predicate = true> <Delay = 1.58>

State 2 <SV = 1> <Delay = 1.88>
ST_2 : Operation 75 [1/1] (0.00ns)   --->   "%i = phi i11 0, void, i11 %i_1, void %.split"   --->   Operation 75 'phi' 'i' <Predicate = true> <Delay = 0.00>
ST_2 : Operation 76 [1/1] (1.63ns)   --->   "%i_1 = add i11 %i, i11 1" [axi_phase/axi_phase.cpp:12]   --->   Operation 76 'add' 'i_1' <Predicate = true> <Delay = 1.63> <CoreInst = "Adder">   --->   Core 1 'Adder' <Latency = 0> <II = 1> <Delay = 1.63> <FuncUnit> <Opcode : 'add' 'sub'> <InPorts = 2> <OutPorts = 1>
ST_2 : Operation 77 [1/1] (0.00ns)   --->   "%specpipeline_ln0 = specpipeline void @_ssdm_op_SpecPipeline, i32 4294967295, i32 0, i32 1, i32 0, void @p_str"   --->   Operation 77 'specpipeline' 'specpipeline_ln0' <Predicate = true> <Delay = 0.00>
ST_2 : Operation 78 [1/1] (1.88ns)   --->   "%icmp_ln12 = icmp_eq  i11 %i, i11 1024" [axi_phase/axi_phase.cpp:12]   --->   Operation 78 'icmp' 'icmp_ln12' <Predicate = true> <Delay = 1.88> <CoreInst = "Cmp">   --->   Core 9 'Cmp' <Latency = 0> <II = 1> <Delay = 1.88> <FuncUnit> <Opcode : 'icmp'> <InPorts = 2> <OutPorts = 1>
ST_2 : Operation 79 [1/1] (0.00ns)   --->   "%empty = speclooptripcount i32 @_ssdm_op_SpecLoopTripCount, i64 1024, i64 1024, i64 1024"   --->   Operation 79 'speclooptripcount' 'empty' <Predicate = true> <Delay = 0.00>
ST_2 : Operation 80 [1/1] (0.00ns)   --->   "%br_ln12 = br i1 %icmp_ln12, void %.split, void" [axi_phase/axi_phase.cpp:12]   --->   Operation 80 'br' 'br_ln12' <Predicate = true> <Delay = 0.00>
ST_2 : Operation 81 [1/1] (0.00ns)   --->   "%in_complex_data_V_read = read i64 @_ssdm_op_Read.axis.volatile.i64P128A, i64 %in_complex_data_V" [/opt/Xilinx/Vitis_HLS/2020.2/common/technology/autopilot/hls_stream_39.h:145]   --->   Operation 81 'read' 'in_complex_data_V_read' <Predicate = (!icmp_ln12)> <Delay = 0.00> <CoreInst = "axis">   --->   Core 115 'axis' <Latency = 0> <II = 1> <Delay = 1.00> <Adapter> <Opcode : >
ST_2 : Operation 82 [1/1] (0.00ns)   --->   "%trunc_ln145 = trunc i64 %in_complex_data_V_read" [/opt/Xilinx/Vitis_HLS/2020.2/common/technology/autopilot/hls_stream_39.h:145]   --->   Operation 82 'trunc' 'trunc_ln145' <Predicate = (!icmp_ln12)> <Delay = 0.00>
ST_2 : Operation 83 [1/1] (0.00ns)   --->   "%trunc_ln145_1 = partselect i32 @_ssdm_op_PartSelect.i32.i64.i32.i32, i64 %in_complex_data_V_read, i32 32, i32 63" [/opt/Xilinx/Vitis_HLS/2020.2/common/technology/autopilot/hls_stream_39.h:145]   --->   Operation 83 'partselect' 'trunc_ln145_1' <Predicate = (!icmp_ln12)> <Delay = 0.00>

State 3 <SV = 2> <Delay = 6.44>
ST_3 : Operation 84 [1/1] (0.00ns)   --->   "%tmp_M_value = bitcast i32 %trunc_ln145" [/opt/Xilinx/Vitis_HLS/2020.2/common/technology/autopilot/hls_stream_39.h:145]   --->   Operation 84 'bitcast' 'tmp_M_value' <Predicate = (!icmp_ln12)> <Delay = 0.00>
ST_3 : Operation 85 [1/1] (0.00ns)   --->   "%tmp_M_value_1 = bitcast i32 %trunc_ln145_1" [/opt/Xilinx/Vitis_HLS/2020.2/common/technology/autopilot/hls_stream_39.h:145]   --->   Operation 85 'bitcast' 'tmp_M_value_1' <Predicate = (!icmp_ln12)> <Delay = 0.00>
ST_3 : Operation 86 [64/64] (6.44ns)   --->   "%phase = call i32 @atan2_cordic<float>, i32 %tmp_M_value_1, i32 %tmp_M_value" [/wrk/ci/prod/2020.2/rdi_builds/continuous/2020_11_18_3064766/src/shared/hls/clib/hlsmath/src/c++/atan2float.cpp:7]   --->   Operation 86 'call' 'phase' <Predicate = (!icmp_ln12)> <Delay = 6.44> <CoreType = "Generic">   --->   Core 0 '' <Latency = 0> <II = 1> <Delay = 1.00> <Generic> <Opcode : >

State 4 <SV = 3> <Delay = 7.25>
ST_4 : Operation 87 [63/64] (7.25ns)   --->   "%phase = call i32 @atan2_cordic<float>, i32 %tmp_M_value_1, i32 %tmp_M_value" [/wrk/ci/prod/2020.2/rdi_builds/continuous/2020_11_18_3064766/src/shared/hls/clib/hlsmath/src/c++/atan2float.cpp:7]   --->   Operation 87 'call' 'phase' <Predicate = (!icmp_ln12)> <Delay = 7.25> <CoreType = "Generic">   --->   Core 0 '' <Latency = 0> <II = 1> <Delay = 1.00> <Generic> <Opcode : >

State 5 <SV = 4> <Delay = 7.25>
ST_5 : Operation 88 [62/64] (7.25ns)   --->   "%phase = call i32 @atan2_cordic<float>, i32 %tmp_M_value_1, i32 %tmp_M_value" [/wrk/ci/prod/2020.2/rdi_builds/continuous/2020_11_18_3064766/src/shared/hls/clib/hlsmath/src/c++/atan2float.cpp:7]   --->   Operation 88 'call' 'phase' <Predicate = (!icmp_ln12)> <Delay = 7.25> <CoreType = "Generic">   --->   Core 0 '' <Latency = 0> <II = 1> <Delay = 1.00> <Generic> <Opcode : >

State 6 <SV = 5> <Delay = 7.25>
ST_6 : Operation 89 [61/64] (7.25ns)   --->   "%phase = call i32 @atan2_cordic<float>, i32 %tmp_M_value_1, i32 %tmp_M_value" [/wrk/ci/prod/2020.2/rdi_builds/continuous/2020_11_18_3064766/src/shared/hls/clib/hlsmath/src/c++/atan2float.cpp:7]   --->   Operation 89 'call' 'phase' <Predicate = (!icmp_ln12)> <Delay = 7.25> <CoreType = "Generic">   --->   Core 0 '' <Latency = 0> <II = 1> <Delay = 1.00> <Generic> <Opcode : >

State 7 <SV = 6> <Delay = 7.25>
ST_7 : Operation 90 [60/64] (7.25ns)   --->   "%phase = call i32 @atan2_cordic<float>, i32 %tmp_M_value_1, i32 %tmp_M_value" [/wrk/ci/prod/2020.2/rdi_builds/continuous/2020_11_18_3064766/src/shared/hls/clib/hlsmath/src/c++/atan2float.cpp:7]   --->   Operation 90 'call' 'phase' <Predicate = (!icmp_ln12)> <Delay = 7.25> <CoreType = "Generic">   --->   Core 0 '' <Latency = 0> <II = 1> <Delay = 1.00> <Generic> <Opcode : >

State 8 <SV = 7> <Delay = 7.25>
ST_8 : Operation 91 [59/64] (7.25ns)   --->   "%phase = call i32 @atan2_cordic<float>, i32 %tmp_M_value_1, i32 %tmp_M_value" [/wrk/ci/prod/2020.2/rdi_builds/continuous/2020_11_18_3064766/src/shared/hls/clib/hlsmath/src/c++/atan2float.cpp:7]   --->   Operation 91 'call' 'phase' <Predicate = (!icmp_ln12)> <Delay = 7.25> <CoreType = "Generic">   --->   Core 0 '' <Latency = 0> <II = 1> <Delay = 1.00> <Generic> <Opcode : >

State 9 <SV = 8> <Delay = 7.25>
ST_9 : Operation 92 [58/64] (7.25ns)   --->   "%phase = call i32 @atan2_cordic<float>, i32 %tmp_M_value_1, i32 %tmp_M_value" [/wrk/ci/prod/2020.2/rdi_builds/continuous/2020_11_18_3064766/src/shared/hls/clib/hlsmath/src/c++/atan2float.cpp:7]   --->   Operation 92 'call' 'phase' <Predicate = (!icmp_ln12)> <Delay = 7.25> <CoreType = "Generic">   --->   Core 0 '' <Latency = 0> <II = 1> <Delay = 1.00> <Generic> <Opcode : >

State 10 <SV = 9> <Delay = 7.25>
ST_10 : Operation 93 [57/64] (7.25ns)   --->   "%phase = call i32 @atan2_cordic<float>, i32 %tmp_M_value_1, i32 %tmp_M_value" [/wrk/ci/prod/2020.2/rdi_builds/continuous/2020_11_18_3064766/src/shared/hls/clib/hlsmath/src/c++/atan2float.cpp:7]   --->   Operation 93 'call' 'phase' <Predicate = (!icmp_ln12)> <Delay = 7.25> <CoreType = "Generic">   --->   Core 0 '' <Latency = 0> <II = 1> <Delay = 1.00> <Generic> <Opcode : >

State 11 <SV = 10> <Delay = 7.25>
ST_11 : Operation 94 [56/64] (7.25ns)   --->   "%phase = call i32 @atan2_cordic<float>, i32 %tmp_M_value_1, i32 %tmp_M_value" [/wrk/ci/prod/2020.2/rdi_builds/continuous/2020_11_18_3064766/src/shared/hls/clib/hlsmath/src/c++/atan2float.cpp:7]   --->   Operation 94 'call' 'phase' <Predicate = (!icmp_ln12)> <Delay = 7.25> <CoreType = "Generic">   --->   Core 0 '' <Latency = 0> <II = 1> <Delay = 1.00> <Generic> <Opcode : >

State 12 <SV = 11> <Delay = 7.25>
ST_12 : Operation 95 [55/64] (7.25ns)   --->   "%phase = call i32 @atan2_cordic<float>, i32 %tmp_M_value_1, i32 %tmp_M_value" [/wrk/ci/prod/2020.2/rdi_builds/continuous/2020_11_18_3064766/src/shared/hls/clib/hlsmath/src/c++/atan2float.cpp:7]   --->   Operation 95 'call' 'phase' <Predicate = (!icmp_ln12)> <Delay = 7.25> <CoreType = "Generic">   --->   Core 0 '' <Latency = 0> <II = 1> <Delay = 1.00> <Generic> <Opcode : >

State 13 <SV = 12> <Delay = 7.25>
ST_13 : Operation 96 [54/64] (7.25ns)   --->   "%phase = call i32 @atan2_cordic<float>, i32 %tmp_M_value_1, i32 %tmp_M_value" [/wrk/ci/prod/2020.2/rdi_builds/continuous/2020_11_18_3064766/src/shared/hls/clib/hlsmath/src/c++/atan2float.cpp:7]   --->   Operation 96 'call' 'phase' <Predicate = (!icmp_ln12)> <Delay = 7.25> <CoreType = "Generic">   --->   Core 0 '' <Latency = 0> <II = 1> <Delay = 1.00> <Generic> <Opcode : >

State 14 <SV = 13> <Delay = 7.25>
ST_14 : Operation 97 [53/64] (7.25ns)   --->   "%phase = call i32 @atan2_cordic<float>, i32 %tmp_M_value_1, i32 %tmp_M_value" [/wrk/ci/prod/2020.2/rdi_builds/continuous/2020_11_18_3064766/src/shared/hls/clib/hlsmath/src/c++/atan2float.cpp:7]   --->   Operation 97 'call' 'phase' <Predicate = (!icmp_ln12)> <Delay = 7.25> <CoreType = "Generic">   --->   Core 0 '' <Latency = 0> <II = 1> <Delay = 1.00> <Generic> <Opcode : >

State 15 <SV = 14> <Delay = 7.25>
ST_15 : Operation 98 [52/64] (7.25ns)   --->   "%phase = call i32 @atan2_cordic<float>, i32 %tmp_M_value_1, i32 %tmp_M_value" [/wrk/ci/prod/2020.2/rdi_builds/continuous/2020_11_18_3064766/src/shared/hls/clib/hlsmath/src/c++/atan2float.cpp:7]   --->   Operation 98 'call' 'phase' <Predicate = (!icmp_ln12)> <Delay = 7.25> <CoreType = "Generic">   --->   Core 0 '' <Latency = 0> <II = 1> <Delay = 1.00> <Generic> <Opcode : >

State 16 <SV = 15> <Delay = 7.25>
ST_16 : Operation 99 [51/64] (7.25ns)   --->   "%phase = call i32 @atan2_cordic<float>, i32 %tmp_M_value_1, i32 %tmp_M_value" [/wrk/ci/prod/2020.2/rdi_builds/continuous/2020_11_18_3064766/src/shared/hls/clib/hlsmath/src/c++/atan2float.cpp:7]   --->   Operation 99 'call' 'phase' <Predicate = (!icmp_ln12)> <Delay = 7.25> <CoreType = "Generic">   --->   Core 0 '' <Latency = 0> <II = 1> <Delay = 1.00> <Generic> <Opcode : >

State 17 <SV = 16> <Delay = 7.25>
ST_17 : Operation 100 [50/64] (7.25ns)   --->   "%phase = call i32 @atan2_cordic<float>, i32 %tmp_M_value_1, i32 %tmp_M_value" [/wrk/ci/prod/2020.2/rdi_builds/continuous/2020_11_18_3064766/src/shared/hls/clib/hlsmath/src/c++/atan2float.cpp:7]   --->   Operation 100 'call' 'phase' <Predicate = (!icmp_ln12)> <Delay = 7.25> <CoreType = "Generic">   --->   Core 0 '' <Latency = 0> <II = 1> <Delay = 1.00> <Generic> <Opcode : >

State 18 <SV = 17> <Delay = 7.25>
ST_18 : Operation 101 [49/64] (7.25ns)   --->   "%phase = call i32 @atan2_cordic<float>, i32 %tmp_M_value_1, i32 %tmp_M_value" [/wrk/ci/prod/2020.2/rdi_builds/continuous/2020_11_18_3064766/src/shared/hls/clib/hlsmath/src/c++/atan2float.cpp:7]   --->   Operation 101 'call' 'phase' <Predicate = (!icmp_ln12)> <Delay = 7.25> <CoreType = "Generic">   --->   Core 0 '' <Latency = 0> <II = 1> <Delay = 1.00> <Generic> <Opcode : >

State 19 <SV = 18> <Delay = 7.25>
ST_19 : Operation 102 [48/64] (7.25ns)   --->   "%phase = call i32 @atan2_cordic<float>, i32 %tmp_M_value_1, i32 %tmp_M_value" [/wrk/ci/prod/2020.2/rdi_builds/continuous/2020_11_18_3064766/src/shared/hls/clib/hlsmath/src/c++/atan2float.cpp:7]   --->   Operation 102 'call' 'phase' <Predicate = (!icmp_ln12)> <Delay = 7.25> <CoreType = "Generic">   --->   Core 0 '' <Latency = 0> <II = 1> <Delay = 1.00> <Generic> <Opcode : >

State 20 <SV = 19> <Delay = 7.25>
ST_20 : Operation 103 [47/64] (7.25ns)   --->   "%phase = call i32 @atan2_cordic<float>, i32 %tmp_M_value_1, i32 %tmp_M_value" [/wrk/ci/prod/2020.2/rdi_builds/continuous/2020_11_18_3064766/src/shared/hls/clib/hlsmath/src/c++/atan2float.cpp:7]   --->   Operation 103 'call' 'phase' <Predicate = (!icmp_ln12)> <Delay = 7.25> <CoreType = "Generic">   --->   Core 0 '' <Latency = 0> <II = 1> <Delay = 1.00> <Generic> <Opcode : >

State 21 <SV = 20> <Delay = 7.25>
ST_21 : Operation 104 [46/64] (7.25ns)   --->   "%phase = call i32 @atan2_cordic<float>, i32 %tmp_M_value_1, i32 %tmp_M_value" [/wrk/ci/prod/2020.2/rdi_builds/continuous/2020_11_18_3064766/src/shared/hls/clib/hlsmath/src/c++/atan2float.cpp:7]   --->   Operation 104 'call' 'phase' <Predicate = (!icmp_ln12)> <Delay = 7.25> <CoreType = "Generic">   --->   Core 0 '' <Latency = 0> <II = 1> <Delay = 1.00> <Generic> <Opcode : >

State 22 <SV = 21> <Delay = 7.25>
ST_22 : Operation 105 [45/64] (7.25ns)   --->   "%phase = call i32 @atan2_cordic<float>, i32 %tmp_M_value_1, i32 %tmp_M_value" [/wrk/ci/prod/2020.2/rdi_builds/continuous/2020_11_18_3064766/src/shared/hls/clib/hlsmath/src/c++/atan2float.cpp:7]   --->   Operation 105 'call' 'phase' <Predicate = (!icmp_ln12)> <Delay = 7.25> <CoreType = "Generic">   --->   Core 0 '' <Latency = 0> <II = 1> <Delay = 1.00> <Generic> <Opcode : >

State 23 <SV = 22> <Delay = 7.25>
ST_23 : Operation 106 [44/64] (7.25ns)   --->   "%phase = call i32 @atan2_cordic<float>, i32 %tmp_M_value_1, i32 %tmp_M_value" [/wrk/ci/prod/2020.2/rdi_builds/continuous/2020_11_18_3064766/src/shared/hls/clib/hlsmath/src/c++/atan2float.cpp:7]   --->   Operation 106 'call' 'phase' <Predicate = (!icmp_ln12)> <Delay = 7.25> <CoreType = "Generic">   --->   Core 0 '' <Latency = 0> <II = 1> <Delay = 1.00> <Generic> <Opcode : >

State 24 <SV = 23> <Delay = 7.25>
ST_24 : Operation 107 [43/64] (7.25ns)   --->   "%phase = call i32 @atan2_cordic<float>, i32 %tmp_M_value_1, i32 %tmp_M_value" [/wrk/ci/prod/2020.2/rdi_builds/continuous/2020_11_18_3064766/src/shared/hls/clib/hlsmath/src/c++/atan2float.cpp:7]   --->   Operation 107 'call' 'phase' <Predicate = (!icmp_ln12)> <Delay = 7.25> <CoreType = "Generic">   --->   Core 0 '' <Latency = 0> <II = 1> <Delay = 1.00> <Generic> <Opcode : >

State 25 <SV = 24> <Delay = 7.25>
ST_25 : Operation 108 [42/64] (7.25ns)   --->   "%phase = call i32 @atan2_cordic<float>, i32 %tmp_M_value_1, i32 %tmp_M_value" [/wrk/ci/prod/2020.2/rdi_builds/continuous/2020_11_18_3064766/src/shared/hls/clib/hlsmath/src/c++/atan2float.cpp:7]   --->   Operation 108 'call' 'phase' <Predicate = (!icmp_ln12)> <Delay = 7.25> <CoreType = "Generic">   --->   Core 0 '' <Latency = 0> <II = 1> <Delay = 1.00> <Generic> <Opcode : >

State 26 <SV = 25> <Delay = 7.25>
ST_26 : Operation 109 [41/64] (7.25ns)   --->   "%phase = call i32 @atan2_cordic<float>, i32 %tmp_M_value_1, i32 %tmp_M_value" [/wrk/ci/prod/2020.2/rdi_builds/continuous/2020_11_18_3064766/src/shared/hls/clib/hlsmath/src/c++/atan2float.cpp:7]   --->   Operation 109 'call' 'phase' <Predicate = (!icmp_ln12)> <Delay = 7.25> <CoreType = "Generic">   --->   Core 0 '' <Latency = 0> <II = 1> <Delay = 1.00> <Generic> <Opcode : >

State 27 <SV = 26> <Delay = 7.25>
ST_27 : Operation 110 [40/64] (7.25ns)   --->   "%phase = call i32 @atan2_cordic<float>, i32 %tmp_M_value_1, i32 %tmp_M_value" [/wrk/ci/prod/2020.2/rdi_builds/continuous/2020_11_18_3064766/src/shared/hls/clib/hlsmath/src/c++/atan2float.cpp:7]   --->   Operation 110 'call' 'phase' <Predicate = (!icmp_ln12)> <Delay = 7.25> <CoreType = "Generic">   --->   Core 0 '' <Latency = 0> <II = 1> <Delay = 1.00> <Generic> <Opcode : >

State 28 <SV = 27> <Delay = 7.25>
ST_28 : Operation 111 [39/64] (7.25ns)   --->   "%phase = call i32 @atan2_cordic<float>, i32 %tmp_M_value_1, i32 %tmp_M_value" [/wrk/ci/prod/2020.2/rdi_builds/continuous/2020_11_18_3064766/src/shared/hls/clib/hlsmath/src/c++/atan2float.cpp:7]   --->   Operation 111 'call' 'phase' <Predicate = (!icmp_ln12)> <Delay = 7.25> <CoreType = "Generic">   --->   Core 0 '' <Latency = 0> <II = 1> <Delay = 1.00> <Generic> <Opcode : >

State 29 <SV = 28> <Delay = 7.25>
ST_29 : Operation 112 [38/64] (7.25ns)   --->   "%phase = call i32 @atan2_cordic<float>, i32 %tmp_M_value_1, i32 %tmp_M_value" [/wrk/ci/prod/2020.2/rdi_builds/continuous/2020_11_18_3064766/src/shared/hls/clib/hlsmath/src/c++/atan2float.cpp:7]   --->   Operation 112 'call' 'phase' <Predicate = (!icmp_ln12)> <Delay = 7.25> <CoreType = "Generic">   --->   Core 0 '' <Latency = 0> <II = 1> <Delay = 1.00> <Generic> <Opcode : >

State 30 <SV = 29> <Delay = 7.25>
ST_30 : Operation 113 [37/64] (7.25ns)   --->   "%phase = call i32 @atan2_cordic<float>, i32 %tmp_M_value_1, i32 %tmp_M_value" [/wrk/ci/prod/2020.2/rdi_builds/continuous/2020_11_18_3064766/src/shared/hls/clib/hlsmath/src/c++/atan2float.cpp:7]   --->   Operation 113 'call' 'phase' <Predicate = (!icmp_ln12)> <Delay = 7.25> <CoreType = "Generic">   --->   Core 0 '' <Latency = 0> <II = 1> <Delay = 1.00> <Generic> <Opcode : >

State 31 <SV = 30> <Delay = 7.25>
ST_31 : Operation 114 [36/64] (7.25ns)   --->   "%phase = call i32 @atan2_cordic<float>, i32 %tmp_M_value_1, i32 %tmp_M_value" [/wrk/ci/prod/2020.2/rdi_builds/continuous/2020_11_18_3064766/src/shared/hls/clib/hlsmath/src/c++/atan2float.cpp:7]   --->   Operation 114 'call' 'phase' <Predicate = (!icmp_ln12)> <Delay = 7.25> <CoreType = "Generic">   --->   Core 0 '' <Latency = 0> <II = 1> <Delay = 1.00> <Generic> <Opcode : >

State 32 <SV = 31> <Delay = 7.25>
ST_32 : Operation 115 [35/64] (7.25ns)   --->   "%phase = call i32 @atan2_cordic<float>, i32 %tmp_M_value_1, i32 %tmp_M_value" [/wrk/ci/prod/2020.2/rdi_builds/continuous/2020_11_18_3064766/src/shared/hls/clib/hlsmath/src/c++/atan2float.cpp:7]   --->   Operation 115 'call' 'phase' <Predicate = (!icmp_ln12)> <Delay = 7.25> <CoreType = "Generic">   --->   Core 0 '' <Latency = 0> <II = 1> <Delay = 1.00> <Generic> <Opcode : >

State 33 <SV = 32> <Delay = 7.25>
ST_33 : Operation 116 [34/64] (7.25ns)   --->   "%phase = call i32 @atan2_cordic<float>, i32 %tmp_M_value_1, i32 %tmp_M_value" [/wrk/ci/prod/2020.2/rdi_builds/continuous/2020_11_18_3064766/src/shared/hls/clib/hlsmath/src/c++/atan2float.cpp:7]   --->   Operation 116 'call' 'phase' <Predicate = (!icmp_ln12)> <Delay = 7.25> <CoreType = "Generic">   --->   Core 0 '' <Latency = 0> <II = 1> <Delay = 1.00> <Generic> <Opcode : >

State 34 <SV = 33> <Delay = 7.25>
ST_34 : Operation 117 [33/64] (7.25ns)   --->   "%phase = call i32 @atan2_cordic<float>, i32 %tmp_M_value_1, i32 %tmp_M_value" [/wrk/ci/prod/2020.2/rdi_builds/continuous/2020_11_18_3064766/src/shared/hls/clib/hlsmath/src/c++/atan2float.cpp:7]   --->   Operation 117 'call' 'phase' <Predicate = (!icmp_ln12)> <Delay = 7.25> <CoreType = "Generic">   --->   Core 0 '' <Latency = 0> <II = 1> <Delay = 1.00> <Generic> <Opcode : >

State 35 <SV = 34> <Delay = 7.25>
ST_35 : Operation 118 [32/64] (7.25ns)   --->   "%phase = call i32 @atan2_cordic<float>, i32 %tmp_M_value_1, i32 %tmp_M_value" [/wrk/ci/prod/2020.2/rdi_builds/continuous/2020_11_18_3064766/src/shared/hls/clib/hlsmath/src/c++/atan2float.cpp:7]   --->   Operation 118 'call' 'phase' <Predicate = (!icmp_ln12)> <Delay = 7.25> <CoreType = "Generic">   --->   Core 0 '' <Latency = 0> <II = 1> <Delay = 1.00> <Generic> <Opcode : >

State 36 <SV = 35> <Delay = 7.25>
ST_36 : Operation 119 [31/64] (7.25ns)   --->   "%phase = call i32 @atan2_cordic<float>, i32 %tmp_M_value_1, i32 %tmp_M_value" [/wrk/ci/prod/2020.2/rdi_builds/continuous/2020_11_18_3064766/src/shared/hls/clib/hlsmath/src/c++/atan2float.cpp:7]   --->   Operation 119 'call' 'phase' <Predicate = (!icmp_ln12)> <Delay = 7.25> <CoreType = "Generic">   --->   Core 0 '' <Latency = 0> <II = 1> <Delay = 1.00> <Generic> <Opcode : >

State 37 <SV = 36> <Delay = 7.25>
ST_37 : Operation 120 [30/64] (7.25ns)   --->   "%phase = call i32 @atan2_cordic<float>, i32 %tmp_M_value_1, i32 %tmp_M_value" [/wrk/ci/prod/2020.2/rdi_builds/continuous/2020_11_18_3064766/src/shared/hls/clib/hlsmath/src/c++/atan2float.cpp:7]   --->   Operation 120 'call' 'phase' <Predicate = (!icmp_ln12)> <Delay = 7.25> <CoreType = "Generic">   --->   Core 0 '' <Latency = 0> <II = 1> <Delay = 1.00> <Generic> <Opcode : >

State 38 <SV = 37> <Delay = 7.25>
ST_38 : Operation 121 [29/64] (7.25ns)   --->   "%phase = call i32 @atan2_cordic<float>, i32 %tmp_M_value_1, i32 %tmp_M_value" [/wrk/ci/prod/2020.2/rdi_builds/continuous/2020_11_18_3064766/src/shared/hls/clib/hlsmath/src/c++/atan2float.cpp:7]   --->   Operation 121 'call' 'phase' <Predicate = (!icmp_ln12)> <Delay = 7.25> <CoreType = "Generic">   --->   Core 0 '' <Latency = 0> <II = 1> <Delay = 1.00> <Generic> <Opcode : >

State 39 <SV = 38> <Delay = 7.25>
ST_39 : Operation 122 [28/64] (7.25ns)   --->   "%phase = call i32 @atan2_cordic<float>, i32 %tmp_M_value_1, i32 %tmp_M_value" [/wrk/ci/prod/2020.2/rdi_builds/continuous/2020_11_18_3064766/src/shared/hls/clib/hlsmath/src/c++/atan2float.cpp:7]   --->   Operation 122 'call' 'phase' <Predicate = (!icmp_ln12)> <Delay = 7.25> <CoreType = "Generic">   --->   Core 0 '' <Latency = 0> <II = 1> <Delay = 1.00> <Generic> <Opcode : >

State 40 <SV = 39> <Delay = 7.25>
ST_40 : Operation 123 [27/64] (7.25ns)   --->   "%phase = call i32 @atan2_cordic<float>, i32 %tmp_M_value_1, i32 %tmp_M_value" [/wrk/ci/prod/2020.2/rdi_builds/continuous/2020_11_18_3064766/src/shared/hls/clib/hlsmath/src/c++/atan2float.cpp:7]   --->   Operation 123 'call' 'phase' <Predicate = (!icmp_ln12)> <Delay = 7.25> <CoreType = "Generic">   --->   Core 0 '' <Latency = 0> <II = 1> <Delay = 1.00> <Generic> <Opcode : >

State 41 <SV = 40> <Delay = 7.25>
ST_41 : Operation 124 [26/64] (7.25ns)   --->   "%phase = call i32 @atan2_cordic<float>, i32 %tmp_M_value_1, i32 %tmp_M_value" [/wrk/ci/prod/2020.2/rdi_builds/continuous/2020_11_18_3064766/src/shared/hls/clib/hlsmath/src/c++/atan2float.cpp:7]   --->   Operation 124 'call' 'phase' <Predicate = (!icmp_ln12)> <Delay = 7.25> <CoreType = "Generic">   --->   Core 0 '' <Latency = 0> <II = 1> <Delay = 1.00> <Generic> <Opcode : >

State 42 <SV = 41> <Delay = 7.25>
ST_42 : Operation 125 [25/64] (7.25ns)   --->   "%phase = call i32 @atan2_cordic<float>, i32 %tmp_M_value_1, i32 %tmp_M_value" [/wrk/ci/prod/2020.2/rdi_builds/continuous/2020_11_18_3064766/src/shared/hls/clib/hlsmath/src/c++/atan2float.cpp:7]   --->   Operation 125 'call' 'phase' <Predicate = (!icmp_ln12)> <Delay = 7.25> <CoreType = "Generic">   --->   Core 0 '' <Latency = 0> <II = 1> <Delay = 1.00> <Generic> <Opcode : >

State 43 <SV = 42> <Delay = 7.25>
ST_43 : Operation 126 [24/64] (7.25ns)   --->   "%phase = call i32 @atan2_cordic<float>, i32 %tmp_M_value_1, i32 %tmp_M_value" [/wrk/ci/prod/2020.2/rdi_builds/continuous/2020_11_18_3064766/src/shared/hls/clib/hlsmath/src/c++/atan2float.cpp:7]   --->   Operation 126 'call' 'phase' <Predicate = (!icmp_ln12)> <Delay = 7.25> <CoreType = "Generic">   --->   Core 0 '' <Latency = 0> <II = 1> <Delay = 1.00> <Generic> <Opcode : >

State 44 <SV = 43> <Delay = 7.25>
ST_44 : Operation 127 [23/64] (7.25ns)   --->   "%phase = call i32 @atan2_cordic<float>, i32 %tmp_M_value_1, i32 %tmp_M_value" [/wrk/ci/prod/2020.2/rdi_builds/continuous/2020_11_18_3064766/src/shared/hls/clib/hlsmath/src/c++/atan2float.cpp:7]   --->   Operation 127 'call' 'phase' <Predicate = (!icmp_ln12)> <Delay = 7.25> <CoreType = "Generic">   --->   Core 0 '' <Latency = 0> <II = 1> <Delay = 1.00> <Generic> <Opcode : >

State 45 <SV = 44> <Delay = 7.25>
ST_45 : Operation 128 [22/64] (7.25ns)   --->   "%phase = call i32 @atan2_cordic<float>, i32 %tmp_M_value_1, i32 %tmp_M_value" [/wrk/ci/prod/2020.2/rdi_builds/continuous/2020_11_18_3064766/src/shared/hls/clib/hlsmath/src/c++/atan2float.cpp:7]   --->   Operation 128 'call' 'phase' <Predicate = (!icmp_ln12)> <Delay = 7.25> <CoreType = "Generic">   --->   Core 0 '' <Latency = 0> <II = 1> <Delay = 1.00> <Generic> <Opcode : >

State 46 <SV = 45> <Delay = 7.25>
ST_46 : Operation 129 [21/64] (7.25ns)   --->   "%phase = call i32 @atan2_cordic<float>, i32 %tmp_M_value_1, i32 %tmp_M_value" [/wrk/ci/prod/2020.2/rdi_builds/continuous/2020_11_18_3064766/src/shared/hls/clib/hlsmath/src/c++/atan2float.cpp:7]   --->   Operation 129 'call' 'phase' <Predicate = (!icmp_ln12)> <Delay = 7.25> <CoreType = "Generic">   --->   Core 0 '' <Latency = 0> <II = 1> <Delay = 1.00> <Generic> <Opcode : >

State 47 <SV = 46> <Delay = 7.25>
ST_47 : Operation 130 [20/64] (7.25ns)   --->   "%phase = call i32 @atan2_cordic<float>, i32 %tmp_M_value_1, i32 %tmp_M_value" [/wrk/ci/prod/2020.2/rdi_builds/continuous/2020_11_18_3064766/src/shared/hls/clib/hlsmath/src/c++/atan2float.cpp:7]   --->   Operation 130 'call' 'phase' <Predicate = (!icmp_ln12)> <Delay = 7.25> <CoreType = "Generic">   --->   Core 0 '' <Latency = 0> <II = 1> <Delay = 1.00> <Generic> <Opcode : >

State 48 <SV = 47> <Delay = 7.25>
ST_48 : Operation 131 [19/64] (7.25ns)   --->   "%phase = call i32 @atan2_cordic<float>, i32 %tmp_M_value_1, i32 %tmp_M_value" [/wrk/ci/prod/2020.2/rdi_builds/continuous/2020_11_18_3064766/src/shared/hls/clib/hlsmath/src/c++/atan2float.cpp:7]   --->   Operation 131 'call' 'phase' <Predicate = (!icmp_ln12)> <Delay = 7.25> <CoreType = "Generic">   --->   Core 0 '' <Latency = 0> <II = 1> <Delay = 1.00> <Generic> <Opcode : >

State 49 <SV = 48> <Delay = 7.25>
ST_49 : Operation 132 [18/64] (7.25ns)   --->   "%phase = call i32 @atan2_cordic<float>, i32 %tmp_M_value_1, i32 %tmp_M_value" [/wrk/ci/prod/2020.2/rdi_builds/continuous/2020_11_18_3064766/src/shared/hls/clib/hlsmath/src/c++/atan2float.cpp:7]   --->   Operation 132 'call' 'phase' <Predicate = (!icmp_ln12)> <Delay = 7.25> <CoreType = "Generic">   --->   Core 0 '' <Latency = 0> <II = 1> <Delay = 1.00> <Generic> <Opcode : >

State 50 <SV = 49> <Delay = 7.25>
ST_50 : Operation 133 [17/64] (7.25ns)   --->   "%phase = call i32 @atan2_cordic<float>, i32 %tmp_M_value_1, i32 %tmp_M_value" [/wrk/ci/prod/2020.2/rdi_builds/continuous/2020_11_18_3064766/src/shared/hls/clib/hlsmath/src/c++/atan2float.cpp:7]   --->   Operation 133 'call' 'phase' <Predicate = (!icmp_ln12)> <Delay = 7.25> <CoreType = "Generic">   --->   Core 0 '' <Latency = 0> <II = 1> <Delay = 1.00> <Generic> <Opcode : >

State 51 <SV = 50> <Delay = 7.25>
ST_51 : Operation 134 [16/64] (7.25ns)   --->   "%phase = call i32 @atan2_cordic<float>, i32 %tmp_M_value_1, i32 %tmp_M_value" [/wrk/ci/prod/2020.2/rdi_builds/continuous/2020_11_18_3064766/src/shared/hls/clib/hlsmath/src/c++/atan2float.cpp:7]   --->   Operation 134 'call' 'phase' <Predicate = (!icmp_ln12)> <Delay = 7.25> <CoreType = "Generic">   --->   Core 0 '' <Latency = 0> <II = 1> <Delay = 1.00> <Generic> <Opcode : >

State 52 <SV = 51> <Delay = 7.25>
ST_52 : Operation 135 [15/64] (7.25ns)   --->   "%phase = call i32 @atan2_cordic<float>, i32 %tmp_M_value_1, i32 %tmp_M_value" [/wrk/ci/prod/2020.2/rdi_builds/continuous/2020_11_18_3064766/src/shared/hls/clib/hlsmath/src/c++/atan2float.cpp:7]   --->   Operation 135 'call' 'phase' <Predicate = (!icmp_ln12)> <Delay = 7.25> <CoreType = "Generic">   --->   Core 0 '' <Latency = 0> <II = 1> <Delay = 1.00> <Generic> <Opcode : >

State 53 <SV = 52> <Delay = 7.25>
ST_53 : Operation 136 [14/64] (7.25ns)   --->   "%phase = call i32 @atan2_cordic<float>, i32 %tmp_M_value_1, i32 %tmp_M_value" [/wrk/ci/prod/2020.2/rdi_builds/continuous/2020_11_18_3064766/src/shared/hls/clib/hlsmath/src/c++/atan2float.cpp:7]   --->   Operation 136 'call' 'phase' <Predicate = (!icmp_ln12)> <Delay = 7.25> <CoreType = "Generic">   --->   Core 0 '' <Latency = 0> <II = 1> <Delay = 1.00> <Generic> <Opcode : >

State 54 <SV = 53> <Delay = 7.25>
ST_54 : Operation 137 [13/64] (7.25ns)   --->   "%phase = call i32 @atan2_cordic<float>, i32 %tmp_M_value_1, i32 %tmp_M_value" [/wrk/ci/prod/2020.2/rdi_builds/continuous/2020_11_18_3064766/src/shared/hls/clib/hlsmath/src/c++/atan2float.cpp:7]   --->   Operation 137 'call' 'phase' <Predicate = (!icmp_ln12)> <Delay = 7.25> <CoreType = "Generic">   --->   Core 0 '' <Latency = 0> <II = 1> <Delay = 1.00> <Generic> <Opcode : >

State 55 <SV = 54> <Delay = 7.25>
ST_55 : Operation 138 [12/64] (7.25ns)   --->   "%phase = call i32 @atan2_cordic<float>, i32 %tmp_M_value_1, i32 %tmp_M_value" [/wrk/ci/prod/2020.2/rdi_builds/continuous/2020_11_18_3064766/src/shared/hls/clib/hlsmath/src/c++/atan2float.cpp:7]   --->   Operation 138 'call' 'phase' <Predicate = (!icmp_ln12)> <Delay = 7.25> <CoreType = "Generic">   --->   Core 0 '' <Latency = 0> <II = 1> <Delay = 1.00> <Generic> <Opcode : >

State 56 <SV = 55> <Delay = 7.25>
ST_56 : Operation 139 [11/64] (7.25ns)   --->   "%phase = call i32 @atan2_cordic<float>, i32 %tmp_M_value_1, i32 %tmp_M_value" [/wrk/ci/prod/2020.2/rdi_builds/continuous/2020_11_18_3064766/src/shared/hls/clib/hlsmath/src/c++/atan2float.cpp:7]   --->   Operation 139 'call' 'phase' <Predicate = (!icmp_ln12)> <Delay = 7.25> <CoreType = "Generic">   --->   Core 0 '' <Latency = 0> <II = 1> <Delay = 1.00> <Generic> <Opcode : >

State 57 <SV = 56> <Delay = 7.25>
ST_57 : Operation 140 [10/64] (7.25ns)   --->   "%phase = call i32 @atan2_cordic<float>, i32 %tmp_M_value_1, i32 %tmp_M_value" [/wrk/ci/prod/2020.2/rdi_builds/continuous/2020_11_18_3064766/src/shared/hls/clib/hlsmath/src/c++/atan2float.cpp:7]   --->   Operation 140 'call' 'phase' <Predicate = (!icmp_ln12)> <Delay = 7.25> <CoreType = "Generic">   --->   Core 0 '' <Latency = 0> <II = 1> <Delay = 1.00> <Generic> <Opcode : >

State 58 <SV = 57> <Delay = 7.25>
ST_58 : Operation 141 [9/64] (7.25ns)   --->   "%phase = call i32 @atan2_cordic<float>, i32 %tmp_M_value_1, i32 %tmp_M_value" [/wrk/ci/prod/2020.2/rdi_builds/continuous/2020_11_18_3064766/src/shared/hls/clib/hlsmath/src/c++/atan2float.cpp:7]   --->   Operation 141 'call' 'phase' <Predicate = (!icmp_ln12)> <Delay = 7.25> <CoreType = "Generic">   --->   Core 0 '' <Latency = 0> <II = 1> <Delay = 1.00> <Generic> <Opcode : >

State 59 <SV = 58> <Delay = 7.25>
ST_59 : Operation 142 [8/64] (7.25ns)   --->   "%phase = call i32 @atan2_cordic<float>, i32 %tmp_M_value_1, i32 %tmp_M_value" [/wrk/ci/prod/2020.2/rdi_builds/continuous/2020_11_18_3064766/src/shared/hls/clib/hlsmath/src/c++/atan2float.cpp:7]   --->   Operation 142 'call' 'phase' <Predicate = (!icmp_ln12)> <Delay = 7.25> <CoreType = "Generic">   --->   Core 0 '' <Latency = 0> <II = 1> <Delay = 1.00> <Generic> <Opcode : >

State 60 <SV = 59> <Delay = 7.25>
ST_60 : Operation 143 [7/64] (7.25ns)   --->   "%phase = call i32 @atan2_cordic<float>, i32 %tmp_M_value_1, i32 %tmp_M_value" [/wrk/ci/prod/2020.2/rdi_builds/continuous/2020_11_18_3064766/src/shared/hls/clib/hlsmath/src/c++/atan2float.cpp:7]   --->   Operation 143 'call' 'phase' <Predicate = (!icmp_ln12)> <Delay = 7.25> <CoreType = "Generic">   --->   Core 0 '' <Latency = 0> <II = 1> <Delay = 1.00> <Generic> <Opcode : >

State 61 <SV = 60> <Delay = 7.25>
ST_61 : Operation 144 [6/64] (7.25ns)   --->   "%phase = call i32 @atan2_cordic<float>, i32 %tmp_M_value_1, i32 %tmp_M_value" [/wrk/ci/prod/2020.2/rdi_builds/continuous/2020_11_18_3064766/src/shared/hls/clib/hlsmath/src/c++/atan2float.cpp:7]   --->   Operation 144 'call' 'phase' <Predicate = (!icmp_ln12)> <Delay = 7.25> <CoreType = "Generic">   --->   Core 0 '' <Latency = 0> <II = 1> <Delay = 1.00> <Generic> <Opcode : >

State 62 <SV = 61> <Delay = 7.25>
ST_62 : Operation 145 [5/64] (7.25ns)   --->   "%phase = call i32 @atan2_cordic<float>, i32 %tmp_M_value_1, i32 %tmp_M_value" [/wrk/ci/prod/2020.2/rdi_builds/continuous/2020_11_18_3064766/src/shared/hls/clib/hlsmath/src/c++/atan2float.cpp:7]   --->   Operation 145 'call' 'phase' <Predicate = (!icmp_ln12)> <Delay = 7.25> <CoreType = "Generic">   --->   Core 0 '' <Latency = 0> <II = 1> <Delay = 1.00> <Generic> <Opcode : >

State 63 <SV = 62> <Delay = 7.25>
ST_63 : Operation 146 [4/64] (7.25ns)   --->   "%phase = call i32 @atan2_cordic<float>, i32 %tmp_M_value_1, i32 %tmp_M_value" [/wrk/ci/prod/2020.2/rdi_builds/continuous/2020_11_18_3064766/src/shared/hls/clib/hlsmath/src/c++/atan2float.cpp:7]   --->   Operation 146 'call' 'phase' <Predicate = (!icmp_ln12)> <Delay = 7.25> <CoreType = "Generic">   --->   Core 0 '' <Latency = 0> <II = 1> <Delay = 1.00> <Generic> <Opcode : >

State 64 <SV = 63> <Delay = 7.25>
ST_64 : Operation 147 [3/64] (7.25ns)   --->   "%phase = call i32 @atan2_cordic<float>, i32 %tmp_M_value_1, i32 %tmp_M_value" [/wrk/ci/prod/2020.2/rdi_builds/continuous/2020_11_18_3064766/src/shared/hls/clib/hlsmath/src/c++/atan2float.cpp:7]   --->   Operation 147 'call' 'phase' <Predicate = (!icmp_ln12)> <Delay = 7.25> <CoreType = "Generic">   --->   Core 0 '' <Latency = 0> <II = 1> <Delay = 1.00> <Generic> <Opcode : >

State 65 <SV = 64> <Delay = 7.25>
ST_65 : Operation 148 [2/64] (7.25ns)   --->   "%phase = call i32 @atan2_cordic<float>, i32 %tmp_M_value_1, i32 %tmp_M_value" [/wrk/ci/prod/2020.2/rdi_builds/continuous/2020_11_18_3064766/src/shared/hls/clib/hlsmath/src/c++/atan2float.cpp:7]   --->   Operation 148 'call' 'phase' <Predicate = (!icmp_ln12)> <Delay = 7.25> <CoreType = "Generic">   --->   Core 0 '' <Latency = 0> <II = 1> <Delay = 1.00> <Generic> <Opcode : >

State 66 <SV = 65> <Delay = 4.01>
ST_66 : Operation 149 [1/64] (4.01ns)   --->   "%phase = call i32 @atan2_cordic<float>, i32 %tmp_M_value_1, i32 %tmp_M_value" [/wrk/ci/prod/2020.2/rdi_builds/continuous/2020_11_18_3064766/src/shared/hls/clib/hlsmath/src/c++/atan2float.cpp:7]   --->   Operation 149 'call' 'phase' <Predicate = (!icmp_ln12)> <Delay = 4.01> <CoreType = "Generic">   --->   Core 0 '' <Latency = 0> <II = 1> <Delay = 1.00> <Generic> <Opcode : >
ST_66 : Operation 150 [1/1] (0.00ns)   --->   "%bitcast_ln174 = bitcast i32 %phase" [/opt/Xilinx/Vitis_HLS/2020.2/common/technology/autopilot/hls_stream_39.h:174]   --->   Operation 150 'bitcast' 'bitcast_ln174' <Predicate = (!icmp_ln12)> <Delay = 0.00>
ST_66 : Operation 151 [2/2] (0.00ns)   --->   "%write_ln174 = write void @_ssdm_op_Write.axis.volatile.i32P128A, i32 %out_phase_V, i32 %bitcast_ln174" [/opt/Xilinx/Vitis_HLS/2020.2/common/technology/autopilot/hls_stream_39.h:174]   --->   Operation 151 'write' 'write_ln174' <Predicate = (!icmp_ln12)> <Delay = 0.00> <CoreInst = "axis">   --->   Core 115 'axis' <Latency = 0> <II = 1> <Delay = 1.00> <Adapter> <Opcode : >

State 67 <SV = 66> <Delay = 0.00>
ST_67 : Operation 152 [1/1] (0.00ns)   --->   "%specloopname_ln0 = specloopname void @_ssdm_op_SpecLoopName, void @empty_3" [/opt/Xilinx/Vitis_HLS/2020.2/common/technology/autopilot/hls_stream_39.h:0]   --->   Operation 152 'specloopname' 'specloopname_ln0' <Predicate = (!icmp_ln12)> <Delay = 0.00>
ST_67 : Operation 153 [1/2] (0.00ns)   --->   "%write_ln174 = write void @_ssdm_op_Write.axis.volatile.i32P128A, i32 %out_phase_V, i32 %bitcast_ln174" [/opt/Xilinx/Vitis_HLS/2020.2/common/technology/autopilot/hls_stream_39.h:174]   --->   Operation 153 'write' 'write_ln174' <Predicate = (!icmp_ln12)> <Delay = 0.00> <CoreInst = "axis">   --->   Core 115 'axis' <Latency = 0> <II = 1> <Delay = 1.00> <Adapter> <Opcode : >
ST_67 : Operation 154 [1/1] (0.00ns)   --->   "%br_ln0 = br void"   --->   Operation 154 'br' 'br_ln0' <Predicate = (!icmp_ln12)> <Delay = 0.00>

State 68 <SV = 2> <Delay = 0.00>
ST_68 : Operation 155 [1/1] (0.00ns)   --->   "%ret_ln20 = ret" [axi_phase/axi_phase.cpp:20]   --->   Operation 155 'ret' 'ret_ln20' <Predicate = true> <Delay = 0.00>


============================================================
+ Verbose Summary: Binding
============================================================
STG Binding: 
---------------- STG Properties BEGIN ----------------
- Is combinational: 0
- Is one-state seq: 0
- Is datapath-only: 0
- Is pipelined: 0
- Is top level: 1
Port [ Return ] is wired: 1; IO mode=ap_ctrl_hs:ce=0
Port [ in_complex_data_V]:  wired=1; compound=1; hidden=0; nouse=0; global=0; static=0; extern=0; dir=0; type=0; pingpong=0; private_global=0; IO mode=axis:ce=0
Port [ out_phase_V]:  wired=1; compound=1; hidden=0; nouse=0; global=0; static=0; extern=0; dir=1; type=0; pingpong=0; private_global=0; IO mode=axis:ce=0
---------------- STG Properties END ------------------

---------------- Datapath Model BEGIN ----------------

<LifeTime>
<method=bitvector/>
spectopmodule_ln0      (spectopmodule    ) [ 000000000000000000000000000000000000000000000000000000000000000000000]
specinterface_ln0      (specinterface    ) [ 000000000000000000000000000000000000000000000000000000000000000000000]
specbitsmap_ln0        (specbitsmap      ) [ 000000000000000000000000000000000000000000000000000000000000000000000]
specinterface_ln0      (specinterface    ) [ 000000000000000000000000000000000000000000000000000000000000000000000]
specbitsmap_ln0        (specbitsmap      ) [ 000000000000000000000000000000000000000000000000000000000000000000000]
br_ln12                (br               ) [ 011111111111111111111111111111111111111111111111111111111111111111110]
i                      (phi              ) [ 001000000000000000000000000000000000000000000000000000000000000000000]
i_1                    (add              ) [ 011111111111111111111111111111111111111111111111111111111111111111110]
specpipeline_ln0       (specpipeline     ) [ 000000000000000000000000000000000000000000000000000000000000000000000]
icmp_ln12              (icmp             ) [ 001111111111111111111111111111111111111111111111111111111111111111110]
empty                  (speclooptripcount) [ 000000000000000000000000000000000000000000000000000000000000000000000]
br_ln12                (br               ) [ 000000000000000000000000000000000000000000000000000000000000000000000]
in_complex_data_V_read (read             ) [ 000000000000000000000000000000000000000000000000000000000000000000000]
trunc_ln145            (trunc            ) [ 001100000000000000000000000000000000000000000000000000000000000000000]
trunc_ln145_1          (partselect       ) [ 001100000000000000000000000000000000000000000000000000000000000000000]
tmp_M_value            (bitcast          ) [ 001011111111111111111111111111111111111111111111111111111111111111100]
tmp_M_value_1          (bitcast          ) [ 001011111111111111111111111111111111111111111111111111111111111111100]
phase                  (call             ) [ 000000000000000000000000000000000000000000000000000000000000000000000]
bitcast_ln174          (bitcast          ) [ 001000000000000000000000000000000000000000000000000000000000000000010]
specloopname_ln0       (specloopname     ) [ 000000000000000000000000000000000000000000000000000000000000000000000]
write_ln174            (write            ) [ 000000000000000000000000000000000000000000000000000000000000000000000]
br_ln0                 (br               ) [ 011111111111111111111111111111111111111111111111111111111111111111110]
ret_ln20               (ret              ) [ 000000000000000000000000000000000000000000000000000000000000000000000]
</LifeTime>

<model>

<comp_list>
<comp id="0" class="1000" name="in_complex_data_V">
<pin_list>
<pin id="1" dir="1" index="0" bw="1" slack="0"/>
</pin_list>
<bind>
<StgValue><ssdm name="in_complex_data_V"/></StgValue>
</bind>
</comp>

<comp id="2" class="1000" name="out_phase_V">
<pin_list>
<pin id="3" dir="1" index="0" bw="1" slack="0"/>
</pin_list>
<bind>
<StgValue><ssdm name="out_phase_V"/></StgValue>
</bind>
</comp>

<comp id="4" class="1001" name="const_4">
<pin_list>
<pin id="5" dir="1" index="0" bw="1" slack="2147483647"/>
</pin_list>
<bind>
<StgValue><ssdm name="_ssdm_op_SpecTopModule"/></StgValue>
</bind>
</comp>

<comp id="6" class="1001" name="const_6">
<pin_list>
<pin id="7" dir="1" index="0" bw="1" slack="2147483647"/>
</pin_list>
<bind>
<StgValue><ssdm name="empty_2"/></StgValue>
</bind>
</comp>

<comp id="8" class="1001" name="const_8">
<pin_list>
<pin id="9" dir="1" index="0" bw="1" slack="2147483647"/>
</pin_list>
<bind>
<StgValue><ssdm name="_ssdm_op_SpecInterface"/></StgValue>
</bind>
</comp>

<comp id="10" class="1001" name="const_10">
<pin_list>
<pin id="11" dir="1" index="0" bw="1" slack="2147483647"/>
</pin_list>
<bind>
<StgValue><ssdm name="empty"/></StgValue>
</bind>
</comp>

<comp id="12" class="1001" name="const_12">
<pin_list>
<pin id="13" dir="1" index="0" bw="1" slack="2147483647"/>
</pin_list>
<bind>
<StgValue><ssdm name=""/></StgValue>
</bind>
</comp>

<comp id="14" class="1001" name="const_14">
<pin_list>
<pin id="15" dir="1" index="0" bw="1" slack="2147483647"/>
</pin_list>
<bind>
<StgValue><ssdm name="empty_0"/></StgValue>
</bind>
</comp>

<comp id="16" class="1001" name="const_16">
<pin_list>
<pin id="17" dir="1" index="0" bw="1" slack="2147483647"/>
</pin_list>
<bind>
<StgValue><ssdm name=""/></StgValue>
</bind>
</comp>

<comp id="18" class="1001" name="const_18">
<pin_list>
<pin id="19" dir="1" index="0" bw="1" slack="2147483647"/>
</pin_list>
<bind>
<StgValue><ssdm name="empty_1"/></StgValue>
</bind>
</comp>

<comp id="20" class="1001" name="const_20">
<pin_list>
<pin id="21" dir="1" index="0" bw="1" slack="2147483647"/>
</pin_list>
<bind>
<StgValue><ssdm name="_ssdm_op_SpecBitsMap"/></StgValue>
</bind>
</comp>

<comp id="22" class="1001" name="const_22">
<pin_list>
<pin id="23" dir="1" index="0" bw="1" slack="1"/>
</pin_list>
<bind>
<StgValue><ssdm name=""/></StgValue>
</bind>
</comp>

<comp id="24" class="1001" name="const_24">
<pin_list>
<pin id="25" dir="1" index="0" bw="1" slack="0"/>
</pin_list>
<bind>
<StgValue><ssdm name=""/></StgValue>
</bind>
</comp>

<comp id="26" class="1001" name="const_26">
<pin_list>
<pin id="27" dir="1" index="0" bw="1" slack="2147483647"/>
</pin_list>
<bind>
<StgValue><ssdm name="_ssdm_op_SpecPipeline"/></StgValue>
</bind>
</comp>

<comp id="28" class="1001" name="const_28">
<pin_list>
<pin id="29" dir="1" index="0" bw="1" slack="2147483647"/>
</pin_list>
<bind>
<StgValue><ssdm name=""/></StgValue>
</bind>
</comp>

<comp id="30" class="1001" name="const_30">
<pin_list>
<pin id="31" dir="1" index="0" bw="1" slack="2147483647"/>
</pin_list>
<bind>
<StgValue><ssdm name="p_str"/></StgValue>
</bind>
</comp>

<comp id="32" class="1001" name="const_32">
<pin_list>
<pin id="33" dir="1" index="0" bw="1" slack="0"/>
</pin_list>
<bind>
<StgValue><ssdm name=""/></StgValue>
</bind>
</comp>

<comp id="34" class="1001" name="const_34">
<pin_list>
<pin id="35" dir="1" index="0" bw="1" slack="2147483647"/>
</pin_list>
<bind>
<StgValue><ssdm name="_ssdm_op_SpecLoopTripCount"/></StgValue>
</bind>
</comp>

<comp id="36" class="1001" name="const_36">
<pin_list>
<pin id="37" dir="1" index="0" bw="1" slack="2147483647"/>
</pin_list>
<bind>
<StgValue><ssdm name=""/></StgValue>
</bind>
</comp>

<comp id="38" class="1001" name="const_38">
<pin_list>
<pin id="39" dir="1" index="0" bw="1" slack="0"/>
</pin_list>
<bind>
<StgValue><ssdm name="_ssdm_op_Read.axis.volatile.i64P128A"/></StgValue>
</bind>
</comp>

<comp id="40" class="1001" name="const_40">
<pin_list>
<pin id="41" dir="1" index="0" bw="1" slack="0"/>
</pin_list>
<bind>
<StgValue><ssdm name="_ssdm_op_PartSelect.i32.i64.i32.i32"/></StgValue>
</bind>
</comp>

<comp id="42" class="1001" name="const_42">
<pin_list>
<pin id="43" dir="1" index="0" bw="1" slack="0"/>
</pin_list>
<bind>
<StgValue><ssdm name=""/></StgValue>
</bind>
</comp>

<comp id="44" class="1001" name="const_44">
<pin_list>
<pin id="45" dir="1" index="0" bw="1" slack="0"/>
</pin_list>
<bind>
<StgValue><ssdm name=""/></StgValue>
</bind>
</comp>

<comp id="46" class="1001" name="const_46">
<pin_list>
<pin id="47" dir="1" index="0" bw="1" slack="0"/>
</pin_list>
<bind>
<StgValue><ssdm name="atan2_cordic<float>"/></StgValue>
</bind>
</comp>

<comp id="48" class="1001" name="const_48">
<pin_list>
<pin id="49" dir="1" index="0" bw="1" slack="0"/>
</pin_list>
<bind>
<StgValue><ssdm name="_ssdm_op_Write.axis.volatile.i32P128A"/></StgValue>
</bind>
</comp>

<comp id="50" class="1001" name="const_50">
<pin_list>
<pin id="51" dir="1" index="0" bw="1" slack="2147483647"/>
</pin_list>
<bind>
<StgValue><ssdm name="_ssdm_op_SpecLoopName"/></StgValue>
</bind>
</comp>

<comp id="52" class="1001" name="const_52">
<pin_list>
<pin id="53" dir="1" index="0" bw="1" slack="2147483647"/>
</pin_list>
<bind>
<StgValue><ssdm name="empty_3"/></StgValue>
</bind>
</comp>

<comp id="54" class="1004" name="in_complex_data_V_read_read_fu_54">
<pin_list>
<pin id="55" dir="0" index="0" bw="64" slack="0"/>
<pin id="56" dir="0" index="1" bw="64" slack="0"/>
<pin id="57" dir="1" index="2" bw="64" slack="0"/>
</pin_list>
<bind>
<opcode="read(1150) " fcode="read"/>
<opset="in_complex_data_V_read/2 "/>
</bind>
</comp>

<comp id="60" class="1004" name="grp_write_fu_60">
<pin_list>
<pin id="61" dir="0" index="0" bw="0" slack="0"/>
<pin id="62" dir="0" index="1" bw="32" slack="0"/>
<pin id="63" dir="0" index="2" bw="32" slack="0"/>
<pin id="64" dir="1" index="3" bw="0" slack="2147483647"/>
</pin_list>
<bind>
<opcode="write(1151) " fcode="write"/>
<opset="write_ln174/66 "/>
</bind>
</comp>

<comp id="67" class="1005" name="i_reg_67">
<pin_list>
<pin id="68" dir="0" index="0" bw="11" slack="1"/>
<pin id="69" dir="1" index="1" bw="11" slack="1"/>
</pin_list>
<bind>
<opset="i (phireg) "/>
</bind>
</comp>

<comp id="71" class="1004" name="i_phi_fu_71">
<pin_list>
<pin id="72" dir="0" index="0" bw="1" slack="1"/>
<pin id="73" dir="0" index="1" bw="0" slack="2147483647"/>
<pin id="74" dir="0" index="2" bw="11" slack="0"/>
<pin id="75" dir="0" index="3" bw="0" slack="2147483647"/>
<pin id="76" dir="1" index="4" bw="11" slack="0"/>
</pin_list>
<bind>
<opcode="phi(47) " fcode="phi"/>
<opset="i/2 "/>
</bind>
</comp>

<comp id="78" class="1004" name="grp_atan2_cordic_float_s_fu_78">
<pin_list>
<pin id="79" dir="0" index="0" bw="32" slack="0"/>
<pin id="80" dir="0" index="1" bw="32" slack="0"/>
<pin id="81" dir="0" index="2" bw="32" slack="0"/>
<pin id="82" dir="1" index="3" bw="32" slack="0"/>
</pin_list>
<bind>
<opcode="call(48) " fcode="call"/>
<opset="phase/3 "/>
</bind>
</comp>

<comp id="84" class="1004" name="i_1_fu_84">
<pin_list>
<pin id="85" dir="0" index="0" bw="11" slack="0"/>
<pin id="86" dir="0" index="1" bw="1" slack="0"/>
<pin id="87" dir="1" index="2" bw="11" slack="0"/>
</pin_list>
<bind>
<opcode="add(8) " fcode="add"/>
<opset="i_1/2 "/>
</bind>
</comp>

<comp id="90" class="1004" name="icmp_ln12_fu_90">
<pin_list>
<pin id="91" dir="0" index="0" bw="11" slack="0"/>
<pin id="92" dir="0" index="1" bw="11" slack="0"/>
<pin id="93" dir="1" index="2" bw="1" slack="1"/>
</pin_list>
<bind>
<opcode="icmp(45) " fcode="icmp"/>
<opset="icmp_ln12/2 "/>
</bind>
</comp>

<comp id="96" class="1004" name="trunc_ln145_fu_96">
<pin_list>
<pin id="97" dir="0" index="0" bw="64" slack="0"/>
<pin id="98" dir="1" index="1" bw="32" slack="1"/>
</pin_list>
<bind>
<opcode="trunc(33) " fcode="trunc"/>
<opset="trunc_ln145/2 "/>
</bind>
</comp>

<comp id="100" class="1004" name="trunc_ln145_1_fu_100">
<pin_list>
<pin id="101" dir="0" index="0" bw="32" slack="0"/>
<pin id="102" dir="0" index="1" bw="64" slack="0"/>
<pin id="103" dir="0" index="2" bw="7" slack="0"/>
<pin id="104" dir="0" index="3" bw="7" slack="0"/>
<pin id="105" dir="1" index="4" bw="32" slack="1"/>
</pin_list>
<bind>
<opcode="partselect(1002) " fcode="partselect"/>
<opset="trunc_ln145_1/2 "/>
</bind>
</comp>

<comp id="110" class="1004" name="tmp_M_value_fu_110">
<pin_list>
<pin id="111" dir="0" index="0" bw="32" slack="1"/>
<pin id="112" dir="1" index="1" bw="32" slack="0"/>
</pin_list>
<bind>
<opcode="bitcast(44) " fcode="bitcast"/>
<opset="tmp_M_value/3 "/>
</bind>
</comp>

<comp id="114" class="1004" name="tmp_M_value_1_fu_114">
<pin_list>
<pin id="115" dir="0" index="0" bw="32" slack="1"/>
<pin id="116" dir="1" index="1" bw="32" slack="0"/>
</pin_list>
<bind>
<opcode="bitcast(44) " fcode="bitcast"/>
<opset="tmp_M_value_1/3 "/>
</bind>
</comp>

<comp id="118" class="1004" name="bitcast_ln174_fu_118">
<pin_list>
<pin id="119" dir="0" index="0" bw="32" slack="0"/>
<pin id="120" dir="1" index="1" bw="32" slack="0"/>
</pin_list>
<bind>
<opcode="bitcast(44) " fcode="bitcast"/>
<opset="bitcast_ln174/66 "/>
</bind>
</comp>

<comp id="123" class="1005" name="i_1_reg_123">
<pin_list>
<pin id="124" dir="0" index="0" bw="11" slack="0"/>
<pin id="125" dir="1" index="1" bw="11" slack="0"/>
</pin_list>
<bind>
<opset="i_1 "/>
</bind>
</comp>

<comp id="128" class="1005" name="icmp_ln12_reg_128">
<pin_list>
<pin id="129" dir="0" index="0" bw="1" slack="1"/>
<pin id="130" dir="1" index="1" bw="1" slack="2147483647"/>
</pin_list>
<bind>
<opset="icmp_ln12 "/>
</bind>
</comp>

<comp id="132" class="1005" name="trunc_ln145_reg_132">
<pin_list>
<pin id="133" dir="0" index="0" bw="32" slack="1"/>
<pin id="134" dir="1" index="1" bw="32" slack="1"/>
</pin_list>
<bind>
<opset="trunc_ln145 "/>
</bind>
</comp>

<comp id="137" class="1005" name="trunc_ln145_1_reg_137">
<pin_list>
<pin id="138" dir="0" index="0" bw="32" slack="1"/>
<pin id="139" dir="1" index="1" bw="32" slack="1"/>
</pin_list>
<bind>
<opset="trunc_ln145_1 "/>
</bind>
</comp>

<comp id="142" class="1005" name="tmp_M_value_reg_142">
<pin_list>
<pin id="143" dir="0" index="0" bw="32" slack="1"/>
<pin id="144" dir="1" index="1" bw="32" slack="1"/>
</pin_list>
<bind>
<opset="tmp_M_value "/>
</bind>
</comp>

<comp id="147" class="1005" name="tmp_M_value_1_reg_147">
<pin_list>
<pin id="148" dir="0" index="0" bw="32" slack="1"/>
<pin id="149" dir="1" index="1" bw="32" slack="1"/>
</pin_list>
<bind>
<opset="tmp_M_value_1 "/>
</bind>
</comp>

<comp id="152" class="1005" name="bitcast_ln174_reg_152">
<pin_list>
<pin id="153" dir="0" index="0" bw="32" slack="1"/>
<pin id="154" dir="1" index="1" bw="32" slack="1"/>
</pin_list>
<bind>
<opset="bitcast_ln174 "/>
</bind>
</comp>

</comp_list>

<net_list>
<net id="58"><net_src comp="38" pin="0"/><net_sink comp="54" pin=0"/></net>

<net id="59"><net_src comp="0" pin="0"/><net_sink comp="54" pin=1"/></net>

<net id="65"><net_src comp="48" pin="0"/><net_sink comp="60" pin=0"/></net>

<net id="66"><net_src comp="2" pin="0"/><net_sink comp="60" pin=1"/></net>

<net id="70"><net_src comp="22" pin="0"/><net_sink comp="67" pin=0"/></net>

<net id="77"><net_src comp="67" pin="1"/><net_sink comp="71" pin=0"/></net>

<net id="83"><net_src comp="46" pin="0"/><net_sink comp="78" pin=0"/></net>

<net id="88"><net_src comp="71" pin="4"/><net_sink comp="84" pin=0"/></net>

<net id="89"><net_src comp="24" pin="0"/><net_sink comp="84" pin=1"/></net>

<net id="94"><net_src comp="71" pin="4"/><net_sink comp="90" pin=0"/></net>

<net id="95"><net_src comp="32" pin="0"/><net_sink comp="90" pin=1"/></net>

<net id="99"><net_src comp="54" pin="2"/><net_sink comp="96" pin=0"/></net>

<net id="106"><net_src comp="40" pin="0"/><net_sink comp="100" pin=0"/></net>

<net id="107"><net_src comp="54" pin="2"/><net_sink comp="100" pin=1"/></net>

<net id="108"><net_src comp="42" pin="0"/><net_sink comp="100" pin=2"/></net>

<net id="109"><net_src comp="44" pin="0"/><net_sink comp="100" pin=3"/></net>

<net id="113"><net_src comp="110" pin="1"/><net_sink comp="78" pin=2"/></net>

<net id="117"><net_src comp="114" pin="1"/><net_sink comp="78" pin=1"/></net>

<net id="121"><net_src comp="78" pin="3"/><net_sink comp="118" pin=0"/></net>

<net id="122"><net_src comp="118" pin="1"/><net_sink comp="60" pin=2"/></net>

<net id="126"><net_src comp="84" pin="2"/><net_sink comp="123" pin=0"/></net>

<net id="127"><net_src comp="123" pin="1"/><net_sink comp="71" pin=2"/></net>

<net id="131"><net_src comp="90" pin="2"/><net_sink comp="128" pin=0"/></net>

<net id="135"><net_src comp="96" pin="1"/><net_sink comp="132" pin=0"/></net>

<net id="136"><net_src comp="132" pin="1"/><net_sink comp="110" pin=0"/></net>

<net id="140"><net_src comp="100" pin="4"/><net_sink comp="137" pin=0"/></net>

<net id="141"><net_src comp="137" pin="1"/><net_sink comp="114" pin=0"/></net>

<net id="145"><net_src comp="110" pin="1"/><net_sink comp="142" pin=0"/></net>

<net id="146"><net_src comp="142" pin="1"/><net_sink comp="78" pin=2"/></net>

<net id="150"><net_src comp="114" pin="1"/><net_sink comp="147" pin=0"/></net>

<net id="151"><net_src comp="147" pin="1"/><net_sink comp="78" pin=1"/></net>

<net id="155"><net_src comp="118" pin="1"/><net_sink comp="152" pin=0"/></net>

<net id="156"><net_src comp="152" pin="1"/><net_sink comp="60" pin=2"/></net>

</net_list>

</model> 
---------------- Datapath Model END ------------------

* FSMD analyzer results:
  - Output states:
	Port: out_phase_V | {67 }
 - Input state : 
	Port: axi_phase : in_complex_data_V | {2 }
  - Chain level:
	State 1
	State 2
		i_1 : 1
		icmp_ln12 : 1
		br_ln12 : 2
	State 3
		phase : 1
	State 4
	State 5
	State 6
	State 7
	State 8
	State 9
	State 10
	State 11
	State 12
	State 13
	State 14
	State 15
	State 16
	State 17
	State 18
	State 19
	State 20
	State 21
	State 22
	State 23
	State 24
	State 25
	State 26
	State 27
	State 28
	State 29
	State 30
	State 31
	State 32
	State 33
	State 34
	State 35
	State 36
	State 37
	State 38
	State 39
	State 40
	State 41
	State 42
	State 43
	State 44
	State 45
	State 46
	State 47
	State 48
	State 49
	State 50
	State 51
	State 52
	State 53
	State 54
	State 55
	State 56
	State 57
	State 58
	State 59
	State 60
	State 61
	State 62
	State 63
	State 64
	State 65
	State 66
		bitcast_ln174 : 1
		write_ln174 : 2
	State 67
	State 68


============================================================
+ Verbose Summary: Datapath Resource usage 
============================================================

* Functional unit list:
|----------|-----------------------------------|---------|---------|---------|---------|
| Operation|          Functional Unit          |   DSP   |  Delay  |    FF   |   LUT   |
|----------|-----------------------------------|---------|---------|---------|---------|
|   call   |   grp_atan2_cordic_float_s_fu_78  |    4    | 13.5391 |   8217  |  19703  |
|----------|-----------------------------------|---------|---------|---------|---------|
|    add   |             i_1_fu_84             |    0    |    0    |    0    |    12   |
|----------|-----------------------------------|---------|---------|---------|---------|
|   icmp   |          icmp_ln12_fu_90          |    0    |    0    |    0    |    11   |
|----------|-----------------------------------|---------|---------|---------|---------|
|   read   | in_complex_data_V_read_read_fu_54 |    0    |    0    |    0    |    0    |
|----------|-----------------------------------|---------|---------|---------|---------|
|   write  |          grp_write_fu_60          |    0    |    0    |    0    |    0    |
|----------|-----------------------------------|---------|---------|---------|---------|
|   trunc  |         trunc_ln145_fu_96         |    0    |    0    |    0    |    0    |
|----------|-----------------------------------|---------|---------|---------|---------|
|partselect|        trunc_ln145_1_fu_100       |    0    |    0    |    0    |    0    |
|----------|-----------------------------------|---------|---------|---------|---------|
|   Total  |                                   |    4    | 13.5391 |   8217  |  19726  |
|----------|-----------------------------------|---------|---------|---------|---------|

Memories:
N/A

* Register list:
+---------------------+--------+
|                     |   FF   |
+---------------------+--------+
|bitcast_ln174_reg_152|   32   |
|     i_1_reg_123     |   11   |
|       i_reg_67      |   11   |
|  icmp_ln12_reg_128  |    1   |
|tmp_M_value_1_reg_147|   32   |
| tmp_M_value_reg_142 |   32   |
|trunc_ln145_1_reg_137|   32   |
| trunc_ln145_reg_132 |   32   |
+---------------------+--------+
|        Total        |   183  |
+---------------------+--------+

* Multiplexer (MUX) list: 
|--------------------------------|------|------|------|--------||---------||---------|
|              Comp              |  Pin | Size |  BW  | S x BW ||  Delay  ||   LUT   |
|--------------------------------|------|------|------|--------||---------||---------|
|         grp_write_fu_60        |  p2  |   2  |  32  |   64   ||    9    |
| grp_atan2_cordic_float_s_fu_78 |  p1  |   2  |  32  |   64   ||    9    |
| grp_atan2_cordic_float_s_fu_78 |  p2  |   2  |  32  |   64   ||    9    |
|--------------------------------|------|------|------|--------||---------||---------|
|              Total             |      |      |      |   192  ||  4.764  ||    27   |
|--------------------------------|------|------|------|--------||---------||---------|



* Summary:
+-----------+--------+--------+--------+--------+
|           |   DSP  |  Delay |   FF   |   LUT  |
+-----------+--------+--------+--------+--------+
|  Function |    4   |   13   |  8217  |  19726 |
|   Memory  |    -   |    -   |    -   |    -   |
|Multiplexer|    -   |    4   |    -   |   27   |
|  Register |    -   |    -   |   183  |    -   |
+-----------+--------+--------+--------+--------+
|   Total   |    4   |   18   |  8400  |  19753 |
+-----------+--------+--------+--------+--------+
