INFO: [COSIM-47] Using XSIM for RTL simulation.
INFO: [COSIM-14] Instrumenting C test bench ...
   Build using "/opt/Xilinx/Vitis_HLS/2020.2/tps/lnx64/gcc-6.2.0/bin/g++"
   Compiling AXI_Real2Complex.cpp_pre.cpp.tb.cpp
   Compiling apatb_AXI_Real2Complex_util.cpp
   Compiling apatb_AXI_Real2Complex.cpp
   Compiling AXI_Real2Complex_tb.cpp_pre.cpp.tb.cpp
   Compiling apatb_AXI_Real2Complex_ir.ll
   Generating cosim.tv.exe
INFO: [COSIM-302] Starting C TB testing ... 
INFO: [COSIM-333] Generating C post check test bench ...
INFO: [COSIM-12] Generating RTL test bench ...
INFO: [COSIM-1] *** C/RTL co-simulation file generation completed. ***
INFO: [COSIM-322] Starting VHDL simulation. 
INFO: [COSIM-15] Starting XSIM ...
INFO: [COSIM-316] Starting C post checking ...
Entrada Real[0]: 1.49596 Salida Compleja[0]: (1.49596,0)
Entrada Real[1]: 0.374005 Salida Compleja[1]: (0.374005,0)
Entrada Real[2]: 0.561008 Salida Compleja[2]: (0.561008,0)
Entrada Real[3]: 0.187003 Salida Compleja[3]: (0.187003,0)
Entrada Real[4]: 0.187003 Salida Compleja[4]: (0.187003,0)
Entrada Real[5]: 0.561008 Salida Compleja[5]: (0.561008,0)
Entrada Real[6]: 1.86997 Salida Compleja[6]: (1.86997,0)
Entrada Real[7]: 0.374005 Salida Compleja[7]: (0.374005,0)
Entrada Real[8]: 0.187003 Salida Compleja[8]: (0.187003,0)
Entrada Real[9]: 0.374005 Salida Compleja[9]: (0.374005,0)
Entrada Real[10]: 0.935013 Salida Compleja[10]: (0.935013,0)
Entrada Real[11]: 2.05697 Salida Compleja[11]: (2.05697,0)
Entrada Real[12]: 1.68296 Salida Compleja[12]: (1.68296,0)
Entrada Real[13]: 3.55293 Salida Compleja[13]: (3.55293,0)
Entrada Real[14]: 3.55293 Salida Compleja[14]: (3.55293,0)
Entrada Real[15]: 3.17893 Salida Compleja[15]: (3.17893,0)
Entrada Real[16]: 0.935013 Salida Compleja[16]: (0.935013,0)
Entrada Real[17]: 0.374005 Salida Compleja[17]: (0.374005,0)
Entrada Real[18]: 0.74801 Salida Compleja[18]: (0.74801,0)
Entrada Real[19]: 0.374005 Salida Compleja[19]: (0.374005,0)
Entrada Real[20]: 0.187003 Salida Compleja[20]: (0.187003,0)
Entrada Real[21]: 0 Salida Compleja[21]: (0,0)
Entrada Real[22]: 1.86997 Salida Compleja[22]: (1.86997,0)
Entrada Real[23]: 3.36593 Salida Compleja[23]: (3.36593,0)
Entrada Real[24]: 1.49596 Salida Compleja[24]: (1.49596,0)
Entrada Real[25]: 0.187003 Salida Compleja[25]: (0.187003,0)
Entrada Real[26]: 0.374005 Salida Compleja[26]: (0.374005,0)
Entrada Real[27]: 0 Salida Compleja[27]: (0,0)
Entrada Real[28]: 0.561008 Salida Compleja[28]: (0.561008,0)
Entrada Real[29]: 0.374005 Salida Compleja[29]: (0.374005,0)
Entrada Real[30]: 0.187003 Salida Compleja[30]: (0.187003,0)
Entrada Real[31]: 3.17893 Salida Compleja[31]: (3.17893,0)
Entrada Real[32]: 2.43097 Salida Compleja[32]: (2.43097,0)
Entrada Real[33]: 0.935013 Salida Compleja[33]: (0.935013,0)
Entrada Real[34]: 0.935013 Salida Compleja[34]: (0.935013,0)
Entrada Real[35]: 1.30896 Salida Compleja[35]: (1.30896,0)
Entrada Real[36]: 0.561008 Salida Compleja[36]: (0.561008,0)
Entrada Real[37]: 1.30896 Salida Compleja[37]: (1.30896,0)
Entrada Real[38]: 0.935013 Salida Compleja[38]: (0.935013,0)
Entrada Real[39]: 3.55293 Salida Compleja[39]: (3.55293,0)
Entrada Real[40]: 0.374005 Salida Compleja[40]: (0.374005,0)
Entrada Real[41]: 0.561008 Salida Compleja[41]: (0.561008,0)
Entrada Real[42]: 0.374005 Salida Compleja[42]: (0.374005,0)
Entrada Real[43]: 0.374005 Salida Compleja[43]: (0.374005,0)
Entrada Real[44]: 0.561008 Salida Compleja[44]: (0.561008,0)
Entrada Real[45]: 0.935013 Salida Compleja[45]: (0.935013,0)
Entrada Real[46]: 2.24397 Salida Compleja[46]: (2.24397,0)
Entrada Real[47]: 2.80498 Salida Compleja[47]: (2.80498,0)
Entrada Real[48]: 1.68296 Salida Compleja[48]: (1.68296,0)
Entrada Real[49]: 0.935013 Salida Compleja[49]: (0.935013,0)
Entrada Real[50]: 1.49596 Salida Compleja[50]: (1.49596,0)
Entrada Real[51]: 2.05697 Salida Compleja[51]: (2.05697,0)
Entrada Real[52]: 1.12196 Salida Compleja[52]: (1.12196,0)
Entrada Real[53]: 0.561008 Salida Compleja[53]: (0.561008,0)
Entrada Real[54]: 0.935013 Salida Compleja[54]: (0.935013,0)
Entrada Real[55]: 0.187003 Salida Compleja[55]: (0.187003,0)
Entrada Real[56]: 0.374005 Salida Compleja[56]: (0.374005,0)
Entrada Real[57]: 0.187003 Salida Compleja[57]: (0.187003,0)
Entrada Real[58]: 0.187003 Salida Compleja[58]: (0.187003,0)
Entrada Real[59]: 1.68296 Salida Compleja[59]: (1.68296,0)
Entrada Real[60]: 0.187003 Salida Compleja[60]: (0.187003,0)
Entrada Real[61]: 0.187003 Salida Compleja[61]: (0.187003,0)
Entrada Real[62]: 0.561008 Salida Compleja[62]: (0.561008,0)
Entrada Real[63]: 0.561008 Salida Compleja[63]: (0.561008,0)
Entrada Real[64]: 0.187003 Salida Compleja[64]: (0.187003,0)
Entrada Real[65]: 1.49596 Salida Compleja[65]: (1.49596,0)
Entrada Real[66]: 2.24397 Salida Compleja[66]: (2.24397,0)
Entrada Real[67]: 1.12196 Salida Compleja[67]: (1.12196,0)
Entrada Real[68]: 0 Salida Compleja[68]: (0,0)
Entrada Real[69]: 0.561008 Salida Compleja[69]: (0.561008,0)
Entrada Real[70]: 1.12196 Salida Compleja[70]: (1.12196,0)
Entrada Real[71]: 0.187003 Salida Compleja[71]: (0.187003,0)
Entrada Real[72]: 0.374005 Salida Compleja[72]: (0.374005,0)
Entrada Real[73]: 0.374005 Salida Compleja[73]: (0.374005,0)
Entrada Real[74]: 1.12196 Salida Compleja[74]: (1.12196,0)
Entrada Real[75]: 1.12196 Salida Compleja[75]: (1.12196,0)
Entrada Real[76]: 0.935013 Salida Compleja[76]: (0.935013,0)
Entrada Real[77]: 2.43097 Salida Compleja[77]: (2.43097,0)
Entrada Real[78]: 0.187003 Salida Compleja[78]: (0.187003,0)
Entrada Real[79]: 4.11394 Salida Compleja[79]: (4.11394,0)
Entrada Real[80]: 5.4229 Salida Compleja[80]: (5.4229,0)
Entrada Real[81]: 5.6099 Salida Compleja[81]: (5.6099,0)
Entrada Real[82]: 2.61798 Salida Compleja[82]: (2.61798,0)
Entrada Real[83]: 1.12196 Salida Compleja[83]: (1.12196,0)
Entrada Real[84]: 0.935013 Salida Compleja[84]: (0.935013,0)
Entrada Real[85]: 0.935013 Salida Compleja[85]: (0.935013,0)
Entrada Real[86]: 1.49596 Salida Compleja[86]: (1.49596,0)
Entrada Real[87]: 1.86997 Salida Compleja[87]: (1.86997,0)
Entrada Real[88]: 1.30896 Salida Compleja[88]: (1.30896,0)
Entrada Real[89]: 0.374005 Salida Compleja[89]: (0.374005,0)
Entrada Real[90]: 0 Salida Compleja[90]: (0,0)
Entrada Real[91]: 0.187003 Salida Compleja[91]: (0.187003,0)
Entrada Real[92]: 0.187003 Salida Compleja[92]: (0.187003,0)
Entrada Real[93]: 0.187003 Salida Compleja[93]: (0.187003,0)
Entrada Real[94]: 0.561008 Salida Compleja[94]: (0.561008,0)
Entrada Real[95]: 0 Salida Compleja[95]: (0,0)
Entrada Real[96]: 0.74801 Salida Compleja[96]: (0.74801,0)
Entrada Real[97]: 0 Salida Compleja[97]: (0,0)
Entrada Real[98]: 0.374005 Salida Compleja[98]: (0.374005,0)
Entrada Real[99]: 1.12196 Salida Compleja[99]: (1.12196,0)
Entrada Real[100]: 0 Salida Compleja[100]: (0,0)
Entrada Real[101]: 1.30896 Salida Compleja[101]: (1.30896,0)
Entrada Real[102]: 0.561008 Salida Compleja[102]: (0.561008,0)
Entrada Real[103]: 1.86997 Salida Compleja[103]: (1.86997,0)
Entrada Real[104]: 0.935013 Salida Compleja[104]: (0.935013,0)
Entrada Real[105]: 0.74801 Salida Compleja[105]: (0.74801,0)
Entrada Real[106]: 0.935013 Salida Compleja[106]: (0.935013,0)
Entrada Real[107]: 0.74801 Salida Compleja[107]: (0.74801,0)
Entrada Real[108]: 0.561008 Salida Compleja[108]: (0.561008,0)
Entrada Real[109]: 0.561008 Salida Compleja[109]: (0.561008,0)
Entrada Real[110]: 0.187003 Salida Compleja[110]: (0.187003,0)
Entrada Real[111]: 0.561008 Salida Compleja[111]: (0.561008,0)
Entrada Real[112]: 0.374005 Salida Compleja[112]: (0.374005,0)
Entrada Real[113]: 0.561008 Salida Compleja[113]: (0.561008,0)
Entrada Real[114]: 0.561008 Salida Compleja[114]: (0.561008,0)
Entrada Real[115]: 0.187003 Salida Compleja[115]: (0.187003,0)
Entrada Real[116]: 1.68296 Salida Compleja[116]: (1.68296,0)
Entrada Real[117]: 1.12196 Salida Compleja[117]: (1.12196,0)
Entrada Real[118]: 0.187003 Salida Compleja[118]: (0.187003,0)
Entrada Real[119]: 1.12196 Salida Compleja[119]: (1.12196,0)
Entrada Real[120]: 1.12196 Salida Compleja[120]: (1.12196,0)
Entrada Real[121]: 0.74801 Salida Compleja[121]: (0.74801,0)
Entrada Real[122]: 0.561008 Salida Compleja[122]: (0.561008,0)
Entrada Real[123]: 0 Salida Compleja[123]: (0,0)
Entrada Real[124]: 0.561008 Salida Compleja[124]: (0.561008,0)
Entrada Real[125]: 0.187003 Salida Compleja[125]: (0.187003,0)
Entrada Real[126]: 1.68296 Salida Compleja[126]: (1.68296,0)
Entrada Real[127]: 2.80498 Salida Compleja[127]: (2.80498,0)
Entrada Real[128]: 0.935013 Salida Compleja[128]: (0.935013,0)
Entrada Real[129]: 0.187003 Salida Compleja[129]: (0.187003,0)
Entrada Real[130]: 1.30896 Salida Compleja[130]: (1.30896,0)
Entrada Real[131]: 0.374005 Salida Compleja[131]: (0.374005,0)
Entrada Real[132]: 0.561008 Salida Compleja[132]: (0.561008,0)
Entrada Real[133]: 1.12196 Salida Compleja[133]: (1.12196,0)
Entrada Real[134]: 0.74801 Salida Compleja[134]: (0.74801,0)
Entrada Real[135]: 0.374005 Salida Compleja[135]: (0.374005,0)
Entrada Real[136]: 1.30896 Salida Compleja[136]: (1.30896,0)
Entrada Real[137]: 1.68296 Salida Compleja[137]: (1.68296,0)
Entrada Real[138]: 0 Salida Compleja[138]: (0,0)
Entrada Real[139]: 0.187003 Salida Compleja[139]: (0.187003,0)
Entrada Real[140]: 0.935013 Salida Compleja[140]: (0.935013,0)
Entrada Real[141]: 1.12196 Salida Compleja[141]: (1.12196,0)
Entrada Real[142]: 0.374005 Salida Compleja[142]: (0.374005,0)
Entrada Real[143]: 0.561008 Salida Compleja[143]: (0.561008,0)
Entrada Real[144]: 1.30896 Salida Compleja[144]: (1.30896,0)
Entrada Real[145]: 2.24397 Salida Compleja[145]: (2.24397,0)
Entrada Real[146]: 0.374005 Salida Compleja[146]: (0.374005,0)
Entrada Real[147]: 0.935013 Salida Compleja[147]: (0.935013,0)
Entrada Real[148]: 0.374005 Salida Compleja[148]: (0.374005,0)
Entrada Real[149]: 0.74801 Salida Compleja[149]: (0.74801,0)
Entrada Real[150]: 0.187003 Salida Compleja[150]: (0.187003,0)
Entrada Real[151]: 2.05697 Salida Compleja[151]: (2.05697,0)
Entrada Real[152]: 0.561008 Salida Compleja[152]: (0.561008,0)
Entrada Real[153]: 0.74801 Salida Compleja[153]: (0.74801,0)
Entrada Real[154]: 0.935013 Salida Compleja[154]: (0.935013,0)
Entrada Real[155]: 1.12196 Salida Compleja[155]: (1.12196,0)
Entrada Real[156]: 0.561008 Salida Compleja[156]: (0.561008,0)
Entrada Real[157]: 0.187003 Salida Compleja[157]: (0.187003,0)
Entrada Real[158]: 0.187003 Salida Compleja[158]: (0.187003,0)
Entrada Real[159]: 0.187003 Salida Compleja[159]: (0.187003,0)
Entrada Real[160]: 0.74801 Salida Compleja[160]: (0.74801,0)
Entrada Real[161]: 1.68296 Salida Compleja[161]: (1.68296,0)
Entrada Real[162]: 0.561008 Salida Compleja[162]: (0.561008,0)
Entrada Real[163]: 0.374005 Salida Compleja[163]: (0.374005,0)
Entrada Real[164]: 0.935013 Salida Compleja[164]: (0.935013,0)
Entrada Real[165]: 0.561008 Salida Compleja[165]: (0.561008,0)
Entrada Real[166]: 0.74801 Salida Compleja[166]: (0.74801,0)
Entrada Real[167]: 1.86997 Salida Compleja[167]: (1.86997,0)
Entrada Real[168]: 0.74801 Salida Compleja[168]: (0.74801,0)
Entrada Real[169]: 0.187003 Salida Compleja[169]: (0.187003,0)
Entrada Real[170]: 0.187003 Salida Compleja[170]: (0.187003,0)
Entrada Real[171]: 0 Salida Compleja[171]: (0,0)
Entrada Real[172]: 0.561008 Salida Compleja[172]: (0.561008,0)
Entrada Real[173]: 0.187003 Salida Compleja[173]: (0.187003,0)
Entrada Real[174]: 0.935013 Salida Compleja[174]: (0.935013,0)
Entrada Real[175]: 0.561008 Salida Compleja[175]: (0.561008,0)
Entrada Real[176]: 0 Salida Compleja[176]: (0,0)
Entrada Real[177]: 0.187003 Salida Compleja[177]: (0.187003,0)
Entrada Real[178]: 0.187003 Salida Compleja[178]: (0.187003,0)
Entrada Real[179]: 2.80498 Salida Compleja[179]: (2.80498,0)
Entrada Real[180]: 2.80498 Salida Compleja[180]: (2.80498,0)
Entrada Real[181]: 0.74801 Salida Compleja[181]: (0.74801,0)
Entrada Real[182]: 0.374005 Salida Compleja[182]: (0.374005,0)
Entrada Real[183]: 1.49596 Salida Compleja[183]: (1.49596,0)
Entrada Real[184]: 1.86997 Salida Compleja[184]: (1.86997,0)
Entrada Real[185]: 1.30896 Salida Compleja[185]: (1.30896,0)
Entrada Real[186]: 0.74801 Salida Compleja[186]: (0.74801,0)
Entrada Real[187]: 1.49596 Salida Compleja[187]: (1.49596,0)
Entrada Real[188]: 0 Salida Compleja[188]: (0,0)
Entrada Real[189]: 1.68296 Salida Compleja[189]: (1.68296,0)
Entrada Real[190]: 2.43097 Salida Compleja[190]: (2.43097,0)
Entrada Real[191]: 2.43097 Salida Compleja[191]: (2.43097,0)
Entrada Real[192]: 0.187003 Salida Compleja[192]: (0.187003,0)
Entrada Real[193]: 1.12196 Salida Compleja[193]: (1.12196,0)
Entrada Real[194]: 0.561008 Salida Compleja[194]: (0.561008,0)
Entrada Real[195]: 0.374005 Salida Compleja[195]: (0.374005,0)
Entrada Real[196]: 0.935013 Salida Compleja[196]: (0.935013,0)
Entrada Real[197]: 1.12196 Salida Compleja[197]: (1.12196,0)
Entrada Real[198]: 0.187003 Salida Compleja[198]: (0.187003,0)
Entrada Real[199]: 0.187003 Salida Compleja[199]: (0.187003,0)
Entrada Real[200]: 0.187003 Salida Compleja[200]: (0.187003,0)
Entrada Real[201]: 0.561008 Salida Compleja[201]: (0.561008,0)
Entrada Real[202]: 1.12196 Salida Compleja[202]: (1.12196,0)
Entrada Real[203]: 1.68296 Salida Compleja[203]: (1.68296,0)
Entrada Real[204]: 0.74801 Salida Compleja[204]: (0.74801,0)
Entrada Real[205]: 2.05697 Salida Compleja[205]: (2.05697,0)
Entrada Real[206]: 1.49596 Salida Compleja[206]: (1.49596,0)
Entrada Real[207]: 0.187003 Salida Compleja[207]: (0.187003,0)
Entrada Real[208]: 2.80498 Salida Compleja[208]: (2.80498,0)
Entrada Real[209]: 2.24397 Salida Compleja[209]: (2.24397,0)
Entrada Real[210]: 1.12196 Salida Compleja[210]: (1.12196,0)
Entrada Real[211]: 0 Salida Compleja[211]: (0,0)
Entrada Real[212]: 1.30896 Salida Compleja[212]: (1.30896,0)
Entrada Real[213]: 0.561008 Salida Compleja[213]: (0.561008,0)
Entrada Real[214]: 0.74801 Salida Compleja[214]: (0.74801,0)
Entrada Real[215]: 0.187003 Salida Compleja[215]: (0.187003,0)
Entrada Real[216]: 0.74801 Salida Compleja[216]: (0.74801,0)
Entrada Real[217]: 2.43097 Salida Compleja[217]: (2.43097,0)
Entrada Real[218]: 1.30896 Salida Compleja[218]: (1.30896,0)
Entrada Real[219]: 0 Salida Compleja[219]: (0,0)
Entrada Real[220]: 1.49596 Salida Compleja[220]: (1.49596,0)
Entrada Real[221]: 2.24397 Salida Compleja[221]: (2.24397,0)
Entrada Real[222]: 1.49596 Salida Compleja[222]: (1.49596,0)
Entrada Real[223]: 1.86997 Salida Compleja[223]: (1.86997,0)
Entrada Real[224]: 2.43097 Salida Compleja[224]: (2.43097,0)
Entrada Real[225]: 1.68296 Salida Compleja[225]: (1.68296,0)
Entrada Real[226]: 0.74801 Salida Compleja[226]: (0.74801,0)
Entrada Real[227]: 0.74801 Salida Compleja[227]: (0.74801,0)
Entrada Real[228]: 3.55293 Salida Compleja[228]: (3.55293,0)
Entrada Real[229]: 2.61798 Salida Compleja[229]: (2.61798,0)
Entrada Real[230]: 1.68296 Salida Compleja[230]: (1.68296,0)
Entrada Real[231]: 1.12196 Salida Compleja[231]: (1.12196,0)
Entrada Real[232]: 0.74801 Salida Compleja[232]: (0.74801,0)
Entrada Real[233]: 0.187003 Salida Compleja[233]: (0.187003,0)
Entrada Real[234]: 0.374005 Salida Compleja[234]: (0.374005,0)
Entrada Real[235]: 0.187003 Salida Compleja[235]: (0.187003,0)
Entrada Real[236]: 1.49596 Salida Compleja[236]: (1.49596,0)
Entrada Real[237]: 2.05697 Salida Compleja[237]: (2.05697,0)
Entrada Real[238]: 0.374005 Salida Compleja[238]: (0.374005,0)
Entrada Real[239]: 0.74801 Salida Compleja[239]: (0.74801,0)
Entrada Real[240]: 1.30896 Salida Compleja[240]: (1.30896,0)
Entrada Real[241]: 0 Salida Compleja[241]: (0,0)
Entrada Real[242]: 0.561008 Salida Compleja[242]: (0.561008,0)
Entrada Real[243]: 2.24397 Salida Compleja[243]: (2.24397,0)
Entrada Real[244]: 0.935013 Salida Compleja[244]: (0.935013,0)
Entrada Real[245]: 0.74801 Salida Compleja[245]: (0.74801,0)
Entrada Real[246]: 0.561008 Salida Compleja[246]: (0.561008,0)
Entrada Real[247]: 2.43097 Salida Compleja[247]: (2.43097,0)
Entrada Real[248]: 0.74801 Salida Compleja[248]: (0.74801,0)
Entrada Real[249]: 0 Salida Compleja[249]: (0,0)
Entrada Real[250]: 0.561008 Salida Compleja[250]: (0.561008,0)
Entrada Real[251]: 0.561008 Salida Compleja[251]: (0.561008,0)
Entrada Real[252]: 1.49596 Salida Compleja[252]: (1.49596,0)
Entrada Real[253]: 0.561008 Salida Compleja[253]: (0.561008,0)
Entrada Real[254]: 0 Salida Compleja[254]: (0,0)
Entrada Real[255]: 0.74801 Salida Compleja[255]: (0.74801,0)
Entrada Real[256]: 1.30896 Salida Compleja[256]: (1.30896,0)
Entrada Real[257]: 0.187003 Salida Compleja[257]: (0.187003,0)
Entrada Real[258]: 1.12196 Salida Compleja[258]: (1.12196,0)
Entrada Real[259]: 2.24397 Salida Compleja[259]: (2.24397,0)
Entrada Real[260]: 0.561008 Salida Compleja[260]: (0.561008,0)
Entrada Real[261]: 0 Salida Compleja[261]: (0,0)
Entrada Real[262]: 0.187003 Salida Compleja[262]: (0.187003,0)
Entrada Real[263]: 1.12196 Salida Compleja[263]: (1.12196,0)
Entrada Real[264]: 1.12196 Salida Compleja[264]: (1.12196,0)
Entrada Real[265]: 0.374005 Salida Compleja[265]: (0.374005,0)
Entrada Real[266]: 0.935013 Salida Compleja[266]: (0.935013,0)
Entrada Real[267]: 1.12196 Salida Compleja[267]: (1.12196,0)
Entrada Real[268]: 0 Salida Compleja[268]: (0,0)
Entrada Real[269]: 1.12196 Salida Compleja[269]: (1.12196,0)
Entrada Real[270]: 0.74801 Salida Compleja[270]: (0.74801,0)
Entrada Real[271]: 0.74801 Salida Compleja[271]: (0.74801,0)
Entrada Real[272]: 0.561008 Salida Compleja[272]: (0.561008,0)
Entrada Real[273]: 0.74801 Salida Compleja[273]: (0.74801,0)
Entrada Real[274]: 0.374005 Salida Compleja[274]: (0.374005,0)
Entrada Real[275]: 0 Salida Compleja[275]: (0,0)
Entrada Real[276]: 0.935013 Salida Compleja[276]: (0.935013,0)
Entrada Real[277]: 1.49596 Salida Compleja[277]: (1.49596,0)
Entrada Real[278]: 0.187003 Salida Compleja[278]: (0.187003,0)
Entrada Real[279]: 0.74801 Salida Compleja[279]: (0.74801,0)
Entrada Real[280]: 0.187003 Salida Compleja[280]: (0.187003,0)
Entrada Real[281]: 1.68296 Salida Compleja[281]: (1.68296,0)
Entrada Real[282]: 2.43097 Salida Compleja[282]: (2.43097,0)
Entrada Real[283]: 1.30896 Salida Compleja[283]: (1.30896,0)
Entrada Real[284]: 0.187003 Salida Compleja[284]: (0.187003,0)
Entrada Real[285]: 1.30896 Salida Compleja[285]: (1.30896,0)
Entrada Real[286]: 1.30896 Salida Compleja[286]: (1.30896,0)
Entrada Real[287]: 0.74801 Salida Compleja[287]: (0.74801,0)
Entrada Real[288]: 0.187003 Salida Compleja[288]: (0.187003,0)
Entrada Real[289]: 0.74801 Salida Compleja[289]: (0.74801,0)
Entrada Real[290]: 0.74801 Salida Compleja[290]: (0.74801,0)
Entrada Real[291]: 1.12196 Salida Compleja[291]: (1.12196,0)
Entrada Real[292]: 1.68296 Salida Compleja[292]: (1.68296,0)
Entrada Real[293]: 0.187003 Salida Compleja[293]: (0.187003,0)
Entrada Real[294]: 2.05697 Salida Compleja[294]: (2.05697,0)
Entrada Real[295]: 2.05697 Salida Compleja[295]: (2.05697,0)
Entrada Real[296]: 1.68296 Salida Compleja[296]: (1.68296,0)
Entrada Real[297]: 0.187003 Salida Compleja[297]: (0.187003,0)
Entrada Real[298]: 1.30896 Salida Compleja[298]: (1.30896,0)
Entrada Real[299]: 2.61798 Salida Compleja[299]: (2.61798,0)
Entrada Real[300]: 2.05697 Salida Compleja[300]: (2.05697,0)
Entrada Real[301]: 0.187003 Salida Compleja[301]: (0.187003,0)
Entrada Real[302]: 1.12196 Salida Compleja[302]: (1.12196,0)
Entrada Real[303]: 1.49596 Salida Compleja[303]: (1.49596,0)
Entrada Real[304]: 1.12196 Salida Compleja[304]: (1.12196,0)
Entrada Real[305]: 1.30896 Salida Compleja[305]: (1.30896,0)
Entrada Real[306]: 2.24397 Salida Compleja[306]: (2.24397,0)
Entrada Real[307]: 0.935013 Salida Compleja[307]: (0.935013,0)
Entrada Real[308]: 0.187003 Salida Compleja[308]: (0.187003,0)
Entrada Real[309]: 0.935013 Salida Compleja[309]: (0.935013,0)
Entrada Real[310]: 1.12196 Salida Compleja[310]: (1.12196,0)
Entrada Real[311]: 0.561008 Salida Compleja[311]: (0.561008,0)
Entrada Real[312]: 1.30896 Salida Compleja[312]: (1.30896,0)
Entrada Real[313]: 0.187003 Salida Compleja[313]: (0.187003,0)
Entrada Real[314]: 1.12196 Salida Compleja[314]: (1.12196,0)
Entrada Real[315]: 2.05697 Salida Compleja[315]: (2.05697,0)
Entrada Real[316]: 1.12196 Salida Compleja[316]: (1.12196,0)
Entrada Real[317]: 0.935013 Salida Compleja[317]: (0.935013,0)
Entrada Real[318]: 0.187003 Salida Compleja[318]: (0.187003,0)
Entrada Real[319]: 0.561008 Salida Compleja[319]: (0.561008,0)
Entrada Real[320]: 0.187003 Salida Compleja[320]: (0.187003,0)
Entrada Real[321]: 0.374005 Salida Compleja[321]: (0.374005,0)
Entrada Real[322]: 1.12196 Salida Compleja[322]: (1.12196,0)
Entrada Real[323]: 0.935013 Salida Compleja[323]: (0.935013,0)
Entrada Real[324]: 0.561008 Salida Compleja[324]: (0.561008,0)
Entrada Real[325]: 0.935013 Salida Compleja[325]: (0.935013,0)
Entrada Real[326]: 1.12196 Salida Compleja[326]: (1.12196,0)
Entrada Real[327]: 1.30896 Salida Compleja[327]: (1.30896,0)
Entrada Real[328]: 0.187003 Salida Compleja[328]: (0.187003,0)
Entrada Real[329]: 0.74801 Salida Compleja[329]: (0.74801,0)
Entrada Real[330]: 1.30896 Salida Compleja[330]: (1.30896,0)
Entrada Real[331]: 0.74801 Salida Compleja[331]: (0.74801,0)
Entrada Real[332]: 0.187003 Salida Compleja[332]: (0.187003,0)
Entrada Real[333]: 0.935013 Salida Compleja[333]: (0.935013,0)
Entrada Real[334]: 1.30896 Salida Compleja[334]: (1.30896,0)
Entrada Real[335]: 0.74801 Salida Compleja[335]: (0.74801,0)
Entrada Real[336]: 2.43097 Salida Compleja[336]: (2.43097,0)
Entrada Real[337]: 0.74801 Salida Compleja[337]: (0.74801,0)
Entrada Real[338]: 1.86997 Salida Compleja[338]: (1.86997,0)
Entrada Real[339]: 2.61798 Salida Compleja[339]: (2.61798,0)
Entrada Real[340]: 0.187003 Salida Compleja[340]: (0.187003,0)
Entrada Real[341]: 0 Salida Compleja[341]: (0,0)
Entrada Real[342]: 0.374005 Salida Compleja[342]: (0.374005,0)
Entrada Real[343]: 0 Salida Compleja[343]: (0,0)
Entrada Real[344]: 0.935013 Salida Compleja[344]: (0.935013,0)
Entrada Real[345]: 0 Salida Compleja[345]: (0,0)
Entrada Real[346]: 0.374005 Salida Compleja[346]: (0.374005,0)
Entrada Real[347]: 0.187003 Salida Compleja[347]: (0.187003,0)
Entrada Real[348]: 1.86997 Salida Compleja[348]: (1.86997,0)
Entrada Real[349]: 0.935013 Salida Compleja[349]: (0.935013,0)
Entrada Real[350]: 0.374005 Salida Compleja[350]: (0.374005,0)
Entrada Real[351]: 0.374005 Salida Compleja[351]: (0.374005,0)
Entrada Real[352]: 0.74801 Salida Compleja[352]: (0.74801,0)
Entrada Real[353]: 0.374005 Salida Compleja[353]: (0.374005,0)
Entrada Real[354]: 0.561008 Salida Compleja[354]: (0.561008,0)
Entrada Real[355]: 0.187003 Salida Compleja[355]: (0.187003,0)
Entrada Real[356]: 0.74801 Salida Compleja[356]: (0.74801,0)
Entrada Real[357]: 0.74801 Salida Compleja[357]: (0.74801,0)
Entrada Real[358]: 0 Salida Compleja[358]: (0,0)
Entrada Real[359]: 2.05697 Salida Compleja[359]: (2.05697,0)
Entrada Real[360]: 3.36593 Salida Compleja[360]: (3.36593,0)
Entrada Real[361]: 2.43097 Salida Compleja[361]: (2.43097,0)
Entrada Real[362]: 2.05697 Salida Compleja[362]: (2.05697,0)
Entrada Real[363]: 2.24397 Salida Compleja[363]: (2.24397,0)
Entrada Real[364]: 1.49596 Salida Compleja[364]: (1.49596,0)
Entrada Real[365]: 0.935013 Salida Compleja[365]: (0.935013,0)
Entrada Real[366]: 0.935013 Salida Compleja[366]: (0.935013,0)
Entrada Real[367]: 1.68296 Salida Compleja[367]: (1.68296,0)
Entrada Real[368]: 0.374005 Salida Compleja[368]: (0.374005,0)
Entrada Real[369]: 0.74801 Salida Compleja[369]: (0.74801,0)
Entrada Real[370]: 0.374005 Salida Compleja[370]: (0.374005,0)
Entrada Real[371]: 0 Salida Compleja[371]: (0,0)
Entrada Real[372]: 0 Salida Compleja[372]: (0,0)
Entrada Real[373]: 0.74801 Salida Compleja[373]: (0.74801,0)
Entrada Real[374]: 1.30896 Salida Compleja[374]: (1.30896,0)
Entrada Real[375]: 1.68296 Salida Compleja[375]: (1.68296,0)
Entrada Real[376]: 2.43097 Salida Compleja[376]: (2.43097,0)
Entrada Real[377]: 1.30896 Salida Compleja[377]: (1.30896,0)
Entrada Real[378]: 0.187003 Salida Compleja[378]: (0.187003,0)
Entrada Real[379]: 1.49596 Salida Compleja[379]: (1.49596,0)
Entrada Real[380]: 1.30896 Salida Compleja[380]: (1.30896,0)
Entrada Real[381]: 0.935013 Salida Compleja[381]: (0.935013,0)
Entrada Real[382]: 0 Salida Compleja[382]: (0,0)
Entrada Real[383]: 0.187003 Salida Compleja[383]: (0.187003,0)
Entrada Real[384]: 0 Salida Compleja[384]: (0,0)
Entrada Real[385]: 0.74801 Salida Compleja[385]: (0.74801,0)
Entrada Real[386]: 2.24397 Salida Compleja[386]: (2.24397,0)
Entrada Real[387]: 2.80498 Salida Compleja[387]: (2.80498,0)
Entrada Real[388]: 2.24397 Salida Compleja[388]: (2.24397,0)
Entrada Real[389]: 1.12196 Salida Compleja[389]: (1.12196,0)
Entrada Real[390]: 1.49596 Salida Compleja[390]: (1.49596,0)
Entrada Real[391]: 1.68296 Salida Compleja[391]: (1.68296,0)
Entrada Real[392]: 0.561008 Salida Compleja[392]: (0.561008,0)
Entrada Real[393]: 0.74801 Salida Compleja[393]: (0.74801,0)
Entrada Real[394]: 1.68296 Salida Compleja[394]: (1.68296,0)
Entrada Real[395]: 0 Salida Compleja[395]: (0,0)
Entrada Real[396]: 1.12196 Salida Compleja[396]: (1.12196,0)
Entrada Real[397]: 0.561008 Salida Compleja[397]: (0.561008,0)
Entrada Real[398]: 0 Salida Compleja[398]: (0,0)
Entrada Real[399]: 0.561008 Salida Compleja[399]: (0.561008,0)
Entrada Real[400]: 0.187003 Salida Compleja[400]: (0.187003,0)
Entrada Real[401]: 0.187003 Salida Compleja[401]: (0.187003,0)
Entrada Real[402]: 0 Salida Compleja[402]: (0,0)
Entrada Real[403]: 2.05697 Salida Compleja[403]: (2.05697,0)
Entrada Real[404]: 1.49596 Salida Compleja[404]: (1.49596,0)
Entrada Real[405]: 1.30896 Salida Compleja[405]: (1.30896,0)
Entrada Real[406]: 2.24397 Salida Compleja[406]: (2.24397,0)
Entrada Real[407]: 0.374005 Salida Compleja[407]: (0.374005,0)
Entrada Real[408]: 0 Salida Compleja[408]: (0,0)
Entrada Real[409]: 0 Salida Compleja[409]: (0,0)
Entrada Real[410]: 1.30896 Salida Compleja[410]: (1.30896,0)
Entrada Real[411]: 1.49596 Salida Compleja[411]: (1.49596,0)
Entrada Real[412]: 0.187003 Salida Compleja[412]: (0.187003,0)
Entrada Real[413]: 1.12196 Salida Compleja[413]: (1.12196,0)
Entrada Real[414]: 0.561008 Salida Compleja[414]: (0.561008,0)
Entrada Real[415]: 0.374005 Salida Compleja[415]: (0.374005,0)
Entrada Real[416]: 1.12196 Salida Compleja[416]: (1.12196,0)
Entrada Real[417]: 0 Salida Compleja[417]: (0,0)
Entrada Real[418]: 0.935013 Salida Compleja[418]: (0.935013,0)
Entrada Real[419]: 0.187003 Salida Compleja[419]: (0.187003,0)
Entrada Real[420]: 0.561008 Salida Compleja[420]: (0.561008,0)
Entrada Real[421]: 0.187003 Salida Compleja[421]: (0.187003,0)
Entrada Real[422]: 0.374005 Salida Compleja[422]: (0.374005,0)
Entrada Real[423]: 1.30896 Salida Compleja[423]: (1.30896,0)
Entrada Real[424]: 1.49596 Salida Compleja[424]: (1.49596,0)
Entrada Real[425]: 2.05697 Salida Compleja[425]: (2.05697,0)
Entrada Real[426]: 2.80498 Salida Compleja[426]: (2.80498,0)
Entrada Real[427]: 2.24397 Salida Compleja[427]: (2.24397,0)
Entrada Real[428]: 0 Salida Compleja[428]: (0,0)
Entrada Real[429]: 1.49596 Salida Compleja[429]: (1.49596,0)
Entrada Real[430]: 1.68296 Salida Compleja[430]: (1.68296,0)
Entrada Real[431]: 0 Salida Compleja[431]: (0,0)
Entrada Real[432]: 0.561008 Salida Compleja[432]: (0.561008,0)
Entrada Real[433]: 1.68296 Salida Compleja[433]: (1.68296,0)
Entrada Real[434]: 2.24397 Salida Compleja[434]: (2.24397,0)
Entrada Real[435]: 2.05697 Salida Compleja[435]: (2.05697,0)
Entrada Real[436]: 1.30896 Salida Compleja[436]: (1.30896,0)
Entrada Real[437]: 1.12196 Salida Compleja[437]: (1.12196,0)
Entrada Real[438]: 0.561008 Salida Compleja[438]: (0.561008,0)
Entrada Real[439]: 1.30896 Salida Compleja[439]: (1.30896,0)
Entrada Real[440]: 1.30896 Salida Compleja[440]: (1.30896,0)
Entrada Real[441]: 1.12196 Salida Compleja[441]: (1.12196,0)
Entrada Real[442]: 0.935013 Salida Compleja[442]: (0.935013,0)
Entrada Real[443]: 2.61798 Salida Compleja[443]: (2.61798,0)
Entrada Real[444]: 1.30896 Salida Compleja[444]: (1.30896,0)
Entrada Real[445]: 1.68296 Salida Compleja[445]: (1.68296,0)
Entrada Real[446]: 0 Salida Compleja[446]: (0,0)
Entrada Real[447]: 1.86997 Salida Compleja[447]: (1.86997,0)
Entrada Real[448]: 1.30896 Salida Compleja[448]: (1.30896,0)
Entrada Real[449]: 2.05697 Salida Compleja[449]: (2.05697,0)
Entrada Real[450]: 0.187003 Salida Compleja[450]: (0.187003,0)
Entrada Real[451]: 0.561008 Salida Compleja[451]: (0.561008,0)
Entrada Real[452]: 0.374005 Salida Compleja[452]: (0.374005,0)
Entrada Real[453]: 0.935013 Salida Compleja[453]: (0.935013,0)
Entrada Real[454]: 1.30896 Salida Compleja[454]: (1.30896,0)
Entrada Real[455]: 0.74801 Salida Compleja[455]: (0.74801,0)
Entrada Real[456]: 0.374005 Salida Compleja[456]: (0.374005,0)
Entrada Real[457]: 0.374005 Salida Compleja[457]: (0.374005,0)
Entrada Real[458]: 0.374005 Salida Compleja[458]: (0.374005,0)
Entrada Real[459]: 1.30896 Salida Compleja[459]: (1.30896,0)
Entrada Real[460]: 0.74801 Salida Compleja[460]: (0.74801,0)
Entrada Real[461]: 0.561008 Salida Compleja[461]: (0.561008,0)
Entrada Real[462]: 1.49596 Salida Compleja[462]: (1.49596,0)
Entrada Real[463]: 0.74801 Salida Compleja[463]: (0.74801,0)
Entrada Real[464]: 0.187003 Salida Compleja[464]: (0.187003,0)
Entrada Real[465]: 0.187003 Salida Compleja[465]: (0.187003,0)
Entrada Real[466]: 2.24397 Salida Compleja[466]: (2.24397,0)
Entrada Real[467]: 2.05697 Salida Compleja[467]: (2.05697,0)
Entrada Real[468]: 0.561008 Salida Compleja[468]: (0.561008,0)
Entrada Real[469]: 1.49596 Salida Compleja[469]: (1.49596,0)
Entrada Real[470]: 2.43097 Salida Compleja[470]: (2.43097,0)
Entrada Real[471]: 1.68296 Salida Compleja[471]: (1.68296,0)
Entrada Real[472]: 1.30896 Salida Compleja[472]: (1.30896,0)
Entrada Real[473]: 1.68296 Salida Compleja[473]: (1.68296,0)
Entrada Real[474]: 2.24397 Salida Compleja[474]: (2.24397,0)
Entrada Real[475]: 0 Salida Compleja[475]: (0,0)
Entrada Real[476]: 0.374005 Salida Compleja[476]: (0.374005,0)
Entrada Real[477]: 2.24397 Salida Compleja[477]: (2.24397,0)
Entrada Real[478]: 1.49596 Salida Compleja[478]: (1.49596,0)
Entrada Real[479]: 0.74801 Salida Compleja[479]: (0.74801,0)
Entrada Real[480]: 1.30896 Salida Compleja[480]: (1.30896,0)
Entrada Real[481]: 0 Salida Compleja[481]: (0,0)
Entrada Real[482]: 1.12196 Salida Compleja[482]: (1.12196,0)
Entrada Real[483]: 0.561008 Salida Compleja[483]: (0.561008,0)
Entrada Real[484]: 0.187003 Salida Compleja[484]: (0.187003,0)
Entrada Real[485]: 1.12196 Salida Compleja[485]: (1.12196,0)
Entrada Real[486]: 0.187003 Salida Compleja[486]: (0.187003,0)
Entrada Real[487]: 0.74801 Salida Compleja[487]: (0.74801,0)
Entrada Real[488]: 0.935013 Salida Compleja[488]: (0.935013,0)
Entrada Real[489]: 1.68296 Salida Compleja[489]: (1.68296,0)
Entrada Real[490]: 0.74801 Salida Compleja[490]: (0.74801,0)
Entrada Real[491]: 2.80498 Salida Compleja[491]: (2.80498,0)
Entrada Real[492]: 2.05697 Salida Compleja[492]: (2.05697,0)
Entrada Real[493]: 0.74801 Salida Compleja[493]: (0.74801,0)
Entrada Real[494]: 0.74801 Salida Compleja[494]: (0.74801,0)
Entrada Real[495]: 0.561008 Salida Compleja[495]: (0.561008,0)
Entrada Real[496]: 0.374005 Salida Compleja[496]: (0.374005,0)
Entrada Real[497]: 0.74801 Salida Compleja[497]: (0.74801,0)
Entrada Real[498]: 0.187003 Salida Compleja[498]: (0.187003,0)
Entrada Real[499]: 1.49596 Salida Compleja[499]: (1.49596,0)
Entrada Real[500]: 1.68296 Salida Compleja[500]: (1.68296,0)
Entrada Real[501]: 1.30896 Salida Compleja[501]: (1.30896,0)
Entrada Real[502]: 0.187003 Salida Compleja[502]: (0.187003,0)
Entrada Real[503]: 0.374005 Salida Compleja[503]: (0.374005,0)
Entrada Real[504]: 0.187003 Salida Compleja[504]: (0.187003,0)
Entrada Real[505]: 1.30896 Salida Compleja[505]: (1.30896,0)
Entrada Real[506]: 2.80498 Salida Compleja[506]: (2.80498,0)
Entrada Real[507]: 1.49596 Salida Compleja[507]: (1.49596,0)
Entrada Real[508]: 0.374005 Salida Compleja[508]: (0.374005,0)
Entrada Real[509]: 0.187003 Salida Compleja[509]: (0.187003,0)
Entrada Real[510]: 1.12196 Salida Compleja[510]: (1.12196,0)
Entrada Real[511]: 0.561008 Salida Compleja[511]: (0.561008,0)
Testbench exitoso!
The maximum depth reached by any of the 2 hls::stream() instances in the design is 0
Vivado Simulator 2020.2
Copyright 1986-1999, 2001-2020 Xilinx, Inc. All Rights Reserved.
Running: /opt/Xilinx/Vivado/2020.2/bin/unwrapped/lnx64.o/xelab xil_defaultlib.apatb_AXI_Real2Complex_top glbl -prj AXI_Real2Complex.prj -L smartconnect_v1_0 -L axi_protocol_checker_v1_1_12 -L axi_protocol_checker_v1_1_13 -L axis_protocol_checker_v1_1_11 -L axis_protocol_checker_v1_1_12 -L xil_defaultlib -L unisims -L unisims_ver -L xpm -L floating_point_v7_0_18 -L floating_point_v7_1_11 --lib ieee_proposed=./ieee_proposed -s AXI_Real2Complex 
Multi-threading is on. Using 4 slave threads.
Determining compilation order of HDL files.
WARNING: [XSIM 43-3431] One or more environment variables have been detected which affect the operation of the C compiler. These are typically not set in standard installations and are not tested by Xilinx, however they may be appropriate for your system, so the flow will attempt to continue.  If errors occur, try running xelab with the "-mt off -v 1" switches to see more information from the C compiler. The following environment variables have been detected:
    LIBRARY_PATH
INFO: [VRFC 10-2263] Analyzing SystemVerilog file "/home/usuario/Escritorio/Tesis/IP_V3/punto_flotante/analytic_signal/AXI_Real2Complex/solution1/sim/vhdl/glbl.v" into library work
INFO: [VRFC 10-311] analyzing module glbl
INFO: [VRFC 10-163] Analyzing VHDL file "/home/usuario/Escritorio/Tesis/IP_V3/punto_flotante/analytic_signal/AXI_Real2Complex/solution1/sim/vhdl/AESL_sim_pkg.vhd" into library xil_defaultlib
INFO: [VRFC 10-163] Analyzing VHDL file "/home/usuario/Escritorio/Tesis/IP_V3/punto_flotante/analytic_signal/AXI_Real2Complex/solution1/sim/vhdl/AXI_Real2Complex.vhd" into library xil_defaultlib
INFO: [VRFC 10-3107] analyzing entity 'AXI_Real2Complex'
INFO: [VRFC 10-163] Analyzing VHDL file "/home/usuario/Escritorio/Tesis/IP_V3/punto_flotante/analytic_signal/AXI_Real2Complex/solution1/sim/vhdl/AXI_Real2Complex_regslice_both.vhd" into library xil_defaultlib
INFO: [VRFC 10-3107] analyzing entity 'AXI_Real2Complex_regslice_both'
INFO: [VRFC 10-3107] analyzing entity 'AXI_Real2Complex_regslice_both_w1'
INFO: [VRFC 10-163] Analyzing VHDL file "/home/usuario/Escritorio/Tesis/IP_V3/punto_flotante/analytic_signal/AXI_Real2Complex/solution1/sim/vhdl/AXI_Real2Complex.autotb.vhd" into library xil_defaultlib
INFO: [VRFC 10-3107] analyzing entity 'apatb_AXI_Real2Complex_top'
INFO: [VRFC 10-163] Analyzing VHDL file "/home/usuario/Escritorio/Tesis/IP_V3/punto_flotante/analytic_signal/AXI_Real2Complex/solution1/sim/vhdl/AESL_axi_s_out_data_V.vhd" into library xil_defaultlib
INFO: [VRFC 10-3107] analyzing entity 'AESL_axi_s_out_data_V'
INFO: [VRFC 10-163] Analyzing VHDL file "/home/usuario/Escritorio/Tesis/IP_V3/punto_flotante/analytic_signal/AXI_Real2Complex/solution1/sim/vhdl/AESL_axi_s_in_data_V.vhd" into library xil_defaultlib
INFO: [VRFC 10-3107] analyzing entity 'AESL_axi_s_in_data_V'
Starting static elaboration
Pass Through NonSizing Optimizer
Completed static elaboration
Starting simulation data flow analysis
Completed simulation data flow analysis
Time Resolution for simulation is 1ps
Compiling package std.standard
Compiling package std.textio
Compiling package ieee.std_logic_1164
Compiling package ieee.std_logic_arith
Compiling package ieee.std_logic_unsigned
Compiling package ieee.numeric_std
Compiling package ieee.std_logic_textio
Compiling module work.glbl
Compiling architecture behav of entity xil_defaultlib.AXI_Real2Complex_regslice_both [axi_real2complex_regslice_both_d...]
Compiling architecture behav of entity xil_defaultlib.AXI_Real2Complex_regslice_both [\AXI_Real2Complex_regslice_both(...]
Compiling architecture behav of entity xil_defaultlib.AXI_Real2Complex [axi_real2complex_default]
Compiling architecture behav of entity xil_defaultlib.AESL_axi_s_in_data_V [aesl_axi_s_in_data_v_default]
Compiling architecture behav of entity xil_defaultlib.AESL_axi_s_out_data_V [aesl_axi_s_out_data_v_default]
Compiling architecture behav of entity xil_defaultlib.apatb_axi_real2complex_top
Built simulation snapshot AXI_Real2Complex

****** Webtalk v2020.2 (64-bit)
  **** SW Build 3064766 on Wed Nov 18 09:12:47 MST 2020
  **** IP Build 3064653 on Wed Nov 18 14:17:31 MST 2020
    ** Copyright 1986-2020 Xilinx, Inc. All Rights Reserved.

source /home/usuario/Escritorio/Tesis/IP_V3/punto_flotante/analytic_signal/AXI_Real2Complex/solution1/sim/vhdl/xsim.dir/AXI_Real2Complex/webtalk/xsim_webtalk.tcl -notrace
INFO: [Common 17-206] Exiting Webtalk at Thu May 23 18:47:01 2024...

****** xsim v2020.2 (64-bit)
  **** SW Build 3064766 on Wed Nov 18 09:12:47 MST 2020
  **** IP Build 3064653 on Wed Nov 18 14:17:31 MST 2020
    ** Copyright 1986-2020 Xilinx, Inc. All Rights Reserved.

source xsim.dir/AXI_Real2Complex/xsim_script.tcl
# xsim {AXI_Real2Complex} -autoloadwcfg -tclbatch {AXI_Real2Complex.tcl}
Vivado Simulator 2020.2
Time resolution is 1 ps
source AXI_Real2Complex.tcl
## run all
Note: simulation done!
Time: 5325 ns  Iteration: 1  Process: /apatb_AXI_Real2Complex_top/generate_sim_done_proc  File: /home/usuario/Escritorio/Tesis/IP_V3/punto_flotante/analytic_signal/AXI_Real2Complex/solution1/sim/vhdl/AXI_Real2Complex.autotb.vhd
Failure: NORMAL EXIT (note: failure is to force the simulator to stop)
Time: 5325 ns  Iteration: 1  Process: /apatb_AXI_Real2Complex_top/generate_sim_done_proc  File: /home/usuario/Escritorio/Tesis/IP_V3/punto_flotante/analytic_signal/AXI_Real2Complex/solution1/sim/vhdl/AXI_Real2Complex.autotb.vhd
$finish called at time : 5325 ns
## quit
INFO: [Common 17-206] Exiting xsim at Thu May 23 18:47:24 2024...
Entrada Real[0]: 1.49596 Salida Compleja[0]: (1.49596,0)
Entrada Real[1]: 0.374005 Salida Compleja[1]: (0.374005,0)
Entrada Real[2]: 0.561008 Salida Compleja[2]: (0.561008,0)
Entrada Real[3]: 0.187003 Salida Compleja[3]: (0.187003,0)
Entrada Real[4]: 0.187003 Salida Compleja[4]: (0.187003,0)
Entrada Real[5]: 0.561008 Salida Compleja[5]: (0.561008,0)
Entrada Real[6]: 1.86997 Salida Compleja[6]: (1.86997,0)
Entrada Real[7]: 0.374005 Salida Compleja[7]: (0.374005,0)
Entrada Real[8]: 0.187003 Salida Compleja[8]: (0.187003,0)
Entrada Real[9]: 0.374005 Salida Compleja[9]: (0.374005,0)
Entrada Real[10]: 0.935013 Salida Compleja[10]: (0.935013,0)
Entrada Real[11]: 2.05697 Salida Compleja[11]: (2.05697,0)
Entrada Real[12]: 1.68296 Salida Compleja[12]: (1.68296,0)
Entrada Real[13]: 3.55293 Salida Compleja[13]: (3.55293,0)
Entrada Real[14]: 3.55293 Salida Compleja[14]: (3.55293,0)
Entrada Real[15]: 3.17893 Salida Compleja[15]: (3.17893,0)
Entrada Real[16]: 0.935013 Salida Compleja[16]: (0.935013,0)
Entrada Real[17]: 0.374005 Salida Compleja[17]: (0.374005,0)
Entrada Real[18]: 0.74801 Salida Compleja[18]: (0.74801,0)
Entrada Real[19]: 0.374005 Salida Compleja[19]: (0.374005,0)
Entrada Real[20]: 0.187003 Salida Compleja[20]: (0.187003,0)
Entrada Real[21]: 0 Salida Compleja[21]: (0,0)
Entrada Real[22]: 1.86997 Salida Compleja[22]: (1.86997,0)
Entrada Real[23]: 3.36593 Salida Compleja[23]: (3.36593,0)
Entrada Real[24]: 1.49596 Salida Compleja[24]: (1.49596,0)
Entrada Real[25]: 0.187003 Salida Compleja[25]: (0.187003,0)
Entrada Real[26]: 0.374005 Salida Compleja[26]: (0.374005,0)
Entrada Real[27]: 0 Salida Compleja[27]: (0,0)
Entrada Real[28]: 0.561008 Salida Compleja[28]: (0.561008,0)
Entrada Real[29]: 0.374005 Salida Compleja[29]: (0.374005,0)
Entrada Real[30]: 0.187003 Salida Compleja[30]: (0.187003,0)
Entrada Real[31]: 3.17893 Salida Compleja[31]: (3.17893,0)
Entrada Real[32]: 2.43097 Salida Compleja[32]: (2.43097,0)
Entrada Real[33]: 0.935013 Salida Compleja[33]: (0.935013,0)
Entrada Real[34]: 0.935013 Salida Compleja[34]: (0.935013,0)
Entrada Real[35]: 1.30896 Salida Compleja[35]: (1.30896,0)
Entrada Real[36]: 0.561008 Salida Compleja[36]: (0.561008,0)
Entrada Real[37]: 1.30896 Salida Compleja[37]: (1.30896,0)
Entrada Real[38]: 0.935013 Salida Compleja[38]: (0.935013,0)
Entrada Real[39]: 3.55293 Salida Compleja[39]: (3.55293,0)
Entrada Real[40]: 0.374005 Salida Compleja[40]: (0.374005,0)
Entrada Real[41]: 0.561008 Salida Compleja[41]: (0.561008,0)
Entrada Real[42]: 0.374005 Salida Compleja[42]: (0.374005,0)
Entrada Real[43]: 0.374005 Salida Compleja[43]: (0.374005,0)
Entrada Real[44]: 0.561008 Salida Compleja[44]: (0.561008,0)
Entrada Real[45]: 0.935013 Salida Compleja[45]: (0.935013,0)
Entrada Real[46]: 2.24397 Salida Compleja[46]: (2.24397,0)
Entrada Real[47]: 2.80498 Salida Compleja[47]: (2.80498,0)
Entrada Real[48]: 1.68296 Salida Compleja[48]: (1.68296,0)
Entrada Real[49]: 0.935013 Salida Compleja[49]: (0.935013,0)
Entrada Real[50]: 1.49596 Salida Compleja[50]: (1.49596,0)
Entrada Real[51]: 2.05697 Salida Compleja[51]: (2.05697,0)
Entrada Real[52]: 1.12196 Salida Compleja[52]: (1.12196,0)
Entrada Real[53]: 0.561008 Salida Compleja[53]: (0.561008,0)
Entrada Real[54]: 0.935013 Salida Compleja[54]: (0.935013,0)
Entrada Real[55]: 0.187003 Salida Compleja[55]: (0.187003,0)
Entrada Real[56]: 0.374005 Salida Compleja[56]: (0.374005,0)
Entrada Real[57]: 0.187003 Salida Compleja[57]: (0.187003,0)
Entrada Real[58]: 0.187003 Salida Compleja[58]: (0.187003,0)
Entrada Real[59]: 1.68296 Salida Compleja[59]: (1.68296,0)
Entrada Real[60]: 0.187003 Salida Compleja[60]: (0.187003,0)
Entrada Real[61]: 0.187003 Salida Compleja[61]: (0.187003,0)
Entrada Real[62]: 0.561008 Salida Compleja[62]: (0.561008,0)
Entrada Real[63]: 0.561008 Salida Compleja[63]: (0.561008,0)
Entrada Real[64]: 0.187003 Salida Compleja[64]: (0.187003,0)
Entrada Real[65]: 1.49596 Salida Compleja[65]: (1.49596,0)
Entrada Real[66]: 2.24397 Salida Compleja[66]: (2.24397,0)
Entrada Real[67]: 1.12196 Salida Compleja[67]: (1.12196,0)
Entrada Real[68]: 0 Salida Compleja[68]: (0,0)
Entrada Real[69]: 0.561008 Salida Compleja[69]: (0.561008,0)
Entrada Real[70]: 1.12196 Salida Compleja[70]: (1.12196,0)
Entrada Real[71]: 0.187003 Salida Compleja[71]: (0.187003,0)
Entrada Real[72]: 0.374005 Salida Compleja[72]: (0.374005,0)
Entrada Real[73]: 0.374005 Salida Compleja[73]: (0.374005,0)
Entrada Real[74]: 1.12196 Salida Compleja[74]: (1.12196,0)
Entrada Real[75]: 1.12196 Salida Compleja[75]: (1.12196,0)
Entrada Real[76]: 0.935013 Salida Compleja[76]: (0.935013,0)
Entrada Real[77]: 2.43097 Salida Compleja[77]: (2.43097,0)
Entrada Real[78]: 0.187003 Salida Compleja[78]: (0.187003,0)
Entrada Real[79]: 4.11394 Salida Compleja[79]: (4.11394,0)
Entrada Real[80]: 5.4229 Salida Compleja[80]: (5.4229,0)
Entrada Real[81]: 5.6099 Salida Compleja[81]: (5.6099,0)
Entrada Real[82]: 2.61798 Salida Compleja[82]: (2.61798,0)
Entrada Real[83]: 1.12196 Salida Compleja[83]: (1.12196,0)
Entrada Real[84]: 0.935013 Salida Compleja[84]: (0.935013,0)
Entrada Real[85]: 0.935013 Salida Compleja[85]: (0.935013,0)
Entrada Real[86]: 1.49596 Salida Compleja[86]: (1.49596,0)
Entrada Real[87]: 1.86997 Salida Compleja[87]: (1.86997,0)
Entrada Real[88]: 1.30896 Salida Compleja[88]: (1.30896,0)
Entrada Real[89]: 0.374005 Salida Compleja[89]: (0.374005,0)
Entrada Real[90]: 0 Salida Compleja[90]: (0,0)
Entrada Real[91]: 0.187003 Salida Compleja[91]: (0.187003,0)
Entrada Real[92]: 0.187003 Salida Compleja[92]: (0.187003,0)
Entrada Real[93]: 0.187003 Salida Compleja[93]: (0.187003,0)
Entrada Real[94]: 0.561008 Salida Compleja[94]: (0.561008,0)
Entrada Real[95]: 0 Salida Compleja[95]: (0,0)
Entrada Real[96]: 0.74801 Salida Compleja[96]: (0.74801,0)
Entrada Real[97]: 0 Salida Compleja[97]: (0,0)
Entrada Real[98]: 0.374005 Salida Compleja[98]: (0.374005,0)
Entrada Real[99]: 1.12196 Salida Compleja[99]: (1.12196,0)
Entrada Real[100]: 0 Salida Compleja[100]: (0,0)
Entrada Real[101]: 1.30896 Salida Compleja[101]: (1.30896,0)
Entrada Real[102]: 0.561008 Salida Compleja[102]: (0.561008,0)
Entrada Real[103]: 1.86997 Salida Compleja[103]: (1.86997,0)
Entrada Real[104]: 0.935013 Salida Compleja[104]: (0.935013,0)
Entrada Real[105]: 0.74801 Salida Compleja[105]: (0.74801,0)
Entrada Real[106]: 0.935013 Salida Compleja[106]: (0.935013,0)
Entrada Real[107]: 0.74801 Salida Compleja[107]: (0.74801,0)
Entrada Real[108]: 0.561008 Salida Compleja[108]: (0.561008,0)
Entrada Real[109]: 0.561008 Salida Compleja[109]: (0.561008,0)
Entrada Real[110]: 0.187003 Salida Compleja[110]: (0.187003,0)
Entrada Real[111]: 0.561008 Salida Compleja[111]: (0.561008,0)
Entrada Real[112]: 0.374005 Salida Compleja[112]: (0.374005,0)
Entrada Real[113]: 0.561008 Salida Compleja[113]: (0.561008,0)
Entrada Real[114]: 0.561008 Salida Compleja[114]: (0.561008,0)
Entrada Real[115]: 0.187003 Salida Compleja[115]: (0.187003,0)
Entrada Real[116]: 1.68296 Salida Compleja[116]: (1.68296,0)
Entrada Real[117]: 1.12196 Salida Compleja[117]: (1.12196,0)
Entrada Real[118]: 0.187003 Salida Compleja[118]: (0.187003,0)
Entrada Real[119]: 1.12196 Salida Compleja[119]: (1.12196,0)
Entrada Real[120]: 1.12196 Salida Compleja[120]: (1.12196,0)
Entrada Real[121]: 0.74801 Salida Compleja[121]: (0.74801,0)
Entrada Real[122]: 0.561008 Salida Compleja[122]: (0.561008,0)
Entrada Real[123]: 0 Salida Compleja[123]: (0,0)
Entrada Real[124]: 0.561008 Salida Compleja[124]: (0.561008,0)
Entrada Real[125]: 0.187003 Salida Compleja[125]: (0.187003,0)
Entrada Real[126]: 1.68296 Salida Compleja[126]: (1.68296,0)
Entrada Real[127]: 2.80498 Salida Compleja[127]: (2.80498,0)
Entrada Real[128]: 0.935013 Salida Compleja[128]: (0.935013,0)
Entrada Real[129]: 0.187003 Salida Compleja[129]: (0.187003,0)
Entrada Real[130]: 1.30896 Salida Compleja[130]: (1.30896,0)
Entrada Real[131]: 0.374005 Salida Compleja[131]: (0.374005,0)
Entrada Real[132]: 0.561008 Salida Compleja[132]: (0.561008,0)
Entrada Real[133]: 1.12196 Salida Compleja[133]: (1.12196,0)
Entrada Real[134]: 0.74801 Salida Compleja[134]: (0.74801,0)
Entrada Real[135]: 0.374005 Salida Compleja[135]: (0.374005,0)
Entrada Real[136]: 1.30896 Salida Compleja[136]: (1.30896,0)
Entrada Real[137]: 1.68296 Salida Compleja[137]: (1.68296,0)
Entrada Real[138]: 0 Salida Compleja[138]: (0,0)
Entrada Real[139]: 0.187003 Salida Compleja[139]: (0.187003,0)
Entrada Real[140]: 0.935013 Salida Compleja[140]: (0.935013,0)
Entrada Real[141]: 1.12196 Salida Compleja[141]: (1.12196,0)
Entrada Real[142]: 0.374005 Salida Compleja[142]: (0.374005,0)
Entrada Real[143]: 0.561008 Salida Compleja[143]: (0.561008,0)
Entrada Real[144]: 1.30896 Salida Compleja[144]: (1.30896,0)
Entrada Real[145]: 2.24397 Salida Compleja[145]: (2.24397,0)
Entrada Real[146]: 0.374005 Salida Compleja[146]: (0.374005,0)
Entrada Real[147]: 0.935013 Salida Compleja[147]: (0.935013,0)
Entrada Real[148]: 0.374005 Salida Compleja[148]: (0.374005,0)
Entrada Real[149]: 0.74801 Salida Compleja[149]: (0.74801,0)
Entrada Real[150]: 0.187003 Salida Compleja[150]: (0.187003,0)
Entrada Real[151]: 2.05697 Salida Compleja[151]: (2.05697,0)
Entrada Real[152]: 0.561008 Salida Compleja[152]: (0.561008,0)
Entrada Real[153]: 0.74801 Salida Compleja[153]: (0.74801,0)
Entrada Real[154]: 0.935013 Salida Compleja[154]: (0.935013,0)
Entrada Real[155]: 1.12196 Salida Compleja[155]: (1.12196,0)
Entrada Real[156]: 0.561008 Salida Compleja[156]: (0.561008,0)
Entrada Real[157]: 0.187003 Salida Compleja[157]: (0.187003,0)
Entrada Real[158]: 0.187003 Salida Compleja[158]: (0.187003,0)
Entrada Real[159]: 0.187003 Salida Compleja[159]: (0.187003,0)
Entrada Real[160]: 0.74801 Salida Compleja[160]: (0.74801,0)
Entrada Real[161]: 1.68296 Salida Compleja[161]: (1.68296,0)
Entrada Real[162]: 0.561008 Salida Compleja[162]: (0.561008,0)
Entrada Real[163]: 0.374005 Salida Compleja[163]: (0.374005,0)
Entrada Real[164]: 0.935013 Salida Compleja[164]: (0.935013,0)
Entrada Real[165]: 0.561008 Salida Compleja[165]: (0.561008,0)
Entrada Real[166]: 0.74801 Salida Compleja[166]: (0.74801,0)
Entrada Real[167]: 1.86997 Salida Compleja[167]: (1.86997,0)
Entrada Real[168]: 0.74801 Salida Compleja[168]: (0.74801,0)
Entrada Real[169]: 0.187003 Salida Compleja[169]: (0.187003,0)
Entrada Real[170]: 0.187003 Salida Compleja[170]: (0.187003,0)
Entrada Real[171]: 0 Salida Compleja[171]: (0,0)
Entrada Real[172]: 0.561008 Salida Compleja[172]: (0.561008,0)
Entrada Real[173]: 0.187003 Salida Compleja[173]: (0.187003,0)
Entrada Real[174]: 0.935013 Salida Compleja[174]: (0.935013,0)
Entrada Real[175]: 0.561008 Salida Compleja[175]: (0.561008,0)
Entrada Real[176]: 0 Salida Compleja[176]: (0,0)
Entrada Real[177]: 0.187003 Salida Compleja[177]: (0.187003,0)
Entrada Real[178]: 0.187003 Salida Compleja[178]: (0.187003,0)
Entrada Real[179]: 2.80498 Salida Compleja[179]: (2.80498,0)
Entrada Real[180]: 2.80498 Salida Compleja[180]: (2.80498,0)
Entrada Real[181]: 0.74801 Salida Compleja[181]: (0.74801,0)
Entrada Real[182]: 0.374005 Salida Compleja[182]: (0.374005,0)
Entrada Real[183]: 1.49596 Salida Compleja[183]: (1.49596,0)
Entrada Real[184]: 1.86997 Salida Compleja[184]: (1.86997,0)
Entrada Real[185]: 1.30896 Salida Compleja[185]: (1.30896,0)
Entrada Real[186]: 0.74801 Salida Compleja[186]: (0.74801,0)
Entrada Real[187]: 1.49596 Salida Compleja[187]: (1.49596,0)
Entrada Real[188]: 0 Salida Compleja[188]: (0,0)
Entrada Real[189]: 1.68296 Salida Compleja[189]: (1.68296,0)
Entrada Real[190]: 2.43097 Salida Compleja[190]: (2.43097,0)
Entrada Real[191]: 2.43097 Salida Compleja[191]: (2.43097,0)
Entrada Real[192]: 0.187003 Salida Compleja[192]: (0.187003,0)
Entrada Real[193]: 1.12196 Salida Compleja[193]: (1.12196,0)
Entrada Real[194]: 0.561008 Salida Compleja[194]: (0.561008,0)
Entrada Real[195]: 0.374005 Salida Compleja[195]: (0.374005,0)
Entrada Real[196]: 0.935013 Salida Compleja[196]: (0.935013,0)
Entrada Real[197]: 1.12196 Salida Compleja[197]: (1.12196,0)
Entrada Real[198]: 0.187003 Salida Compleja[198]: (0.187003,0)
Entrada Real[199]: 0.187003 Salida Compleja[199]: (0.187003,0)
Entrada Real[200]: 0.187003 Salida Compleja[200]: (0.187003,0)
Entrada Real[201]: 0.561008 Salida Compleja[201]: (0.561008,0)
Entrada Real[202]: 1.12196 Salida Compleja[202]: (1.12196,0)
Entrada Real[203]: 1.68296 Salida Compleja[203]: (1.68296,0)
Entrada Real[204]: 0.74801 Salida Compleja[204]: (0.74801,0)
Entrada Real[205]: 2.05697 Salida Compleja[205]: (2.05697,0)
Entrada Real[206]: 1.49596 Salida Compleja[206]: (1.49596,0)
Entrada Real[207]: 0.187003 Salida Compleja[207]: (0.187003,0)
Entrada Real[208]: 2.80498 Salida Compleja[208]: (2.80498,0)
Entrada Real[209]: 2.24397 Salida Compleja[209]: (2.24397,0)
Entrada Real[210]: 1.12196 Salida Compleja[210]: (1.12196,0)
Entrada Real[211]: 0 Salida Compleja[211]: (0,0)
Entrada Real[212]: 1.30896 Salida Compleja[212]: (1.30896,0)
Entrada Real[213]: 0.561008 Salida Compleja[213]: (0.561008,0)
Entrada Real[214]: 0.74801 Salida Compleja[214]: (0.74801,0)
Entrada Real[215]: 0.187003 Salida Compleja[215]: (0.187003,0)
Entrada Real[216]: 0.74801 Salida Compleja[216]: (0.74801,0)
Entrada Real[217]: 2.43097 Salida Compleja[217]: (2.43097,0)
Entrada Real[218]: 1.30896 Salida Compleja[218]: (1.30896,0)
Entrada Real[219]: 0 Salida Compleja[219]: (0,0)
Entrada Real[220]: 1.49596 Salida Compleja[220]: (1.49596,0)
Entrada Real[221]: 2.24397 Salida Compleja[221]: (2.24397,0)
Entrada Real[222]: 1.49596 Salida Compleja[222]: (1.49596,0)
Entrada Real[223]: 1.86997 Salida Compleja[223]: (1.86997,0)
Entrada Real[224]: 2.43097 Salida Compleja[224]: (2.43097,0)
Entrada Real[225]: 1.68296 Salida Compleja[225]: (1.68296,0)
Entrada Real[226]: 0.74801 Salida Compleja[226]: (0.74801,0)
Entrada Real[227]: 0.74801 Salida Compleja[227]: (0.74801,0)
Entrada Real[228]: 3.55293 Salida Compleja[228]: (3.55293,0)
Entrada Real[229]: 2.61798 Salida Compleja[229]: (2.61798,0)
Entrada Real[230]: 1.68296 Salida Compleja[230]: (1.68296,0)
Entrada Real[231]: 1.12196 Salida Compleja[231]: (1.12196,0)
Entrada Real[232]: 0.74801 Salida Compleja[232]: (0.74801,0)
Entrada Real[233]: 0.187003 Salida Compleja[233]: (0.187003,0)
Entrada Real[234]: 0.374005 Salida Compleja[234]: (0.374005,0)
Entrada Real[235]: 0.187003 Salida Compleja[235]: (0.187003,0)
Entrada Real[236]: 1.49596 Salida Compleja[236]: (1.49596,0)
Entrada Real[237]: 2.05697 Salida Compleja[237]: (2.05697,0)
Entrada Real[238]: 0.374005 Salida Compleja[238]: (0.374005,0)
Entrada Real[239]: 0.74801 Salida Compleja[239]: (0.74801,0)
Entrada Real[240]: 1.30896 Salida Compleja[240]: (1.30896,0)
Entrada Real[241]: 0 Salida Compleja[241]: (0,0)
Entrada Real[242]: 0.561008 Salida Compleja[242]: (0.561008,0)
Entrada Real[243]: 2.24397 Salida Compleja[243]: (2.24397,0)
Entrada Real[244]: 0.935013 Salida Compleja[244]: (0.935013,0)
Entrada Real[245]: 0.74801 Salida Compleja[245]: (0.74801,0)
Entrada Real[246]: 0.561008 Salida Compleja[246]: (0.561008,0)
Entrada Real[247]: 2.43097 Salida Compleja[247]: (2.43097,0)
Entrada Real[248]: 0.74801 Salida Compleja[248]: (0.74801,0)
Entrada Real[249]: 0 Salida Compleja[249]: (0,0)
Entrada Real[250]: 0.561008 Salida Compleja[250]: (0.561008,0)
Entrada Real[251]: 0.561008 Salida Compleja[251]: (0.561008,0)
Entrada Real[252]: 1.49596 Salida Compleja[252]: (1.49596,0)
Entrada Real[253]: 0.561008 Salida Compleja[253]: (0.561008,0)
Entrada Real[254]: 0 Salida Compleja[254]: (0,0)
Entrada Real[255]: 0.74801 Salida Compleja[255]: (0.74801,0)
Entrada Real[256]: 1.30896 Salida Compleja[256]: (1.30896,0)
Entrada Real[257]: 0.187003 Salida Compleja[257]: (0.187003,0)
Entrada Real[258]: 1.12196 Salida Compleja[258]: (1.12196,0)
Entrada Real[259]: 2.24397 Salida Compleja[259]: (2.24397,0)
Entrada Real[260]: 0.561008 Salida Compleja[260]: (0.561008,0)
Entrada Real[261]: 0 Salida Compleja[261]: (0,0)
Entrada Real[262]: 0.187003 Salida Compleja[262]: (0.187003,0)
Entrada Real[263]: 1.12196 Salida Compleja[263]: (1.12196,0)
Entrada Real[264]: 1.12196 Salida Compleja[264]: (1.12196,0)
Entrada Real[265]: 0.374005 Salida Compleja[265]: (0.374005,0)
Entrada Real[266]: 0.935013 Salida Compleja[266]: (0.935013,0)
Entrada Real[267]: 1.12196 Salida Compleja[267]: (1.12196,0)
Entrada Real[268]: 0 Salida Compleja[268]: (0,0)
Entrada Real[269]: 1.12196 Salida Compleja[269]: (1.12196,0)
Entrada Real[270]: 0.74801 Salida Compleja[270]: (0.74801,0)
Entrada Real[271]: 0.74801 Salida Compleja[271]: (0.74801,0)
Entrada Real[272]: 0.561008 Salida Compleja[272]: (0.561008,0)
Entrada Real[273]: 0.74801 Salida Compleja[273]: (0.74801,0)
Entrada Real[274]: 0.374005 Salida Compleja[274]: (0.374005,0)
Entrada Real[275]: 0 Salida Compleja[275]: (0,0)
Entrada Real[276]: 0.935013 Salida Compleja[276]: (0.935013,0)
Entrada Real[277]: 1.49596 Salida Compleja[277]: (1.49596,0)
Entrada Real[278]: 0.187003 Salida Compleja[278]: (0.187003,0)
Entrada Real[279]: 0.74801 Salida Compleja[279]: (0.74801,0)
Entrada Real[280]: 0.187003 Salida Compleja[280]: (0.187003,0)
Entrada Real[281]: 1.68296 Salida Compleja[281]: (1.68296,0)
Entrada Real[282]: 2.43097 Salida Compleja[282]: (2.43097,0)
Entrada Real[283]: 1.30896 Salida Compleja[283]: (1.30896,0)
Entrada Real[284]: 0.187003 Salida Compleja[284]: (0.187003,0)
Entrada Real[285]: 1.30896 Salida Compleja[285]: (1.30896,0)
Entrada Real[286]: 1.30896 Salida Compleja[286]: (1.30896,0)
Entrada Real[287]: 0.74801 Salida Compleja[287]: (0.74801,0)
Entrada Real[288]: 0.187003 Salida Compleja[288]: (0.187003,0)
Entrada Real[289]: 0.74801 Salida Compleja[289]: (0.74801,0)
Entrada Real[290]: 0.74801 Salida Compleja[290]: (0.74801,0)
Entrada Real[291]: 1.12196 Salida Compleja[291]: (1.12196,0)
Entrada Real[292]: 1.68296 Salida Compleja[292]: (1.68296,0)
Entrada Real[293]: 0.187003 Salida Compleja[293]: (0.187003,0)
Entrada Real[294]: 2.05697 Salida Compleja[294]: (2.05697,0)
Entrada Real[295]: 2.05697 Salida Compleja[295]: (2.05697,0)
Entrada Real[296]: 1.68296 Salida Compleja[296]: (1.68296,0)
Entrada Real[297]: 0.187003 Salida Compleja[297]: (0.187003,0)
Entrada Real[298]: 1.30896 Salida Compleja[298]: (1.30896,0)
Entrada Real[299]: 2.61798 Salida Compleja[299]: (2.61798,0)
Entrada Real[300]: 2.05697 Salida Compleja[300]: (2.05697,0)
Entrada Real[301]: 0.187003 Salida Compleja[301]: (0.187003,0)
Entrada Real[302]: 1.12196 Salida Compleja[302]: (1.12196,0)
Entrada Real[303]: 1.49596 Salida Compleja[303]: (1.49596,0)
Entrada Real[304]: 1.12196 Salida Compleja[304]: (1.12196,0)
Entrada Real[305]: 1.30896 Salida Compleja[305]: (1.30896,0)
Entrada Real[306]: 2.24397 Salida Compleja[306]: (2.24397,0)
Entrada Real[307]: 0.935013 Salida Compleja[307]: (0.935013,0)
Entrada Real[308]: 0.187003 Salida Compleja[308]: (0.187003,0)
Entrada Real[309]: 0.935013 Salida Compleja[309]: (0.935013,0)
Entrada Real[310]: 1.12196 Salida Compleja[310]: (1.12196,0)
Entrada Real[311]: 0.561008 Salida Compleja[311]: (0.561008,0)
Entrada Real[312]: 1.30896 Salida Compleja[312]: (1.30896,0)
Entrada Real[313]: 0.187003 Salida Compleja[313]: (0.187003,0)
Entrada Real[314]: 1.12196 Salida Compleja[314]: (1.12196,0)
Entrada Real[315]: 2.05697 Salida Compleja[315]: (2.05697,0)
Entrada Real[316]: 1.12196 Salida Compleja[316]: (1.12196,0)
Entrada Real[317]: 0.935013 Salida Compleja[317]: (0.935013,0)
Entrada Real[318]: 0.187003 Salida Compleja[318]: (0.187003,0)
Entrada Real[319]: 0.561008 Salida Compleja[319]: (0.561008,0)
Entrada Real[320]: 0.187003 Salida Compleja[320]: (0.187003,0)
Entrada Real[321]: 0.374005 Salida Compleja[321]: (0.374005,0)
Entrada Real[322]: 1.12196 Salida Compleja[322]: (1.12196,0)
Entrada Real[323]: 0.935013 Salida Compleja[323]: (0.935013,0)
Entrada Real[324]: 0.561008 Salida Compleja[324]: (0.561008,0)
Entrada Real[325]: 0.935013 Salida Compleja[325]: (0.935013,0)
Entrada Real[326]: 1.12196 Salida Compleja[326]: (1.12196,0)
Entrada Real[327]: 1.30896 Salida Compleja[327]: (1.30896,0)
Entrada Real[328]: 0.187003 Salida Compleja[328]: (0.187003,0)
Entrada Real[329]: 0.74801 Salida Compleja[329]: (0.74801,0)
Entrada Real[330]: 1.30896 Salida Compleja[330]: (1.30896,0)
Entrada Real[331]: 0.74801 Salida Compleja[331]: (0.74801,0)
Entrada Real[332]: 0.187003 Salida Compleja[332]: (0.187003,0)
Entrada Real[333]: 0.935013 Salida Compleja[333]: (0.935013,0)
Entrada Real[334]: 1.30896 Salida Compleja[334]: (1.30896,0)
Entrada Real[335]: 0.74801 Salida Compleja[335]: (0.74801,0)
Entrada Real[336]: 2.43097 Salida Compleja[336]: (2.43097,0)
Entrada Real[337]: 0.74801 Salida Compleja[337]: (0.74801,0)
Entrada Real[338]: 1.86997 Salida Compleja[338]: (1.86997,0)
Entrada Real[339]: 2.61798 Salida Compleja[339]: (2.61798,0)
Entrada Real[340]: 0.187003 Salida Compleja[340]: (0.187003,0)
Entrada Real[341]: 0 Salida Compleja[341]: (0,0)
Entrada Real[342]: 0.374005 Salida Compleja[342]: (0.374005,0)
Entrada Real[343]: 0 Salida Compleja[343]: (0,0)
Entrada Real[344]: 0.935013 Salida Compleja[344]: (0.935013,0)
Entrada Real[345]: 0 Salida Compleja[345]: (0,0)
Entrada Real[346]: 0.374005 Salida Compleja[346]: (0.374005,0)
Entrada Real[347]: 0.187003 Salida Compleja[347]: (0.187003,0)
Entrada Real[348]: 1.86997 Salida Compleja[348]: (1.86997,0)
Entrada Real[349]: 0.935013 Salida Compleja[349]: (0.935013,0)
Entrada Real[350]: 0.374005 Salida Compleja[350]: (0.374005,0)
Entrada Real[351]: 0.374005 Salida Compleja[351]: (0.374005,0)
Entrada Real[352]: 0.74801 Salida Compleja[352]: (0.74801,0)
Entrada Real[353]: 0.374005 Salida Compleja[353]: (0.374005,0)
Entrada Real[354]: 0.561008 Salida Compleja[354]: (0.561008,0)
Entrada Real[355]: 0.187003 Salida Compleja[355]: (0.187003,0)
Entrada Real[356]: 0.74801 Salida Compleja[356]: (0.74801,0)
Entrada Real[357]: 0.74801 Salida Compleja[357]: (0.74801,0)
Entrada Real[358]: 0 Salida Compleja[358]: (0,0)
Entrada Real[359]: 2.05697 Salida Compleja[359]: (2.05697,0)
Entrada Real[360]: 3.36593 Salida Compleja[360]: (3.36593,0)
Entrada Real[361]: 2.43097 Salida Compleja[361]: (2.43097,0)
Entrada Real[362]: 2.05697 Salida Compleja[362]: (2.05697,0)
Entrada Real[363]: 2.24397 Salida Compleja[363]: (2.24397,0)
Entrada Real[364]: 1.49596 Salida Compleja[364]: (1.49596,0)
Entrada Real[365]: 0.935013 Salida Compleja[365]: (0.935013,0)
Entrada Real[366]: 0.935013 Salida Compleja[366]: (0.935013,0)
Entrada Real[367]: 1.68296 Salida Compleja[367]: (1.68296,0)
Entrada Real[368]: 0.374005 Salida Compleja[368]: (0.374005,0)
Entrada Real[369]: 0.74801 Salida Compleja[369]: (0.74801,0)
Entrada Real[370]: 0.374005 Salida Compleja[370]: (0.374005,0)
Entrada Real[371]: 0 Salida Compleja[371]: (0,0)
Entrada Real[372]: 0 Salida Compleja[372]: (0,0)
Entrada Real[373]: 0.74801 Salida Compleja[373]: (0.74801,0)
Entrada Real[374]: 1.30896 Salida Compleja[374]: (1.30896,0)
Entrada Real[375]: 1.68296 Salida Compleja[375]: (1.68296,0)
Entrada Real[376]: 2.43097 Salida Compleja[376]: (2.43097,0)
Entrada Real[377]: 1.30896 Salida Compleja[377]: (1.30896,0)
Entrada Real[378]: 0.187003 Salida Compleja[378]: (0.187003,0)
Entrada Real[379]: 1.49596 Salida Compleja[379]: (1.49596,0)
Entrada Real[380]: 1.30896 Salida Compleja[380]: (1.30896,0)
Entrada Real[381]: 0.935013 Salida Compleja[381]: (0.935013,0)
Entrada Real[382]: 0 Salida Compleja[382]: (0,0)
Entrada Real[383]: 0.187003 Salida Compleja[383]: (0.187003,0)
Entrada Real[384]: 0 Salida Compleja[384]: (0,0)
Entrada Real[385]: 0.74801 Salida Compleja[385]: (0.74801,0)
Entrada Real[386]: 2.24397 Salida Compleja[386]: (2.24397,0)
Entrada Real[387]: 2.80498 Salida Compleja[387]: (2.80498,0)
Entrada Real[388]: 2.24397 Salida Compleja[388]: (2.24397,0)
Entrada Real[389]: 1.12196 Salida Compleja[389]: (1.12196,0)
Entrada Real[390]: 1.49596 Salida Compleja[390]: (1.49596,0)
Entrada Real[391]: 1.68296 Salida Compleja[391]: (1.68296,0)
Entrada Real[392]: 0.561008 Salida Compleja[392]: (0.561008,0)
Entrada Real[393]: 0.74801 Salida Compleja[393]: (0.74801,0)
Entrada Real[394]: 1.68296 Salida Compleja[394]: (1.68296,0)
Entrada Real[395]: 0 Salida Compleja[395]: (0,0)
Entrada Real[396]: 1.12196 Salida Compleja[396]: (1.12196,0)
Entrada Real[397]: 0.561008 Salida Compleja[397]: (0.561008,0)
Entrada Real[398]: 0 Salida Compleja[398]: (0,0)
Entrada Real[399]: 0.561008 Salida Compleja[399]: (0.561008,0)
Entrada Real[400]: 0.187003 Salida Compleja[400]: (0.187003,0)
Entrada Real[401]: 0.187003 Salida Compleja[401]: (0.187003,0)
Entrada Real[402]: 0 Salida Compleja[402]: (0,0)
Entrada Real[403]: 2.05697 Salida Compleja[403]: (2.05697,0)
Entrada Real[404]: 1.49596 Salida Compleja[404]: (1.49596,0)
Entrada Real[405]: 1.30896 Salida Compleja[405]: (1.30896,0)
Entrada Real[406]: 2.24397 Salida Compleja[406]: (2.24397,0)
Entrada Real[407]: 0.374005 Salida Compleja[407]: (0.374005,0)
Entrada Real[408]: 0 Salida Compleja[408]: (0,0)
Entrada Real[409]: 0 Salida Compleja[409]: (0,0)
Entrada Real[410]: 1.30896 Salida Compleja[410]: (1.30896,0)
Entrada Real[411]: 1.49596 Salida Compleja[411]: (1.49596,0)
Entrada Real[412]: 0.187003 Salida Compleja[412]: (0.187003,0)
Entrada Real[413]: 1.12196 Salida Compleja[413]: (1.12196,0)
Entrada Real[414]: 0.561008 Salida Compleja[414]: (0.561008,0)
Entrada Real[415]: 0.374005 Salida Compleja[415]: (0.374005,0)
Entrada Real[416]: 1.12196 Salida Compleja[416]: (1.12196,0)
Entrada Real[417]: 0 Salida Compleja[417]: (0,0)
Entrada Real[418]: 0.935013 Salida Compleja[418]: (0.935013,0)
Entrada Real[419]: 0.187003 Salida Compleja[419]: (0.187003,0)
Entrada Real[420]: 0.561008 Salida Compleja[420]: (0.561008,0)
Entrada Real[421]: 0.187003 Salida Compleja[421]: (0.187003,0)
Entrada Real[422]: 0.374005 Salida Compleja[422]: (0.374005,0)
Entrada Real[423]: 1.30896 Salida Compleja[423]: (1.30896,0)
Entrada Real[424]: 1.49596 Salida Compleja[424]: (1.49596,0)
Entrada Real[425]: 2.05697 Salida Compleja[425]: (2.05697,0)
Entrada Real[426]: 2.80498 Salida Compleja[426]: (2.80498,0)
Entrada Real[427]: 2.24397 Salida Compleja[427]: (2.24397,0)
Entrada Real[428]: 0 Salida Compleja[428]: (0,0)
Entrada Real[429]: 1.49596 Salida Compleja[429]: (1.49596,0)
Entrada Real[430]: 1.68296 Salida Compleja[430]: (1.68296,0)
Entrada Real[431]: 0 Salida Compleja[431]: (0,0)
Entrada Real[432]: 0.561008 Salida Compleja[432]: (0.561008,0)
Entrada Real[433]: 1.68296 Salida Compleja[433]: (1.68296,0)
Entrada Real[434]: 2.24397 Salida Compleja[434]: (2.24397,0)
Entrada Real[435]: 2.05697 Salida Compleja[435]: (2.05697,0)
Entrada Real[436]: 1.30896 Salida Compleja[436]: (1.30896,0)
Entrada Real[437]: 1.12196 Salida Compleja[437]: (1.12196,0)
Entrada Real[438]: 0.561008 Salida Compleja[438]: (0.561008,0)
Entrada Real[439]: 1.30896 Salida Compleja[439]: (1.30896,0)
Entrada Real[440]: 1.30896 Salida Compleja[440]: (1.30896,0)
Entrada Real[441]: 1.12196 Salida Compleja[441]: (1.12196,0)
Entrada Real[442]: 0.935013 Salida Compleja[442]: (0.935013,0)
Entrada Real[443]: 2.61798 Salida Compleja[443]: (2.61798,0)
Entrada Real[444]: 1.30896 Salida Compleja[444]: (1.30896,0)
Entrada Real[445]: 1.68296 Salida Compleja[445]: (1.68296,0)
Entrada Real[446]: 0 Salida Compleja[446]: (0,0)
Entrada Real[447]: 1.86997 Salida Compleja[447]: (1.86997,0)
Entrada Real[448]: 1.30896 Salida Compleja[448]: (1.30896,0)
Entrada Real[449]: 2.05697 Salida Compleja[449]: (2.05697,0)
Entrada Real[450]: 0.187003 Salida Compleja[450]: (0.187003,0)
Entrada Real[451]: 0.561008 Salida Compleja[451]: (0.561008,0)
Entrada Real[452]: 0.374005 Salida Compleja[452]: (0.374005,0)
Entrada Real[453]: 0.935013 Salida Compleja[453]: (0.935013,0)
Entrada Real[454]: 1.30896 Salida Compleja[454]: (1.30896,0)
Entrada Real[455]: 0.74801 Salida Compleja[455]: (0.74801,0)
Entrada Real[456]: 0.374005 Salida Compleja[456]: (0.374005,0)
Entrada Real[457]: 0.374005 Salida Compleja[457]: (0.374005,0)
Entrada Real[458]: 0.374005 Salida Compleja[458]: (0.374005,0)
Entrada Real[459]: 1.30896 Salida Compleja[459]: (1.30896,0)
Entrada Real[460]: 0.74801 Salida Compleja[460]: (0.74801,0)
Entrada Real[461]: 0.561008 Salida Compleja[461]: (0.561008,0)
Entrada Real[462]: 1.49596 Salida Compleja[462]: (1.49596,0)
Entrada Real[463]: 0.74801 Salida Compleja[463]: (0.74801,0)
Entrada Real[464]: 0.187003 Salida Compleja[464]: (0.187003,0)
Entrada Real[465]: 0.187003 Salida Compleja[465]: (0.187003,0)
Entrada Real[466]: 2.24397 Salida Compleja[466]: (2.24397,0)
Entrada Real[467]: 2.05697 Salida Compleja[467]: (2.05697,0)
Entrada Real[468]: 0.561008 Salida Compleja[468]: (0.561008,0)
Entrada Real[469]: 1.49596 Salida Compleja[469]: (1.49596,0)
Entrada Real[470]: 2.43097 Salida Compleja[470]: (2.43097,0)
Entrada Real[471]: 1.68296 Salida Compleja[471]: (1.68296,0)
Entrada Real[472]: 1.30896 Salida Compleja[472]: (1.30896,0)
Entrada Real[473]: 1.68296 Salida Compleja[473]: (1.68296,0)
Entrada Real[474]: 2.24397 Salida Compleja[474]: (2.24397,0)
Entrada Real[475]: 0 Salida Compleja[475]: (0,0)
Entrada Real[476]: 0.374005 Salida Compleja[476]: (0.374005,0)
Entrada Real[477]: 2.24397 Salida Compleja[477]: (2.24397,0)
Entrada Real[478]: 1.49596 Salida Compleja[478]: (1.49596,0)
Entrada Real[479]: 0.74801 Salida Compleja[479]: (0.74801,0)
Entrada Real[480]: 1.30896 Salida Compleja[480]: (1.30896,0)
Entrada Real[481]: 0 Salida Compleja[481]: (0,0)
Entrada Real[482]: 1.12196 Salida Compleja[482]: (1.12196,0)
Entrada Real[483]: 0.561008 Salida Compleja[483]: (0.561008,0)
Entrada Real[484]: 0.187003 Salida Compleja[484]: (0.187003,0)
Entrada Real[485]: 1.12196 Salida Compleja[485]: (1.12196,0)
Entrada Real[486]: 0.187003 Salida Compleja[486]: (0.187003,0)
Entrada Real[487]: 0.74801 Salida Compleja[487]: (0.74801,0)
Entrada Real[488]: 0.935013 Salida Compleja[488]: (0.935013,0)
Entrada Real[489]: 1.68296 Salida Compleja[489]: (1.68296,0)
Entrada Real[490]: 0.74801 Salida Compleja[490]: (0.74801,0)
Entrada Real[491]: 2.80498 Salida Compleja[491]: (2.80498,0)
Entrada Real[492]: 2.05697 Salida Compleja[492]: (2.05697,0)
Entrada Real[493]: 0.74801 Salida Compleja[493]: (0.74801,0)
Entrada Real[494]: 0.74801 Salida Compleja[494]: (0.74801,0)
Entrada Real[495]: 0.561008 Salida Compleja[495]: (0.561008,0)
Entrada Real[496]: 0.374005 Salida Compleja[496]: (0.374005,0)
Entrada Real[497]: 0.74801 Salida Compleja[497]: (0.74801,0)
Entrada Real[498]: 0.187003 Salida Compleja[498]: (0.187003,0)
Entrada Real[499]: 1.49596 Salida Compleja[499]: (1.49596,0)
Entrada Real[500]: 1.68296 Salida Compleja[500]: (1.68296,0)
Entrada Real[501]: 1.30896 Salida Compleja[501]: (1.30896,0)
Entrada Real[502]: 0.187003 Salida Compleja[502]: (0.187003,0)
Entrada Real[503]: 0.374005 Salida Compleja[503]: (0.374005,0)
Entrada Real[504]: 0.187003 Salida Compleja[504]: (0.187003,0)
Entrada Real[505]: 1.30896 Salida Compleja[505]: (1.30896,0)
Entrada Real[506]: 2.80498 Salida Compleja[506]: (2.80498,0)
Entrada Real[507]: 1.49596 Salida Compleja[507]: (1.49596,0)
Entrada Real[508]: 0.374005 Salida Compleja[508]: (0.374005,0)
Entrada Real[509]: 0.187003 Salida Compleja[509]: (0.187003,0)
Entrada Real[510]: 1.12196 Salida Compleja[510]: (1.12196,0)
Entrada Real[511]: 0.561008 Salida Compleja[511]: (0.561008,0)
Testbench exitoso!
The maximum depth reached by any of the 2 hls::stream() instances in the design is 0
INFO: [COSIM-1000] *** C/RTL co-simulation finished: PASS ***
INFO: [COSIM-211] II is measurable only when transaction number is greater than 1 in RTL simulation. Otherwise, they will be marked as all NA. If user wants to calculate them, please make sure there are at least 2 transactions in RTL simulation.
