 Salida Compleja[0]: (0,0)
 Salida Compleja[1]: (0,0)
 Salida Compleja[2]: (0,0)
 Salida Compleja[3]: (0,0)
 Salida Compleja[4]: (0,0)
 Salida Compleja[5]: (0,0)
 Salida Compleja[6]: (0,0)
 Salida Compleja[7]: (0,0)
 Salida Compleja[8]: (0,0)
 Salida Compleja[9]: (0,0)
 Salida Compleja[10]: (0,0)
 Salida Compleja[11]: (0,0)
 Salida Compleja[12]: (0,0)
 Salida Compleja[13]: (0,0)
 Salida Compleja[14]: (0,0)
 Salida Compleja[15]: (0,0)
 Salida Compleja[16]: (0,0)
 Salida Compleja[17]: (0,0)
 Salida Compleja[18]: (0,0)
 Salida Compleja[19]: (0,0)
 Salida Compleja[20]: (0,0)
 Salida Compleja[21]: (0,0)
 Salida Compleja[22]: (0,0)
 Salida Compleja[23]: (0,0)
 Salida Compleja[24]: (0,0)
 Salida Compleja[25]: (0,0)
 Salida Compleja[26]: (0,0)
 Salida Compleja[27]: (0,0)
 Salida Compleja[28]: (0,0)
 Salida Compleja[29]: (0,0)
 Salida Compleja[30]: (0,0)
 Salida Compleja[31]: (0,0)
 Salida Compleja[32]: (0,0)
 Salida Compleja[33]: (0,0)
 Salida Compleja[34]: (0,0)
 Salida Compleja[35]: (0,0)
 Salida Compleja[36]: (0,0)
 Salida Compleja[37]: (0,0)
 Salida Compleja[38]: (0,0)
 Salida Compleja[39]: (0,0)
 Salida Compleja[40]: (0,0)
 Salida Compleja[41]: (0,0)
 Salida Compleja[42]: (0,0)
 Salida Compleja[43]: (0,0)
 Salida Compleja[44]: (0,0)
 Salida Compleja[45]: (0,0)
 Salida Compleja[46]: (0,0)
 Salida Compleja[47]: (0,0)
 Salida Compleja[48]: (0,0)
 Salida Compleja[49]: (0,0)
 Salida Compleja[50]: (0,0)
 Salida Compleja[51]: (0,0)
 Salida Compleja[52]: (0,0)
 Salida Compleja[53]: (0,0)
 Salida Compleja[54]: (0,0)
 Salida Compleja[55]: (0,0)
 Salida Compleja[56]: (0,0)
 Salida Compleja[57]: (0,0)
 Salida Compleja[58]: (0,0)
 Salida Compleja[59]: (0,0)
 Salida Compleja[60]: (0,0)
 Salida Compleja[61]: (0,0)
 Salida Compleja[62]: (0,0)
 Salida Compleja[63]: (0,0)
 Salida Compleja[64]: (0,0)
 Salida Compleja[65]: (0,0)
 Salida Compleja[66]: (0,0)
 Salida Compleja[67]: (0,0)
 Salida Compleja[68]: (0,0)
 Salida Compleja[69]: (0,0)
 Salida Compleja[70]: (0,0)
 Salida Compleja[71]: (0,0)
 Salida Compleja[72]: (0,0)
 Salida Compleja[73]: (0,0)
 Salida Compleja[74]: (0,0)
 Salida Compleja[75]: (0,0)
 Salida Compleja[76]: (0,0)
 Salida Compleja[77]: (0,0)
 Salida Compleja[78]: (0,0)
 Salida Compleja[79]: (0,0)
 Salida Compleja[80]: (0,0)
 Salida Compleja[81]: (0,0)
 Salida Compleja[82]: (0,0)
 Salida Compleja[83]: (0,0)
 Salida Compleja[84]: (0,0)
 Salida Compleja[85]: (0,0)
 Salida Compleja[86]: (0,0)
 Salida Compleja[87]: (0,0)
 Salida Compleja[88]: (0,0)
 Salida Compleja[89]: (0,0)
 Salida Compleja[90]: (0,0)
 Salida Compleja[91]: (0,0)
 Salida Compleja[92]: (0,0)
 Salida Compleja[93]: (0,0)
 Salida Compleja[94]: (0,0)
 Salida Compleja[95]: (0,0)
 Salida Compleja[96]: (0,0)
 Salida Compleja[97]: (0,0)
 Salida Compleja[98]: (0,0)
 Salida Compleja[99]: (0,0)
 Salida Compleja[100]: (0,0)
 Salida Compleja[101]: (0,0)
 Salida Compleja[102]: (0,0)
 Salida Compleja[103]: (0,0)
 Salida Compleja[104]: (0,0)
 Salida Compleja[105]: (0,0)
 Salida Compleja[106]: (0,0)
 Salida Compleja[107]: (0,0)
 Salida Compleja[108]: (0,0)
 Salida Compleja[109]: (0,0)
 Salida Compleja[110]: (0,0)
 Salida Compleja[111]: (0,0)
 Salida Compleja[112]: (0,0)
 Salida Compleja[113]: (0,0)
 Salida Compleja[114]: (0,0)
 Salida Compleja[115]: (0,0)
 Salida Compleja[116]: (0,0)
 Salida Compleja[117]: (0,0)
 Salida Compleja[118]: (0,0)
 Salida Compleja[119]: (0,0)
 Salida Compleja[120]: (0,0)
 Salida Compleja[121]: (0,0)
 Salida Compleja[122]: (0,0)
 Salida Compleja[123]: (0,0)
 Salida Compleja[124]: (0,0)
 Salida Compleja[125]: (0,0)
 Salida Compleja[126]: (0,0)
 Salida Compleja[127]: (0,0)
 Salida Compleja[128]: (0,0)
 Salida Compleja[129]: (0,0)
 Salida Compleja[130]: (0,0)
 Salida Compleja[131]: (0,0)
 Salida Compleja[132]: (0,0)
 Salida Compleja[133]: (0,0)
 Salida Compleja[134]: (0,0)
 Salida Compleja[135]: (0,0)
 Salida Compleja[136]: (0,0)
 Salida Compleja[137]: (0,0)
 Salida Compleja[138]: (0,0)
 Salida Compleja[139]: (0,0)
 Salida Compleja[140]: (0,0)
 Salida Compleja[141]: (0,0)
 Salida Compleja[142]: (0,0)
 Salida Compleja[143]: (0,0)
 Salida Compleja[144]: (0,0)
 Salida Compleja[145]: (0,0)
 Salida Compleja[146]: (0,0)
 Salida Compleja[147]: (0,0)
 Salida Compleja[148]: (0,0)
 Salida Compleja[149]: (0,0)
 Salida Compleja[150]: (0,0)
 Salida Compleja[151]: (0,0)
 Salida Compleja[152]: (0,0)
 Salida Compleja[153]: (0,0)
 Salida Compleja[154]: (0,0)
 Salida Compleja[155]: (0,0)
 Salida Compleja[156]: (0,0)
 Salida Compleja[157]: (0,0)
 Salida Compleja[158]: (0,0)
 Salida Compleja[159]: (0,0)
 Salida Compleja[160]: (0,0)
 Salida Compleja[161]: (0,0)
 Salida Compleja[162]: (0,0)
 Salida Compleja[163]: (0,0)
 Salida Compleja[164]: (0,0)
 Salida Compleja[165]: (0,0)
 Salida Compleja[166]: (0,0)
 Salida Compleja[167]: (0,0)
 Salida Compleja[168]: (0,0)
 Salida Compleja[169]: (0,0)
 Salida Compleja[170]: (0,0)
 Salida Compleja[171]: (0,0)
 Salida Compleja[172]: (0,0)
 Salida Compleja[173]: (0,0)
 Salida Compleja[174]: (0,0)
 Salida Compleja[175]: (0,0)
 Salida Compleja[176]: (0,0)
 Salida Compleja[177]: (0,0)
 Salida Compleja[178]: (0,0)
 Salida Compleja[179]: (0,0)
 Salida Compleja[180]: (0,0)
 Salida Compleja[181]: (0,0)
 Salida Compleja[182]: (0,0)
 Salida Compleja[183]: (0,0)
 Salida Compleja[184]: (0,0)
 Salida Compleja[185]: (0,0)
 Salida Compleja[186]: (0,0)
 Salida Compleja[187]: (0,0)
 Salida Compleja[188]: (0,0)
 Salida Compleja[189]: (0,0)
 Salida Compleja[190]: (0,0)
 Salida Compleja[191]: (0,0)
 Salida Compleja[192]: (0,0)
 Salida Compleja[193]: (0,0)
 Salida Compleja[194]: (0,0)
 Salida Compleja[195]: (0,0)
 Salida Compleja[196]: (0,0)
 Salida Compleja[197]: (0,0)
 Salida Compleja[198]: (0,0)
 Salida Compleja[199]: (0,0)
 Salida Compleja[200]: (0,0)
 Salida Compleja[201]: (0,0)
 Salida Compleja[202]: (0,0)
 Salida Compleja[203]: (0,0)
 Salida Compleja[204]: (0,0)
 Salida Compleja[205]: (0,0)
 Salida Compleja[206]: (0,0)
 Salida Compleja[207]: (0,0)
 Salida Compleja[208]: (0,0)
 Salida Compleja[209]: (0,0)
 Salida Compleja[210]: (0,0)
 Salida Compleja[211]: (0,0)
 Salida Compleja[212]: (0,0)
 Salida Compleja[213]: (0,0)
 Salida Compleja[214]: (0,0)
 Salida Compleja[215]: (0,0)
 Salida Compleja[216]: (0,0)
 Salida Compleja[217]: (0,0)
 Salida Compleja[218]: (0,0)
 Salida Compleja[219]: (0,0)
 Salida Compleja[220]: (0,0)
 Salida Compleja[221]: (0,0)
 Salida Compleja[222]: (0,0)
 Salida Compleja[223]: (0,0)
 Salida Compleja[224]: (0,0)
 Salida Compleja[225]: (0,0)
 Salida Compleja[226]: (0,0)
 Salida Compleja[227]: (0,0)
 Salida Compleja[228]: (0,0)
 Salida Compleja[229]: (0,0)
 Salida Compleja[230]: (0,0)
 Salida Compleja[231]: (0,0)
 Salida Compleja[232]: (0,0)
 Salida Compleja[233]: (0,0)
 Salida Compleja[234]: (0,0)
 Salida Compleja[235]: (0,0)
 Salida Compleja[236]: (0,0)
 Salida Compleja[237]: (0,0)
 Salida Compleja[238]: (0,0)
 Salida Compleja[239]: (0,0)
 Salida Compleja[240]: (0,0)
 Salida Compleja[241]: (0,0)
 Salida Compleja[242]: (0,0)
 Salida Compleja[243]: (0,0)
 Salida Compleja[244]: (0,0)
 Salida Compleja[245]: (0,0)
 Salida Compleja[246]: (0,0)
 Salida Compleja[247]: (0,0)
 Salida Compleja[248]: (0,0)
 Salida Compleja[249]: (0,0)
 Salida Compleja[250]: (0,0)
 Salida Compleja[251]: (0,0)
 Salida Compleja[252]: (0,0)
 Salida Compleja[253]: (0,0)
 Salida Compleja[254]: (0,0)
 Salida Compleja[255]: (0,0)
Entrada Real[256]: 1.30896 Salida Compleja[256]: (1.49596,0)
Entrada Real[257]: 0.187003 Salida Compleja[257]: (0.374005,0)
Entrada Real[258]: 1.12196 Salida Compleja[258]: (0.561008,0)
Entrada Real[259]: 2.24397 Salida Compleja[259]: (0.187003,0)
Entrada Real[260]: 0.561008 Salida Compleja[260]: (0.187003,0)
Entrada Real[261]: 0 Salida Compleja[261]: (0.561008,0)
Entrada Real[262]: 0.187003 Salida Compleja[262]: (1.86997,0)
Entrada Real[263]: 1.12196 Salida Compleja[263]: (0.374005,0)
Entrada Real[264]: 1.12196 Salida Compleja[264]: (0.187003,0)
Entrada Real[265]: 0.374005 Salida Compleja[265]: (0.374005,0)
Entrada Real[266]: 0.935013 Salida Compleja[266]: (0.935013,0)
Entrada Real[267]: 1.12196 Salida Compleja[267]: (2.05697,0)
Entrada Real[268]: 0 Salida Compleja[268]: (1.68296,0)
Entrada Real[269]: 1.12196 Salida Compleja[269]: (3.55293,0)
Entrada Real[270]: 0.74801 Salida Compleja[270]: (3.55293,0)
Entrada Real[271]: 0.74801 Salida Compleja[271]: (3.17893,0)
Entrada Real[272]: 0.561008 Salida Compleja[272]: (0.935013,0)
Entrada Real[273]: 0.74801 Salida Compleja[273]: (0.374005,0)
Entrada Real[274]: 0.374005 Salida Compleja[274]: (0.74801,0)
Entrada Real[275]: 0 Salida Compleja[275]: (0.374005,0)
Entrada Real[276]: 0.935013 Salida Compleja[276]: (0.187003,0)
Entrada Real[277]: 1.49596 Salida Compleja[277]: (0,0)
Entrada Real[278]: 0.187003 Salida Compleja[278]: (1.86997,0)
Entrada Real[279]: 0.74801 Salida Compleja[279]: (3.36593,0)
Entrada Real[280]: 0.187003 Salida Compleja[280]: (1.49596,0)
Entrada Real[281]: 1.68296 Salida Compleja[281]: (0.187003,0)
Entrada Real[282]: 2.43097 Salida Compleja[282]: (0.374005,0)
Entrada Real[283]: 1.30896 Salida Compleja[283]: (0,0)
Entrada Real[284]: 0.187003 Salida Compleja[284]: (0.561008,0)
Entrada Real[285]: 1.30896 Salida Compleja[285]: (0.374005,0)
Entrada Real[286]: 1.30896 Salida Compleja[286]: (0.187003,0)
Entrada Real[287]: 0.74801 Salida Compleja[287]: (3.17893,0)
Entrada Real[288]: 0.187003 Salida Compleja[288]: (2.43097,0)
Entrada Real[289]: 0.74801 Salida Compleja[289]: (0.935013,0)
Entrada Real[290]: 0.74801 Salida Compleja[290]: (0.935013,0)
Entrada Real[291]: 1.12196 Salida Compleja[291]: (1.30896,0)
Entrada Real[292]: 1.68296 Salida Compleja[292]: (0.561008,0)
Entrada Real[293]: 0.187003 Salida Compleja[293]: (1.30896,0)
Entrada Real[294]: 2.05697 Salida Compleja[294]: (0.935013,0)
Entrada Real[295]: 2.05697 Salida Compleja[295]: (3.55293,0)
Entrada Real[296]: 1.68296 Salida Compleja[296]: (0.374005,0)
Entrada Real[297]: 0.187003 Salida Compleja[297]: (0.561008,0)
Entrada Real[298]: 1.30896 Salida Compleja[298]: (0.374005,0)
Entrada Real[299]: 2.61798 Salida Compleja[299]: (0.374005,0)
Entrada Real[300]: 2.05697 Salida Compleja[300]: (0.561008,0)
Entrada Real[301]: 0.187003 Salida Compleja[301]: (0.935013,0)
Entrada Real[302]: 1.12196 Salida Compleja[302]: (2.24397,0)
Entrada Real[303]: 1.49596 Salida Compleja[303]: (2.80498,0)
Entrada Real[304]: 1.12196 Salida Compleja[304]: (1.68296,0)
Entrada Real[305]: 1.30896 Salida Compleja[305]: (0.935013,0)
Entrada Real[306]: 2.24397 Salida Compleja[306]: (1.49596,0)
Entrada Real[307]: 0.935013 Salida Compleja[307]: (2.05697,0)
Entrada Real[308]: 0.187003 Salida Compleja[308]: (1.12196,0)
Entrada Real[309]: 0.935013 Salida Compleja[309]: (0.561008,0)
Entrada Real[310]: 1.12196 Salida Compleja[310]: (0.935013,0)
Entrada Real[311]: 0.561008 Salida Compleja[311]: (0.187003,0)
Entrada Real[312]: 1.30896 Salida Compleja[312]: (0.374005,0)
Entrada Real[313]: 0.187003 Salida Compleja[313]: (0.187003,0)
Entrada Real[314]: 1.12196 Salida Compleja[314]: (0.187003,0)
Entrada Real[315]: 2.05697 Salida Compleja[315]: (1.68296,0)
Entrada Real[316]: 1.12196 Salida Compleja[316]: (0.187003,0)
Entrada Real[317]: 0.935013 Salida Compleja[317]: (0.187003,0)
Entrada Real[318]: 0.187003 Salida Compleja[318]: (0.561008,0)
Entrada Real[319]: 0.561008 Salida Compleja[319]: (0.561008,0)
Entrada Real[320]: 0.187003 Salida Compleja[320]: (0.187003,0)
Entrada Real[321]: 0.374005 Salida Compleja[321]: (1.49596,0)
Entrada Real[322]: 1.12196 Salida Compleja[322]: (2.24397,0)
Entrada Real[323]: 0.935013 Salida Compleja[323]: (1.12196,0)
Entrada Real[324]: 0.561008 Salida Compleja[324]: (0,0)
Entrada Real[325]: 0.935013 Salida Compleja[325]: (0.561008,0)
Entrada Real[326]: 1.12196 Salida Compleja[326]: (1.12196,0)
Entrada Real[327]: 1.30896 Salida Compleja[327]: (0.187003,0)
Entrada Real[328]: 0.187003 Salida Compleja[328]: (0.374005,0)
Entrada Real[329]: 0.74801 Salida Compleja[329]: (0.374005,0)
Entrada Real[330]: 1.30896 Salida Compleja[330]: (1.12196,0)
Entrada Real[331]: 0.74801 Salida Compleja[331]: (1.12196,0)
Entrada Real[332]: 0.187003 Salida Compleja[332]: (0.935013,0)
Entrada Real[333]: 0.935013 Salida Compleja[333]: (2.43097,0)
Entrada Real[334]: 1.30896 Salida Compleja[334]: (0.187003,0)
Entrada Real[335]: 0.74801 Salida Compleja[335]: (4.11394,0)
Entrada Real[336]: 2.43097 Salida Compleja[336]: (5.4229,0)
Entrada Real[337]: 0.74801 Salida Compleja[337]: (5.6099,0)
Entrada Real[338]: 1.86997 Salida Compleja[338]: (2.61798,0)
Entrada Real[339]: 2.61798 Salida Compleja[339]: (1.12196,0)
Entrada Real[340]: 0.187003 Salida Compleja[340]: (0.935013,0)
Entrada Real[341]: 0 Salida Compleja[341]: (0.935013,0)
Entrada Real[342]: 0.374005 Salida Compleja[342]: (1.49596,0)
Entrada Real[343]: 0 Salida Compleja[343]: (1.86997,0)
Entrada Real[344]: 0.935013 Salida Compleja[344]: (1.30896,0)
Entrada Real[345]: 0 Salida Compleja[345]: (0.374005,0)
Entrada Real[346]: 0.374005 Salida Compleja[346]: (0,0)
Entrada Real[347]: 0.187003 Salida Compleja[347]: (0.187003,0)
Entrada Real[348]: 1.86997 Salida Compleja[348]: (0.187003,0)
Entrada Real[349]: 0.935013 Salida Compleja[349]: (0.187003,0)
Entrada Real[350]: 0.374005 Salida Compleja[350]: (0.561008,0)
Entrada Real[351]: 0.374005 Salida Compleja[351]: (0,0)
Entrada Real[352]: 0.74801 Salida Compleja[352]: (0.74801,0)
Entrada Real[353]: 0.374005 Salida Compleja[353]: (0,0)
Entrada Real[354]: 0.561008 Salida Compleja[354]: (0.374005,0)
Entrada Real[355]: 0.187003 Salida Compleja[355]: (1.12196,0)
Entrada Real[356]: 0.74801 Salida Compleja[356]: (0,0)
Entrada Real[357]: 0.74801 Salida Compleja[357]: (1.30896,0)
Entrada Real[358]: 0 Salida Compleja[358]: (0.561008,0)
Entrada Real[359]: 2.05697 Salida Compleja[359]: (1.86997,0)
Entrada Real[360]: 3.36593 Salida Compleja[360]: (0.935013,0)
Entrada Real[361]: 2.43097 Salida Compleja[361]: (0.74801,0)
Entrada Real[362]: 2.05697 Salida Compleja[362]: (0.935013,0)
Entrada Real[363]: 2.24397 Salida Compleja[363]: (0.74801,0)
Entrada Real[364]: 1.49596 Salida Compleja[364]: (0.561008,0)
Entrada Real[365]: 0.935013 Salida Compleja[365]: (0.561008,0)
Entrada Real[366]: 0.935013 Salida Compleja[366]: (0.187003,0)
Entrada Real[367]: 1.68296 Salida Compleja[367]: (0.561008,0)
Entrada Real[368]: 0.374005 Salida Compleja[368]: (0.374005,0)
Entrada Real[369]: 0.74801 Salida Compleja[369]: (0.561008,0)
Entrada Real[370]: 0.374005 Salida Compleja[370]: (0.561008,0)
Entrada Real[371]: 0 Salida Compleja[371]: (0.187003,0)
Entrada Real[372]: 0 Salida Compleja[372]: (1.68296,0)
Entrada Real[373]: 0.74801 Salida Compleja[373]: (1.12196,0)
Entrada Real[374]: 1.30896 Salida Compleja[374]: (0.187003,0)
Entrada Real[375]: 1.68296 Salida Compleja[375]: (1.12196,0)
Entrada Real[376]: 2.43097 Salida Compleja[376]: (1.12196,0)
Entrada Real[377]: 1.30896 Salida Compleja[377]: (0.74801,0)
Entrada Real[378]: 0.187003 Salida Compleja[378]: (0.561008,0)
Entrada Real[379]: 1.49596 Salida Compleja[379]: (0,0)
Entrada Real[380]: 1.30896 Salida Compleja[380]: (0.561008,0)
Entrada Real[381]: 0.935013 Salida Compleja[381]: (0.187003,0)
Entrada Real[382]: 0 Salida Compleja[382]: (1.68296,0)
Entrada Real[383]: 0.187003 Salida Compleja[383]: (2.80498,0)
Entrada Real[384]: 0 Salida Compleja[384]: (0.935013,0)
Entrada Real[385]: 0.74801 Salida Compleja[385]: (0.187003,0)
Entrada Real[386]: 2.24397 Salida Compleja[386]: (1.30896,0)
Entrada Real[387]: 2.80498 Salida Compleja[387]: (0.374005,0)
Entrada Real[388]: 2.24397 Salida Compleja[388]: (0.561008,0)
Entrada Real[389]: 1.12196 Salida Compleja[389]: (1.12196,0)
Entrada Real[390]: 1.49596 Salida Compleja[390]: (0.74801,0)
Entrada Real[391]: 1.68296 Salida Compleja[391]: (0.374005,0)
Entrada Real[392]: 0.561008 Salida Compleja[392]: (1.30896,0)
Entrada Real[393]: 0.74801 Salida Compleja[393]: (1.68296,0)
Entrada Real[394]: 1.68296 Salida Compleja[394]: (0,0)
Entrada Real[395]: 0 Salida Compleja[395]: (0.187003,0)
Entrada Real[396]: 1.12196 Salida Compleja[396]: (0.935013,0)
Entrada Real[397]: 0.561008 Salida Compleja[397]: (1.12196,0)
Entrada Real[398]: 0 Salida Compleja[398]: (0.374005,0)
Entrada Real[399]: 0.561008 Salida Compleja[399]: (0.561008,0)
Entrada Real[400]: 0.187003 Salida Compleja[400]: (1.30896,0)
Entrada Real[401]: 0.187003 Salida Compleja[401]: (2.24397,0)
Entrada Real[402]: 0 Salida Compleja[402]: (0.374005,0)
Entrada Real[403]: 2.05697 Salida Compleja[403]: (0.935013,0)
Entrada Real[404]: 1.49596 Salida Compleja[404]: (0.374005,0)
Entrada Real[405]: 1.30896 Salida Compleja[405]: (0.74801,0)
Entrada Real[406]: 2.24397 Salida Compleja[406]: (0.187003,0)
Entrada Real[407]: 0.374005 Salida Compleja[407]: (2.05697,0)
Entrada Real[408]: 0 Salida Compleja[408]: (0.561008,0)
Entrada Real[409]: 0 Salida Compleja[409]: (0.74801,0)
Entrada Real[410]: 1.30896 Salida Compleja[410]: (0.935013,0)
Entrada Real[411]: 1.49596 Salida Compleja[411]: (1.12196,0)
Entrada Real[412]: 0.187003 Salida Compleja[412]: (0.561008,0)
Entrada Real[413]: 1.12196 Salida Compleja[413]: (0.187003,0)
Entrada Real[414]: 0.561008 Salida Compleja[414]: (0.187003,0)
Entrada Real[415]: 0.374005 Salida Compleja[415]: (0.187003,0)
Entrada Real[416]: 1.12196 Salida Compleja[416]: (0.74801,0)
Entrada Real[417]: 0 Salida Compleja[417]: (1.68296,0)
Entrada Real[418]: 0.935013 Salida Compleja[418]: (0.561008,0)
Entrada Real[419]: 0.187003 Salida Compleja[419]: (0.374005,0)
Entrada Real[420]: 0.561008 Salida Compleja[420]: (0.935013,0)
Entrada Real[421]: 0.187003 Salida Compleja[421]: (0.561008,0)
Entrada Real[422]: 0.374005 Salida Compleja[422]: (0.74801,0)
Entrada Real[423]: 1.30896 Salida Compleja[423]: (1.86997,0)
Entrada Real[424]: 1.49596 Salida Compleja[424]: (0.74801,0)
Entrada Real[425]: 2.05697 Salida Compleja[425]: (0.187003,0)
Entrada Real[426]: 2.80498 Salida Compleja[426]: (0.187003,0)
Entrada Real[427]: 2.24397 Salida Compleja[427]: (0,0)
Entrada Real[428]: 0 Salida Compleja[428]: (0.561008,0)
Entrada Real[429]: 1.49596 Salida Compleja[429]: (0.187003,0)
Entrada Real[430]: 1.68296 Salida Compleja[430]: (0.935013,0)
Entrada Real[431]: 0 Salida Compleja[431]: (0.561008,0)
Entrada Real[432]: 0.561008 Salida Compleja[432]: (0,0)
Entrada Real[433]: 1.68296 Salida Compleja[433]: (0.187003,0)
Entrada Real[434]: 2.24397 Salida Compleja[434]: (0.187003,0)
Entrada Real[435]: 2.05697 Salida Compleja[435]: (2.80498,0)
Entrada Real[436]: 1.30896 Salida Compleja[436]: (2.80498,0)
Entrada Real[437]: 1.12196 Salida Compleja[437]: (0.74801,0)
Entrada Real[438]: 0.561008 Salida Compleja[438]: (0.374005,0)
Entrada Real[439]: 1.30896 Salida Compleja[439]: (1.49596,0)
Entrada Real[440]: 1.30896 Salida Compleja[440]: (1.86997,0)
Entrada Real[441]: 1.12196 Salida Compleja[441]: (1.30896,0)
Entrada Real[442]: 0.935013 Salida Compleja[442]: (0.74801,0)
Entrada Real[443]: 2.61798 Salida Compleja[443]: (1.49596,0)
Entrada Real[444]: 1.30896 Salida Compleja[444]: (0,0)
Entrada Real[445]: 1.68296 Salida Compleja[445]: (1.68296,0)
Entrada Real[446]: 0 Salida Compleja[446]: (2.43097,0)
Entrada Real[447]: 1.86997 Salida Compleja[447]: (2.43097,0)
Entrada Real[448]: 1.30896 Salida Compleja[448]: (0.187003,0)
Entrada Real[449]: 2.05697 Salida Compleja[449]: (1.12196,0)
Entrada Real[450]: 0.187003 Salida Compleja[450]: (0.561008,0)
Entrada Real[451]: 0.561008 Salida Compleja[451]: (0.374005,0)
Entrada Real[452]: 0.374005 Salida Compleja[452]: (0.935013,0)
Entrada Real[453]: 0.935013 Salida Compleja[453]: (1.12196,0)
Entrada Real[454]: 1.30896 Salida Compleja[454]: (0.187003,0)
Entrada Real[455]: 0.74801 Salida Compleja[455]: (0.187003,0)
Entrada Real[456]: 0.374005 Salida Compleja[456]: (0.187003,0)
Entrada Real[457]: 0.374005 Salida Compleja[457]: (0.561008,0)
Entrada Real[458]: 0.374005 Salida Compleja[458]: (1.12196,0)
Entrada Real[459]: 1.30896 Salida Compleja[459]: (1.68296,0)
Entrada Real[460]: 0.74801 Salida Compleja[460]: (0.74801,0)
Entrada Real[461]: 0.561008 Salida Compleja[461]: (2.05697,0)
Entrada Real[462]: 1.49596 Salida Compleja[462]: (1.49596,0)
Entrada Real[463]: 0.74801 Salida Compleja[463]: (0.187003,0)
Entrada Real[464]: 0.187003 Salida Compleja[464]: (2.80498,0)
Entrada Real[465]: 0.187003 Salida Compleja[465]: (2.24397,0)
Entrada Real[466]: 2.24397 Salida Compleja[466]: (1.12196,0)
Entrada Real[467]: 2.05697 Salida Compleja[467]: (0,0)
Entrada Real[468]: 0.561008 Salida Compleja[468]: (1.30896,0)
Entrada Real[469]: 1.49596 Salida Compleja[469]: (0.561008,0)
Entrada Real[470]: 2.43097 Salida Compleja[470]: (0.74801,0)
Entrada Real[471]: 1.68296 Salida Compleja[471]: (0.187003,0)
Entrada Real[472]: 1.30896 Salida Compleja[472]: (0.74801,0)
Entrada Real[473]: 1.68296 Salida Compleja[473]: (2.43097,0)
Entrada Real[474]: 2.24397 Salida Compleja[474]: (1.30896,0)
Entrada Real[475]: 0 Salida Compleja[475]: (0,0)
Entrada Real[476]: 0.374005 Salida Compleja[476]: (1.49596,0)
Entrada Real[477]: 2.24397 Salida Compleja[477]: (2.24397,0)
Entrada Real[478]: 1.49596 Salida Compleja[478]: (1.49596,0)
Entrada Real[479]: 0.74801 Salida Compleja[479]: (1.86997,0)
Entrada Real[480]: 1.30896 Salida Compleja[480]: (2.43097,0)
Entrada Real[481]: 0 Salida Compleja[481]: (1.68296,0)
Entrada Real[482]: 1.12196 Salida Compleja[482]: (0.74801,0)
Entrada Real[483]: 0.561008 Salida Compleja[483]: (0.74801,0)
Entrada Real[484]: 0.187003 Salida Compleja[484]: (3.55293,0)
Entrada Real[485]: 1.12196 Salida Compleja[485]: (2.61798,0)
Entrada Real[486]: 0.187003 Salida Compleja[486]: (1.68296,0)
Entrada Real[487]: 0.74801 Salida Compleja[487]: (1.12196,0)
Entrada Real[488]: 0.935013 Salida Compleja[488]: (0.74801,0)
Entrada Real[489]: 1.68296 Salida Compleja[489]: (0.187003,0)
Entrada Real[490]: 0.74801 Salida Compleja[490]: (0.374005,0)
Entrada Real[491]: 2.80498 Salida Compleja[491]: (0.187003,0)
Entrada Real[492]: 2.05697 Salida Compleja[492]: (1.49596,0)
Entrada Real[493]: 0.74801 Salida Compleja[493]: (2.05697,0)
Entrada Real[494]: 0.74801 Salida Compleja[494]: (0.374005,0)
Entrada Real[495]: 0.561008 Salida Compleja[495]: (0.74801,0)
Entrada Real[496]: 0.374005 Salida Compleja[496]: (1.30896,0)
Entrada Real[497]: 0.74801 Salida Compleja[497]: (0,0)
Entrada Real[498]: 0.187003 Salida Compleja[498]: (0.561008,0)
Entrada Real[499]: 1.49596 Salida Compleja[499]: (2.24397,0)
Entrada Real[500]: 1.68296 Salida Compleja[500]: (0.935013,0)
Entrada Real[501]: 1.30896 Salida Compleja[501]: (0.74801,0)
Entrada Real[502]: 0.187003 Salida Compleja[502]: (0.561008,0)
Entrada Real[503]: 0.374005 Salida Compleja[503]: (2.43097,0)
Entrada Real[504]: 0.187003 Salida Compleja[504]: (0.74801,0)
Entrada Real[505]: 1.30896 Salida Compleja[505]: (0,0)
Entrada Real[506]: 2.80498 Salida Compleja[506]: (0.561008,0)
Entrada Real[507]: 1.49596 Salida Compleja[507]: (0.561008,0)
Entrada Real[508]: 0.374005 Salida Compleja[508]: (1.49596,0)
Entrada Real[509]: 0.187003 Salida Compleja[509]: (0.561008,0)
Entrada Real[510]: 1.12196 Salida Compleja[510]: (0,0)
Entrada Real[511]: 0.561008 Salida Compleja[511]: (0.74801,0)
Entrada Real[512]: 0 Salida Compleja[512]: (1.30896,0)
Entrada Real[513]: 0 Salida Compleja[513]: (0.187003,0)
Entrada Real[514]: 7.42688e-44 Salida Compleja[514]: (1.12196,0)
Entrada Real[515]: 0 Salida Compleja[515]: (2.24397,0)
Entrada Real[516]: 2.24397 Salida Compleja[516]: (0.561008,0)
Entrada Real[517]: 0 Salida Compleja[517]: (0,0)
Entrada Real[518]: 1.01306e-38 Salida Compleja[518]: (0.187003,0)
Entrada Real[519]: 0 Salida Compleja[519]: (1.12196,0)
Entrada Real[520]: 1.4013e-45 Salida Compleja[520]: (1.12196,0)
Entrada Real[521]: 0 Salida Compleja[521]: (0.374005,0)
Entrada Real[522]: 1.63115e-38 Salida Compleja[522]: (0.935013,0)
Entrada Real[523]: 0 Salida Compleja[523]: (1.12196,0)
Entrada Real[524]: 1.63107e-38 Salida Compleja[524]: (0,0)
Entrada Real[525]: 0 Salida Compleja[525]: (1.12196,0)
Entrada Real[526]: 1.63099e-38 Salida Compleja[526]: (0.74801,0)
Entrada Real[527]: 0 Salida Compleja[527]: (0.74801,0)
Entrada Real[528]: 6.91719e-39 Salida Compleja[528]: (0.561008,0)
Entrada Real[529]: 7.41287e-43 Salida Compleja[529]: (0.74801,0)
Entrada Real[530]: 1.43493e-42 Salida Compleja[530]: (0.374005,0)
Entrada Real[531]: 7.17465e-43 Salida Compleja[531]: (0,0)
Entrada Real[532]: 0 Salida Compleja[532]: (0.935013,0)
Entrada Real[533]: 0 Salida Compleja[533]: (1.49596,0)
Entrada Real[534]: 5.91269e-39 Salida Compleja[534]: (0.187003,0)
Entrada Real[535]: 0 Salida Compleja[535]: (0.74801,0)
Entrada Real[536]: 6.91719e-39 Salida Compleja[536]: (0.187003,0)
Entrada Real[537]: 0 Salida Compleja[537]: (1.68296,0)
Entrada Real[538]: -9.02923e-38 Salida Compleja[538]: (2.43097,0)
Entrada Real[539]: 4.58785e-41 Salida Compleja[539]: (1.30896,0)
Entrada Real[540]: -2.73007e-37 Salida Compleja[540]: (0.187003,0)
Entrada Real[541]: 4.58785e-41 Salida Compleja[541]: (1.30896,0)
Entrada Real[542]: 3.7773e+34 Salida Compleja[542]: (1.30896,0)
Entrada Real[543]: 4.59121e-41 Salida Compleja[543]: (0.74801,0)
Entrada Real[544]: 1.4013e-45 Salida Compleja[544]: (0.187003,0)
Entrada Real[545]: 1.4013e-45 Salida Compleja[545]: (0.74801,0)
Entrada Real[546]: 5.99718e-39 Salida Compleja[546]: (0.74801,0)
Entrada Real[547]: 0 Salida Compleja[547]: (1.12196,0)
Entrada Real[548]: 0 Salida Compleja[548]: (1.68296,0)
Entrada Real[549]: 0 Salida Compleja[549]: (0.187003,0)
Entrada Real[550]: -2.72419e+38 Salida Compleja[550]: (2.05697,0)
Entrada Real[551]: 1.06527e+21 Salida Compleja[551]: (2.05697,0)
Entrada Real[552]: 5.91269e-39 Salida Compleja[552]: (1.68296,0)
Entrada Real[553]: 0 Salida Compleja[553]: (0.187003,0)
Entrada Real[554]: 3.7773e+34 Salida Compleja[554]: (1.30896,0)
Entrada Real[555]: 4.59121e-41 Salida Compleja[555]: (2.61798,0)
Entrada Real[556]: 0 Salida Compleja[556]: (2.05697,0)
Entrada Real[557]: 0 Salida Compleja[557]: (0.187003,0)
Entrada Real[558]: 0 Salida Compleja[558]: (1.12196,0)
Entrada Real[559]: 0 Salida Compleja[559]: (1.49596,0)
Entrada Real[560]: -2.36467e+09 Salida Compleja[560]: (1.12196,0)
Entrada Real[561]: -4.18378e-21 Salida Compleja[561]: (1.30896,0)
Entrada Real[562]: -293.891 Salida Compleja[562]: (2.24397,0)
Entrada Real[563]: -4.65839e-21 Salida Compleja[563]: (0.935013,0)
Entrada Real[564]: 0 Salida Compleja[564]: (0.187003,0)
Entrada Real[565]: 0 Salida Compleja[565]: (0.935013,0)
Entrada Real[566]: 0 Salida Compleja[566]: (1.12196,0)
Entrada Real[567]: 0 Salida Compleja[567]: (0.561008,0)
Entrada Real[568]: 0 Salida Compleja[568]: (1.30896,0)
Entrada Real[569]: 0 Salida Compleja[569]: (0.187003,0)
Entrada Real[570]: -4.15932e-37 Salida Compleja[570]: (1.12196,0)
Entrada Real[571]: 4.58785e-41 Salida Compleja[571]: (2.05697,0)
Entrada Real[572]: -3.35439e-37 Salida Compleja[572]: (1.12196,0)
Entrada Real[573]: 4.58785e-41 Salida Compleja[573]: (0.935013,0)
Entrada Real[574]: -4.11925e-37 Salida Compleja[574]: (0.187003,0)
Entrada Real[575]: 4.58785e-41 Salida Compleja[575]: (0.561008,0)
Entrada Real[576]: 0 Salida Compleja[576]: (0.187003,0)
Entrada Real[577]: 0 Salida Compleja[577]: (0.374005,0)
Entrada Real[578]: 0 Salida Compleja[578]: (1.12196,0)
Entrada Real[579]: 0 Salida Compleja[579]: (0.935013,0)
Entrada Real[580]: 0 Salida Compleja[580]: (0.561008,0)
Entrada Real[581]: 0 Salida Compleja[581]: (0.935013,0)
Entrada Real[582]: 5.91269e-39 Salida Compleja[582]: (1.12196,0)
Entrada Real[583]: 0 Salida Compleja[583]: (1.30896,0)
Entrada Real[584]: 3.7773e+34 Salida Compleja[584]: (0.187003,0)
Entrada Real[585]: 4.59121e-41 Salida Compleja[585]: (0.74801,0)
Entrada Real[586]: 5.91275e-39 Salida Compleja[586]: (1.30896,0)
Entrada Real[587]: 0 Salida Compleja[587]: (0.74801,0)
Entrada Real[588]: 3.7773e+34 Salida Compleja[588]: (0.187003,0)
Entrada Real[589]: 4.59121e-41 Salida Compleja[589]: (0.935013,0)
Entrada Real[590]: 3.92364e-44 Salida Compleja[590]: (1.30896,0)
Entrada Real[591]: 0 Salida Compleja[591]: (0.74801,0)
Entrada Real[592]: 1.4013e-45 Salida Compleja[592]: (2.43097,0)
Entrada Real[593]: 0 Salida Compleja[593]: (0.74801,0)
Entrada Real[594]: 3.77828e+34 Salida Compleja[594]: (1.86997,0)
Entrada Real[595]: 4.59121e-41 Salida Compleja[595]: (2.61798,0)
Entrada Real[596]: 0 Salida Compleja[596]: (0.187003,0)
Entrada Real[597]: 0 Salida Compleja[597]: (0,0)
Entrada Real[598]: 3.77829e+34 Salida Compleja[598]: (0.374005,0)
Entrada Real[599]: 4.59121e-41 Salida Compleja[599]: (0,0)
Entrada Real[600]: 3.77829e+34 Salida Compleja[600]: (0.935013,0)
Entrada Real[601]: 4.59121e-41 Salida Compleja[601]: (0,0)
Entrada Real[602]: 3.7783e+34 Salida Compleja[602]: (0.374005,0)
Entrada Real[603]: 4.59121e-41 Salida Compleja[603]: (0.187003,0)
Entrada Real[604]: 3.77831e+34 Salida Compleja[604]: (1.86997,0)
Entrada Real[605]: 4.59121e-41 Salida Compleja[605]: (0.935013,0)
Entrada Real[606]: 3.77874e+34 Salida Compleja[606]: (0.374005,0)
Entrada Real[607]: 4.59121e-41 Salida Compleja[607]: (0.374005,0)
Entrada Real[608]: 3.77911e+34 Salida Compleja[608]: (0.74801,0)
Entrada Real[609]: 4.59121e-41 Salida Compleja[609]: (0.374005,0)
Entrada Real[610]: 3.77912e+34 Salida Compleja[610]: (0.561008,0)
Entrada Real[611]: 4.59121e-41 Salida Compleja[611]: (0.187003,0)
Entrada Real[612]: 3.77913e+34 Salida Compleja[612]: (0.74801,0)
Entrada Real[613]: 4.59121e-41 Salida Compleja[613]: (0.74801,0)
Entrada Real[614]: 3.77913e+34 Salida Compleja[614]: (0,0)
Entrada Real[615]: 4.59121e-41 Salida Compleja[615]: (2.05697,0)
Entrada Real[616]: 3.77914e+34 Salida Compleja[616]: (3.36593,0)
Entrada Real[617]: 4.59121e-41 Salida Compleja[617]: (2.43097,0)
Entrada Real[618]: 3.77914e+34 Salida Compleja[618]: (2.05697,0)
Entrada Real[619]: 4.59121e-41 Salida Compleja[619]: (2.24397,0)
Entrada Real[620]: 3.77916e+34 Salida Compleja[620]: (1.49596,0)
Entrada Real[621]: 4.59121e-41 Salida Compleja[621]: (0.935013,0)
Entrada Real[622]: 3.77916e+34 Salida Compleja[622]: (0.935013,0)
Entrada Real[623]: 4.59121e-41 Salida Compleja[623]: (1.68296,0)
Entrada Real[624]: 3.77916e+34 Salida Compleja[624]: (0.374005,0)
Entrada Real[625]: 4.59121e-41 Salida Compleja[625]: (0.74801,0)
Entrada Real[626]: 3.77917e+34 Salida Compleja[626]: (0.374005,0)
Entrada Real[627]: 4.59121e-41 Salida Compleja[627]: (0,0)
Entrada Real[628]: 3.77918e+34 Salida Compleja[628]: (0,0)
Entrada Real[629]: 4.59121e-41 Salida Compleja[629]: (0.74801,0)
Entrada Real[630]: 3.77918e+34 Salida Compleja[630]: (1.30896,0)
Entrada Real[631]: 4.59121e-41 Salida Compleja[631]: (1.68296,0)
Entrada Real[632]: 3.77919e+34 Salida Compleja[632]: (2.43097,0)
Entrada Real[633]: 4.59121e-41 Salida Compleja[633]: (1.30896,0)
Entrada Real[634]: 3.77919e+34 Salida Compleja[634]: (0.187003,0)
Entrada Real[635]: 4.59121e-41 Salida Compleja[635]: (1.49596,0)
Entrada Real[636]: 3.77921e+34 Salida Compleja[636]: (1.30896,0)
Entrada Real[637]: 4.59121e-41 Salida Compleja[637]: (0.935013,0)
Entrada Real[638]: 3.77922e+34 Salida Compleja[638]: (0,0)
Entrada Real[639]: 4.59121e-41 Salida Compleja[639]: (0.187003,0)
Entrada Real[640]: 3.77923e+34 Salida Compleja[640]: (0,0)
Entrada Real[641]: 4.59121e-41 Salida Compleja[641]: (0.74801,0)
Entrada Real[642]: 3.77923e+34 Salida Compleja[642]: (2.24397,0)
Entrada Real[643]: 4.59121e-41 Salida Compleja[643]: (2.80498,0)
Entrada Real[644]: 3.77925e+34 Salida Compleja[644]: (2.24397,0)
Entrada Real[645]: 4.59121e-41 Salida Compleja[645]: (1.12196,0)
Entrada Real[646]: 3.77925e+34 Salida Compleja[646]: (1.49596,0)
Entrada Real[647]: 4.59121e-41 Salida Compleja[647]: (1.68296,0)
Entrada Real[648]: 3.77926e+34 Salida Compleja[648]: (0.561008,0)
Entrada Real[649]: 4.59121e-41 Salida Compleja[649]: (0.74801,0)
Entrada Real[650]: 3.77928e+34 Salida Compleja[650]: (1.68296,0)
Entrada Real[651]: 4.59121e-41 Salida Compleja[651]: (0,0)
Entrada Real[652]: 3.77928e+34 Salida Compleja[652]: (1.12196,0)
Entrada Real[653]: 4.59121e-41 Salida Compleja[653]: (0.561008,0)
Entrada Real[654]: 3.77928e+34 Salida Compleja[654]: (0,0)
Entrada Real[655]: 4.59121e-41 Salida Compleja[655]: (0.561008,0)
Entrada Real[656]: 3.77929e+34 Salida Compleja[656]: (0.187003,0)
Entrada Real[657]: 4.59121e-41 Salida Compleja[657]: (0.187003,0)
Entrada Real[658]: 3.7793e+34 Salida Compleja[658]: (0,0)
Entrada Real[659]: 4.59121e-41 Salida Compleja[659]: (2.05697,0)
Entrada Real[660]: 3.77931e+34 Salida Compleja[660]: (1.49596,0)
Entrada Real[661]: 4.59121e-41 Salida Compleja[661]: (1.30896,0)
Entrada Real[662]: 3.77931e+34 Salida Compleja[662]: (2.24397,0)
Entrada Real[663]: 4.59121e-41 Salida Compleja[663]: (0.374005,0)
Entrada Real[664]: 3.77932e+34 Salida Compleja[664]: (0,0)
Entrada Real[665]: 4.59121e-41 Salida Compleja[665]: (0,0)
Entrada Real[666]: 3.77933e+34 Salida Compleja[666]: (1.30896,0)
Entrada Real[667]: 4.59121e-41 Salida Compleja[667]: (1.49596,0)
Entrada Real[668]: 3.77934e+34 Salida Compleja[668]: (0.187003,0)
Entrada Real[669]: 4.59121e-41 Salida Compleja[669]: (1.12196,0)
Entrada Real[670]: 3.77935e+34 Salida Compleja[670]: (0.561008,0)
Entrada Real[671]: 4.59121e-41 Salida Compleja[671]: (0.374005,0)
Entrada Real[672]: 3.77937e+34 Salida Compleja[672]: (1.12196,0)
Entrada Real[673]: 4.59121e-41 Salida Compleja[673]: (0,0)
Entrada Real[674]: 3.77938e+34 Salida Compleja[674]: (0.935013,0)
Entrada Real[675]: 4.59121e-41 Salida Compleja[675]: (0.187003,0)
Entrada Real[676]: 3.77939e+34 Salida Compleja[676]: (0.561008,0)
Entrada Real[677]: 4.59121e-41 Salida Compleja[677]: (0.187003,0)
Entrada Real[678]: 3.7794e+34 Salida Compleja[678]: (0.374005,0)
Entrada Real[679]: 4.59121e-41 Salida Compleja[679]: (1.30896,0)
Entrada Real[680]: 3.77941e+34 Salida Compleja[680]: (1.49596,0)
Entrada Real[681]: 4.59121e-41 Salida Compleja[681]: (2.05697,0)
Entrada Real[682]: 3.77942e+34 Salida Compleja[682]: (2.80498,0)
Entrada Real[683]: 4.59121e-41 Salida Compleja[683]: (2.24397,0)
Entrada Real[684]: 3.77942e+34 Salida Compleja[684]: (0,0)
Entrada Real[685]: 4.59121e-41 Salida Compleja[685]: (1.49596,0)
Entrada Real[686]: 3.77943e+34 Salida Compleja[686]: (1.68296,0)
Entrada Real[687]: 4.59121e-41 Salida Compleja[687]: (0,0)
Entrada Real[688]: 3.77943e+34 Salida Compleja[688]: (0.561008,0)
Entrada Real[689]: 4.59121e-41 Salida Compleja[689]: (1.68296,0)
Entrada Real[690]: 3.77945e+34 Salida Compleja[690]: (2.24397,0)
Entrada Real[691]: 4.59121e-41 Salida Compleja[691]: (2.05697,0)
Entrada Real[692]: 3.77945e+34 Salida Compleja[692]: (1.30896,0)
Entrada Real[693]: 4.59121e-41 Salida Compleja[693]: (1.12196,0)
Entrada Real[694]: 3.77946e+34 Salida Compleja[694]: (0.561008,0)
Entrada Real[695]: 4.59121e-41 Salida Compleja[695]: (1.30896,0)
Entrada Real[696]: 3.77947e+34 Salida Compleja[696]: (1.30896,0)
Entrada Real[697]: 4.59121e-41 Salida Compleja[697]: (1.12196,0)
Entrada Real[698]: 3.77949e+34 Salida Compleja[698]: (0.935013,0)
Entrada Real[699]: 4.59121e-41 Salida Compleja[699]: (2.61798,0)
Entrada Real[700]: 3.7795e+34 Salida Compleja[700]: (1.30896,0)
Entrada Real[701]: 4.59121e-41 Salida Compleja[701]: (1.68296,0)
Entrada Real[702]: 3.7795e+34 Salida Compleja[702]: (0,0)
Entrada Real[703]: 4.59121e-41 Salida Compleja[703]: (1.86997,0)
Entrada Real[704]: 3.77952e+34 Salida Compleja[704]: (1.30896,0)
Entrada Real[705]: 4.59121e-41 Salida Compleja[705]: (2.05697,0)
Entrada Real[706]: 3.77953e+34 Salida Compleja[706]: (0.187003,0)
Entrada Real[707]: 4.59121e-41 Salida Compleja[707]: (0.561008,0)
Entrada Real[708]: 3.77953e+34 Salida Compleja[708]: (0.374005,0)
Entrada Real[709]: 4.59121e-41 Salida Compleja[709]: (0.935013,0)
Entrada Real[710]: 3.77954e+34 Salida Compleja[710]: (1.30896,0)
Entrada Real[711]: 4.59121e-41 Salida Compleja[711]: (0.74801,0)
Entrada Real[712]: 3.77955e+34 Salida Compleja[712]: (0.374005,0)
Entrada Real[713]: 4.59121e-41 Salida Compleja[713]: (0.374005,0)
Entrada Real[714]: 3.77956e+34 Salida Compleja[714]: (0.374005,0)
Entrada Real[715]: 4.59121e-41 Salida Compleja[715]: (1.30896,0)
Entrada Real[716]: 3.77975e+34 Salida Compleja[716]: (0.74801,0)
Entrada Real[717]: 4.59121e-41 Salida Compleja[717]: (0.561008,0)
Entrada Real[718]: 3.77977e+34 Salida Compleja[718]: (1.49596,0)
Entrada Real[719]: 4.59121e-41 Salida Compleja[719]: (0.74801,0)
Entrada Real[720]: 3.77979e+34 Salida Compleja[720]: (0.187003,0)
Entrada Real[721]: 4.59121e-41 Salida Compleja[721]: (0.187003,0)
Entrada Real[722]: 3.77979e+34 Salida Compleja[722]: (2.24397,0)
Entrada Real[723]: 4.59121e-41 Salida Compleja[723]: (2.05697,0)
Entrada Real[724]: 3.7798e+34 Salida Compleja[724]: (0.561008,0)
Entrada Real[725]: 4.59121e-41 Salida Compleja[725]: (1.49596,0)
Entrada Real[726]: 3.77981e+34 Salida Compleja[726]: (2.43097,0)
Entrada Real[727]: 4.59121e-41 Salida Compleja[727]: (1.68296,0)
Entrada Real[728]: 3.77981e+34 Salida Compleja[728]: (1.30896,0)
Entrada Real[729]: 4.59121e-41 Salida Compleja[729]: (1.68296,0)
Entrada Real[730]: 3.77982e+34 Salida Compleja[730]: (2.24397,0)
Entrada Real[731]: 4.59121e-41 Salida Compleja[731]: (0,0)
Entrada Real[732]: 3.77982e+34 Salida Compleja[732]: (0.374005,0)
Entrada Real[733]: 4.59121e-41 Salida Compleja[733]: (2.24397,0)
Entrada Real[734]: 3.77983e+34 Salida Compleja[734]: (1.49596,0)
Entrada Real[735]: 4.59121e-41 Salida Compleja[735]: (0.74801,0)
Entrada Real[736]: 3.77984e+34 Salida Compleja[736]: (1.30896,0)
Entrada Real[737]: 4.59121e-41 Salida Compleja[737]: (0,0)
Entrada Real[738]: 3.77985e+34 Salida Compleja[738]: (1.12196,0)
Entrada Real[739]: 4.59121e-41 Salida Compleja[739]: (0.561008,0)
Entrada Real[740]: 3.77986e+34 Salida Compleja[740]: (0.187003,0)
Entrada Real[741]: 4.59121e-41 Salida Compleja[741]: (1.12196,0)
Entrada Real[742]: 3.77986e+34 Salida Compleja[742]: (0.187003,0)
Entrada Real[743]: 4.59121e-41 Salida Compleja[743]: (0.74801,0)
Entrada Real[744]: 3.77987e+34 Salida Compleja[744]: (0.935013,0)
Entrada Real[745]: 4.59121e-41 Salida Compleja[745]: (1.68296,0)
Entrada Real[746]: 3.77987e+34 Salida Compleja[746]: (0.74801,0)
Entrada Real[747]: 4.59121e-41 Salida Compleja[747]: (2.80498,0)
Entrada Real[748]: 3.77988e+34 Salida Compleja[748]: (2.05697,0)
Entrada Real[749]: 4.59121e-41 Salida Compleja[749]: (0.74801,0)
Entrada Real[750]: 3.77989e+34 Salida Compleja[750]: (0.74801,0)
Entrada Real[751]: 4.59121e-41 Salida Compleja[751]: (0.561008,0)
Entrada Real[752]: 3.7799e+34 Salida Compleja[752]: (0.374005,0)
Entrada Real[753]: 4.59121e-41 Salida Compleja[753]: (0.74801,0)
Entrada Real[754]: 3.77991e+34 Salida Compleja[754]: (0.187003,0)
Entrada Real[755]: 4.59121e-41 Salida Compleja[755]: (1.49596,0)
Entrada Real[756]: 3.77991e+34 Salida Compleja[756]: (1.68296,0)
Entrada Real[757]: 4.59121e-41 Salida Compleja[757]: (1.30896,0)
Entrada Real[758]: 3.77992e+34 Salida Compleja[758]: (0.187003,0)
Entrada Real[759]: 4.59121e-41 Salida Compleja[759]: (0.374005,0)
Entrada Real[760]: 3.77992e+34 Salida Compleja[760]: (0.187003,0)
Entrada Real[761]: 4.59121e-41 Salida Compleja[761]: (1.30896,0)
Entrada Real[762]: 3.77992e+34 Salida Compleja[762]: (2.80498,0)
Entrada Real[763]: 4.59121e-41 Salida Compleja[763]: (1.49596,0)
Entrada Real[764]: 3.77993e+34 Salida Compleja[764]: (0.374005,0)
Entrada Real[765]: 4.59121e-41 Salida Compleja[765]: (0.187003,0)
Entrada Real[766]: 3.77994e+34 Salida Compleja[766]: (1.12196,0)
Entrada Real[767]: 4.59121e-41 Salida Compleja[767]: (0.561008,0)
 Salida Compleja[768]: (0,0)
 Salida Compleja[769]: (0,0)
 Salida Compleja[770]: (0,0)
 Salida Compleja[771]: (0,0)
 Salida Compleja[772]: (0,0)
 Salida Compleja[773]: (0,0)
 Salida Compleja[774]: (0,0)
 Salida Compleja[775]: (0,0)
 Salida Compleja[776]: (0,0)
 Salida Compleja[777]: (0,0)
 Salida Compleja[778]: (0,0)
 Salida Compleja[779]: (0,0)
 Salida Compleja[780]: (0,0)
 Salida Compleja[781]: (0,0)
 Salida Compleja[782]: (0,0)
 Salida Compleja[783]: (0,0)
 Salida Compleja[784]: (0,0)
 Salida Compleja[785]: (0,0)
 Salida Compleja[786]: (0,0)
 Salida Compleja[787]: (0,0)
 Salida Compleja[788]: (0,0)
 Salida Compleja[789]: (0,0)
 Salida Compleja[790]: (0,0)
 Salida Compleja[791]: (0,0)
 Salida Compleja[792]: (0,0)
 Salida Compleja[793]: (0,0)
 Salida Compleja[794]: (0,0)
 Salida Compleja[795]: (0,0)
 Salida Compleja[796]: (0,0)
 Salida Compleja[797]: (0,0)
 Salida Compleja[798]: (0,0)
 Salida Compleja[799]: (0,0)
 Salida Compleja[800]: (0,0)
 Salida Compleja[801]: (0,0)
 Salida Compleja[802]: (0,0)
 Salida Compleja[803]: (0,0)
 Salida Compleja[804]: (0,0)
 Salida Compleja[805]: (0,0)
 Salida Compleja[806]: (0,0)
 Salida Compleja[807]: (0,0)
 Salida Compleja[808]: (0,0)
 Salida Compleja[809]: (0,0)
 Salida Compleja[810]: (0,0)
 Salida Compleja[811]: (0,0)
 Salida Compleja[812]: (0,0)
 Salida Compleja[813]: (0,0)
 Salida Compleja[814]: (0,0)
 Salida Compleja[815]: (0,0)
 Salida Compleja[816]: (0,0)
 Salida Compleja[817]: (0,0)
 Salida Compleja[818]: (0,0)
 Salida Compleja[819]: (0,0)
 Salida Compleja[820]: (0,0)
 Salida Compleja[821]: (0,0)
 Salida Compleja[822]: (0,0)
 Salida Compleja[823]: (0,0)
 Salida Compleja[824]: (0,0)
 Salida Compleja[825]: (0,0)
 Salida Compleja[826]: (0,0)
 Salida Compleja[827]: (0,0)
 Salida Compleja[828]: (0,0)
 Salida Compleja[829]: (0,0)
 Salida Compleja[830]: (0,0)
 Salida Compleja[831]: (0,0)
 Salida Compleja[832]: (0,0)
 Salida Compleja[833]: (0,0)
 Salida Compleja[834]: (0,0)
 Salida Compleja[835]: (0,0)
 Salida Compleja[836]: (0,0)
 Salida Compleja[837]: (0,0)
 Salida Compleja[838]: (0,0)
 Salida Compleja[839]: (0,0)
 Salida Compleja[840]: (0,0)
 Salida Compleja[841]: (0,0)
 Salida Compleja[842]: (0,0)
 Salida Compleja[843]: (0,0)
 Salida Compleja[844]: (0,0)
 Salida Compleja[845]: (0,0)
 Salida Compleja[846]: (0,0)
 Salida Compleja[847]: (0,0)
 Salida Compleja[848]: (0,0)
 Salida Compleja[849]: (0,0)
 Salida Compleja[850]: (0,0)
 Salida Compleja[851]: (0,0)
 Salida Compleja[852]: (0,0)
 Salida Compleja[853]: (0,0)
 Salida Compleja[854]: (0,0)
 Salida Compleja[855]: (0,0)
 Salida Compleja[856]: (0,0)
 Salida Compleja[857]: (0,0)
 Salida Compleja[858]: (0,0)
 Salida Compleja[859]: (0,0)
 Salida Compleja[860]: (0,0)
 Salida Compleja[861]: (0,0)
 Salida Compleja[862]: (0,0)
 Salida Compleja[863]: (0,0)
 Salida Compleja[864]: (0,0)
 Salida Compleja[865]: (0,0)
 Salida Compleja[866]: (0,0)
 Salida Compleja[867]: (0,0)
 Salida Compleja[868]: (0,0)
 Salida Compleja[869]: (0,0)
 Salida Compleja[870]: (0,0)
 Salida Compleja[871]: (0,0)
 Salida Compleja[872]: (0,0)
 Salida Compleja[873]: (0,0)
 Salida Compleja[874]: (0,0)
 Salida Compleja[875]: (0,0)
 Salida Compleja[876]: (0,0)
 Salida Compleja[877]: (0,0)
 Salida Compleja[878]: (0,0)
 Salida Compleja[879]: (0,0)
 Salida Compleja[880]: (0,0)
 Salida Compleja[881]: (0,0)
 Salida Compleja[882]: (0,0)
 Salida Compleja[883]: (0,0)
 Salida Compleja[884]: (0,0)
 Salida Compleja[885]: (0,0)
 Salida Compleja[886]: (0,0)
 Salida Compleja[887]: (0,0)
 Salida Compleja[888]: (0,0)
 Salida Compleja[889]: (0,0)
 Salida Compleja[890]: (0,0)
 Salida Compleja[891]: (0,0)
 Salida Compleja[892]: (0,0)
 Salida Compleja[893]: (0,0)
 Salida Compleja[894]: (0,0)
 Salida Compleja[895]: (0,0)
 Salida Compleja[896]: (0,0)
 Salida Compleja[897]: (0,0)
 Salida Compleja[898]: (0,0)
 Salida Compleja[899]: (0,0)
 Salida Compleja[900]: (0,0)
 Salida Compleja[901]: (0,0)
 Salida Compleja[902]: (0,0)
 Salida Compleja[903]: (0,0)
 Salida Compleja[904]: (0,0)
 Salida Compleja[905]: (0,0)
 Salida Compleja[906]: (0,0)
 Salida Compleja[907]: (0,0)
 Salida Compleja[908]: (0,0)
 Salida Compleja[909]: (0,0)
 Salida Compleja[910]: (0,0)
 Salida Compleja[911]: (0,0)
 Salida Compleja[912]: (0,0)
 Salida Compleja[913]: (0,0)
 Salida Compleja[914]: (0,0)
 Salida Compleja[915]: (0,0)
 Salida Compleja[916]: (0,0)
 Salida Compleja[917]: (0,0)
 Salida Compleja[918]: (0,0)
 Salida Compleja[919]: (0,0)
 Salida Compleja[920]: (0,0)
 Salida Compleja[921]: (0,0)
 Salida Compleja[922]: (0,0)
 Salida Compleja[923]: (0,0)
 Salida Compleja[924]: (0,0)
 Salida Compleja[925]: (0,0)
 Salida Compleja[926]: (0,0)
 Salida Compleja[927]: (0,0)
 Salida Compleja[928]: (0,0)
 Salida Compleja[929]: (0,0)
 Salida Compleja[930]: (0,0)
 Salida Compleja[931]: (0,0)
 Salida Compleja[932]: (0,0)
 Salida Compleja[933]: (0,0)
 Salida Compleja[934]: (0,0)
 Salida Compleja[935]: (0,0)
 Salida Compleja[936]: (0,0)
 Salida Compleja[937]: (0,0)
 Salida Compleja[938]: (0,0)
 Salida Compleja[939]: (0,0)
 Salida Compleja[940]: (0,0)
 Salida Compleja[941]: (0,0)
 Salida Compleja[942]: (0,0)
 Salida Compleja[943]: (0,0)
 Salida Compleja[944]: (0,0)
 Salida Compleja[945]: (0,0)
 Salida Compleja[946]: (0,0)
 Salida Compleja[947]: (0,0)
 Salida Compleja[948]: (0,0)
 Salida Compleja[949]: (0,0)
 Salida Compleja[950]: (0,0)
 Salida Compleja[951]: (0,0)
 Salida Compleja[952]: (0,0)
 Salida Compleja[953]: (0,0)
 Salida Compleja[954]: (0,0)
 Salida Compleja[955]: (0,0)
 Salida Compleja[956]: (0,0)
 Salida Compleja[957]: (0,0)
 Salida Compleja[958]: (0,0)
 Salida Compleja[959]: (0,0)
 Salida Compleja[960]: (0,0)
 Salida Compleja[961]: (0,0)
 Salida Compleja[962]: (0,0)
 Salida Compleja[963]: (0,0)
 Salida Compleja[964]: (0,0)
 Salida Compleja[965]: (0,0)
 Salida Compleja[966]: (0,0)
 Salida Compleja[967]: (0,0)
 Salida Compleja[968]: (0,0)
 Salida Compleja[969]: (0,0)
 Salida Compleja[970]: (0,0)
 Salida Compleja[971]: (0,0)
 Salida Compleja[972]: (0,0)
 Salida Compleja[973]: (0,0)
 Salida Compleja[974]: (0,0)
 Salida Compleja[975]: (0,0)
 Salida Compleja[976]: (0,0)
 Salida Compleja[977]: (0,0)
 Salida Compleja[978]: (0,0)
 Salida Compleja[979]: (0,0)
 Salida Compleja[980]: (0,0)
 Salida Compleja[981]: (0,0)
 Salida Compleja[982]: (0,0)
 Salida Compleja[983]: (0,0)
 Salida Compleja[984]: (0,0)
 Salida Compleja[985]: (0,0)
 Salida Compleja[986]: (0,0)
 Salida Compleja[987]: (0,0)
 Salida Compleja[988]: (0,0)
 Salida Compleja[989]: (0,0)
 Salida Compleja[990]: (0,0)
 Salida Compleja[991]: (0,0)
 Salida Compleja[992]: (0,0)
 Salida Compleja[993]: (0,0)
 Salida Compleja[994]: (0,0)
 Salida Compleja[995]: (0,0)
 Salida Compleja[996]: (0,0)
 Salida Compleja[997]: (0,0)
 Salida Compleja[998]: (0,0)
 Salida Compleja[999]: (0,0)
 Salida Compleja[1000]: (0,0)
 Salida Compleja[1001]: (0,0)
 Salida Compleja[1002]: (0,0)
 Salida Compleja[1003]: (0,0)
 Salida Compleja[1004]: (0,0)
 Salida Compleja[1005]: (0,0)
 Salida Compleja[1006]: (0,0)
 Salida Compleja[1007]: (0,0)
 Salida Compleja[1008]: (0,0)
 Salida Compleja[1009]: (0,0)
 Salida Compleja[1010]: (0,0)
 Salida Compleja[1011]: (0,0)
 Salida Compleja[1012]: (0,0)
 Salida Compleja[1013]: (0,0)
 Salida Compleja[1014]: (0,0)
 Salida Compleja[1015]: (0,0)
 Salida Compleja[1016]: (0,0)
 Salida Compleja[1017]: (0,0)
 Salida Compleja[1018]: (0,0)
 Salida Compleja[1019]: (0,0)
 Salida Compleja[1020]: (0,0)
 Salida Compleja[1021]: (0,0)
 Salida Compleja[1022]: (0,0)
 Salida Compleja[1023]: (0,0)
Testbench exitoso!
The maximum depth reached by any of the 2 hls::stream() instances in the design is 0
Vivado Simulator 2020.2
Copyright 1986-1999, 2001-2020 Xilinx, Inc. All Rights Reserved.
Running: /opt/Xilinx/Vivado/2020.2/bin/unwrapped/lnx64.o/xelab xil_defaultlib.apatb_complex_concatenate_top glbl -prj complex_concatenate.prj -L smartconnect_v1_0 -L axi_protocol_checker_v1_1_12 -L axi_protocol_checker_v1_1_13 -L axis_protocol_checker_v1_1_11 -L axis_protocol_checker_v1_1_12 -L xil_defaultlib -L unisims -L unisims_ver -L xpm -L floating_point_v7_0_18 -L floating_point_v7_1_11 --lib ieee_proposed=./ieee_proposed -s complex_concatenate 
Multi-threading is on. Using 4 slave threads.
Determining compilation order of HDL files.
WARNING: [XSIM 43-3431] One or more environment variables have been detected which affect the operation of the C compiler. These are typically not set in standard installations and are not tested by Xilinx, however they may be appropriate for your system, so the flow will attempt to continue.  If errors occur, try running xelab with the "-mt off -v 1" switches to see more information from the C compiler. The following environment variables have been detected:
    LIBRARY_PATH
INFO: [VRFC 10-2263] Analyzing SystemVerilog file "/home/usuario/Escritorio/Tesis/IP_V3/punto_flotante/analytic_signal/complex_concatenate/solution1/sim/vhdl/glbl.v" into library work
INFO: [VRFC 10-311] analyzing module glbl
INFO: [VRFC 10-163] Analyzing VHDL file "/home/usuario/Escritorio/Tesis/IP_V3/punto_flotante/analytic_signal/complex_concatenate/solution1/sim/vhdl/AESL_sim_pkg.vhd" into library xil_defaultlib
INFO: [VRFC 10-163] Analyzing VHDL file "/home/usuario/Escritorio/Tesis/IP_V3/punto_flotante/analytic_signal/complex_concatenate/solution1/sim/vhdl/complex_concatenate.vhd" into library xil_defaultlib
INFO: [VRFC 10-3107] analyzing entity 'complex_concatenate'
INFO: [VRFC 10-163] Analyzing VHDL file "/home/usuario/Escritorio/Tesis/IP_V3/punto_flotante/analytic_signal/complex_concatenate/solution1/sim/vhdl/complex_concatenate.autotb.vhd" into library xil_defaultlib
INFO: [VRFC 10-3107] analyzing entity 'apatb_complex_concatenate_top'
INFO: [VRFC 10-163] Analyzing VHDL file "/home/usuario/Escritorio/Tesis/IP_V3/punto_flotante/analytic_signal/complex_concatenate/solution1/sim/vhdl/AESL_axi_s_out_data_V.vhd" into library xil_defaultlib
INFO: [VRFC 10-3107] analyzing entity 'AESL_axi_s_out_data_V'
INFO: [VRFC 10-163] Analyzing VHDL file "/home/usuario/Escritorio/Tesis/IP_V3/punto_flotante/analytic_signal/complex_concatenate/solution1/sim/vhdl/AESL_axi_s_in_data_V.vhd" into library xil_defaultlib
INFO: [VRFC 10-3107] analyzing entity 'AESL_axi_s_in_data_V'
INFO: [VRFC 10-163] Analyzing VHDL file "/home/usuario/Escritorio/Tesis/IP_V3/punto_flotante/analytic_signal/complex_concatenate/solution1/sim/vhdl/complex_concatenate_regslice_both.vhd" into library xil_defaultlib
INFO: [VRFC 10-3107] analyzing entity 'complex_concatenate_regslice_both'
INFO: [VRFC 10-3107] analyzing entity 'complex_concatenate_regslice_both_w1'
Starting static elaboration
Pass Through NonSizing Optimizer
Completed static elaboration
Starting simulation data flow analysis
Completed simulation data flow analysis
Time Resolution for simulation is 1ps
Compiling package std.standard
Compiling package std.textio
Compiling package ieee.std_logic_1164
Compiling package ieee.std_logic_arith
Compiling package ieee.std_logic_unsigned
Compiling package ieee.numeric_std
Compiling package ieee.std_logic_textio
Compiling module work.glbl
Compiling architecture behav of entity xil_defaultlib.complex_concatenate_regslice_both [complex_concatenate_regslice_bot...]
Compiling architecture behav of entity xil_defaultlib.complex_concatenate_regslice_both [\complex_concatenate_regslice_bo...]
Compiling architecture behav of entity xil_defaultlib.complex_concatenate [complex_concatenate_default]
Compiling architecture behav of entity xil_defaultlib.AESL_axi_s_in_data_V [aesl_axi_s_in_data_v_default]
Compiling architecture behav of entity xil_defaultlib.AESL_axi_s_out_data_V [aesl_axi_s_out_data_v_default]
Compiling architecture behav of entity xil_defaultlib.apatb_complex_concatenate_top
Built simulation snapshot complex_concatenate

****** Webtalk v2020.2 (64-bit)
  **** SW Build 3064766 on Wed Nov 18 09:12:47 MST 2020
  **** IP Build 3064653 on Wed Nov 18 14:17:31 MST 2020
    ** Copyright 1986-2020 Xilinx, Inc. All Rights Reserved.

source /home/usuario/Escritorio/Tesis/IP_V3/punto_flotante/analytic_signal/complex_concatenate/solution1/sim/vhdl/xsim.dir/complex_concatenate/webtalk/xsim_webtalk.tcl -notrace
INFO: [Common 17-206] Exiting Webtalk at Tue May 28 00:01:02 2024...

****** xsim v2020.2 (64-bit)
  **** SW Build 3064766 on Wed Nov 18 09:12:47 MST 2020
  **** IP Build 3064653 on Wed Nov 18 14:17:31 MST 2020
    ** Copyright 1986-2020 Xilinx, Inc. All Rights Reserved.

source xsim.dir/complex_concatenate/xsim_script.tcl
# xsim {complex_concatenate} -autoloadwcfg -tclbatch {complex_concatenate.tcl}
Vivado Simulator 2020.2
Time resolution is 1 ps
source complex_concatenate.tcl
## run all
Note: simulation done!
Time: 10505 ns  Iteration: 1  Process: /apatb_complex_concatenate_top/generate_sim_done_proc  File: /home/usuario/Escritorio/Tesis/IP_V3/punto_flotante/analytic_signal/complex_concatenate/solution1/sim/vhdl/complex_concatenate.autotb.vhd
Failure: NORMAL EXIT (note: failure is to force the simulator to stop)
Time: 10505 ns  Iteration: 1  Process: /apatb_complex_concatenate_top/generate_sim_done_proc  File: /home/usuario/Escritorio/Tesis/IP_V3/punto_flotante/analytic_signal/complex_concatenate/solution1/sim/vhdl/complex_concatenate.autotb.vhd
$finish called at time : 10505 ns
## quit
INFO: [Common 17-206] Exiting xsim at Tue May 28 00:01:23 2024...
 Salida Compleja[0]: (0,0)
 Salida Compleja[1]: (0,0)
 Salida Compleja[2]: (0,0)
 Salida Compleja[3]: (0,0)
 Salida Compleja[4]: (0,0)
 Salida Compleja[5]: (0,0)
 Salida Compleja[6]: (0,0)
 Salida Compleja[7]: (0,0)
 Salida Compleja[8]: (0,0)
 Salida Compleja[9]: (0,0)
 Salida Compleja[10]: (0,0)
 Salida Compleja[11]: (0,0)
 Salida Compleja[12]: (0,0)
 Salida Compleja[13]: (0,0)
 Salida Compleja[14]: (0,0)
 Salida Compleja[15]: (0,0)
 Salida Compleja[16]: (0,0)
 Salida Compleja[17]: (0,0)
 Salida Compleja[18]: (0,0)
 Salida Compleja[19]: (0,0)
 Salida Compleja[20]: (0,0)
 Salida Compleja[21]: (0,0)
 Salida Compleja[22]: (0,0)
 Salida Compleja[23]: (0,0)
 Salida Compleja[24]: (0,0)
 Salida Compleja[25]: (0,0)
 Salida Compleja[26]: (0,0)
 Salida Compleja[27]: (0,0)
 Salida Compleja[28]: (0,0)
 Salida Compleja[29]: (0,0)
 Salida Compleja[30]: (0,0)
 Salida Compleja[31]: (0,0)
 Salida Compleja[32]: (0,0)
 Salida Compleja[33]: (0,0)
 Salida Compleja[34]: (0,0)
 Salida Compleja[35]: (0,0)
 Salida Compleja[36]: (0,0)
 Salida Compleja[37]: (0,0)
 Salida Compleja[38]: (0,0)
 Salida Compleja[39]: (0,0)
 Salida Compleja[40]: (0,0)
 Salida Compleja[41]: (0,0)
 Salida Compleja[42]: (0,0)
 Salida Compleja[43]: (0,0)
 Salida Compleja[44]: (0,0)
 Salida Compleja[45]: (0,0)
 Salida Compleja[46]: (0,0)
 Salida Compleja[47]: (0,0)
 Salida Compleja[48]: (0,0)
 Salida Compleja[49]: (0,0)
 Salida Compleja[50]: (0,0)
 Salida Compleja[51]: (0,0)
 Salida Compleja[52]: (0,0)
 Salida Compleja[53]: (0,0)
 Salida Compleja[54]: (0,0)
 Salida Compleja[55]: (0,0)
 Salida Compleja[56]: (0,0)
 Salida Compleja[57]: (0,0)
 Salida Compleja[58]: (0,0)
 Salida Compleja[59]: (0,0)
 Salida Compleja[60]: (0,0)
 Salida Compleja[61]: (0,0)
 Salida Compleja[62]: (0,0)
 Salida Compleja[63]: (0,0)
 Salida Compleja[64]: (0,0)
 Salida Compleja[65]: (0,0)
 Salida Compleja[66]: (0,0)
 Salida Compleja[67]: (0,0)
 Salida Compleja[68]: (0,0)
 Salida Compleja[69]: (0,0)
 Salida Compleja[70]: (0,0)
 Salida Compleja[71]: (0,0)
 Salida Compleja[72]: (0,0)
 Salida Compleja[73]: (0,0)
 Salida Compleja[74]: (0,0)
 Salida Compleja[75]: (0,0)
 Salida Compleja[76]: (0,0)
 Salida Compleja[77]: (0,0)
 Salida Compleja[78]: (0,0)
 Salida Compleja[79]: (0,0)
 Salida Compleja[80]: (0,0)
 Salida Compleja[81]: (0,0)
 Salida Compleja[82]: (0,0)
 Salida Compleja[83]: (0,0)
 Salida Compleja[84]: (0,0)
 Salida Compleja[85]: (0,0)
 Salida Compleja[86]: (0,0)
 Salida Compleja[87]: (0,0)
 Salida Compleja[88]: (0,0)
 Salida Compleja[89]: (0,0)
 Salida Compleja[90]: (0,0)
 Salida Compleja[91]: (0,0)
 Salida Compleja[92]: (0,0)
 Salida Compleja[93]: (0,0)
 Salida Compleja[94]: (0,0)
 Salida Compleja[95]: (0,0)
 Salida Compleja[96]: (0,0)
 Salida Compleja[97]: (0,0)
 Salida Compleja[98]: (0,0)
 Salida Compleja[99]: (0,0)
 Salida Compleja[100]: (0,0)
 Salida Compleja[101]: (0,0)
 Salida Compleja[102]: (0,0)
 Salida Compleja[103]: (0,0)
 Salida Compleja[104]: (0,0)
 Salida Compleja[105]: (0,0)
 Salida Compleja[106]: (0,0)
 Salida Compleja[107]: (0,0)
 Salida Compleja[108]: (0,0)
 Salida Compleja[109]: (0,0)
 Salida Compleja[110]: (0,0)
 Salida Compleja[111]: (0,0)
 Salida Compleja[112]: (0,0)
 Salida Compleja[113]: (0,0)
 Salida Compleja[114]: (0,0)
 Salida Compleja[115]: (0,0)
 Salida Compleja[116]: (0,0)
 Salida Compleja[117]: (0,0)
 Salida Compleja[118]: (0,0)
 Salida Compleja[119]: (0,0)
 Salida Compleja[120]: (0,0)
 Salida Compleja[121]: (0,0)
 Salida Compleja[122]: (0,0)
 Salida Compleja[123]: (0,0)
 Salida Compleja[124]: (0,0)
 Salida Compleja[125]: (0,0)
 Salida Compleja[126]: (0,0)
 Salida Compleja[127]: (0,0)
 Salida Compleja[128]: (0,0)
 Salida Compleja[129]: (0,0)
 Salida Compleja[130]: (0,0)
 Salida Compleja[131]: (0,0)
 Salida Compleja[132]: (0,0)
 Salida Compleja[133]: (0,0)
 Salida Compleja[134]: (0,0)
 Salida Compleja[135]: (0,0)
 Salida Compleja[136]: (0,0)
 Salida Compleja[137]: (0,0)
 Salida Compleja[138]: (0,0)
 Salida Compleja[139]: (0,0)
 Salida Compleja[140]: (0,0)
 Salida Compleja[141]: (0,0)
 Salida Compleja[142]: (0,0)
 Salida Compleja[143]: (0,0)
 Salida Compleja[144]: (0,0)
 Salida Compleja[145]: (0,0)
 Salida Compleja[146]: (0,0)
 Salida Compleja[147]: (0,0)
 Salida Compleja[148]: (0,0)
 Salida Compleja[149]: (0,0)
 Salida Compleja[150]: (0,0)
 Salida Compleja[151]: (0,0)
 Salida Compleja[152]: (0,0)
 Salida Compleja[153]: (0,0)
 Salida Compleja[154]: (0,0)
 Salida Compleja[155]: (0,0)
 Salida Compleja[156]: (0,0)
 Salida Compleja[157]: (0,0)
 Salida Compleja[158]: (0,0)
 Salida Compleja[159]: (0,0)
 Salida Compleja[160]: (0,0)
 Salida Compleja[161]: (0,0)
 Salida Compleja[162]: (0,0)
 Salida Compleja[163]: (0,0)
 Salida Compleja[164]: (0,0)
 Salida Compleja[165]: (0,0)
 Salida Compleja[166]: (0,0)
 Salida Compleja[167]: (0,0)
 Salida Compleja[168]: (0,0)
 Salida Compleja[169]: (0,0)
 Salida Compleja[170]: (0,0)
 Salida Compleja[171]: (0,0)
 Salida Compleja[172]: (0,0)
 Salida Compleja[173]: (0,0)
 Salida Compleja[174]: (0,0)
 Salida Compleja[175]: (0,0)
 Salida Compleja[176]: (0,0)
 Salida Compleja[177]: (0,0)
 Salida Compleja[178]: (0,0)
 Salida Compleja[179]: (0,0)
 Salida Compleja[180]: (0,0)
 Salida Compleja[181]: (0,0)
 Salida Compleja[182]: (0,0)
 Salida Compleja[183]: (0,0)
 Salida Compleja[184]: (0,0)
 Salida Compleja[185]: (0,0)
 Salida Compleja[186]: (0,0)
 Salida Compleja[187]: (0,0)
 Salida Compleja[188]: (0,0)
 Salida Compleja[189]: (0,0)
 Salida Compleja[190]: (0,0)
 Salida Compleja[191]: (0,0)
 Salida Compleja[192]: (0,0)
 Salida Compleja[193]: (0,0)
 Salida Compleja[194]: (0,0)
 Salida Compleja[195]: (0,0)
 Salida Compleja[196]: (0,0)
 Salida Compleja[197]: (0,0)
 Salida Compleja[198]: (0,0)
 Salida Compleja[199]: (0,0)
 Salida Compleja[200]: (0,0)
 Salida Compleja[201]: (0,0)
 Salida Compleja[202]: (0,0)
 Salida Compleja[203]: (0,0)
 Salida Compleja[204]: (0,0)
 Salida Compleja[205]: (0,0)
 Salida Compleja[206]: (0,0)
 Salida Compleja[207]: (0,0)
 Salida Compleja[208]: (0,0)
 Salida Compleja[209]: (0,0)
 Salida Compleja[210]: (0,0)
 Salida Compleja[211]: (0,0)
 Salida Compleja[212]: (0,0)
 Salida Compleja[213]: (0,0)
 Salida Compleja[214]: (0,0)
 Salida Compleja[215]: (0,0)
 Salida Compleja[216]: (0,0)
 Salida Compleja[217]: (0,0)
 Salida Compleja[218]: (0,0)
 Salida Compleja[219]: (0,0)
 Salida Compleja[220]: (0,0)
 Salida Compleja[221]: (0,0)
 Salida Compleja[222]: (0,0)
 Salida Compleja[223]: (0,0)
 Salida Compleja[224]: (0,0)
 Salida Compleja[225]: (0,0)
 Salida Compleja[226]: (0,0)
 Salida Compleja[227]: (0,0)
 Salida Compleja[228]: (0,0)
 Salida Compleja[229]: (0,0)
 Salida Compleja[230]: (0,0)
 Salida Compleja[231]: (0,0)
 Salida Compleja[232]: (0,0)
 Salida Compleja[233]: (0,0)
 Salida Compleja[234]: (0,0)
 Salida Compleja[235]: (0,0)
 Salida Compleja[236]: (0,0)
 Salida Compleja[237]: (0,0)
 Salida Compleja[238]: (0,0)
 Salida Compleja[239]: (0,0)
 Salida Compleja[240]: (0,0)
 Salida Compleja[241]: (0,0)
 Salida Compleja[242]: (0,0)
 Salida Compleja[243]: (0,0)
 Salida Compleja[244]: (0,0)
 Salida Compleja[245]: (0,0)
 Salida Compleja[246]: (0,0)
 Salida Compleja[247]: (0,0)
 Salida Compleja[248]: (0,0)
 Salida Compleja[249]: (0,0)
 Salida Compleja[250]: (0,0)
 Salida Compleja[251]: (0,0)
 Salida Compleja[252]: (0,0)
 Salida Compleja[253]: (0,0)
 Salida Compleja[254]: (0,0)
 Salida Compleja[255]: (0,0)
Entrada Real[256]: 1.30896 Salida Compleja[256]: (1.49596,0)
Entrada Real[257]: 0.187003 Salida Compleja[257]: (0.374005,0)
Entrada Real[258]: 1.12196 Salida Compleja[258]: (0.561008,0)
Entrada Real[259]: 2.24397 Salida Compleja[259]: (0.187003,0)
Entrada Real[260]: 0.561008 Salida Compleja[260]: (0.187003,0)
Entrada Real[261]: 0 Salida Compleja[261]: (0.561008,0)
Entrada Real[262]: 0.187003 Salida Compleja[262]: (1.86997,0)
Entrada Real[263]: 1.12196 Salida Compleja[263]: (0.374005,0)
Entrada Real[264]: 1.12196 Salida Compleja[264]: (0.187003,0)
Entrada Real[265]: 0.374005 Salida Compleja[265]: (0.374005,0)
Entrada Real[266]: 0.935013 Salida Compleja[266]: (0.935013,0)
Entrada Real[267]: 1.12196 Salida Compleja[267]: (2.05697,0)
Entrada Real[268]: 0 Salida Compleja[268]: (1.68296,0)
Entrada Real[269]: 1.12196 Salida Compleja[269]: (3.55293,0)
Entrada Real[270]: 0.74801 Salida Compleja[270]: (3.55293,0)
Entrada Real[271]: 0.74801 Salida Compleja[271]: (3.17893,0)
Entrada Real[272]: 0.561008 Salida Compleja[272]: (0.935013,0)
Entrada Real[273]: 0.74801 Salida Compleja[273]: (0.374005,0)
Entrada Real[274]: 0.374005 Salida Compleja[274]: (0.74801,0)
Entrada Real[275]: 0 Salida Compleja[275]: (0.374005,0)
Entrada Real[276]: 0.935013 Salida Compleja[276]: (0.187003,0)
Entrada Real[277]: 1.49596 Salida Compleja[277]: (0,0)
Entrada Real[278]: 0.187003 Salida Compleja[278]: (1.86997,0)
Entrada Real[279]: 0.74801 Salida Compleja[279]: (3.36593,0)
Entrada Real[280]: 0.187003 Salida Compleja[280]: (1.49596,0)
Entrada Real[281]: 1.68296 Salida Compleja[281]: (0.187003,0)
Entrada Real[282]: 2.43097 Salida Compleja[282]: (0.374005,0)
Entrada Real[283]: 1.30896 Salida Compleja[283]: (0,0)
Entrada Real[284]: 0.187003 Salida Compleja[284]: (0.561008,0)
Entrada Real[285]: 1.30896 Salida Compleja[285]: (0.374005,0)
Entrada Real[286]: 1.30896 Salida Compleja[286]: (0.187003,0)
Entrada Real[287]: 0.74801 Salida Compleja[287]: (3.17893,0)
Entrada Real[288]: 0.187003 Salida Compleja[288]: (2.43097,0)
Entrada Real[289]: 0.74801 Salida Compleja[289]: (0.935013,0)
Entrada Real[290]: 0.74801 Salida Compleja[290]: (0.935013,0)
Entrada Real[291]: 1.12196 Salida Compleja[291]: (1.30896,0)
Entrada Real[292]: 1.68296 Salida Compleja[292]: (0.561008,0)
Entrada Real[293]: 0.187003 Salida Compleja[293]: (1.30896,0)
Entrada Real[294]: 2.05697 Salida Compleja[294]: (0.935013,0)
Entrada Real[295]: 2.05697 Salida Compleja[295]: (3.55293,0)
Entrada Real[296]: 1.68296 Salida Compleja[296]: (0.374005,0)
Entrada Real[297]: 0.187003 Salida Compleja[297]: (0.561008,0)
Entrada Real[298]: 1.30896 Salida Compleja[298]: (0.374005,0)
Entrada Real[299]: 2.61798 Salida Compleja[299]: (0.374005,0)
Entrada Real[300]: 2.05697 Salida Compleja[300]: (0.561008,0)
Entrada Real[301]: 0.187003 Salida Compleja[301]: (0.935013,0)
Entrada Real[302]: 1.12196 Salida Compleja[302]: (2.24397,0)
Entrada Real[303]: 1.49596 Salida Compleja[303]: (2.80498,0)
Entrada Real[304]: 1.12196 Salida Compleja[304]: (1.68296,0)
Entrada Real[305]: 1.30896 Salida Compleja[305]: (0.935013,0)
Entrada Real[306]: 2.24397 Salida Compleja[306]: (1.49596,0)
Entrada Real[307]: 0.935013 Salida Compleja[307]: (2.05697,0)
Entrada Real[308]: 0.187003 Salida Compleja[308]: (1.12196,0)
Entrada Real[309]: 0.935013 Salida Compleja[309]: (0.561008,0)
Entrada Real[310]: 1.12196 Salida Compleja[310]: (0.935013,0)
Entrada Real[311]: 0.561008 Salida Compleja[311]: (0.187003,0)
Entrada Real[312]: 1.30896 Salida Compleja[312]: (0.374005,0)
Entrada Real[313]: 0.187003 Salida Compleja[313]: (0.187003,0)
Entrada Real[314]: 1.12196 Salida Compleja[314]: (0.187003,0)
Entrada Real[315]: 2.05697 Salida Compleja[315]: (1.68296,0)
Entrada Real[316]: 1.12196 Salida Compleja[316]: (0.187003,0)
Entrada Real[317]: 0.935013 Salida Compleja[317]: (0.187003,0)
Entrada Real[318]: 0.187003 Salida Compleja[318]: (0.561008,0)
Entrada Real[319]: 0.561008 Salida Compleja[319]: (0.561008,0)
Entrada Real[320]: 0.187003 Salida Compleja[320]: (0.187003,0)
Entrada Real[321]: 0.374005 Salida Compleja[321]: (1.49596,0)
Entrada Real[322]: 1.12196 Salida Compleja[322]: (2.24397,0)
Entrada Real[323]: 0.935013 Salida Compleja[323]: (1.12196,0)
Entrada Real[324]: 0.561008 Salida Compleja[324]: (0,0)
Entrada Real[325]: 0.935013 Salida Compleja[325]: (0.561008,0)
Entrada Real[326]: 1.12196 Salida Compleja[326]: (1.12196,0)
Entrada Real[327]: 1.30896 Salida Compleja[327]: (0.187003,0)
Entrada Real[328]: 0.187003 Salida Compleja[328]: (0.374005,0)
Entrada Real[329]: 0.74801 Salida Compleja[329]: (0.374005,0)
Entrada Real[330]: 1.30896 Salida Compleja[330]: (1.12196,0)
Entrada Real[331]: 0.74801 Salida Compleja[331]: (1.12196,0)
Entrada Real[332]: 0.187003 Salida Compleja[332]: (0.935013,0)
Entrada Real[333]: 0.935013 Salida Compleja[333]: (2.43097,0)
Entrada Real[334]: 1.30896 Salida Compleja[334]: (0.187003,0)
Entrada Real[335]: 0.74801 Salida Compleja[335]: (4.11394,0)
Entrada Real[336]: 2.43097 Salida Compleja[336]: (5.4229,0)
Entrada Real[337]: 0.74801 Salida Compleja[337]: (5.6099,0)
Entrada Real[338]: 1.86997 Salida Compleja[338]: (2.61798,0)
Entrada Real[339]: 2.61798 Salida Compleja[339]: (1.12196,0)
Entrada Real[340]: 0.187003 Salida Compleja[340]: (0.935013,0)
Entrada Real[341]: 0 Salida Compleja[341]: (0.935013,0)
Entrada Real[342]: 0.374005 Salida Compleja[342]: (1.49596,0)
Entrada Real[343]: 0 Salida Compleja[343]: (1.86997,0)
Entrada Real[344]: 0.935013 Salida Compleja[344]: (1.30896,0)
Entrada Real[345]: 0 Salida Compleja[345]: (0.374005,0)
Entrada Real[346]: 0.374005 Salida Compleja[346]: (0,0)
Entrada Real[347]: 0.187003 Salida Compleja[347]: (0.187003,0)
Entrada Real[348]: 1.86997 Salida Compleja[348]: (0.187003,0)
Entrada Real[349]: 0.935013 Salida Compleja[349]: (0.187003,0)
Entrada Real[350]: 0.374005 Salida Compleja[350]: (0.561008,0)
Entrada Real[351]: 0.374005 Salida Compleja[351]: (0,0)
Entrada Real[352]: 0.74801 Salida Compleja[352]: (0.74801,0)
Entrada Real[353]: 0.374005 Salida Compleja[353]: (0,0)
Entrada Real[354]: 0.561008 Salida Compleja[354]: (0.374005,0)
Entrada Real[355]: 0.187003 Salida Compleja[355]: (1.12196,0)
Entrada Real[356]: 0.74801 Salida Compleja[356]: (0,0)
Entrada Real[357]: 0.74801 Salida Compleja[357]: (1.30896,0)
Entrada Real[358]: 0 Salida Compleja[358]: (0.561008,0)
Entrada Real[359]: 2.05697 Salida Compleja[359]: (1.86997,0)
Entrada Real[360]: 3.36593 Salida Compleja[360]: (0.935013,0)
Entrada Real[361]: 2.43097 Salida Compleja[361]: (0.74801,0)
Entrada Real[362]: 2.05697 Salida Compleja[362]: (0.935013,0)
Entrada Real[363]: 2.24397 Salida Compleja[363]: (0.74801,0)
Entrada Real[364]: 1.49596 Salida Compleja[364]: (0.561008,0)
Entrada Real[365]: 0.935013 Salida Compleja[365]: (0.561008,0)
Entrada Real[366]: 0.935013 Salida Compleja[366]: (0.187003,0)
Entrada Real[367]: 1.68296 Salida Compleja[367]: (0.561008,0)
Entrada Real[368]: 0.374005 Salida Compleja[368]: (0.374005,0)
Entrada Real[369]: 0.74801 Salida Compleja[369]: (0.561008,0)
Entrada Real[370]: 0.374005 Salida Compleja[370]: (0.561008,0)
Entrada Real[371]: 0 Salida Compleja[371]: (0.187003,0)
Entrada Real[372]: 0 Salida Compleja[372]: (1.68296,0)
Entrada Real[373]: 0.74801 Salida Compleja[373]: (1.12196,0)
Entrada Real[374]: 1.30896 Salida Compleja[374]: (0.187003,0)
Entrada Real[375]: 1.68296 Salida Compleja[375]: (1.12196,0)
Entrada Real[376]: 2.43097 Salida Compleja[376]: (1.12196,0)
Entrada Real[377]: 1.30896 Salida Compleja[377]: (0.74801,0)
Entrada Real[378]: 0.187003 Salida Compleja[378]: (0.561008,0)
Entrada Real[379]: 1.49596 Salida Compleja[379]: (0,0)
Entrada Real[380]: 1.30896 Salida Compleja[380]: (0.561008,0)
Entrada Real[381]: 0.935013 Salida Compleja[381]: (0.187003,0)
Entrada Real[382]: 0 Salida Compleja[382]: (1.68296,0)
Entrada Real[383]: 0.187003 Salida Compleja[383]: (2.80498,0)
Entrada Real[384]: 0 Salida Compleja[384]: (0.935013,0)
Entrada Real[385]: 0.74801 Salida Compleja[385]: (0.187003,0)
Entrada Real[386]: 2.24397 Salida Compleja[386]: (1.30896,0)
Entrada Real[387]: 2.80498 Salida Compleja[387]: (0.374005,0)
Entrada Real[388]: 2.24397 Salida Compleja[388]: (0.561008,0)
Entrada Real[389]: 1.12196 Salida Compleja[389]: (1.12196,0)
Entrada Real[390]: 1.49596 Salida Compleja[390]: (0.74801,0)
Entrada Real[391]: 1.68296 Salida Compleja[391]: (0.374005,0)
Entrada Real[392]: 0.561008 Salida Compleja[392]: (1.30896,0)
Entrada Real[393]: 0.74801 Salida Compleja[393]: (1.68296,0)
Entrada Real[394]: 1.68296 Salida Compleja[394]: (0,0)
Entrada Real[395]: 0 Salida Compleja[395]: (0.187003,0)
Entrada Real[396]: 1.12196 Salida Compleja[396]: (0.935013,0)
Entrada Real[397]: 0.561008 Salida Compleja[397]: (1.12196,0)
Entrada Real[398]: 0 Salida Compleja[398]: (0.374005,0)
Entrada Real[399]: 0.561008 Salida Compleja[399]: (0.561008,0)
Entrada Real[400]: 0.187003 Salida Compleja[400]: (1.30896,0)
Entrada Real[401]: 0.187003 Salida Compleja[401]: (2.24397,0)
Entrada Real[402]: 0 Salida Compleja[402]: (0.374005,0)
Entrada Real[403]: 2.05697 Salida Compleja[403]: (0.935013,0)
Entrada Real[404]: 1.49596 Salida Compleja[404]: (0.374005,0)
Entrada Real[405]: 1.30896 Salida Compleja[405]: (0.74801,0)
Entrada Real[406]: 2.24397 Salida Compleja[406]: (0.187003,0)
Entrada Real[407]: 0.374005 Salida Compleja[407]: (2.05697,0)
Entrada Real[408]: 0 Salida Compleja[408]: (0.561008,0)
Entrada Real[409]: 0 Salida Compleja[409]: (0.74801,0)
Entrada Real[410]: 1.30896 Salida Compleja[410]: (0.935013,0)
Entrada Real[411]: 1.49596 Salida Compleja[411]: (1.12196,0)
Entrada Real[412]: 0.187003 Salida Compleja[412]: (0.561008,0)
Entrada Real[413]: 1.12196 Salida Compleja[413]: (0.187003,0)
Entrada Real[414]: 0.561008 Salida Compleja[414]: (0.187003,0)
Entrada Real[415]: 0.374005 Salida Compleja[415]: (0.187003,0)
Entrada Real[416]: 1.12196 Salida Compleja[416]: (0.74801,0)
Entrada Real[417]: 0 Salida Compleja[417]: (1.68296,0)
Entrada Real[418]: 0.935013 Salida Compleja[418]: (0.561008,0)
Entrada Real[419]: 0.187003 Salida Compleja[419]: (0.374005,0)
Entrada Real[420]: 0.561008 Salida Compleja[420]: (0.935013,0)
Entrada Real[421]: 0.187003 Salida Compleja[421]: (0.561008,0)
Entrada Real[422]: 0.374005 Salida Compleja[422]: (0.74801,0)
Entrada Real[423]: 1.30896 Salida Compleja[423]: (1.86997,0)
Entrada Real[424]: 1.49596 Salida Compleja[424]: (0.74801,0)
Entrada Real[425]: 2.05697 Salida Compleja[425]: (0.187003,0)
Entrada Real[426]: 2.80498 Salida Compleja[426]: (0.187003,0)
Entrada Real[427]: 2.24397 Salida Compleja[427]: (0,0)
Entrada Real[428]: 0 Salida Compleja[428]: (0.561008,0)
Entrada Real[429]: 1.49596 Salida Compleja[429]: (0.187003,0)
Entrada Real[430]: 1.68296 Salida Compleja[430]: (0.935013,0)
Entrada Real[431]: 0 Salida Compleja[431]: (0.561008,0)
Entrada Real[432]: 0.561008 Salida Compleja[432]: (0,0)
Entrada Real[433]: 1.68296 Salida Compleja[433]: (0.187003,0)
Entrada Real[434]: 2.24397 Salida Compleja[434]: (0.187003,0)
Entrada Real[435]: 2.05697 Salida Compleja[435]: (2.80498,0)
Entrada Real[436]: 1.30896 Salida Compleja[436]: (2.80498,0)
Entrada Real[437]: 1.12196 Salida Compleja[437]: (0.74801,0)
Entrada Real[438]: 0.561008 Salida Compleja[438]: (0.374005,0)
Entrada Real[439]: 1.30896 Salida Compleja[439]: (1.49596,0)
Entrada Real[440]: 1.30896 Salida Compleja[440]: (1.86997,0)
Entrada Real[441]: 1.12196 Salida Compleja[441]: (1.30896,0)
Entrada Real[442]: 0.935013 Salida Compleja[442]: (0.74801,0)
Entrada Real[443]: 2.61798 Salida Compleja[443]: (1.49596,0)
Entrada Real[444]: 1.30896 Salida Compleja[444]: (0,0)
Entrada Real[445]: 1.68296 Salida Compleja[445]: (1.68296,0)
Entrada Real[446]: 0 Salida Compleja[446]: (2.43097,0)
Entrada Real[447]: 1.86997 Salida Compleja[447]: (2.43097,0)
Entrada Real[448]: 1.30896 Salida Compleja[448]: (0.187003,0)
Entrada Real[449]: 2.05697 Salida Compleja[449]: (1.12196,0)
Entrada Real[450]: 0.187003 Salida Compleja[450]: (0.561008,0)
Entrada Real[451]: 0.561008 Salida Compleja[451]: (0.374005,0)
Entrada Real[452]: 0.374005 Salida Compleja[452]: (0.935013,0)
Entrada Real[453]: 0.935013 Salida Compleja[453]: (1.12196,0)
Entrada Real[454]: 1.30896 Salida Compleja[454]: (0.187003,0)
Entrada Real[455]: 0.74801 Salida Compleja[455]: (0.187003,0)
Entrada Real[456]: 0.374005 Salida Compleja[456]: (0.187003,0)
Entrada Real[457]: 0.374005 Salida Compleja[457]: (0.561008,0)
Entrada Real[458]: 0.374005 Salida Compleja[458]: (1.12196,0)
Entrada Real[459]: 1.30896 Salida Compleja[459]: (1.68296,0)
Entrada Real[460]: 0.74801 Salida Compleja[460]: (0.74801,0)
Entrada Real[461]: 0.561008 Salida Compleja[461]: (2.05697,0)
Entrada Real[462]: 1.49596 Salida Compleja[462]: (1.49596,0)
Entrada Real[463]: 0.74801 Salida Compleja[463]: (0.187003,0)
Entrada Real[464]: 0.187003 Salida Compleja[464]: (2.80498,0)
Entrada Real[465]: 0.187003 Salida Compleja[465]: (2.24397,0)
Entrada Real[466]: 2.24397 Salida Compleja[466]: (1.12196,0)
Entrada Real[467]: 2.05697 Salida Compleja[467]: (0,0)
Entrada Real[468]: 0.561008 Salida Compleja[468]: (1.30896,0)
Entrada Real[469]: 1.49596 Salida Compleja[469]: (0.561008,0)
Entrada Real[470]: 2.43097 Salida Compleja[470]: (0.74801,0)
Entrada Real[471]: 1.68296 Salida Compleja[471]: (0.187003,0)
Entrada Real[472]: 1.30896 Salida Compleja[472]: (0.74801,0)
Entrada Real[473]: 1.68296 Salida Compleja[473]: (2.43097,0)
Entrada Real[474]: 2.24397 Salida Compleja[474]: (1.30896,0)
Entrada Real[475]: 0 Salida Compleja[475]: (0,0)
Entrada Real[476]: 0.374005 Salida Compleja[476]: (1.49596,0)
Entrada Real[477]: 2.24397 Salida Compleja[477]: (2.24397,0)
Entrada Real[478]: 1.49596 Salida Compleja[478]: (1.49596,0)
Entrada Real[479]: 0.74801 Salida Compleja[479]: (1.86997,0)
Entrada Real[480]: 1.30896 Salida Compleja[480]: (2.43097,0)
Entrada Real[481]: 0 Salida Compleja[481]: (1.68296,0)
Entrada Real[482]: 1.12196 Salida Compleja[482]: (0.74801,0)
Entrada Real[483]: 0.561008 Salida Compleja[483]: (0.74801,0)
Entrada Real[484]: 0.187003 Salida Compleja[484]: (3.55293,0)
Entrada Real[485]: 1.12196 Salida Compleja[485]: (2.61798,0)
Entrada Real[486]: 0.187003 Salida Compleja[486]: (1.68296,0)
Entrada Real[487]: 0.74801 Salida Compleja[487]: (1.12196,0)
Entrada Real[488]: 0.935013 Salida Compleja[488]: (0.74801,0)
Entrada Real[489]: 1.68296 Salida Compleja[489]: (0.187003,0)
Entrada Real[490]: 0.74801 Salida Compleja[490]: (0.374005,0)
Entrada Real[491]: 2.80498 Salida Compleja[491]: (0.187003,0)
Entrada Real[492]: 2.05697 Salida Compleja[492]: (1.49596,0)
Entrada Real[493]: 0.74801 Salida Compleja[493]: (2.05697,0)
Entrada Real[494]: 0.74801 Salida Compleja[494]: (0.374005,0)
Entrada Real[495]: 0.561008 Salida Compleja[495]: (0.74801,0)
Entrada Real[496]: 0.374005 Salida Compleja[496]: (1.30896,0)
Entrada Real[497]: 0.74801 Salida Compleja[497]: (0,0)
Entrada Real[498]: 0.187003 Salida Compleja[498]: (0.561008,0)
Entrada Real[499]: 1.49596 Salida Compleja[499]: (2.24397,0)
Entrada Real[500]: 1.68296 Salida Compleja[500]: (0.935013,0)
Entrada Real[501]: 1.30896 Salida Compleja[501]: (0.74801,0)
Entrada Real[502]: 0.187003 Salida Compleja[502]: (0.561008,0)
Entrada Real[503]: 0.374005 Salida Compleja[503]: (2.43097,0)
Entrada Real[504]: 0.187003 Salida Compleja[504]: (0.74801,0)
Entrada Real[505]: 1.30896 Salida Compleja[505]: (0,0)
Entrada Real[506]: 2.80498 Salida Compleja[506]: (0.561008,0)
Entrada Real[507]: 1.49596 Salida Compleja[507]: (0.561008,0)
Entrada Real[508]: 0.374005 Salida Compleja[508]: (1.49596,0)
Entrada Real[509]: 0.187003 Salida Compleja[509]: (0.561008,0)
Entrada Real[510]: 1.12196 Salida Compleja[510]: (0,0)
Entrada Real[511]: 0.561008 Salida Compleja[511]: (0.74801,0)
Entrada Real[512]: 0 Salida Compleja[512]: (1.30896,0)
Entrada Real[513]: 0 Salida Compleja[513]: (0.187003,0)
Entrada Real[514]: 7.42688e-44 Salida Compleja[514]: (1.12196,0)
Entrada Real[515]: 0 Salida Compleja[515]: (2.24397,0)
Entrada Real[516]: 2.24397 Salida Compleja[516]: (0.561008,0)
Entrada Real[517]: 0 Salida Compleja[517]: (0,0)
Entrada Real[518]: 1.01306e-38 Salida Compleja[518]: (0.187003,0)
Entrada Real[519]: 0 Salida Compleja[519]: (1.12196,0)
Entrada Real[520]: 1.4013e-45 Salida Compleja[520]: (1.12196,0)
Entrada Real[521]: 0 Salida Compleja[521]: (0.374005,0)
Entrada Real[522]: 2.5942e-38 Salida Compleja[522]: (0.935013,0)
Entrada Real[523]: 0 Salida Compleja[523]: (1.12196,0)
Entrada Real[524]: 2.59404e-38 Salida Compleja[524]: (0,0)
Entrada Real[525]: 0 Salida Compleja[525]: (1.12196,0)
Entrada Real[526]: 2.59388e-38 Salida Compleja[526]: (0.74801,0)
Entrada Real[527]: 0 Salida Compleja[527]: (0.74801,0)
Entrada Real[528]: 6.91719e-39 Salida Compleja[528]: (0.561008,0)
Entrada Real[529]: 7.41287e-43 Salida Compleja[529]: (0.74801,0)
Entrada Real[530]: 1.43493e-42 Salida Compleja[530]: (0.374005,0)
Entrada Real[531]: 7.17465e-43 Salida Compleja[531]: (0,0)
Entrada Real[532]: 0 Salida Compleja[532]: (0.935013,0)
Entrada Real[533]: 0 Salida Compleja[533]: (1.49596,0)
Entrada Real[534]: 5.91269e-39 Salida Compleja[534]: (0.187003,0)
Entrada Real[535]: 0 Salida Compleja[535]: (0.74801,0)
Entrada Real[536]: 6.91719e-39 Salida Compleja[536]: (0.187003,0)
Entrada Real[537]: 0 Salida Compleja[537]: (1.68296,0)
Entrada Real[538]: 5.50253e+06 Salida Compleja[538]: (2.43097,0)
Entrada Real[539]: 4.55674e-41 Salida Compleja[539]: (1.30896,0)
Entrada Real[540]: 1.54615e+07 Salida Compleja[540]: (0.187003,0)
Entrada Real[541]: 4.55674e-41 Salida Compleja[541]: (1.30896,0)
Entrada Real[542]: 9.13172e+37 Salida Compleja[542]: (1.30896,0)
Entrada Real[543]: 4.59135e-41 Salida Compleja[543]: (0.74801,0)
Entrada Real[544]: 1.4013e-45 Salida Compleja[544]: (0.187003,0)
Entrada Real[545]: 1.4013e-45 Salida Compleja[545]: (0.74801,0)
Entrada Real[546]: 5.99718e-39 Salida Compleja[546]: (0.74801,0)
Entrada Real[547]: 0 Salida Compleja[547]: (1.12196,0)
Entrada Real[548]: 0 Salida Compleja[548]: (1.68296,0)
Entrada Real[549]: 0 Salida Compleja[549]: (0.187003,0)
Entrada Real[550]: -5.60958e+35 Salida Compleja[550]: (2.05697,0)
Entrada Real[551]: -7.67067e-14 Salida Compleja[551]: (2.05697,0)
Entrada Real[552]: 5.91269e-39 Salida Compleja[552]: (1.68296,0)
Entrada Real[553]: 0 Salida Compleja[553]: (0.187003,0)
Entrada Real[554]: 9.13171e+37 Salida Compleja[554]: (1.30896,0)
Entrada Real[555]: 4.59135e-41 Salida Compleja[555]: (2.61798,0)
Entrada Real[556]: 0 Salida Compleja[556]: (2.05697,0)
Entrada Real[557]: 0 Salida Compleja[557]: (0.187003,0)
Entrada Real[558]: 0 Salida Compleja[558]: (1.12196,0)
Entrada Real[559]: 0 Salida Compleja[559]: (1.49596,0)
Entrada Real[560]: -2.5049e-26 Salida Compleja[560]: (1.12196,0)
Entrada Real[561]: 5.89011e+13 Salida Compleja[561]: (1.30896,0)
Entrada Real[562]: -2.52164e-35 Salida Compleja[562]: (2.24397,0)
Entrada Real[563]: 3.52254e+14 Salida Compleja[563]: (0.935013,0)
Entrada Real[564]: 0 Salida Compleja[564]: (0.187003,0)
Entrada Real[565]: 0 Salida Compleja[565]: (0.935013,0)
Entrada Real[566]: 0 Salida Compleja[566]: (1.12196,0)
Entrada Real[567]: 0 Salida Compleja[567]: (0.561008,0)
Entrada Real[568]: 0 Salida Compleja[568]: (1.30896,0)
Entrada Real[569]: 0 Salida Compleja[569]: (0.187003,0)
Entrada Real[570]: 2.51212e+07 Salida Compleja[570]: (1.12196,0)
Entrada Real[571]: 4.55674e-41 Salida Compleja[571]: (2.05697,0)
Entrada Real[572]: 1.97149e+07 Salida Compleja[572]: (1.12196,0)
Entrada Real[573]: 4.55674e-41 Salida Compleja[573]: (0.935013,0)
Entrada Real[574]: 2.49424e+07 Salida Compleja[574]: (0.187003,0)
Entrada Real[575]: 4.55674e-41 Salida Compleja[575]: (0.561008,0)
Entrada Real[576]: 0 Salida Compleja[576]: (0.187003,0)
Entrada Real[577]: 0 Salida Compleja[577]: (0.374005,0)
Entrada Real[578]: 0 Salida Compleja[578]: (1.12196,0)
Entrada Real[579]: 0 Salida Compleja[579]: (0.935013,0)
Entrada Real[580]: 0 Salida Compleja[580]: (0.561008,0)
Entrada Real[581]: 0 Salida Compleja[581]: (0.935013,0)
Entrada Real[582]: 5.91269e-39 Salida Compleja[582]: (1.12196,0)
Entrada Real[583]: 0 Salida Compleja[583]: (1.30896,0)
Entrada Real[584]: 9.13171e+37 Salida Compleja[584]: (0.187003,0)
Entrada Real[585]: 4.59135e-41 Salida Compleja[585]: (0.74801,0)
Entrada Real[586]: 5.91275e-39 Salida Compleja[586]: (1.30896,0)
Entrada Real[587]: 0 Salida Compleja[587]: (0.74801,0)
Entrada Real[588]: 9.1317e+37 Salida Compleja[588]: (0.187003,0)
Entrada Real[589]: 4.59135e-41 Salida Compleja[589]: (0.935013,0)
Entrada Real[590]: 3.92364e-44 Salida Compleja[590]: (1.30896,0)
Entrada Real[591]: 0 Salida Compleja[591]: (0.74801,0)
Entrada Real[592]: 1.4013e-45 Salida Compleja[592]: (2.43097,0)
Entrada Real[593]: 0 Salida Compleja[593]: (0.74801,0)
Entrada Real[594]: 9.14097e+37 Salida Compleja[594]: (1.86997,0)
Entrada Real[595]: 4.59135e-41 Salida Compleja[595]: (2.61798,0)
Entrada Real[596]: 0 Salida Compleja[596]: (0.187003,0)
Entrada Real[597]: 0 Salida Compleja[597]: (0,0)
Entrada Real[598]: 9.14098e+37 Salida Compleja[598]: (0.374005,0)
Entrada Real[599]: 4.59135e-41 Salida Compleja[599]: (0,0)
Entrada Real[600]: 9.141e+37 Salida Compleja[600]: (0.935013,0)
Entrada Real[601]: 4.59135e-41 Salida Compleja[601]: (0,0)
Entrada Real[602]: 9.14102e+37 Salida Compleja[602]: (0.374005,0)
Entrada Real[603]: 4.59135e-41 Salida Compleja[603]: (0.187003,0)
Entrada Real[604]: 9.14109e+37 Salida Compleja[604]: (1.86997,0)
Entrada Real[605]: 4.59135e-41 Salida Compleja[605]: (0.935013,0)
Entrada Real[606]: 9.1431e+37 Salida Compleja[606]: (0.374005,0)
Entrada Real[607]: 4.59135e-41 Salida Compleja[607]: (0.374005,0)
Entrada Real[608]: 9.14464e+37 Salida Compleja[608]: (0.74801,0)
Entrada Real[609]: 4.59135e-41 Salida Compleja[609]: (0.374005,0)
Entrada Real[610]: 9.14468e+37 Salida Compleja[610]: (0.561008,0)
Entrada Real[611]: 4.59135e-41 Salida Compleja[611]: (0.187003,0)
Entrada Real[612]: 9.14471e+37 Salida Compleja[612]: (0.74801,0)
Entrada Real[613]: 4.59135e-41 Salida Compleja[613]: (0.74801,0)
Entrada Real[614]: 9.14472e+37 Salida Compleja[614]: (0,0)
Entrada Real[615]: 4.59135e-41 Salida Compleja[615]: (2.05697,0)
Entrada Real[616]: 9.14475e+37 Salida Compleja[616]: (3.36593,0)
Entrada Real[617]: 4.59135e-41 Salida Compleja[617]: (2.43097,0)
Entrada Real[618]: 9.14476e+37 Salida Compleja[618]: (2.05697,0)
Entrada Real[619]: 4.59135e-41 Salida Compleja[619]: (2.24397,0)
Entrada Real[620]: 9.14482e+37 Salida Compleja[620]: (1.49596,0)
Entrada Real[621]: 4.59135e-41 Salida Compleja[621]: (0.935013,0)
Entrada Real[622]: 9.14483e+37 Salida Compleja[622]: (0.935013,0)
Entrada Real[623]: 4.59135e-41 Salida Compleja[623]: (1.68296,0)
Entrada Real[624]: 9.14485e+37 Salida Compleja[624]: (0.374005,0)
Entrada Real[625]: 4.59135e-41 Salida Compleja[625]: (0.74801,0)
Entrada Real[626]: 9.14487e+37 Salida Compleja[626]: (0.374005,0)
Entrada Real[627]: 4.59135e-41 Salida Compleja[627]: (0,0)
Entrada Real[628]: 9.14491e+37 Salida Compleja[628]: (0,0)
Entrada Real[629]: 4.59135e-41 Salida Compleja[629]: (0.74801,0)
Entrada Real[630]: 9.14493e+37 Salida Compleja[630]: (1.30896,0)
Entrada Real[631]: 4.59135e-41 Salida Compleja[631]: (1.68296,0)
Entrada Real[632]: 9.14496e+37 Salida Compleja[632]: (2.43097,0)
Entrada Real[633]: 4.59135e-41 Salida Compleja[633]: (1.30896,0)
Entrada Real[634]: 9.14498e+37 Salida Compleja[634]: (0.187003,0)
Entrada Real[635]: 4.59135e-41 Salida Compleja[635]: (1.49596,0)
Entrada Real[636]: 9.14505e+37 Salida Compleja[636]: (1.30896,0)
Entrada Real[637]: 4.59135e-41 Salida Compleja[637]: (0.935013,0)
Entrada Real[638]: 9.14507e+37 Salida Compleja[638]: (0,0)
Entrada Real[639]: 4.59135e-41 Salida Compleja[639]: (0.187003,0)
Entrada Real[640]: 9.14513e+37 Salida Compleja[640]: (0,0)
Entrada Real[641]: 4.59135e-41 Salida Compleja[641]: (0.74801,0)
Entrada Real[642]: 9.14514e+37 Salida Compleja[642]: (2.24397,0)
Entrada Real[643]: 4.59135e-41 Salida Compleja[643]: (2.80498,0)
Entrada Real[644]: 9.14519e+37 Salida Compleja[644]: (2.24397,0)
Entrada Real[645]: 4.59135e-41 Salida Compleja[645]: (1.12196,0)
Entrada Real[646]: 9.14523e+37 Salida Compleja[646]: (1.49596,0)
Entrada Real[647]: 4.59135e-41 Salida Compleja[647]: (1.68296,0)
Entrada Real[648]: 9.14526e+37 Salida Compleja[648]: (0.561008,0)
Entrada Real[649]: 4.59135e-41 Salida Compleja[649]: (0.74801,0)
Entrada Real[650]: 9.14531e+37 Salida Compleja[650]: (1.68296,0)
Entrada Real[651]: 4.59135e-41 Salida Compleja[651]: (0,0)
Entrada Real[652]: 9.14533e+37 Salida Compleja[652]: (1.12196,0)
Entrada Real[653]: 4.59135e-41 Salida Compleja[653]: (0.561008,0)
Entrada Real[654]: 9.14534e+37 Salida Compleja[654]: (0,0)
Entrada Real[655]: 4.59135e-41 Salida Compleja[655]: (0.561008,0)
Entrada Real[656]: 9.14536e+37 Salida Compleja[656]: (0.187003,0)
Entrada Real[657]: 4.59135e-41 Salida Compleja[657]: (0.187003,0)
Entrada Real[658]: 9.14541e+37 Salida Compleja[658]: (0,0)
Entrada Real[659]: 4.59135e-41 Salida Compleja[659]: (2.05697,0)
Entrada Real[660]: 9.14544e+37 Salida Compleja[660]: (1.49596,0)
Entrada Real[661]: 4.59135e-41 Salida Compleja[661]: (1.30896,0)
Entrada Real[662]: 9.14546e+37 Salida Compleja[662]: (2.24397,0)
Entrada Real[663]: 4.59135e-41 Salida Compleja[663]: (0.374005,0)
Entrada Real[664]: 9.14549e+37 Salida Compleja[664]: (0,0)
Entrada Real[665]: 4.59135e-41 Salida Compleja[665]: (0,0)
Entrada Real[666]: 9.14552e+37 Salida Compleja[666]: (1.30896,0)
Entrada Real[667]: 4.59135e-41 Salida Compleja[667]: (1.49596,0)
Entrada Real[668]: 9.14556e+37 Salida Compleja[668]: (0.187003,0)
Entrada Real[669]: 4.59135e-41 Salida Compleja[669]: (1.12196,0)
Entrada Real[670]: 9.14563e+37 Salida Compleja[670]: (0.561008,0)
Entrada Real[671]: 4.59135e-41 Salida Compleja[671]: (0.374005,0)
Entrada Real[672]: 9.14572e+37 Salida Compleja[672]: (1.12196,0)
Entrada Real[673]: 4.59135e-41 Salida Compleja[673]: (0,0)
Entrada Real[674]: 9.14574e+37 Salida Compleja[674]: (0.935013,0)
Entrada Real[675]: 4.59135e-41 Salida Compleja[675]: (0.187003,0)
Entrada Real[676]: 9.14576e+37 Salida Compleja[676]: (0.561008,0)
Entrada Real[677]: 4.59135e-41 Salida Compleja[677]: (0.187003,0)
Entrada Real[678]: 9.14583e+37 Salida Compleja[678]: (0.374005,0)
Entrada Real[679]: 4.59135e-41 Salida Compleja[679]: (1.30896,0)
Entrada Real[680]: 9.14587e+37 Salida Compleja[680]: (1.49596,0)
Entrada Real[681]: 4.59135e-41 Salida Compleja[681]: (2.05697,0)
Entrada Real[682]: 9.14589e+37 Salida Compleja[682]: (2.80498,0)
Entrada Real[683]: 4.59135e-41 Salida Compleja[683]: (2.24397,0)
Entrada Real[684]: 9.14592e+37 Salida Compleja[684]: (0,0)
Entrada Real[685]: 4.59135e-41 Salida Compleja[685]: (1.49596,0)
Entrada Real[686]: 9.14593e+37 Salida Compleja[686]: (1.68296,0)
Entrada Real[687]: 4.59135e-41 Salida Compleja[687]: (0,0)
Entrada Real[688]: 9.14595e+37 Salida Compleja[688]: (0.561008,0)
Entrada Real[689]: 4.59135e-41 Salida Compleja[689]: (1.68296,0)
Entrada Real[690]: 9.14601e+37 Salida Compleja[690]: (2.24397,0)
Entrada Real[691]: 4.59135e-41 Salida Compleja[691]: (2.05697,0)
Entrada Real[692]: 9.14603e+37 Salida Compleja[692]: (1.30896,0)
Entrada Real[693]: 4.59135e-41 Salida Compleja[693]: (1.12196,0)
Entrada Real[694]: 9.14606e+37 Salida Compleja[694]: (0.561008,0)
Entrada Real[695]: 4.59135e-41 Salida Compleja[695]: (1.30896,0)
Entrada Real[696]: 9.1461e+37 Salida Compleja[696]: (1.30896,0)
Entrada Real[697]: 4.59135e-41 Salida Compleja[697]: (1.12196,0)
Entrada Real[698]: 9.14619e+37 Salida Compleja[698]: (0.935013,0)
Entrada Real[699]: 4.59135e-41 Salida Compleja[699]: (2.61798,0)
Entrada Real[700]: 9.14624e+37 Salida Compleja[700]: (1.30896,0)
Entrada Real[701]: 4.59135e-41 Salida Compleja[701]: (1.68296,0)
Entrada Real[702]: 9.14625e+37 Salida Compleja[702]: (0,0)
Entrada Real[703]: 4.59135e-41 Salida Compleja[703]: (1.86997,0)
Entrada Real[704]: 9.14631e+37 Salida Compleja[704]: (1.30896,0)
Entrada Real[705]: 4.59135e-41 Salida Compleja[705]: (2.05697,0)
Entrada Real[706]: 9.14633e+37 Salida Compleja[706]: (0.187003,0)
Entrada Real[707]: 4.59135e-41 Salida Compleja[707]: (0.561008,0)
Entrada Real[708]: 9.14636e+37 Salida Compleja[708]: (0.374005,0)
Entrada Real[709]: 4.59135e-41 Salida Compleja[709]: (0.935013,0)
Entrada Real[710]: 9.14638e+37 Salida Compleja[710]: (1.30896,0)
Entrada Real[711]: 4.59135e-41 Salida Compleja[711]: (0.74801,0)
Entrada Real[712]: 9.14642e+37 Salida Compleja[712]: (0.374005,0)
Entrada Real[713]: 4.59135e-41 Salida Compleja[713]: (0.374005,0)
Entrada Real[714]: 9.14649e+37 Salida Compleja[714]: (0.374005,0)
Entrada Real[715]: 4.59135e-41 Salida Compleja[715]: (1.30896,0)
Entrada Real[716]: 9.14727e+37 Salida Compleja[716]: (0.74801,0)
Entrada Real[717]: 4.59135e-41 Salida Compleja[717]: (0.561008,0)
Entrada Real[718]: 9.14735e+37 Salida Compleja[718]: (1.49596,0)
Entrada Real[719]: 4.59135e-41 Salida Compleja[719]: (0.74801,0)
Entrada Real[720]: 9.14741e+37 Salida Compleja[720]: (0.187003,0)
Entrada Real[721]: 4.59135e-41 Salida Compleja[721]: (0.187003,0)
Entrada Real[722]: 9.14743e+37 Salida Compleja[722]: (2.24397,0)
Entrada Real[723]: 4.59135e-41 Salida Compleja[723]: (2.05697,0)
Entrada Real[724]: 9.14746e+37 Salida Compleja[724]: (0.561008,0)
Entrada Real[725]: 4.59135e-41 Salida Compleja[725]: (1.49596,0)
Entrada Real[726]: 9.1475e+37 Salida Compleja[726]: (2.43097,0)
Entrada Real[727]: 4.59135e-41 Salida Compleja[727]: (1.68296,0)
Entrada Real[728]: 9.14751e+37 Salida Compleja[728]: (1.30896,0)
Entrada Real[729]: 4.59135e-41 Salida Compleja[729]: (1.68296,0)
Entrada Real[730]: 9.14753e+37 Salida Compleja[730]: (2.24397,0)
Entrada Real[731]: 4.59135e-41 Salida Compleja[731]: (0,0)
Entrada Real[732]: 9.14755e+37 Salida Compleja[732]: (0.374005,0)
Entrada Real[733]: 4.59135e-41 Salida Compleja[733]: (2.24397,0)
Entrada Real[734]: 9.14756e+37 Salida Compleja[734]: (1.49596,0)
Entrada Real[735]: 4.59135e-41 Salida Compleja[735]: (0.74801,0)
Entrada Real[736]: 9.14763e+37 Salida Compleja[736]: (1.30896,0)
Entrada Real[737]: 4.59135e-41 Salida Compleja[737]: (0,0)
Entrada Real[738]: 9.14768e+37 Salida Compleja[738]: (1.12196,0)
Entrada Real[739]: 4.59135e-41 Salida Compleja[739]: (0.561008,0)
Entrada Real[740]: 9.1477e+37 Salida Compleja[740]: (0.187003,0)
Entrada Real[741]: 4.59135e-41 Salida Compleja[741]: (1.12196,0)
Entrada Real[742]: 9.14772e+37 Salida Compleja[742]: (0.187003,0)
Entrada Real[743]: 4.59135e-41 Salida Compleja[743]: (0.74801,0)
Entrada Real[744]: 9.14773e+37 Salida Compleja[744]: (0.935013,0)
Entrada Real[745]: 4.59135e-41 Salida Compleja[745]: (1.68296,0)
Entrada Real[746]: 9.14775e+37 Salida Compleja[746]: (0.74801,0)
Entrada Real[747]: 4.59135e-41 Salida Compleja[747]: (2.80498,0)
Entrada Real[748]: 9.14779e+37 Salida Compleja[748]: (2.05697,0)
Entrada Real[749]: 4.59135e-41 Salida Compleja[749]: (0.74801,0)
Entrada Real[750]: 9.14784e+37 Salida Compleja[750]: (0.74801,0)
Entrada Real[751]: 4.59135e-41 Salida Compleja[751]: (0.561008,0)
Entrada Real[752]: 9.14787e+37 Salida Compleja[752]: (0.374005,0)
Entrada Real[753]: 4.59135e-41 Salida Compleja[753]: (0.74801,0)
Entrada Real[754]: 9.14791e+37 Salida Compleja[754]: (0.187003,0)
Entrada Real[755]: 4.59135e-41 Salida Compleja[755]: (1.49596,0)
Entrada Real[756]: 9.14793e+37 Salida Compleja[756]: (1.68296,0)
Entrada Real[757]: 4.59135e-41 Salida Compleja[757]: (1.30896,0)
Entrada Real[758]: 9.14793e+37 Salida Compleja[758]: (0.187003,0)
Entrada Real[759]: 4.59135e-41 Salida Compleja[759]: (0.374005,0)
Entrada Real[760]: 9.14795e+37 Salida Compleja[760]: (0.187003,0)
Entrada Real[761]: 4.59135e-41 Salida Compleja[761]: (1.30896,0)
Entrada Real[762]: 9.14797e+37 Salida Compleja[762]: (2.80498,0)
Entrada Real[763]: 4.59135e-41 Salida Compleja[763]: (1.49596,0)
Entrada Real[764]: 9.14799e+37 Salida Compleja[764]: (0.374005,0)
Entrada Real[765]: 4.59135e-41 Salida Compleja[765]: (0.187003,0)
Entrada Real[766]: 9.14801e+37 Salida Compleja[766]: (1.12196,0)
Entrada Real[767]: 4.59135e-41 Salida Compleja[767]: (0.561008,0)
 Salida Compleja[768]: (0,0)
 Salida Compleja[769]: (0,0)
 Salida Compleja[770]: (0,0)
 Salida Compleja[771]: (0,0)
 Salida Compleja[772]: (0,0)
 Salida Compleja[773]: (0,0)
 Salida Compleja[774]: (0,0)
 Salida Compleja[775]: (0,0)
 Salida Compleja[776]: (0,0)
 Salida Compleja[777]: (0,0)
 Salida Compleja[778]: (0,0)
 Salida Compleja[779]: (0,0)
 Salida Compleja[780]: (0,0)
 Salida Compleja[781]: (0,0)
 Salida Compleja[782]: (0,0)
 Salida Compleja[783]: (0,0)
 Salida Compleja[784]: (0,0)
 Salida Compleja[785]: (0,0)
 Salida Compleja[786]: (0,0)
 Salida Compleja[787]: (0,0)
 Salida Compleja[788]: (0,0)
 Salida Compleja[789]: (0,0)
 Salida Compleja[790]: (0,0)
 Salida Compleja[791]: (0,0)
 Salida Compleja[792]: (0,0)
 Salida Compleja[793]: (0,0)
 Salida Compleja[794]: (0,0)
 Salida Compleja[795]: (0,0)
 Salida Compleja[796]: (0,0)
 Salida Compleja[797]: (0,0)
 Salida Compleja[798]: (0,0)
 Salida Compleja[799]: (0,0)
 Salida Compleja[800]: (0,0)
 Salida Compleja[801]: (0,0)
 Salida Compleja[802]: (0,0)
 Salida Compleja[803]: (0,0)
 Salida Compleja[804]: (0,0)
 Salida Compleja[805]: (0,0)
 Salida Compleja[806]: (0,0)
 Salida Compleja[807]: (0,0)
 Salida Compleja[808]: (0,0)
 Salida Compleja[809]: (0,0)
 Salida Compleja[810]: (0,0)
 Salida Compleja[811]: (0,0)
 Salida Compleja[812]: (0,0)
 Salida Compleja[813]: (0,0)
 Salida Compleja[814]: (0,0)
 Salida Compleja[815]: (0,0)
 Salida Compleja[816]: (0,0)
 Salida Compleja[817]: (0,0)
 Salida Compleja[818]: (0,0)
 Salida Compleja[819]: (0,0)
 Salida Compleja[820]: (0,0)
 Salida Compleja[821]: (0,0)
 Salida Compleja[822]: (0,0)
 Salida Compleja[823]: (0,0)
 Salida Compleja[824]: (0,0)
 Salida Compleja[825]: (0,0)
 Salida Compleja[826]: (0,0)
 Salida Compleja[827]: (0,0)
 Salida Compleja[828]: (0,0)
 Salida Compleja[829]: (0,0)
 Salida Compleja[830]: (0,0)
 Salida Compleja[831]: (0,0)
 Salida Compleja[832]: (0,0)
 Salida Compleja[833]: (0,0)
 Salida Compleja[834]: (0,0)
 Salida Compleja[835]: (0,0)
 Salida Compleja[836]: (0,0)
 Salida Compleja[837]: (0,0)
 Salida Compleja[838]: (0,0)
 Salida Compleja[839]: (0,0)
 Salida Compleja[840]: (0,0)
 Salida Compleja[841]: (0,0)
 Salida Compleja[842]: (0,0)
 Salida Compleja[843]: (0,0)
 Salida Compleja[844]: (0,0)
 Salida Compleja[845]: (0,0)
 Salida Compleja[846]: (0,0)
 Salida Compleja[847]: (0,0)
 Salida Compleja[848]: (0,0)
 Salida Compleja[849]: (0,0)
 Salida Compleja[850]: (0,0)
 Salida Compleja[851]: (0,0)
 Salida Compleja[852]: (0,0)
 Salida Compleja[853]: (0,0)
 Salida Compleja[854]: (0,0)
 Salida Compleja[855]: (0,0)
 Salida Compleja[856]: (0,0)
 Salida Compleja[857]: (0,0)
 Salida Compleja[858]: (0,0)
 Salida Compleja[859]: (0,0)
 Salida Compleja[860]: (0,0)
 Salida Compleja[861]: (0,0)
 Salida Compleja[862]: (0,0)
 Salida Compleja[863]: (0,0)
 Salida Compleja[864]: (0,0)
 Salida Compleja[865]: (0,0)
 Salida Compleja[866]: (0,0)
 Salida Compleja[867]: (0,0)
 Salida Compleja[868]: (0,0)
 Salida Compleja[869]: (0,0)
 Salida Compleja[870]: (0,0)
 Salida Compleja[871]: (0,0)
 Salida Compleja[872]: (0,0)
 Salida Compleja[873]: (0,0)
 Salida Compleja[874]: (0,0)
 Salida Compleja[875]: (0,0)
 Salida Compleja[876]: (0,0)
 Salida Compleja[877]: (0,0)
 Salida Compleja[878]: (0,0)
 Salida Compleja[879]: (0,0)
 Salida Compleja[880]: (0,0)
 Salida Compleja[881]: (0,0)
 Salida Compleja[882]: (0,0)
 Salida Compleja[883]: (0,0)
 Salida Compleja[884]: (0,0)
 Salida Compleja[885]: (0,0)
 Salida Compleja[886]: (0,0)
 Salida Compleja[887]: (0,0)
 Salida Compleja[888]: (0,0)
 Salida Compleja[889]: (0,0)
 Salida Compleja[890]: (0,0)
 Salida Compleja[891]: (0,0)
 Salida Compleja[892]: (0,0)
 Salida Compleja[893]: (0,0)
 Salida Compleja[894]: (0,0)
 Salida Compleja[895]: (0,0)
 Salida Compleja[896]: (0,0)
 Salida Compleja[897]: (0,0)
 Salida Compleja[898]: (0,0)
 Salida Compleja[899]: (0,0)
 Salida Compleja[900]: (0,0)
 Salida Compleja[901]: (0,0)
 Salida Compleja[902]: (0,0)
 Salida Compleja[903]: (0,0)
 Salida Compleja[904]: (0,0)
 Salida Compleja[905]: (0,0)
 Salida Compleja[906]: (0,0)
 Salida Compleja[907]: (0,0)
 Salida Compleja[908]: (0,0)
 Salida Compleja[909]: (0,0)
 Salida Compleja[910]: (0,0)
 Salida Compleja[911]: (0,0)
 Salida Compleja[912]: (0,0)
 Salida Compleja[913]: (0,0)
 Salida Compleja[914]: (0,0)
 Salida Compleja[915]: (0,0)
 Salida Compleja[916]: (0,0)
 Salida Compleja[917]: (0,0)
 Salida Compleja[918]: (0,0)
 Salida Compleja[919]: (0,0)
 Salida Compleja[920]: (0,0)
 Salida Compleja[921]: (0,0)
 Salida Compleja[922]: (0,0)
 Salida Compleja[923]: (0,0)
 Salida Compleja[924]: (0,0)
 Salida Compleja[925]: (0,0)
 Salida Compleja[926]: (0,0)
 Salida Compleja[927]: (0,0)
 Salida Compleja[928]: (0,0)
 Salida Compleja[929]: (0,0)
 Salida Compleja[930]: (0,0)
 Salida Compleja[931]: (0,0)
 Salida Compleja[932]: (0,0)
 Salida Compleja[933]: (0,0)
 Salida Compleja[934]: (0,0)
 Salida Compleja[935]: (0,0)
 Salida Compleja[936]: (0,0)
 Salida Compleja[937]: (0,0)
 Salida Compleja[938]: (0,0)
 Salida Compleja[939]: (0,0)
 Salida Compleja[940]: (0,0)
 Salida Compleja[941]: (0,0)
 Salida Compleja[942]: (0,0)
 Salida Compleja[943]: (0,0)
 Salida Compleja[944]: (0,0)
 Salida Compleja[945]: (0,0)
 Salida Compleja[946]: (0,0)
 Salida Compleja[947]: (0,0)
 Salida Compleja[948]: (0,0)
 Salida Compleja[949]: (0,0)
 Salida Compleja[950]: (0,0)
 Salida Compleja[951]: (0,0)
 Salida Compleja[952]: (0,0)
 Salida Compleja[953]: (0,0)
 Salida Compleja[954]: (0,0)
 Salida Compleja[955]: (0,0)
 Salida Compleja[956]: (0,0)
 Salida Compleja[957]: (0,0)
 Salida Compleja[958]: (0,0)
 Salida Compleja[959]: (0,0)
 Salida Compleja[960]: (0,0)
 Salida Compleja[961]: (0,0)
 Salida Compleja[962]: (0,0)
 Salida Compleja[963]: (0,0)
 Salida Compleja[964]: (0,0)
 Salida Compleja[965]: (0,0)
 Salida Compleja[966]: (0,0)
 Salida Compleja[967]: (0,0)
 Salida Compleja[968]: (0,0)
 Salida Compleja[969]: (0,0)
 Salida Compleja[970]: (0,0)
 Salida Compleja[971]: (0,0)
 Salida Compleja[972]: (0,0)
 Salida Compleja[973]: (0,0)
 Salida Compleja[974]: (0,0)
 Salida Compleja[975]: (0,0)
 Salida Compleja[976]: (0,0)
 Salida Compleja[977]: (0,0)
 Salida Compleja[978]: (0,0)
 Salida Compleja[979]: (0,0)
 Salida Compleja[980]: (0,0)
 Salida Compleja[981]: (0,0)
 Salida Compleja[982]: (0,0)
 Salida Compleja[983]: (0,0)
 Salida Compleja[984]: (0,0)
 Salida Compleja[985]: (0,0)
 Salida Compleja[986]: (0,0)
 Salida Compleja[987]: (0,0)
 Salida Compleja[988]: (0,0)
 Salida Compleja[989]: (0,0)
 Salida Compleja[990]: (0,0)
 Salida Compleja[991]: (0,0)
 Salida Compleja[992]: (0,0)
 Salida Compleja[993]: (0,0)
 Salida Compleja[994]: (0,0)
 Salida Compleja[995]: (0,0)
 Salida Compleja[996]: (0,0)
 Salida Compleja[997]: (0,0)
 Salida Compleja[998]: (0,0)
 Salida Compleja[999]: (0,0)
 Salida Compleja[1000]: (0,0)
 Salida Compleja[1001]: (0,0)
 Salida Compleja[1002]: (0,0)
 Salida Compleja[1003]: (0,0)
 Salida Compleja[1004]: (0,0)
 Salida Compleja[1005]: (0,0)
 Salida Compleja[1006]: (0,0)
 Salida Compleja[1007]: (0,0)
 Salida Compleja[1008]: (0,0)
 Salida Compleja[1009]: (0,0)
 Salida Compleja[1010]: (0,0)
 Salida Compleja[1011]: (0,0)
 Salida Compleja[1012]: (0,0)
 Salida Compleja[1013]: (0,0)
 Salida Compleja[1014]: (0,0)
 Salida Compleja[1015]: (0,0)
 Salida Compleja[1016]: (0,0)
 Salida Compleja[1017]: (0,0)
 Salida Compleja[1018]: (0,0)
 Salida Compleja[1019]: (0,0)
 Salida Compleja[1020]: (0,0)
 Salida Compleja[1021]: (0,0)
 Salida Compleja[1022]: (0,0)
 Salida Compleja[1023]: (0,0)
Testbench exitoso!
The maximum depth reached by any of the 2 hls::stream() instances in the design is 0
