

================================================================
== Synthesis Summary Report of 'axi_fir'
================================================================
+ General Information: 
    * Date:           Sun Jun  2 13:46:34 2024
    * Version:        2020.2 (Build 3064766 on Wed Nov 18 09:12:47 MST 2020)
    * Project:        axi_fir
    * Solution:       solution1 (Vivado IP Flow Target)
    * Product family: zynq
    * Target device:  xc7z020-clg400-1
    

+ Performance & Resource Estimates: 
    
    PS: '+' for module; 'o' for loop; '*' for dataflow
    +-------------------+------+-------+---------+-----------+----------+---------+------+----------+--------+--------+-----------+-----------+-----+
    |      Modules      | Issue|       | Latency |  Latency  | Iteration|         | Trip |          |        |        |           |           |     |
    |      & Loops      | Type | Slack | (cycles)|    (ns)   |  Latency | Interval| Count| Pipelined|  BRAM  |   DSP  |     FF    |    LUT    | URAM|
    +-------------------+------+-------+---------+-----------+----------+---------+------+----------+--------+--------+-----------+-----------+-----+
    |+ axi_fir          |     -|  -0.76|  1023336|  1.023e+07|         -|  1023337|     -|        no|  3 (1%)|  3 (1%)|  836 (~0%)|  1439 (2%)|    -|
    | o VITIS_LOOP_9_1  |     -|  -7.30|      409|  4.090e+03|         1|        1|   409|       yes|       -|       -|          -|          -|    -|
    | o loop_stream     |     -|  -7.30|  1022924|  1.023e+07|       833|        -|  1228|        no|       -|       -|          -|          -|    -|
    |  o loop_taps      |     -|  -7.30|      408|  4.080e+03|         2|        1|   408|       yes|       -|       -|          -|          -|    -|
    |  o loop_result    |     -|  -7.30|      419|  4.190e+03|        12|        1|   409|       yes|       -|       -|          -|          -|    -|
    +-------------------+------+-------+---------+-----------+----------+---------+------+----------+--------+--------+-----------+-----------+-----+

