

================================================================
== Vitis HLS Report for 'rect_float'
================================================================
* Date:           Sat Apr 27 17:19:12 2024

* Version:        2020.2 (Build 3064766 on Wed Nov 18 09:12:47 MST 2020)
* Project:        rect_float
* Solution:       solution1 (Vivado IP Flow Target)
* Product family: zynq
* Target device:  xc7z020-clg400-1


================================================================
== Performance Estimates
================================================================
+ Timing: 
    * Summary: 
    +--------+----------+----------+------------+
    |  Clock |  Target  | Estimated| Uncertainty|
    +--------+----------+----------+------------+
    |ap_clk  |  10.00 ns|  6.424 ns|     2.70 ns|
    +--------+----------+----------+------------+

+ Latency: 
    * Summary: 
    +---------+---------+-----------+-----------+-----+-----+---------+
    |  Latency (cycles) |   Latency (absolute)  |  Interval | Pipeline|
    |   min   |   max   |    min    |    max    | min | max |   Type  |
    +---------+---------+-----------+-----------+-----+-----+---------+
    |        1|        1|  10.000 ns|  10.000 ns|    2|    2|     none|
    +---------+---------+-----------+-----------+-----+-----+---------+

    + Detail: 
        * Instance: 
        N/A

        * Loop: 
        N/A



================================================================
== Utilization Estimates
================================================================
* Summary: 
+-----------------+---------+-----+--------+-------+-----+
|       Name      | BRAM_18K| DSP |   FF   |  LUT  | URAM|
+-----------------+---------+-----+--------+-------+-----+
|DSP              |        -|    -|       -|      -|    -|
|Expression       |        -|    -|       0|     97|    -|
|FIFO             |        -|    -|       -|      -|    -|
|Instance         |        -|    -|       -|      -|    -|
|Memory           |        -|    -|       -|      -|    -|
|Multiplexer      |        -|    -|       -|     32|    -|
|Register         |        -|    -|      35|      -|    -|
+-----------------+---------+-----+--------+-------+-----+
|Total            |        0|    0|      35|    129|    0|
+-----------------+---------+-----+--------+-------+-----+
|Available        |      280|  220|  106400|  53200|    0|
+-----------------+---------+-----+--------+-------+-----+
|Utilization (%)  |        0|    0|      ~0|     ~0|    0|
+-----------------+---------+-----+--------+-------+-----+

+ Detail: 
    * Instance: 
    +--------------------------------+-----------------------------+---------+----+---+----+-----+
    |            Instance            |            Module           | BRAM_18K| DSP| FF| LUT| URAM|
    +--------------------------------+-----------------------------+---------+----+---+----+-----+
    |fcmp_32ns_32ns_1_2_no_dsp_1_U1  |fcmp_32ns_32ns_1_2_no_dsp_1  |        0|   0|  0|   0|    0|
    +--------------------------------+-----------------------------+---------+----+---+----+-----+
    |Total                           |                             |        0|   0|  0|   0|    0|
    +--------------------------------+-----------------------------+---------+----+---+----+-----+

    * DSP: 
    N/A

    * Memory: 
    N/A

    * FIFO: 
    N/A

    * Expression: 
    +----------------------------+----------+----+---+----+------------+------------+
    |        Variable Name       | Operation| DSP| FF| LUT| Bitwidth P0| Bitwidth P1|
    +----------------------------+----------+----+---+----+------------+------------+
    |and_ln14_fu_92_p2           |       and|   0|  0|   2|           1|           1|
    |icmp_ln14_1_fu_80_p2        |      icmp|   0|  0|  15|          23|           1|
    |icmp_ln14_fu_74_p2          |      icmp|   0|  0|  11|           8|           2|
    |ap_block_state1             |        or|   0|  0|   2|           1|           1|
    |or_ln14_fu_86_p2            |        or|   0|  0|   2|           1|           1|
    |absolute_value_1_fu_108_p3  |    select|   0|  0|  32|           1|          32|
    |xor_ln15_fu_98_p2           |       xor|   0|  0|  33|          32|          33|
    +----------------------------+----------+----+---+----+------------+------------+
    |Total                       |          |   0|  0|  97|          67|          71|
    +----------------------------+----------+----+---+----+------------+------------+

    * Multiplexer: 
    +--------------+----+-----------+-----+-----------+
    |     Name     | LUT| Input Size| Bits| Total Bits|
    +--------------+----+-----------+-----+-----------+
    |ap_NS_fsm     |  14|          3|    1|          3|
    |ap_done       |   9|          2|    1|          2|
    |out_rec_data  |   9|          2|   32|         64|
    +--------------+----+-----------+-----+-----------+
    |Total         |  32|          7|   34|         69|
    +--------------+----+-----------+-----+-----------+

    * Register: 
    +-------------------+----+----+-----+-----------+
    |        Name       | FF | LUT| Bits| Const Bits|
    +-------------------+----+----+-----+-----------+
    |ap_CS_fsm          |   2|   0|    2|          0|
    |ap_done_reg        |   1|   0|    1|          0|
    |out_rec_data_preg  |  32|   0|   32|          0|
    +-------------------+----+----+-----+-----------+
    |Total              |  35|   0|   35|          0|
    +-------------------+----+----+-----+-----------+



================================================================
== Interface
================================================================
* Summary: 
+--------------+-----+-----+---------------+--------------+--------------+
|   RTL Ports  | Dir | Bits|    Protocol   | Source Object|    C Type    |
+--------------+-----+-----+---------------+--------------+--------------+
|ap_clk        |   in|    1|  ap_ctrl_chain|    rect_float|  return value|
|ap_rst        |   in|    1|  ap_ctrl_chain|    rect_float|  return value|
|ap_start      |   in|    1|  ap_ctrl_chain|    rect_float|  return value|
|ap_done       |  out|    1|  ap_ctrl_chain|    rect_float|  return value|
|ap_continue   |   in|    1|  ap_ctrl_chain|    rect_float|  return value|
|ap_idle       |  out|    1|  ap_ctrl_chain|    rect_float|  return value|
|ap_ready      |  out|    1|  ap_ctrl_chain|    rect_float|  return value|
|in_data       |   in|   32|        ap_none|       in_data|        scalar|
|out_rec_data  |  out|   32|        ap_none|  out_rec_data|       pointer|
+--------------+-----+-----+---------------+--------------+--------------+

